Trial 419 finished with value: 0.8959165848778354 and parameters: {'objective': 'binary:logistic', 'tree_method': 'gpu_hist', 'lambda': 1.3582375111407001, 'alpha': 1.627270421110953, 'colsample_bytree': 0.3121459979127313, 'subsample': 0.9457101038078134, 'learning_rate': 0.014380403151601377, 'max_depth': 17, 'min_child_weight': 42, 'eval_metric': 'logloss'}. Best is trial 222 with value: 0.8964450250425448.
start listen on 192.168.1.101:36397
@tracker All of 1 nodes getting started
@tracker All nodes finishes job
Trial 420 finished with value: 0.8930261862710027 and parameters: {'objective': 'binary:logistic', 'tree_method': 'gpu_hist', 'lambda': 0.05513136818301693, 'alpha': 1.1332119811133703, 'colsample_bytree': 0.3609916355626595, 'subsample': 0.9885840210277196, 'learning_rate': 0.003789412346395767, 'max_depth': 17, 'min_child_weight': 28, 'eval_metric': 'logloss'}. Best is trial 222 with value: 0.8964450250425448.
start listen on 192.168.1.101:49985
@tracker All of 1 nodes getting started
@tracker All nodes finishes job
Trial 421 finished with value: 0.8961881903874397 and parameters: {'objective': 'binary:logistic', 'tree_method': 'gpu_hist', 'lambda': 1.0360399959600388, 'alpha': 1.935433167691901, 'colsample_bytree': 0.3362704384946673, 'subsample': 0.9775633011489383, 'learning_rate': 0.012881641661394733, 'max_depth': 17, 'min_child_weight': 16, 'eval_metric': 'logloss'}. Best is trial 222 with value: 0.8964450250425448.
start listen on 192.168.1.101:33159
@tracker All of 1 nodes getting started
@tracker All nodes finishes job
Trial 422 finished with value: 0.8959985169501574 and parameters: {'objective': 'binary:logistic', 'tree_method': 'gpu_hist', 'lambda': 2.0288632513926195, 'alpha': 1.36626110629741, 'colsample_bytree': 0.3018749372993408, 'subsample': 0.9992255729739278, 'learning_rate': 0.016778042436756204, 'max_depth': 11, 'min_child_weight': 24, 'eval_metric': 'logloss'}. Best is trial 222 with value: 0.8964450250425448.
start listen on 192.168.1.101:36207
@tracker All of 1 nodes getting started
@tracker All nodes finishes job
Trial 423 finished with value: 0.8959200291349805 and parameters: {'objective': 'binary:logistic', 'tree_method': 'gpu_hist', 'lambda': 0.3723782978005423, 'alpha': 2.4900684089419585, 'colsample_bytree': 0.3269302429935679, 'subsample': 0.7466301163608567, 'learning_rate': 0.019407969709433866, 'max_depth': 17, 'min_child_weight': 36, 'eval_metric': 'logloss'}. Best is trial 222 with value: 0.8964450250425448.
start listen on 192.168.1.101:40051
@tracker All of 1 nodes getting started
@tracker All nodes finishes job
Trial 424 finished with value: 0.895490669749563 and parameters: {'objective': 'binary:logistic', 'tree_method': 'gpu_hist', 'lambda': 0.22314173602021106, 'alpha': 4.861854566183681, 'colsample_bytree': 0.34427450005567956, 'subsample': 0.9667975619042143, 'learning_rate': 0.01532208630964247, 'max_depth': 13, 'min_child_weight': 48, 'eval_metric': 'logloss'}. Best is trial 222 with value: 0.8964450250425448.
start listen on 192.168.1.101:42361
@tracker All of 1 nodes getting started
@tracker All nodes finishes job
Trial 425 finished with value: 0.8925986859077496 and parameters: {'objective': 'binary:logistic', 'tree_method': 'gpu_hist', 'lambda': 1.5878130341663024, 'alpha': 1.656605518029819, 'colsample_bytree': 0.3002959021154902, 'subsample': 0.933621473717743, 'learning_rate': 0.013477146691490085, 'max_depth': 7, 'min_child_weight': 31, 'eval_metric': 'logloss'}. Best is trial 222 with value: 0.8964450250425448.
start listen on 192.168.1.101:40323
@tracker All of 1 nodes getting started
@tracker All nodes finishes job
Trial 426 finished with value: 0.8914341274503055 and parameters: {'objective': 'binary:logistic', 'tree_method': 'gpu_hist', 'lambda': 0.296316628435795, 'alpha': 2.209978013294474, 'colsample_bytree': 0.3600654546661313, 'subsample': 0.7832013738884067, 'learning_rate': 0.002965559906595104, 'max_depth': 17, 'min_child_weight': 21, 'eval_metric': 'logloss'}. Best is trial 222 with value: 0.8964450250425448.
start listen on 192.168.1.101:59263
@tracker All of 1 nodes getting started
@tracker All nodes finishes job
Trial 427 finished with value: 0.8956466048448978 and parameters: {'objective': 'binary:logistic', 'tree_method': 'gpu_hist', 'lambda': 0.1809192426672719, 'alpha': 2.8050719042339516, 'colsample_bytree': 0.321360404700823, 'subsample': 0.9525449306569138, 'learning_rate': 0.018134185421013773, 'max_depth': 17, 'min_child_weight': 90, 'eval_metric': 'logloss'}. Best is trial 222 with value: 0.8964450250425448.
start listen on 192.168.1.101:54787
@tracker All of 1 nodes getting started
@tracker All nodes finishes job
Trial 428 finished with value: 0.8953649698137055 and parameters: {'objective': 'binary:logistic', 'tree_method': 'gpu_hist', 'lambda': 1.2293533727360924, 'alpha': 1.25637248169605, 'colsample_bytree': 0.37098602707753137, 'subsample': 0.9812159228456298, 'learning_rate': 0.007356397419140557, 'max_depth': 15, 'min_child_weight': 12, 'eval_metric': 'logloss'}. Best is trial 222 with value: 0.8964450250425448.
start listen on 192.168.1.101:44889
@tracker All of 1 nodes getting started
@tracker All nodes finishes job
Trial 429 finished with value: 0.8944752807540256 and parameters: {'objective': 'binary:logistic', 'tree_method': 'gpu_hist', 'lambda': 0.8193831275142354, 'alpha': 1.8623137705043968, 'colsample_bytree': 0.3434791337651808, 'subsample': 0.9892385561617385, 'learning_rate': 0.01599810890034001, 'max_depth': 17, 'min_child_weight': 181, 'eval_metric': 'logloss'}. Best is trial 222 with value: 0.8964450250425448.
start listen on 192.168.1.101:35407
@tracker All of 1 nodes getting started
@tracker All nodes finishes job
Trial 430 finished with value: 0.8962229311785253 and parameters: {'objective': 'binary:logistic', 'tree_method': 'gpu_hist', 'lambda': 0.9777711670450548, 'alpha': 1.4721357581615024, 'colsample_bytree': 0.3152782501654738, 'subsample': 0.968575453708485, 'learning_rate': 0.02213407689200027, 'max_depth': 17, 'min_child_weight': 39, 'eval_metric': 'logloss'}. Best is trial 222 with value: 0.8964450250425448.
start listen on 192.168.1.101:34725
@tracker All of 1 nodes getting started
@tracker All nodes finishes job
Trial 431 finished with value: 0.8962306087172976 and parameters: {'objective': 'binary:logistic', 'tree_method': 'gpu_hist', 'lambda': 0.41328355440443865, 'alpha': 0.9813610824309174, 'colsample_bytree': 0.331255876695437, 'subsample': 0.9525070619499648, 'learning_rate': 0.01435550980690682, 'max_depth': 17, 'min_child_weight': 30, 'eval_metric': 'logloss'}. Best is trial 222 with value: 0.8964450250425448.
start listen on 192.168.1.101:36123
@tracker All of 1 nodes getting started
@tracker All nodes finishes job
Trial 432 finished with value: 0.8952742902049293 and parameters: {'objective': 'binary:logistic', 'tree_method': 'gpu_hist', 'lambda': 2.1317981051473947, 'alpha': 3.3054679012513772, 'colsample_bytree': 0.6501799232942557, 'subsample': 0.9794464036237458, 'learning_rate': 0.017796194151594936, 'max_depth': 17, 'min_child_weight': 24, 'eval_metric': 'logloss'}. Best is trial 222 with value: 0.8964450250425448.
start listen on 192.168.1.101:40749
@tracker All of 1 nodes getting started
@tracker All nodes finishes job
Trial 433 finished with value: 0.8960512385887873 and parameters: {'objective': 'binary:logistic', 'tree_method': 'gpu_hist', 'lambda': 1.7469518627822627, 'alpha': 2.098776021834597, 'colsample_bytree': 0.35564449530820297, 'subsample': 0.9997421839539187, 'learning_rate': 0.011692305554743519, 'max_depth': 17, 'min_child_weight': 16, 'eval_metric': 'logloss'}. Best is trial 222 with value: 0.8964450250425448.
start listen on 192.168.1.101:60913
@tracker All of 1 nodes getting started
@tracker All nodes finishes job
Trial 434 finished with value: 0.8961443111406665 and parameters: {'objective': 'binary:logistic', 'tree_method': 'gpu_hist', 'lambda': 1.195524837369739, 'alpha': 1.6081226388436014, 'colsample_bytree': 0.3002892633139127, 'subsample': 0.8014689148787334, 'learning_rate': 0.01621003594735101, 'max_depth': 17, 'min_child_weight': 35, 'eval_metric': 'logloss'}. Best is trial 222 with value: 0.8964450250425448.
start listen on 192.168.1.101:49809
@tracker All of 1 nodes getting started
@tracker All nodes finishes job
Trial 435 finished with value: 0.8959246483056311 and parameters: {'objective': 'binary:logistic', 'tree_method': 'gpu_hist', 'lambda': 0.20892750502886617, 'alpha': 4.002930190119148, 'colsample_bytree': 0.3407088824495571, 'subsample': 0.9626793795468667, 'learning_rate': 0.020005442628775075, 'max_depth': 17, 'min_child_weight': 20, 'eval_metric': 'logloss'}. Best is trial 222 with value: 0.8964450250425448.
start listen on 192.168.1.101:40399
@tracker All of 1 nodes getting started
@tracker All nodes finishes job
Trial 436 finished with value: 0.8826833156102242 and parameters: {'objective': 'binary:logistic', 'tree_method': 'gpu_hist', 'lambda': 0.7719898854431197, 'alpha': 2.518377903430571, 'colsample_bytree': 0.6045460726218889, 'subsample': 0.9893033945202938, 'learning_rate': 0.014296057848882241, 'max_depth': 3, 'min_child_weight': 6, 'eval_metric': 'logloss'}. Best is trial 222 with value: 0.8964450250425448.
start listen on 192.168.1.101:45611
@tracker All of 1 nodes getting started
@tracker All nodes finishes job
Trial 437 finished with value: 0.8962726483441481 and parameters: {'objective': 'binary:logistic', 'tree_method': 'gpu_hist', 'lambda': 2.881977692880879, 'alpha': 1.2330639261143308, 'colsample_bytree': 0.32232100504363176, 'subsample': 0.9715889366514896, 'learning_rate': 0.0174178919537922, 'max_depth': 20, 'min_child_weight': 27, 'eval_metric': 'logloss'}. Best is trial 222 with value: 0.8964450250425448.
start listen on 192.168.1.101:60863
@tracker All of 1 nodes getting started
@tracker All nodes finishes job
Trial 438 finished with value: 0.8961570275133843 and parameters: {'objective': 'binary:logistic', 'tree_method': 'gpu_hist', 'lambda': 3.661036875541378, 'alpha': 0.8865936736346631, 'colsample_bytree': 0.3180068740916984, 'subsample': 0.9406270303710027, 'learning_rate': 0.018868993679915666, 'max_depth': 20, 'min_child_weight': 59, 'eval_metric': 'logloss'}. Best is trial 222 with value: 0.8964450250425448.
start listen on 192.168.1.101:41195
@tracker All of 1 nodes getting started
@tracker All nodes finishes job
Trial 439 finished with value: 0.8906804481026693 and parameters: {'objective': 'binary:logistic', 'tree_method': 'gpu_hist', 'lambda': 2.541537555960277, 'alpha': 1.0588243844056744, 'colsample_bytree': 0.31350903667909624, 'subsample': 0.9588893699431257, 'learning_rate': 0.021162502925145082, 'max_depth': 5, 'min_child_weight': 42, 'eval_metric': 'logloss'}. Best is trial 222 with value: 0.8964450250425448.
start listen on 192.168.1.101:44457
@tracker All of 1 nodes getting started
@tracker All nodes finishes job
Trial 440 finished with value: 0.8963462266736553 and parameters: {'objective': 'binary:logistic', 'tree_method': 'gpu_hist', 'lambda': 2.8283144221384986, 'alpha': 0.7922852352701438, 'colsample_bytree': 0.3267695055677849, 'subsample': 0.973117852778532, 'learning_rate': 0.017249743581793455, 'max_depth': 20, 'min_child_weight': 27, 'eval_metric': 'logloss'}. Best is trial 222 with value: 0.8964450250425448.
start listen on 192.168.1.101:37701
@tracker All of 1 nodes getting started
@tracker All nodes finishes job
Trial 441 finished with value: 0.8962604960736331 and parameters: {'objective': 'binary:logistic', 'tree_method': 'gpu_hist', 'lambda': 2.794643122175766, 'alpha': 1.2492952464271039, 'colsample_bytree': 0.3265057197279297, 'subsample': 0.9775733360442969, 'learning_rate': 0.018502815347128134, 'max_depth': 20, 'min_child_weight': 33, 'eval_metric': 'logloss'}. Best is trial 222 with value: 0.8964450250425448.
start listen on 192.168.1.101:38843
@tracker All of 1 nodes getting started
@tracker All nodes finishes job
Trial 442 finished with value: 0.8961691352306042 and parameters: {'objective': 'binary:logistic', 'tree_method': 'gpu_hist', 'lambda': 3.074899326870197, 'alpha': 0.07695701161612353, 'colsample_bytree': 0.330208538402783, 'subsample': 0.9870279642435645, 'learning_rate': 0.018044040029680845, 'max_depth': 20, 'min_child_weight': 28, 'eval_metric': 'logloss'}. Best is trial 222 with value: 0.8964450250425448.
start listen on 192.168.1.101:42151
@tracker All of 1 nodes getting started
@tracker All nodes finishes job
Trial 443 finished with value: 0.8962617162590352 and parameters: {'objective': 'binary:logistic', 'tree_method': 'gpu_hist', 'lambda': 2.8588049718484307, 'alpha': 1.2805261128493528, 'colsample_bytree': 0.32183978977207184, 'subsample': 0.9763137039018683, 'learning_rate': 0.01707852281223271, 'max_depth': 20, 'min_child_weight': 33, 'eval_metric': 'logloss'}. Best is trial 222 with value: 0.8964450250425448.
start listen on 192.168.1.101:44263
@tracker All of 1 nodes getting started
@tracker All nodes finishes job
Trial 444 finished with value: 0.8962702683358728 and parameters: {'objective': 'binary:logistic', 'tree_method': 'gpu_hist', 'lambda': 2.8176663565382283, 'alpha': 1.195325109573462, 'colsample_bytree': 0.32401664383953277, 'subsample': 0.9783103555884022, 'learning_rate': 0.01736668606839432, 'max_depth': 20, 'min_child_weight': 31, 'eval_metric': 'logloss'}. Best is trial 222 with value: 0.8964450250425448.
start listen on 192.168.1.101:37747
@tracker All of 1 nodes getting started
@tracker All nodes finishes job
Trial 445 finished with value: 0.8963491132960112 and parameters: {'objective': 'binary:logistic', 'tree_method': 'gpu_hist', 'lambda': 3.033726323244465, 'alpha': 0.746962521828593, 'colsample_bytree': 0.3246277897538712, 'subsample': 0.9751036150623354, 'learning_rate': 0.017203784252479412, 'max_depth': 20, 'min_child_weight': 32, 'eval_metric': 'logloss'}. Best is trial 222 with value: 0.8964450250425448.
start listen on 192.168.1.101:41181
@tracker All of 1 nodes getting started
@tracker All nodes finishes job
Trial 446 finished with value: 0.8962825866033416 and parameters: {'objective': 'binary:logistic', 'tree_method': 'gpu_hist', 'lambda': 3.030071823702655, 'alpha': 0.6516942331667775, 'colsample_bytree': 0.31545372440771335, 'subsample': 0.9804094809541557, 'learning_rate': 0.018978930307720056, 'max_depth': 20, 'min_child_weight': 43, 'eval_metric': 'logloss'}. Best is trial 222 with value: 0.8964450250425448.
start listen on 192.168.1.101:51203
@tracker All of 1 nodes getting started
@tracker All nodes finishes job
Trial 447 finished with value: 0.8962039090773601 and parameters: {'objective': 'binary:logistic', 'tree_method': 'gpu_hist', 'lambda': 3.739134785775345, 'alpha': 0.6370867647987395, 'colsample_bytree': 0.3108855558524413, 'subsample': 0.975760119182947, 'learning_rate': 0.019217307175899305, 'max_depth': 20, 'min_child_weight': 49, 'eval_metric': 'logloss'}. Best is trial 222 with value: 0.8964450250425448.
start listen on 192.168.1.101:58715
@tracker All of 1 nodes getting started
@tracker All nodes finishes job
Trial 448 finished with value: 0.8961798912583417 and parameters: {'objective': 'binary:logistic', 'tree_method': 'gpu_hist', 'lambda': 3.498622705543275, 'alpha': 0.6932320313135784, 'colsample_bytree': 0.3226458887199352, 'subsample': 0.9751477573196973, 'learning_rate': 0.017258309959868445, 'max_depth': 20, 'min_child_weight': 42, 'eval_metric': 'logloss'}. Best is trial 222 with value: 0.8964450250425448.
start listen on 192.168.1.101:47239
@tracker All of 1 nodes getting started
@tracker All nodes finishes job
Trial 449 finished with value: 0.896234925356703 and parameters: {'objective': 'binary:logistic', 'tree_method': 'gpu_hist', 'lambda': 2.836404650875747, 'alpha': 0.8203820361934024, 'colsample_bytree': 0.30073827800725744, 'subsample': 0.9797280759287089, 'learning_rate': 0.020424263811363638, 'max_depth': 20, 'min_child_weight': 38, 'eval_metric': 'logloss'}. Best is trial 222 with value: 0.8964450250425448.
start listen on 192.168.1.101:43883
@tracker All of 1 nodes getting started
@tracker All nodes finishes job
Trial 450 finished with value: 0.8961250576498079 and parameters: {'objective': 'binary:logistic', 'tree_method': 'gpu_hist', 'lambda': 3.0729913692458006, 'alpha': 0.545481333353263, 'colsample_bytree': 0.3260333466689655, 'subsample': 0.9705207591250055, 'learning_rate': 0.0173570855223739, 'max_depth': 20, 'min_child_weight': 45, 'eval_metric': 'logloss'}. Best is trial 222 with value: 0.8964450250425448.
start listen on 192.168.1.101:54943
@tracker All of 1 nodes getting started
@tracker All nodes finishes job
Trial 451 finished with value: 0.8963046814446591 and parameters: {'objective': 'binary:logistic', 'tree_method': 'gpu_hist', 'lambda': 2.860866203398729, 'alpha': 0.6932928409388034, 'colsample_bytree': 0.3143487138227593, 'subsample': 0.9897338295610429, 'learning_rate': 0.01931475305887923, 'max_depth': 20, 'min_child_weight': 34, 'eval_metric': 'logloss'}. Best is trial 222 with value: 0.8964450250425448.
start listen on 192.168.1.101:35129
@tracker All of 1 nodes getting started
@tracker All nodes finishes job
Trial 452 finished with value: 0.896195395086404 and parameters: {'objective': 'binary:logistic', 'tree_method': 'gpu_hist', 'lambda': 3.069886726572698, 'alpha': 0.4378487015521813, 'colsample_bytree': 0.31230409393687575, 'subsample': 0.9992649436023038, 'learning_rate': 0.022772273565403366, 'max_depth': 20, 'min_child_weight': 38, 'eval_metric': 'logloss'}. Best is trial 222 with value: 0.8964450250425448.
start listen on 192.168.1.101:54353
@tracker All of 1 nodes getting started
@tracker All nodes finishes job
Trial 453 finished with value: 0.8961275526343285 and parameters: {'objective': 'binary:logistic', 'tree_method': 'gpu_hist', 'lambda': 4.158006349359102, 'alpha': 0.5221391773074768, 'colsample_bytree': 0.3163083866809214, 'subsample': 0.9908025652033804, 'learning_rate': 0.01997034053775571, 'max_depth': 20, 'min_child_weight': 45, 'eval_metric': 'logloss'}. Best is trial 222 with value: 0.8964450250425448.
start listen on 192.168.1.101:57133
@tracker All of 1 nodes getting started
@tracker All nodes finishes job
Trial 454 finished with value: 0.8958182212628732 and parameters: {'objective': 'binary:logistic', 'tree_method': 'gpu_hist', 'lambda': 3.8204008404525833, 'alpha': 0.6674602358218664, 'colsample_bytree': 0.30130821695744275, 'subsample': 0.9733684683048894, 'learning_rate': 0.02423647988000035, 'max_depth': 20, 'min_child_weight': 34, 'eval_metric': 'logloss'}. Best is trial 222 with value: 0.8964450250425448.
start listen on 192.168.1.101:37237
@tracker All of 1 nodes getting started
@tracker All nodes finishes job
Trial 455 finished with value: 0.8961492199077343 and parameters: {'objective': 'binary:logistic', 'tree_method': 'gpu_hist', 'lambda': 2.8805948720477534, 'alpha': 0.5988808831874205, 'colsample_bytree': 0.3252755180567705, 'subsample': 0.9811840771483278, 'learning_rate': 0.01912878381811559, 'max_depth': 20, 'min_child_weight': 40, 'eval_metric': 'logloss'}. Best is trial 222 with value: 0.8964450250425448.
start listen on 192.168.1.101:47447
@tracker All of 1 nodes getting started
@tracker All nodes finishes job
Trial 456 finished with value: 0.8961975896954839 and parameters: {'objective': 'binary:logistic', 'tree_method': 'gpu_hist', 'lambda': 2.6722059580537154, 'alpha': 0.645883356408263, 'colsample_bytree': 0.31438008706904724, 'subsample': 0.9667467923902957, 'learning_rate': 0.02118461387901085, 'max_depth': 20, 'min_child_weight': 54, 'eval_metric': 'logloss'}. Best is trial 222 with value: 0.8964450250425448.
start listen on 192.168.1.101:40179
@tracker All of 1 nodes getting started
@tracker All nodes finishes job
Trial 457 finished with value: 0.8963044658641994 and parameters: {'objective': 'binary:logistic', 'tree_method': 'gpu_hist', 'lambda': 3.5263764241920135, 'alpha': 0.7485537333151543, 'colsample_bytree': 0.3280364561708694, 'subsample': 0.9877636709495664, 'learning_rate': 0.018912676529041016, 'max_depth': 20, 'min_child_weight': 33, 'eval_metric': 'logloss'}. Best is trial 222 with value: 0.8964450250425448.
start listen on 192.168.1.101:39579
@tracker All of 1 nodes getting started
@tracker All nodes finishes job
Trial 458 finished with value: 0.8960433490625627 and parameters: {'objective': 'binary:logistic', 'tree_method': 'gpu_hist', 'lambda': 3.344602122317419, 'alpha': 0.6952591840367619, 'colsample_bytree': 0.3284247331939557, 'subsample': 0.9919098904872525, 'learning_rate': 0.022852707969693, 'max_depth': 20, 'min_child_weight': 49, 'eval_metric': 'logloss'}. Best is trial 222 with value: 0.8964450250425448.
start listen on 192.168.1.101:34151
@tracker All of 1 nodes getting started
@tracker All nodes finishes job
Trial 459 finished with value: 0.8954795077119597 and parameters: {'objective': 'binary:logistic', 'tree_method': 'gpu_hist', 'lambda': 4.28690958825984, 'alpha': 0.7718390000525537, 'colsample_bytree': 0.3096998461866384, 'subsample': 0.9997483003243246, 'learning_rate': 0.026915757270453585, 'max_depth': 20, 'min_child_weight': 34, 'eval_metric': 'logloss'}. Best is trial 222 with value: 0.8964450250425448.
start listen on 192.168.1.101:35615
@tracker All of 1 nodes getting started
@tracker All nodes finishes job
Trial 460 finished with value: 0.8962045637233561 and parameters: {'objective': 'binary:logistic', 'tree_method': 'gpu_hist', 'lambda': 3.42457205709678, 'alpha': 0.8416557032398808, 'colsample_bytree': 0.30100992766390594, 'subsample': 0.9849699905537055, 'learning_rate': 0.019682306086495436, 'max_depth': 20, 'min_child_weight': 42, 'eval_metric': 'logloss'}. Best is trial 222 with value: 0.8964450250425448.
start listen on 192.168.1.101:60533
@tracker All of 1 nodes getting started
@tracker All nodes finishes job
