Trial 671 finished with value: 0.895886374869412 and parameters: {'objective': 'binary:logistic', 'tree_method': 'gpu_hist', 'lambda': 1.155425446705839, 'alpha': 0.045346325031360546, 'colsample_bytree': 0.3323072408704386, 'subsample': 0.9825689518664986, 'learning_rate': 0.012690765149226055, 'max_depth': 20, 'min_child_weight': 9, 'eval_metric': 'logloss'}. Best is trial 222 with value: 0.8964450250425448.
start listen on 192.168.1.101:33825
@tracker All of 1 nodes getting started
@tracker All nodes finishes job
Trial 672 finished with value: 0.8955913889403488 and parameters: {'objective': 'binary:logistic', 'tree_method': 'gpu_hist', 'lambda': 1.374640898376373, 'alpha': 0.03286186929182004, 'colsample_bytree': 0.321138113212204, 'subsample': 0.9615700664554873, 'learning_rate': 0.01883126178883995, 'max_depth': 20, 'min_child_weight': 19, 'eval_metric': 'logloss'}. Best is trial 222 with value: 0.8964450250425448.
start listen on 192.168.1.101:36873
@tracker All of 1 nodes getting started
@tracker All nodes finishes job
Trial 673 finished with value: 0.8954460891476941 and parameters: {'objective': 'binary:logistic', 'tree_method': 'gpu_hist', 'lambda': 0.9309943938516522, 'alpha': 0.06425510720619651, 'colsample_bytree': 0.3388366477529866, 'subsample': 0.9706039768866362, 'learning_rate': 0.021691555137400214, 'max_depth': 20, 'min_child_weight': 25, 'eval_metric': 'logloss'}. Best is trial 222 with value: 0.8964450250425448.
start listen on 192.168.1.101:50349
@tracker All of 1 nodes getting started
@tracker All nodes finishes job
Trial 674 finished with value: 0.8960896420918836 and parameters: {'objective': 'binary:logistic', 'tree_method': 'gpu_hist', 'lambda': 2.8406335216111605, 'alpha': 0.052267975570776566, 'colsample_bytree': 0.36335055062577837, 'subsample': 0.853561827301577, 'learning_rate': 0.01147276732923936, 'max_depth': 20, 'min_child_weight': 12, 'eval_metric': 'logloss'}. Best is trial 222 with value: 0.8964450250425448.
start listen on 192.168.1.101:48729
@tracker All of 1 nodes getting started
@tracker All nodes finishes job
Trial 675 finished with value: 0.8961451799299192 and parameters: {'objective': 'binary:logistic', 'tree_method': 'gpu_hist', 'lambda': 4.323624437846556, 'alpha': 0.006149752744412299, 'colsample_bytree': 0.31071977137652157, 'subsample': 0.9871705655694576, 'learning_rate': 0.0168625391332962, 'max_depth': 20, 'min_child_weight': 26, 'eval_metric': 'logloss'}. Best is trial 222 with value: 0.8964450250425448.
start listen on 192.168.1.101:40677
@tracker All of 1 nodes getting started
@tracker All nodes finishes job
Trial 676 finished with value: 0.8953249516129659 and parameters: {'objective': 'binary:logistic', 'tree_method': 'gpu_hist', 'lambda': 3.3033151662430544, 'alpha': 0.03842228321246002, 'colsample_bytree': 0.30002433792510075, 'subsample': 0.9594652391130745, 'learning_rate': 0.020198835734758967, 'max_depth': 9, 'min_child_weight': 18, 'eval_metric': 'logloss'}. Best is trial 222 with value: 0.8964450250425448.
start listen on 192.168.1.101:51093
@tracker All of 1 nodes getting started
@tracker All nodes finishes job
Trial 677 finished with value: 0.896353485986336 and parameters: {'objective': 'binary:logistic', 'tree_method': 'gpu_hist', 'lambda': 1.5579901662430786, 'alpha': 0.0331744693398521, 'colsample_bytree': 0.32753228289448566, 'subsample': 0.9759954014077059, 'learning_rate': 0.013179665235598303, 'max_depth': 20, 'min_child_weight': 26, 'eval_metric': 'logloss'}. Best is trial 222 with value: 0.8964450250425448.
start listen on 192.168.1.101:46537
@tracker All of 1 nodes getting started
@tracker All nodes finishes job
Trial 678 finished with value: 0.8961808592146057 and parameters: {'objective': 'binary:logistic', 'tree_method': 'gpu_hist', 'lambda': 1.5030570653137856, 'alpha': 0.03203968417430486, 'colsample_bytree': 0.3231386658160517, 'subsample': 0.5463804848810636, 'learning_rate': 0.012717331871231115, 'max_depth': 15, 'min_child_weight': 17, 'eval_metric': 'logloss'}. Best is trial 222 with value: 0.8964450250425448.
start listen on 192.168.1.101:53075
@tracker All of 1 nodes getting started
@tracker All nodes finishes job
Trial 679 finished with value: 0.8961325821264542 and parameters: {'objective': 'binary:logistic', 'tree_method': 'gpu_hist', 'lambda': 1.4509532278028514, 'alpha': 0.02977022772934721, 'colsample_bytree': 0.3467786175729842, 'subsample': 0.7915124619984759, 'learning_rate': 0.012052639452032454, 'max_depth': 20, 'min_child_weight': 21, 'eval_metric': 'logloss'}. Best is trial 222 with value: 0.8964450250425448.
start listen on 192.168.1.101:45737
@tracker All of 1 nodes getting started
@tracker All nodes finishes job
Trial 680 finished with value: 0.8955738845256203 and parameters: {'objective': 'binary:logistic', 'tree_method': 'gpu_hist', 'lambda': 1.2314953371246051, 'alpha': 0.03993869785739043, 'colsample_bytree': 0.3121008171995543, 'subsample': 0.9719630793589187, 'learning_rate': 0.010669246707775758, 'max_depth': 11, 'min_child_weight': 12, 'eval_metric': 'logloss'}. Best is trial 222 with value: 0.8964450250425448.
start listen on 192.168.1.101:42907
@tracker All of 1 nodes getting started
@tracker All nodes finishes job
Trial 681 finished with value: 0.892715184869586 and parameters: {'objective': 'binary:logistic', 'tree_method': 'gpu_hist', 'lambda': 1.076626673288417, 'alpha': 0.04153590911498719, 'colsample_bytree': 0.33135736982141745, 'subsample': 0.9543490426081067, 'learning_rate': 0.013277892587827257, 'max_depth': 7, 'min_child_weight': 26, 'eval_metric': 'logloss'}. Best is trial 222 with value: 0.8964450250425448.
start listen on 192.168.1.101:57861
@tracker All of 1 nodes getting started
@tracker All nodes finishes job
Trial 682 finished with value: 0.8956852375818827 and parameters: {'objective': 'binary:logistic', 'tree_method': 'gpu_hist', 'lambda': 1.7036328947436323, 'alpha': 0.054841936571597305, 'colsample_bytree': 0.32089831784687406, 'subsample': 0.9735040880926963, 'learning_rate': 0.011055401183102671, 'max_depth': 13, 'min_child_weight': 27, 'eval_metric': 'logloss'}. Best is trial 222 with value: 0.8964450250425448.
start listen on 192.168.1.101:48977
@tracker All of 1 nodes getting started
@tracker All nodes finishes job
Trial 683 finished with value: 0.8954836367963651 and parameters: {'objective': 'binary:logistic', 'tree_method': 'gpu_hist', 'lambda': 0.04748018625538149, 'alpha': 0.03403683456859053, 'colsample_bytree': 0.3117439749974013, 'subsample': 0.9440105347986938, 'learning_rate': 0.012759437642956407, 'max_depth': 20, 'min_child_weight': 6, 'eval_metric': 'logloss'}. Best is trial 222 with value: 0.8964450250425448.
start listen on 192.168.1.101:42491
@tracker All of 1 nodes getting started
@tracker All nodes finishes job
Trial 684 finished with value: 0.8960278502647113 and parameters: {'objective': 'binary:logistic', 'tree_method': 'gpu_hist', 'lambda': 0.018771019995930383, 'alpha': 0.047219482302984825, 'colsample_bytree': 0.34306058250798155, 'subsample': 0.9616251499553055, 'learning_rate': 0.011700232654800571, 'max_depth': 20, 'min_child_weight': 16, 'eval_metric': 'logloss'}. Best is trial 222 with value: 0.8964450250425448.
start listen on 192.168.1.101:41263
@tracker All of 1 nodes getting started
@tracker All nodes finishes job
Trial 685 finished with value: 0.8962152313631051 and parameters: {'objective': 'binary:logistic', 'tree_method': 'gpu_hist', 'lambda': 1.7947025655418565, 'alpha': 0.033971598523568826, 'colsample_bytree': 0.30054349055549484, 'subsample': 0.9778958554055693, 'learning_rate': 0.013490460453481349, 'max_depth': 20, 'min_child_weight': 22, 'eval_metric': 'logloss'}. Best is trial 222 with value: 0.8964450250425448.
start listen on 192.168.1.101:45671
@tracker All of 1 nodes getting started
@tracker All nodes finishes job
Trial 686 finished with value: 0.896279956521733 and parameters: {'objective': 'binary:logistic', 'tree_method': 'gpu_hist', 'lambda': 1.2729626132131757, 'alpha': 0.029176274347395764, 'colsample_bytree': 0.35907106381884474, 'subsample': 0.753462493097734, 'learning_rate': 0.015418045343716755, 'max_depth': 20, 'min_child_weight': 30, 'eval_metric': 'logloss'}. Best is trial 222 with value: 0.8964450250425448.
start listen on 192.168.1.101:34445
@tracker All of 1 nodes getting started
@tracker All nodes finishes job
Trial 687 finished with value: 0.8962711170042824 and parameters: {'objective': 'binary:logistic', 'tree_method': 'gpu_hist', 'lambda': 0.8308084341531072, 'alpha': 0.07025964868646994, 'colsample_bytree': 0.32655554958032257, 'subsample': 0.9999565595799884, 'learning_rate': 0.013792604216777525, 'max_depth': 20, 'min_child_weight': 23, 'eval_metric': 'logloss'}. Best is trial 222 with value: 0.8964450250425448.
start listen on 192.168.1.101:48845
@tracker All of 1 nodes getting started
@tracker All nodes finishes job
Trial 688 finished with value: 0.8960120431868024 and parameters: {'objective': 'binary:logistic', 'tree_method': 'gpu_hist', 'lambda': 2.162124514332693, 'alpha': 0.04470729458780056, 'colsample_bytree': 0.33760338463320877, 'subsample': 0.9653713954781901, 'learning_rate': 0.012510027833529901, 'max_depth': 20, 'min_child_weight': 12, 'eval_metric': 'logloss'}. Best is trial 222 with value: 0.8964450250425448.
start listen on 192.168.1.101:55611
@tracker All of 1 nodes getting started
@tracker All nodes finishes job
Trial 689 finished with value: 0.8963304749280645 and parameters: {'objective': 'binary:logistic', 'tree_method': 'gpu_hist', 'lambda': 1.6460626992310372, 'alpha': 0.08934432343561899, 'colsample_bytree': 0.31334378458473733, 'subsample': 0.9802701902299562, 'learning_rate': 0.015597900286357946, 'max_depth': 20, 'min_child_weight': 30, 'eval_metric': 'logloss'}. Best is trial 222 with value: 0.8964450250425448.
start listen on 192.168.1.101:36089
@tracker All of 1 nodes getting started
@tracker All nodes finishes job
Trial 690 finished with value: 0.8947115396914527 and parameters: {'objective': 'binary:logistic', 'tree_method': 'gpu_hist', 'lambda': 1.5116738195194654, 'alpha': 0.07356371121450844, 'colsample_bytree': 0.31422556997643986, 'subsample': 0.9440490109753775, 'learning_rate': 0.014076158001271783, 'max_depth': 20, 'min_child_weight': 135, 'eval_metric': 'logloss'}. Best is trial 222 with value: 0.8964450250425448.
start listen on 192.168.1.101:58631
@tracker All of 1 nodes getting started
@tracker All nodes finishes job
Trial 691 finished with value: 0.8835018803646298 and parameters: {'objective': 'binary:logistic', 'tree_method': 'gpu_hist', 'lambda': 1.3338443552276236, 'alpha': 0.11263435320610214, 'colsample_bytree': 0.3261476745931347, 'subsample': 0.9538965171242331, 'learning_rate': 0.015417216062604183, 'max_depth': 3, 'min_child_weight': 18, 'eval_metric': 'logloss'}. Best is trial 222 with value: 0.8964450250425448.
start listen on 192.168.1.101:60493
@tracker All of 1 nodes getting started
@tracker All nodes finishes job
Trial 692 finished with value: 0.8959565621182879 and parameters: {'objective': 'binary:logistic', 'tree_method': 'gpu_hist', 'lambda': 1.6024461374760859, 'alpha': 0.09953732136174959, 'colsample_bytree': 0.35002552171130125, 'subsample': 0.9666976153787256, 'learning_rate': 0.010052552044395141, 'max_depth': 20, 'min_child_weight': 28, 'eval_metric': 'logloss'}. Best is trial 222 with value: 0.8964450250425448.
start listen on 192.168.1.101:53793
@tracker All of 1 nodes getting started
@tracker All nodes finishes job
Trial 693 finished with value: 0.8872761351425038 and parameters: {'objective': 'binary:logistic', 'tree_method': 'gpu_hist', 'lambda': 1.0822098446581567, 'alpha': 0.0902908909298594, 'colsample_bytree': 0.31170357647266256, 'subsample': 0.4158762750603609, 'learning_rate': 0.0010092733659512747, 'max_depth': 20, 'min_child_weight': 23, 'eval_metric': 'logloss'}. Best is trial 222 with value: 0.8964450250425448.
start listen on 192.168.1.101:53461
@tracker All of 1 nodes getting started
@tracker All nodes finishes job
Trial 694 finished with value: 0.8888996414034633 and parameters: {'objective': 'binary:logistic', 'tree_method': 'gpu_hist', 'lambda': 1.7920962837620023, 'alpha': 0.08422585330324653, 'colsample_bytree': 0.3001645848567068, 'subsample': 0.9759753505018403, 'learning_rate': 0.01323744609091052, 'max_depth': 5, 'min_child_weight': 15, 'eval_metric': 'logloss'}. Best is trial 222 with value: 0.8964450250425448.
start listen on 192.168.1.101:55913
@tracker All of 1 nodes getting started
@tracker All nodes finishes job
Trial 695 finished with value: 0.8951395782872534 and parameters: {'objective': 'binary:logistic', 'tree_method': 'gpu_hist', 'lambda': 1.3986193224320802, 'alpha': 0.14717673896364508, 'colsample_bytree': 0.33682881223636385, 'subsample': 0.9338795724523846, 'learning_rate': 0.01590158850392062, 'max_depth': 20, 'min_child_weight': 7, 'eval_metric': 'logloss'}. Best is trial 222 with value: 0.8964450250425448.
start listen on 192.168.1.101:58173
@tracker All of 1 nodes getting started
@tracker All nodes finishes job
Trial 696 finished with value: 0.8962878352689345 and parameters: {'objective': 'binary:logistic', 'tree_method': 'gpu_hist', 'lambda': 1.1261943134640586, 'alpha': 0.10134024812509458, 'colsample_bytree': 0.3230360847796283, 'subsample': 0.9603755130599978, 'learning_rate': 0.014584110880573752, 'max_depth': 20, 'min_child_weight': 30, 'eval_metric': 'logloss'}. Best is trial 222 with value: 0.8964450250425448.
start listen on 192.168.1.101:34165
@tracker All of 1 nodes getting started
@tracker All nodes finishes job
Trial 697 finished with value: 0.8942822579150007 and parameters: {'objective': 'binary:logistic', 'tree_method': 'gpu_hist', 'lambda': 0.9055161835604932, 'alpha': 0.06291087406800142, 'colsample_bytree': 0.8000714401674894, 'subsample': 0.9806059063003719, 'learning_rate': 0.011457568956654424, 'max_depth': 20, 'min_child_weight': 20, 'eval_metric': 'logloss'}. Best is trial 222 with value: 0.8964450250425448.
start listen on 192.168.1.101:39057
@tracker All of 1 nodes getting started
@tracker All nodes finishes job
Trial 698 finished with value: 0.8961437427268544 and parameters: {'objective': 'binary:logistic', 'tree_method': 'gpu_hist', 'lambda': 0.03155198258230303, 'alpha': 0.059347570105361985, 'colsample_bytree': 0.36596596496531797, 'subsample': 0.9188522351928113, 'learning_rate': 0.013841796613498951, 'max_depth': 20, 'min_child_weight': 26, 'eval_metric': 'logloss'}. Best is trial 222 with value: 0.8964450250425448.
start listen on 192.168.1.101:44223
@tracker All of 1 nodes getting started
@tracker All nodes finishes job
Trial 699 finished with value: 0.8934961602964318 and parameters: {'objective': 'binary:logistic', 'tree_method': 'gpu_hist', 'lambda': 1.7220500062327697, 'alpha': 0.07998120926674304, 'colsample_bytree': 0.31208664398058494, 'subsample': 0.9515604644939532, 'learning_rate': 0.008904673273611887, 'max_depth': 9, 'min_child_weight': 31, 'eval_metric': 'logloss'}. Best is trial 222 with value: 0.8964450250425448.
start listen on 192.168.1.101:42249
@tracker All of 1 nodes getting started
@tracker All nodes finishes job
Trial 700 finished with value: 0.8940842745695972 and parameters: {'objective': 'binary:logistic', 'tree_method': 'gpu_hist', 'lambda': 2.082622277217724, 'alpha': 0.11350824643753021, 'colsample_bytree': 0.3390794185284697, 'subsample': 0.7344191463337155, 'learning_rate': 0.0161551784051086, 'max_depth': 20, 'min_child_weight': 166, 'eval_metric': 'logloss'}. Best is trial 222 with value: 0.8964450250425448.
start listen on 192.168.1.101:42265
@tracker All of 1 nodes getting started
@tracker All nodes finishes job
Trial 701 finished with value: 0.8963086783063826 and parameters: {'objective': 'binary:logistic', 'tree_method': 'gpu_hist', 'lambda': 1.4839872617849108, 'alpha': 0.0555362975483439, 'colsample_bytree': 0.3251512886757388, 'subsample': 0.970954198428967, 'learning_rate': 0.01252789949357381, 'max_depth': 20, 'min_child_weight': 13, 'eval_metric': 'logloss'}. Best is trial 222 with value: 0.8964450250425448.
start listen on 192.168.1.101:38427
@tracker All of 1 nodes getting started
@tracker All nodes finishes job
Trial 702 finished with value: 0.895659008625949 and parameters: {'objective': 'binary:logistic', 'tree_method': 'gpu_hist', 'lambda': 1.2317774487602022, 'alpha': 0.02626944942057889, 'colsample_bytree': 0.31229066641716846, 'subsample': 0.984595459780211, 'learning_rate': 0.00729345735627305, 'max_depth': 15, 'min_child_weight': 19, 'eval_metric': 'logloss'}. Best is trial 222 with value: 0.8964450250425448.
start listen on 192.168.1.101:52443
@tracker All of 1 nodes getting started
@tracker All nodes finishes job
Trial 703 finished with value: 0.8961122399542739 and parameters: {'objective': 'binary:logistic', 'tree_method': 'gpu_hist', 'lambda': 1.8408920100684194, 'alpha': 0.038848593070812926, 'colsample_bytree': 0.3497718050566056, 'subsample': 0.960872977753601, 'learning_rate': 0.015145268188627275, 'max_depth': 20, 'min_child_weight': 25, 'eval_metric': 'logloss'}. Best is trial 222 with value: 0.8964450250425448.
start listen on 192.168.1.101:58545
@tracker All of 1 nodes getting started
@tracker All nodes finishes job
Trial 704 finished with value: 0.8949951048863611 and parameters: {'objective': 'binary:logistic', 'tree_method': 'gpu_hist', 'lambda': 0.9952199185215498, 'alpha': 0.052536441167605086, 'colsample_bytree': 0.3336314778154001, 'subsample': 0.9768432990013324, 'learning_rate': 0.010658987414091568, 'max_depth': 11, 'min_child_weight': 34, 'eval_metric': 'logloss'}. Best is trial 222 with value: 0.8964450250425448.
start listen on 192.168.1.101:34841
@tracker All of 1 nodes getting started
@tracker All nodes finishes job
Trial 705 finished with value: 0.8949028730982749 and parameters: {'objective': 'binary:logistic', 'tree_method': 'gpu_hist', 'lambda': 2.2267530448498065, 'alpha': 0.06729729776309346, 'colsample_bytree': 0.44255606895706906, 'subsample': 0.9875381238779772, 'learning_rate': 0.01673631078791028, 'max_depth': 20, 'min_child_weight': 9, 'eval_metric': 'logloss'}. Best is trial 222 with value: 0.8964450250425448.
start listen on 192.168.1.101:45813
@tracker All of 1 nodes getting started
@tracker All nodes finishes job
Trial 706 finished with value: 0.8960259840565314 and parameters: {'objective': 'binary:logistic', 'tree_method': 'gpu_hist', 'lambda': 0.007597532966562546, 'alpha': 0.02960860417553676, 'colsample_bytree': 0.31382708651695157, 'subsample': 0.9699361789158173, 'learning_rate': 0.013964802037664623, 'max_depth': 13, 'min_child_weight': 30, 'eval_metric': 'logloss'}. Best is trial 222 with value: 0.8964450250425448.
start listen on 192.168.1.101:42379
@tracker All of 1 nodes getting started
@tracker All nodes finishes job
Trial 707 finished with value: 0.8961449938121222 and parameters: {'objective': 'binary:logistic', 'tree_method': 'gpu_hist', 'lambda': 1.5462947841351393, 'alpha': 0.04476611281238372, 'colsample_bytree': 0.3242530609793771, 'subsample': 0.869333231580332, 'learning_rate': 0.01255772651904823, 'max_depth': 20, 'min_child_weight': 21, 'eval_metric': 'logloss'}. Best is trial 222 with value: 0.8964450250425448.
start listen on 192.168.1.101:35963
@tracker All of 1 nodes getting started
@tracker All nodes finishes job
Trial 708 finished with value: 0.8933058487409885 and parameters: {'objective': 'binary:logistic', 'tree_method': 'gpu_hist', 'lambda': 1.8771400698781775, 'alpha': 0.03946380098891358, 'colsample_bytree': 0.30009213199730417, 'subsample': 0.8101915693759296, 'learning_rate': 0.01584301875618495, 'max_depth': 7, 'min_child_weight': 16, 'eval_metric': 'logloss'}. Best is trial 222 with value: 0.8964450250425448.
start listen on 192.168.1.101:44551
@tracker All of 1 nodes getting started
@tracker All nodes finishes job
Trial 709 finished with value: 0.8961113079280864 and parameters: {'objective': 'binary:logistic', 'tree_method': 'gpu_hist', 'lambda': 0.09489645332916173, 'alpha': 0.08558744663579915, 'colsample_bytree': 0.3494824998546173, 'subsample': 0.9484795119964095, 'learning_rate': 0.014376544904546552, 'max_depth': 20, 'min_child_weight': 27, 'eval_metric': 'logloss'}. Best is trial 222 with value: 0.8964450250425448.
start listen on 192.168.1.101:54479
@tracker All of 1 nodes getting started
@tracker All nodes finishes job
Trial 710 finished with value: 0.8960850674745282 and parameters: {'objective': 'binary:logistic', 'tree_method': 'gpu_hist', 'lambda': 1.2358663834654686, 'alpha': 0.03484556534957538, 'colsample_bytree': 0.33405389498678534, 'subsample': 0.9895079084362858, 'learning_rate': 0.011231270114563529, 'max_depth': 20, 'min_child_weight': 37, 'eval_metric': 'logloss'}. Best is trial 222 with value: 0.8964450250425448.
start listen on 192.168.1.101:52383
@tracker All of 1 nodes getting started
@tracker All nodes finishes job
Trial 711 finished with value: 0.8949582161952951 and parameters: {'objective': 'binary:logistic', 'tree_method': 'gpu_hist', 'lambda': 2.1501168095618555, 'alpha': 0.12595406161215592, 'colsample_bytree': 0.3154035974972296, 'subsample': 0.9600680835034895, 'learning_rate': 0.01733932543297664, 'max_depth': 20, 'min_child_weight': 1, 'eval_metric': 'logloss'}. Best is trial 222 with value: 0.8964450250425448.
start listen on 192.168.1.101:35501
@tracker All of 1 nodes getting started
@tracker All nodes finishes job
