Trial 545 finished with value: 0.891047378261355 and parameters: {'objective': 'binary:logistic', 'tree_method': 'gpu_hist', 'lambda': 3.6083232660238655, 'alpha': 0.15357668726135593, 'colsample_bytree': 0.334239250936121, 'subsample': 0.9597859384947836, 'learning_rate': 0.05553401751729507, 'max_depth': 20, 'min_child_weight': 20, 'eval_metric': 'logloss'}. Best is trial 222 with value: 0.8964450250425448.
start listen on 192.168.1.101:47471
@tracker All of 1 nodes getting started
@tracker All nodes finishes job
Trial 546 finished with value: 0.8963025421678972 and parameters: {'objective': 'binary:logistic', 'tree_method': 'gpu_hist', 'lambda': 1.5269167277240983, 'alpha': 0.4486177833359892, 'colsample_bytree': 0.34672960347467174, 'subsample': 0.9766088689131168, 'learning_rate': 0.014794831823070051, 'max_depth': 20, 'min_child_weight': 27, 'eval_metric': 'logloss'}. Best is trial 222 with value: 0.8964450250425448.
start listen on 192.168.1.101:52431
@tracker All of 1 nodes getting started
@tracker All nodes finishes job
Trial 547 finished with value: 0.89326973254657 and parameters: {'objective': 'binary:logistic', 'tree_method': 'gpu_hist', 'lambda': 1.4980275702182382, 'alpha': 0.46791477972702616, 'colsample_bytree': 0.3482557597219448, 'subsample': 0.9880065865321053, 'learning_rate': 0.014135276170956489, 'max_depth': 13, 'min_child_weight': 236, 'eval_metric': 'logloss'}. Best is trial 222 with value: 0.8964450250425448.
start listen on 192.168.1.101:37539
@tracker All of 1 nodes getting started
@tracker All nodes finishes job
Trial 548 finished with value: 0.8960986885665754 and parameters: {'objective': 'binary:logistic', 'tree_method': 'gpu_hist', 'lambda': 1.3200734024507665, 'alpha': 0.488035371633509, 'colsample_bytree': 0.3485447534795791, 'subsample': 0.9998172945448551, 'learning_rate': 0.013113080675058564, 'max_depth': 20, 'min_child_weight': 46, 'eval_metric': 'logloss'}. Best is trial 222 with value: 0.8964450250425448.
start listen on 192.168.1.101:45969
@tracker All of 1 nodes getting started
@tracker All nodes finishes job
Trial 549 finished with value: 0.8919471413959178 and parameters: {'objective': 'binary:logistic', 'tree_method': 'gpu_hist', 'lambda': 1.5847157639339322, 'alpha': 0.035441110268547155, 'colsample_bytree': 0.33652513195193273, 'subsample': 0.6325681500383324, 'learning_rate': 0.01216828529205962, 'max_depth': 7, 'min_child_weight': 34, 'eval_metric': 'logloss'}. Best is trial 222 with value: 0.8964450250425448.
start listen on 192.168.1.101:45557
@tracker All of 1 nodes getting started
@tracker All nodes finishes job
Trial 550 finished with value: 0.8962453263952834 and parameters: {'objective': 'binary:logistic', 'tree_method': 'gpu_hist', 'lambda': 1.950283480815303, 'alpha': 0.1239385356417524, 'colsample_bytree': 0.30061563382477385, 'subsample': 0.9801410073674625, 'learning_rate': 0.0147678584450075, 'max_depth': 20, 'min_child_weight': 42, 'eval_metric': 'logloss'}. Best is trial 222 with value: 0.8964450250425448.
start listen on 192.168.1.101:55735
@tracker All of 1 nodes getting started
@tracker All nodes finishes job
Trial 551 finished with value: 0.8961590963671962 and parameters: {'objective': 'binary:logistic', 'tree_method': 'gpu_hist', 'lambda': 1.2205959379350364, 'alpha': 0.25239694224667153, 'colsample_bytree': 0.3474134654496166, 'subsample': 0.9747475851138175, 'learning_rate': 0.014949354416683342, 'max_depth': 20, 'min_child_weight': 29, 'eval_metric': 'logloss'}. Best is trial 222 with value: 0.8964450250425448.
start listen on 192.168.1.101:52147
@tracker All of 1 nodes getting started
@tracker All nodes finishes job
Trial 552 finished with value: 0.8960521260616798 and parameters: {'objective': 'binary:logistic', 'tree_method': 'gpu_hist', 'lambda': 1.708061233582698, 'alpha': 0.5791186610736064, 'colsample_bytree': 0.3276059078794951, 'subsample': 0.9499816210273808, 'learning_rate': 0.013003803997612794, 'max_depth': 20, 'min_child_weight': 17, 'eval_metric': 'logloss'}. Best is trial 222 with value: 0.8964450250425448.
start listen on 192.168.1.101:52957
@tracker All of 1 nodes getting started
@tracker All nodes finishes job
Trial 553 finished with value: 0.8955787128093167 and parameters: {'objective': 'binary:logistic', 'tree_method': 'gpu_hist', 'lambda': 1.3547171545313197, 'alpha': 0.49344726203295197, 'colsample_bytree': 0.5172793829793089, 'subsample': 0.9893192190635665, 'learning_rate': 0.01604591348955855, 'max_depth': 20, 'min_child_weight': 24, 'eval_metric': 'logloss'}. Best is trial 222 with value: 0.8964450250425448.
start listen on 192.168.1.101:41209
@tracker All of 1 nodes getting started
@tracker All nodes finishes job
Trial 554 finished with value: 0.8961858477464439 and parameters: {'objective': 'binary:logistic', 'tree_method': 'gpu_hist', 'lambda': 2.259968775686586, 'alpha': 0.021458199306215096, 'colsample_bytree': 0.3190455318356844, 'subsample': 0.9629676535309067, 'learning_rate': 0.013816834177459046, 'max_depth': 20, 'min_child_weight': 35, 'eval_metric': 'logloss'}. Best is trial 222 with value: 0.8964450250425448.
start listen on 192.168.1.101:44649
@tracker All of 1 nodes getting started
@tracker All nodes finishes job
Trial 555 finished with value: 0.8961938048212127 and parameters: {'objective': 'binary:logistic', 'tree_method': 'gpu_hist', 'lambda': 1.7803479190335803, 'alpha': 0.6814217749212229, 'colsample_bytree': 0.30001678619022426, 'subsample': 0.9790650323331743, 'learning_rate': 0.01889554221574112, 'max_depth': 20, 'min_child_weight': 50, 'eval_metric': 'logloss'}. Best is trial 222 with value: 0.8964450250425448.
start listen on 192.168.1.101:38311
@tracker All of 1 nodes getting started
@tracker All nodes finishes job
Trial 556 finished with value: 0.883589515258713 and parameters: {'objective': 'binary:logistic', 'tree_method': 'gpu_hist', 'lambda': 2.533418009155609, 'alpha': 0.018295158437632877, 'colsample_bytree': 0.6257365029300384, 'subsample': 0.9441307071890314, 'learning_rate': 0.016367305976436042, 'max_depth': 3, 'min_child_weight': 39, 'eval_metric': 'logloss'}. Best is trial 222 with value: 0.8964450250425448.
start listen on 192.168.1.101:34043
@tracker All of 1 nodes getting started
@tracker All nodes finishes job
Trial 557 finished with value: 0.893102936507674 and parameters: {'objective': 'binary:logistic', 'tree_method': 'gpu_hist', 'lambda': 1.9572789707923821, 'alpha': 0.40377948059784385, 'colsample_bytree': 0.3370523939307683, 'subsample': 0.966582147840268, 'learning_rate': 0.01424078296865668, 'max_depth': 20, 'min_child_weight': 271, 'eval_metric': 'logloss'}. Best is trial 222 with value: 0.8964450250425448.
start listen on 192.168.1.101:44203
@tracker All of 1 nodes getting started
@tracker All nodes finishes job
Trial 558 finished with value: 0.8877664175658407 and parameters: {'objective': 'binary:logistic', 'tree_method': 'gpu_hist', 'lambda': 1.172531921960499, 'alpha': 0.0049412575497409785, 'colsample_bytree': 0.3125735241379998, 'subsample': 0.9874436630828926, 'learning_rate': 0.010479334418305735, 'max_depth': 5, 'min_child_weight': 31, 'eval_metric': 'logloss'}. Best is trial 222 with value: 0.8964450250425448.
start listen on 192.168.1.101:45795
@tracker All of 1 nodes getting started
@tracker All nodes finishes job
Trial 559 finished with value: 0.8958078877728369 and parameters: {'objective': 'binary:logistic', 'tree_method': 'gpu_hist', 'lambda': 1.6476463105958234, 'alpha': 0.584851694107547, 'colsample_bytree': 0.35003954187216335, 'subsample': 0.9757225249550922, 'learning_rate': 0.017917288502020325, 'max_depth': 20, 'min_child_weight': 24, 'eval_metric': 'logloss'}. Best is trial 222 with value: 0.8964450250425448.
start listen on 192.168.1.101:59423
@tracker All of 1 nodes getting started
@tracker All nodes finishes job
Trial 560 finished with value: 0.8959971214259814 and parameters: {'objective': 'binary:logistic', 'tree_method': 'gpu_hist', 'lambda': 1.4352881298880207, 'alpha': 0.8546630173572857, 'colsample_bytree': 0.3255229638448008, 'subsample': 0.6842136392567241, 'learning_rate': 0.015424836855277856, 'max_depth': 20, 'min_child_weight': 19, 'eval_metric': 'logloss'}. Best is trial 222 with value: 0.8964450250425448.
start listen on 192.168.1.101:40821
@tracker All of 1 nodes getting started
@tracker All nodes finishes job
Trial 561 finished with value: 0.8933351080395846 and parameters: {'objective': 'binary:logistic', 'tree_method': 'gpu_hist', 'lambda': 5.735918727460141, 'alpha': 0.7328519201550778, 'colsample_bytree': 0.311454352762173, 'subsample': 0.5291063590098557, 'learning_rate': 0.011805242546047425, 'max_depth': 20, 'min_child_weight': 101, 'eval_metric': 'logloss'}. Best is trial 222 with value: 0.8964450250425448.
start listen on 192.168.1.101:52869
@tracker All of 1 nodes getting started
@tracker All nodes finishes job
Trial 562 finished with value: 0.8947823686514969 and parameters: {'objective': 'binary:logistic', 'tree_method': 'gpu_hist', 'lambda': 2.3207195251102326, 'alpha': 0.4213730658140943, 'colsample_bytree': 0.33899597609934257, 'subsample': 0.8342965724685649, 'learning_rate': 0.016652867627236372, 'max_depth': 9, 'min_child_weight': 42, 'eval_metric': 'logloss'}. Best is trial 222 with value: 0.8964450250425448.
start listen on 192.168.1.101:53033
@tracker All of 1 nodes getting started
@tracker All nodes finishes job
Trial 563 finished with value: 0.8959779750067511 and parameters: {'objective': 'binary:logistic', 'tree_method': 'gpu_hist', 'lambda': 2.949984206086745, 'alpha': 0.6044592082104305, 'colsample_bytree': 0.3256716484623476, 'subsample': 0.9993323494619338, 'learning_rate': 0.01929823547649919, 'max_depth': 11, 'min_child_weight': 14, 'eval_metric': 'logloss'}. Best is trial 222 with value: 0.8964450250425448.
start listen on 192.168.1.101:55421
@tracker All of 1 nodes getting started
@tracker All nodes finishes job
Trial 564 finished with value: 0.8962896023101026 and parameters: {'objective': 'binary:logistic', 'tree_method': 'gpu_hist', 'lambda': 1.0868553241846268, 'alpha': 0.0643248229607144, 'colsample_bytree': 0.31522330052927167, 'subsample': 0.9319596297245251, 'learning_rate': 0.014960349197913893, 'max_depth': 20, 'min_child_weight': 30, 'eval_metric': 'logloss'}. Best is trial 222 with value: 0.8964450250425448.
start listen on 192.168.1.101:55087
@tracker All of 1 nodes getting started
@tracker All nodes finishes job
Trial 565 finished with value: 0.8958770387983028 and parameters: {'objective': 'binary:logistic', 'tree_method': 'gpu_hist', 'lambda': 0.97946626120888, 'alpha': 0.07132552662629264, 'colsample_bytree': 0.3507274966950968, 'subsample': 0.9303487033119922, 'learning_rate': 0.012647486629076053, 'max_depth': 13, 'min_child_weight': 28, 'eval_metric': 'logloss'}. Best is trial 222 with value: 0.8964450250425448.
start listen on 192.168.1.101:34587
@tracker All of 1 nodes getting started
@tracker All nodes finishes job
Trial 566 finished with value: 0.8962286914884091 and parameters: {'objective': 'binary:logistic', 'tree_method': 'gpu_hist', 'lambda': 1.0420285131249045, 'alpha': 0.06504261691439937, 'colsample_bytree': 0.30050707478927174, 'subsample': 0.9368689792225383, 'learning_rate': 0.013801587183172082, 'max_depth': 20, 'min_child_weight': 21, 'eval_metric': 'logloss'}. Best is trial 222 with value: 0.8964450250425448.
start listen on 192.168.1.101:48281
@tracker All of 1 nodes getting started
@tracker All nodes finishes job
Trial 567 finished with value: 0.8962928403286077 and parameters: {'objective': 'binary:logistic', 'tree_method': 'gpu_hist', 'lambda': 1.3853347105387384, 'alpha': 0.0708990768869116, 'colsample_bytree': 0.33302650984043647, 'subsample': 0.9522405678480582, 'learning_rate': 0.014973436744781786, 'max_depth': 20, 'min_child_weight': 25, 'eval_metric': 'logloss'}. Best is trial 222 with value: 0.8964450250425448.
start listen on 192.168.1.101:54661
@tracker All of 1 nodes getting started
@tracker All nodes finishes job
Trial 568 finished with value: 0.8959525207032695 and parameters: {'objective': 'binary:logistic', 'tree_method': 'gpu_hist', 'lambda': 1.4064776776961168, 'alpha': 0.06187530498625079, 'colsample_bytree': 0.3384672471310229, 'subsample': 0.9513876894896257, 'learning_rate': 0.013183339980136884, 'max_depth': 20, 'min_child_weight': 11, 'eval_metric': 'logloss'}. Best is trial 222 with value: 0.8964450250425448.
start listen on 192.168.1.101:42269
@tracker All of 1 nodes getting started
@tracker All nodes finishes job
Trial 569 finished with value: 0.8930136128999897 and parameters: {'objective': 'binary:logistic', 'tree_method': 'gpu_hist', 'lambda': 1.3415971685757007, 'alpha': 0.09345445834482306, 'colsample_bytree': 0.3590330415027754, 'subsample': 0.9560613566695507, 'learning_rate': 0.015060455373741293, 'max_depth': 7, 'min_child_weight': 23, 'eval_metric': 'logloss'}. Best is trial 222 with value: 0.8964450250425448.
start listen on 192.168.1.101:45093
@tracker All of 1 nodes getting started
@tracker All nodes finishes job
Trial 570 finished with value: 0.8963623190363725 and parameters: {'objective': 'binary:logistic', 'tree_method': 'gpu_hist', 'lambda': 1.6822055201418724, 'alpha': 0.047627206477153176, 'colsample_bytree': 0.3314723601193317, 'subsample': 0.964363237507286, 'learning_rate': 0.01142838145500608, 'max_depth': 20, 'min_child_weight': 24, 'eval_metric': 'logloss'}. Best is trial 222 with value: 0.8964450250425448.
start listen on 192.168.1.101:55587
@tracker All of 1 nodes getting started
@tracker All nodes finishes job
Trial 571 finished with value: 0.8962427171531192 and parameters: {'objective': 'binary:logistic', 'tree_method': 'gpu_hist', 'lambda': 0.022513445998667947, 'alpha': 0.08157633118650258, 'colsample_bytree': 0.33043962986377357, 'subsample': 0.9473337353019742, 'learning_rate': 0.011182135318407092, 'max_depth': 20, 'min_child_weight': 16, 'eval_metric': 'logloss'}. Best is trial 222 with value: 0.8964450250425448.
start listen on 192.168.1.101:43647
@tracker All of 1 nodes getting started
@tracker All nodes finishes job
Trial 572 finished with value: 0.8962360485308982 and parameters: {'objective': 'binary:logistic', 'tree_method': 'gpu_hist', 'lambda': 1.6253333715496485, 'alpha': 0.03735452768803815, 'colsample_bytree': 0.33247747911623066, 'subsample': 0.958690676966262, 'learning_rate': 0.010447918618342388, 'max_depth': 20, 'min_child_weight': 17, 'eval_metric': 'logloss'}. Best is trial 222 with value: 0.8964450250425448.
start listen on 192.168.1.101:42441
@tracker All of 1 nodes getting started
@tracker All nodes finishes job
Trial 573 finished with value: 0.8958987958969002 and parameters: {'objective': 'binary:logistic', 'tree_method': 'gpu_hist', 'lambda': 1.2457101587449508, 'alpha': 0.04667261383380402, 'colsample_bytree': 0.34491757624163244, 'subsample': 0.9636216442718181, 'learning_rate': 0.009283675665363571, 'max_depth': 20, 'min_child_weight': 7, 'eval_metric': 'logloss'}. Best is trial 222 with value: 0.8964450250425448.
start listen on 192.168.1.101:49793
@tracker All of 1 nodes getting started
@tracker All nodes finishes job
Trial 574 finished with value: 0.8961130799994655 and parameters: {'objective': 'binary:logistic', 'tree_method': 'gpu_hist', 'lambda': 1.8417638269599697, 'alpha': 0.052512907674057877, 'colsample_bytree': 0.3232745552028307, 'subsample': 0.9400971498981652, 'learning_rate': 0.011007140489436277, 'max_depth': 20, 'min_child_weight': 25, 'eval_metric': 'logloss'}. Best is trial 222 with value: 0.8964450250425448.
start listen on 192.168.1.101:40719
@tracker All of 1 nodes getting started
@tracker All nodes finishes job
Trial 575 finished with value: 0.8941337775919633 and parameters: {'objective': 'binary:logistic', 'tree_method': 'gpu_hist', 'lambda': 1.519432613889578, 'alpha': 0.07745956029760263, 'colsample_bytree': 0.8616416854984068, 'subsample': 0.9492497324214513, 'learning_rate': 0.011371623660676573, 'max_depth': 20, 'min_child_weight': 21, 'eval_metric': 'logloss'}. Best is trial 222 with value: 0.8964450250425448.
start listen on 192.168.1.101:54057
@tracker All of 1 nodes getting started
@tracker All nodes finishes job
Trial 576 finished with value: 0.8961785251968285 and parameters: {'objective': 'binary:logistic', 'tree_method': 'gpu_hist', 'lambda': 1.9867801557781932, 'alpha': 0.039677004949725564, 'colsample_bytree': 0.3130378702487693, 'subsample': 0.9678649278217354, 'learning_rate': 0.01213839457996764, 'max_depth': 20, 'min_child_weight': 34, 'eval_metric': 'logloss'}. Best is trial 222 with value: 0.8964450250425448.
start listen on 192.168.1.101:54705
@tracker All of 1 nodes getting started
@tracker All nodes finishes job
Trial 577 finished with value: 0.8946218697178296 and parameters: {'objective': 'binary:logistic', 'tree_method': 'gpu_hist', 'lambda': 1.1866865681066605, 'alpha': 0.05415353181613059, 'colsample_bytree': 0.7412030899110384, 'subsample': 0.9635166427760091, 'learning_rate': 0.009940825586171684, 'max_depth': 20, 'min_child_weight': 26, 'eval_metric': 'logloss'}. Best is trial 222 with value: 0.8964450250425448.
start listen on 192.168.1.101:57329
@tracker All of 1 nodes getting started
@tracker All nodes finishes job
Trial 578 finished with value: 0.8960128257438711 and parameters: {'objective': 'binary:logistic', 'tree_method': 'gpu_hist', 'lambda': 1.5758514013214158, 'alpha': 0.09529539712230475, 'colsample_bytree': 0.33465719599689825, 'subsample': 0.7122219032113848, 'learning_rate': 0.012241315067624907, 'max_depth': 20, 'min_child_weight': 12, 'eval_metric': 'logloss'}. Best is trial 222 with value: 0.8964450250425448.
start listen on 192.168.1.101:41669
@tracker All of 1 nodes getting started
@tracker All nodes finishes job
Trial 579 finished with value: 0.896243465935916 and parameters: {'objective': 'binary:logistic', 'tree_method': 'gpu_hist', 'lambda': 0.0021379654527708537, 'alpha': 0.03227397095636901, 'colsample_bytree': 0.34708368127945993, 'subsample': 0.9545611210762048, 'learning_rate': 0.013146160467117389, 'max_depth': 20, 'min_child_weight': 19, 'eval_metric': 'logloss'}. Best is trial 222 with value: 0.8964450250425448.
start listen on 192.168.1.101:44713
@tracker All of 1 nodes getting started
@tracker All nodes finishes job
Trial 580 finished with value: 0.8826731588961647 and parameters: {'objective': 'binary:logistic', 'tree_method': 'gpu_hist', 'lambda': 1.9505581855818253, 'alpha': 0.051051233458274996, 'colsample_bytree': 0.312154347279354, 'subsample': 0.9735334676731865, 'learning_rate': 0.013217171200742568, 'max_depth': 3, 'min_child_weight': 31, 'eval_metric': 'logloss'}. Best is trial 222 with value: 0.8964450250425448.
start listen on 192.168.1.101:60999
@tracker All of 1 nodes getting started
@tracker All nodes finishes job
Trial 581 finished with value: 0.8961400275569316 and parameters: {'objective': 'binary:logistic', 'tree_method': 'gpu_hist', 'lambda': 1.4568165436203693, 'alpha': 0.055006637106529005, 'colsample_bytree': 0.32890118289036063, 'subsample': 0.9137055741844028, 'learning_rate': 0.01626641063629018, 'max_depth': 20, 'min_child_weight': 35, 'eval_metric': 'logloss'}. Best is trial 222 with value: 0.8964450250425448.
start listen on 192.168.1.101:50407
@tracker All of 1 nodes getting started
@tracker All nodes finishes job
Trial 582 finished with value: 0.8964124508350797 and parameters: {'objective': 'binary:logistic', 'tree_method': 'gpu_hist', 'lambda': 2.194383913301741, 'alpha': 0.044001844851378, 'colsample_bytree': 0.3005666569682035, 'subsample': 0.969024346255325, 'learning_rate': 0.014210013685298036, 'max_depth': 20, 'min_child_weight': 26, 'eval_metric': 'logloss'}. Best is trial 222 with value: 0.8964450250425448.
start listen on 192.168.1.101:47839
@tracker All of 1 nodes getting started
@tracker All nodes finishes job
Trial 583 finished with value: 0.8950935762915533 and parameters: {'objective': 'binary:logistic', 'tree_method': 'gpu_hist', 'lambda': 0.09575898436291823, 'alpha': 0.05039264389363182, 'colsample_bytree': 0.3013624189286991, 'subsample': 0.9418356766570224, 'learning_rate': 0.008577768440146735, 'max_depth': 20, 'min_child_weight': 1, 'eval_metric': 'logloss'}. Best is trial 222 with value: 0.8964450250425448.
start listen on 192.168.1.101:50237
@tracker All of 1 nodes getting started
@tracker All nodes finishes job
Trial 584 finished with value: 0.8963672191802222 and parameters: {'objective': 'binary:logistic', 'tree_method': 'gpu_hist', 'lambda': 2.0336118955413407, 'alpha': 0.047352709710966764, 'colsample_bytree': 0.30045735079001284, 'subsample': 0.9579707821092022, 'learning_rate': 0.01228715259203446, 'max_depth': 20, 'min_child_weight': 17, 'eval_metric': 'logloss'}. Best is trial 222 with value: 0.8964450250425448.
start listen on 192.168.1.101:41447
@tracker All of 1 nodes getting started
@tracker All nodes finishes job
Trial 585 finished with value: 0.8962292376255738 and parameters: {'objective': 'binary:logistic', 'tree_method': 'gpu_hist', 'lambda': 2.2710211543772285, 'alpha': 0.027688026871215746, 'colsample_bytree': 0.3011388705954897, 'subsample': 0.9640184894059562, 'learning_rate': 0.010901744343612758, 'max_depth': 20, 'min_child_weight': 10, 'eval_metric': 'logloss'}. Best is trial 222 with value: 0.8964450250425448.
start listen on 192.168.1.101:51817
@tracker All of 1 nodes getting started
@tracker All nodes finishes job
Trial 586 finished with value: 0.8962419633401116 and parameters: {'objective': 'binary:logistic', 'tree_method': 'gpu_hist', 'lambda': 2.1447736511767803, 'alpha': 0.27511600456257457, 'colsample_bytree': 0.3011567069064645, 'subsample': 0.9243998297399053, 'learning_rate': 0.011809502578853407, 'max_depth': 20, 'min_child_weight': 14, 'eval_metric': 'logloss'}. Best is trial 222 with value: 0.8964450250425448.
start listen on 192.168.1.101:43391
@tracker All of 1 nodes getting started
@tracker All nodes finishes job
