Trial 251 finished with value: 0.8961070696162481 and parameters: {'objective': 'binary:logistic', 'tree_method': 'gpu_hist', 'lambda': 0.441277385519325, 'alpha': 3.2287613893971576, 'colsample_bytree': 0.3169861667407882, 'subsample': 0.9539828802034838, 'learning_rate': 0.017916826540518772, 'max_depth': 15, 'min_child_weight': 29, 'eval_metric': 'logloss'}. Best is trial 222 with value: 0.8964450250425448.
start listen on 192.168.1.101:50339
@tracker All of 1 nodes getting started
@tracker All nodes finishes job
Trial 252 finished with value: 0.892224948436747 and parameters: {'objective': 'binary:logistic', 'tree_method': 'gpu_hist', 'lambda': 0.530895130609606, 'alpha': 2.7050622591819806, 'colsample_bytree': 0.32604730366407286, 'subsample': 0.9366370057367149, 'learning_rate': 0.015344629003691306, 'max_depth': 9, 'min_child_weight': 268, 'eval_metric': 'logloss'}. Best is trial 222 with value: 0.8964450250425448.
start listen on 192.168.1.101:33647
@tracker All of 1 nodes getting started
@tracker All nodes finishes job
Trial 253 finished with value: 0.8942324688892245 and parameters: {'objective': 'binary:logistic', 'tree_method': 'gpu_hist', 'lambda': 0.7699944885292505, 'alpha': 2.1822337751078416, 'colsample_bytree': 0.9785169307814527, 'subsample': 0.9662197450752626, 'learning_rate': 0.017832206624075694, 'max_depth': 15, 'min_child_weight': 28, 'eval_metric': 'logloss'}. Best is trial 222 with value: 0.8964450250425448.
start listen on 192.168.1.101:36361
@tracker All of 1 nodes getting started
@tracker All nodes finishes job
Trial 254 finished with value: 0.8961145538512083 and parameters: {'objective': 'binary:logistic', 'tree_method': 'gpu_hist', 'lambda': 0.4839030510812762, 'alpha': 1.8299439646894118, 'colsample_bytree': 0.31249314443964354, 'subsample': 0.945139316376719, 'learning_rate': 0.015872845136287967, 'max_depth': 15, 'min_child_weight': 35, 'eval_metric': 'logloss'}. Best is trial 222 with value: 0.8964450250425448.
start listen on 192.168.1.101:57915
@tracker All of 1 nodes getting started
@tracker All nodes finishes job
Trial 255 finished with value: 0.8895144926838461 and parameters: {'objective': 'binary:logistic', 'tree_method': 'gpu_hist', 'lambda': 0.05646970823838884, 'alpha': 2.32755371941163, 'colsample_bytree': 0.32924568928439507, 'subsample': 0.9637647770764656, 'learning_rate': 0.015304384570612731, 'max_depth': 5, 'min_child_weight': 25, 'eval_metric': 'logloss'}. Best is trial 222 with value: 0.8964450250425448.
start listen on 192.168.1.101:39713
@tracker All of 1 nodes getting started
@tracker All nodes finishes job
Trial 256 finished with value: 0.8956198958631404 and parameters: {'objective': 'binary:logistic', 'tree_method': 'gpu_hist', 'lambda': 0.11422066361732741, 'alpha': 1.8822111222843447, 'colsample_bytree': 0.3071814282928888, 'subsample': 0.985697386854411, 'learning_rate': 0.016801744517688018, 'max_depth': 17, 'min_child_weight': 8, 'eval_metric': 'logloss'}. Best is trial 222 with value: 0.8964450250425448.
start listen on 192.168.1.101:38185
@tracker All of 1 nodes getting started
@tracker All nodes finishes job
Trial 257 finished with value: 0.8960737013540896 and parameters: {'objective': 'binary:logistic', 'tree_method': 'gpu_hist', 'lambda': 0.352483041457202, 'alpha': 2.8857358158338147, 'colsample_bytree': 0.3311006938787074, 'subsample': 0.9531500872763852, 'learning_rate': 0.018333461808881325, 'max_depth': 17, 'min_child_weight': 33, 'eval_metric': 'logloss'}. Best is trial 222 with value: 0.8964450250425448.
start listen on 192.168.1.101:47581
@tracker All of 1 nodes getting started
@tracker All nodes finishes job
Trial 258 finished with value: 0.8958601581297045 and parameters: {'objective': 'binary:logistic', 'tree_method': 'gpu_hist', 'lambda': 0.594260296008948, 'alpha': 2.1600687784761154, 'colsample_bytree': 0.34981034417504236, 'subsample': 0.969321698894052, 'learning_rate': 0.01213667699064048, 'max_depth': 15, 'min_child_weight': 41, 'eval_metric': 'logloss'}. Best is trial 222 with value: 0.8964450250425448.
start listen on 192.168.1.101:49377
@tracker All of 1 nodes getting started
@tracker All nodes finishes job
Trial 259 finished with value: 0.8957423419712591 and parameters: {'objective': 'binary:logistic', 'tree_method': 'gpu_hist', 'lambda': 0.57983565315912, 'alpha': 1.694810467960411, 'colsample_bytree': 0.32012467610249074, 'subsample': 0.935635599466846, 'learning_rate': 0.014632193363769525, 'max_depth': 11, 'min_child_weight': 21, 'eval_metric': 'logloss'}. Best is trial 222 with value: 0.8964450250425448.
start listen on 192.168.1.101:41655
@tracker All of 1 nodes getting started
@tracker All nodes finishes job
Trial 260 finished with value: 0.896135285505419 and parameters: {'objective': 'binary:logistic', 'tree_method': 'gpu_hist', 'lambda': 1.0022587222514514, 'alpha': 2.0083839698602923, 'colsample_bytree': 0.3360247005478159, 'subsample': 0.9808292747067306, 'learning_rate': 0.017248279876179978, 'max_depth': 17, 'min_child_weight': 30, 'eval_metric': 'logloss'}. Best is trial 222 with value: 0.8964450250425448.
start listen on 192.168.1.101:55867
@tracker All of 1 nodes getting started
@tracker All nodes finishes job
Trial 261 finished with value: 0.8937653017213811 and parameters: {'objective': 'binary:logistic', 'tree_method': 'gpu_hist', 'lambda': 0.8063158568257415, 'alpha': 2.6907678708830822, 'colsample_bytree': 0.3012849320215343, 'subsample': 0.9592759033547485, 'learning_rate': 0.013728624177598608, 'max_depth': 17, 'min_child_weight': 188, 'eval_metric': 'logloss'}. Best is trial 222 with value: 0.8964450250425448.
start listen on 192.168.1.101:39425
@tracker All of 1 nodes getting started
@tracker All nodes finishes job
Trial 262 finished with value: 0.8959372834763758 and parameters: {'objective': 'binary:logistic', 'tree_method': 'gpu_hist', 'lambda': 0.6910145741905929, 'alpha': 3.8022846475341447, 'colsample_bytree': 0.3571526850560484, 'subsample': 0.9897032744352731, 'learning_rate': 0.015569187667913579, 'max_depth': 13, 'min_child_weight': 37, 'eval_metric': 'logloss'}. Best is trial 222 with value: 0.8964450250425448.
start listen on 192.168.1.101:42691
@tracker All of 1 nodes getting started
@tracker All nodes finishes job
Trial 263 finished with value: 0.8920379575389852 and parameters: {'objective': 'binary:logistic', 'tree_method': 'gpu_hist', 'lambda': 0.6539264619938666, 'alpha': 1.566221279223639, 'colsample_bytree': 0.32072933493382316, 'subsample': 0.4688315303439706, 'learning_rate': 0.018420904905682895, 'max_depth': 7, 'min_child_weight': 126, 'eval_metric': 'logloss'}. Best is trial 222 with value: 0.8964450250425448.
start listen on 192.168.1.101:45101
@tracker All of 1 nodes getting started
@tracker All nodes finishes job
Trial 264 finished with value: 0.8963342475861097 and parameters: {'objective': 'binary:logistic', 'tree_method': 'gpu_hist', 'lambda': 0.8592216815395317, 'alpha': 2.3502256772649766, 'colsample_bytree': 0.3441108661498053, 'subsample': 0.9702988728994358, 'learning_rate': 0.014492640703377871, 'max_depth': 17, 'min_child_weight': 17, 'eval_metric': 'logloss'}. Best is trial 222 with value: 0.8964450250425448.
start listen on 192.168.1.101:53089
@tracker All of 1 nodes getting started
@tracker All nodes finishes job
Trial 265 finished with value: 0.8960843862402753 and parameters: {'objective': 'binary:logistic', 'tree_method': 'gpu_hist', 'lambda': 1.0395086115756413, 'alpha': 2.4863091575306155, 'colsample_bytree': 0.3441969430659365, 'subsample': 0.9686563213249056, 'learning_rate': 0.011894264264695503, 'max_depth': 17, 'min_child_weight': 14, 'eval_metric': 'logloss'}. Best is trial 222 with value: 0.8964450250425448.
start listen on 192.168.1.101:50069
@tracker All of 1 nodes getting started
@tracker All nodes finishes job
Trial 266 finished with value: 0.8875671076820085 and parameters: {'objective': 'binary:logistic', 'tree_method': 'gpu_hist', 'lambda': 0.4428689620806708, 'alpha': 3.315938311314533, 'colsample_bytree': 0.36057533655941065, 'subsample': 0.9781878091759563, 'learning_rate': 0.0010614543705217555, 'max_depth': 17, 'min_child_weight': 24, 'eval_metric': 'logloss'}. Best is trial 222 with value: 0.8964450250425448.
start listen on 192.168.1.101:58453
@tracker All of 1 nodes getting started
@tracker All nodes finishes job
Trial 267 finished with value: 0.8960938947757525 and parameters: {'objective': 'binary:logistic', 'tree_method': 'gpu_hist', 'lambda': 0.9085146865059113, 'alpha': 2.04023584327608, 'colsample_bytree': 0.34495131187816935, 'subsample': 0.9905382258179249, 'learning_rate': 0.012902549954323921, 'max_depth': 17, 'min_child_weight': 29, 'eval_metric': 'logloss'}. Best is trial 222 with value: 0.8964450250425448.
start listen on 192.168.1.101:44851
@tracker All of 1 nodes getting started
@tracker All nodes finishes job
Trial 268 finished with value: 0.8961515682975425 and parameters: {'objective': 'binary:logistic', 'tree_method': 'gpu_hist', 'lambda': 0.35016873521572167, 'alpha': 4.689053890232138, 'colsample_bytree': 0.3680540715194095, 'subsample': 0.9636508631945457, 'learning_rate': 0.014401170038280935, 'max_depth': 17, 'min_child_weight': 18, 'eval_metric': 'logloss'}. Best is trial 222 with value: 0.8964450250425448.
start listen on 192.168.1.101:39749
@tracker All of 1 nodes getting started
@tracker All nodes finishes job
Trial 269 finished with value: 0.8960973038214224 and parameters: {'objective': 'binary:logistic', 'tree_method': 'gpu_hist', 'lambda': 0.5244561596239874, 'alpha': 2.7772938965905904, 'colsample_bytree': 0.33400548634039157, 'subsample': 0.9528176755364706, 'learning_rate': 0.016755264180291735, 'max_depth': 17, 'min_child_weight': 40, 'eval_metric': 'logloss'}. Best is trial 222 with value: 0.8964450250425448.
start listen on 192.168.1.101:48173
@tracker All of 1 nodes getting started
@tracker All nodes finishes job
Trial 270 finished with value: 0.8930453513738728 and parameters: {'objective': 'binary:logistic', 'tree_method': 'gpu_hist', 'lambda': 0.7504279546476091, 'alpha': 1.8837655607018784, 'colsample_bytree': 0.35316397291622237, 'subsample': 0.999835756403601, 'learning_rate': 0.0032898834836941207, 'max_depth': 17, 'min_child_weight': 9, 'eval_metric': 'logloss'}. Best is trial 222 with value: 0.8964450250425448.
start listen on 192.168.1.101:40671
@tracker All of 1 nodes getting started
@tracker All nodes finishes job
Trial 271 finished with value: 0.8962923516795659 and parameters: {'objective': 'binary:logistic', 'tree_method': 'gpu_hist', 'lambda': 0.5964058455022269, 'alpha': 2.3332619052341217, 'colsample_bytree': 0.3315330848403174, 'subsample': 0.9780109463566624, 'learning_rate': 0.018976636554042067, 'max_depth': 17, 'min_child_weight': 33, 'eval_metric': 'logloss'}. Best is trial 222 with value: 0.8964450250425448.
start listen on 192.168.1.101:54565
@tracker All of 1 nodes getting started
@tracker All nodes finishes job
Trial 272 finished with value: 0.8961591984086137 and parameters: {'objective': 'binary:logistic', 'tree_method': 'gpu_hist', 'lambda': 0.6219093316578647, 'alpha': 2.4693580476171064, 'colsample_bytree': 0.3927587243539174, 'subsample': 0.9879776592817282, 'learning_rate': 0.019179435267557415, 'max_depth': 17, 'min_child_weight': 36, 'eval_metric': 'logloss'}. Best is trial 222 with value: 0.8964450250425448.
start listen on 192.168.1.101:58431
@tracker All of 1 nodes getting started
@tracker All nodes finishes job
Trial 273 finished with value: 0.8961750191399517 and parameters: {'objective': 'binary:logistic', 'tree_method': 'gpu_hist', 'lambda': 0.4238251398083541, 'alpha': 3.6722398433649497, 'colsample_bytree': 0.3636681842830788, 'subsample': 0.9757390652913793, 'learning_rate': 0.014499291945060607, 'max_depth': 17, 'min_child_weight': 24, 'eval_metric': 'logloss'}. Best is trial 222 with value: 0.8964450250425448.
start listen on 192.168.1.101:52673
@tracker All of 1 nodes getting started
@tracker All nodes finishes job
Trial 274 finished with value: 0.8956158321714744 and parameters: {'objective': 'binary:logistic', 'tree_method': 'gpu_hist', 'lambda': 0.8335202721945091, 'alpha': 3.0960458151427117, 'colsample_bytree': 0.33938501212570404, 'subsample': 0.9760538539916211, 'learning_rate': 0.01868885819912466, 'max_depth': 17, 'min_child_weight': 104, 'eval_metric': 'logloss'}. Best is trial 222 with value: 0.8964450250425448.
start listen on 192.168.1.101:41481
@tracker All of 1 nodes getting started
@tracker All nodes finishes job
Trial 275 finished with value: 0.8959451442585391 and parameters: {'objective': 'binary:logistic', 'tree_method': 'gpu_hist', 'lambda': 0.02816250640639247, 'alpha': 2.2886857252074293, 'colsample_bytree': 0.3177187037557127, 'subsample': 0.9841001731819945, 'learning_rate': 0.011027277155360341, 'max_depth': 17, 'min_child_weight': 32, 'eval_metric': 'logloss'}. Best is trial 222 with value: 0.8964450250425448.
start listen on 192.168.1.101:42011
@tracker All of 1 nodes getting started
@tracker All nodes finishes job
Trial 276 finished with value: 0.8822976141423081 and parameters: {'objective': 'binary:logistic', 'tree_method': 'gpu_hist', 'lambda': 0.5040968642029124, 'alpha': 0.24761580735049143, 'colsample_bytree': 0.7248929390631556, 'subsample': 0.9682723386465852, 'learning_rate': 0.01340414957510005, 'max_depth': 3, 'min_child_weight': 20, 'eval_metric': 'logloss'}. Best is trial 222 with value: 0.8964450250425448.
start listen on 192.168.1.101:40371
@tracker All of 1 nodes getting started
@tracker All nodes finishes job
Trial 277 finished with value: 0.8961399772548242 and parameters: {'objective': 'binary:logistic', 'tree_method': 'gpu_hist', 'lambda': 0.6415650484759905, 'alpha': 0.016346391929602338, 'colsample_bytree': 0.35106740620983334, 'subsample': 0.946461991598518, 'learning_rate': 0.0155923592841443, 'max_depth': 17, 'min_child_weight': 26, 'eval_metric': 'logloss'}. Best is trial 222 with value: 0.8964450250425448.
start listen on 192.168.1.101:33131
@tracker All of 1 nodes getting started
@tracker All nodes finishes job
Trial 278 finished with value: 0.8960950143569401 and parameters: {'objective': 'binary:logistic', 'tree_method': 'gpu_hist', 'lambda': 1.1259152775289505, 'alpha': 1.5993438861993712, 'colsample_bytree': 0.3672818040654732, 'subsample': 0.9894430723965474, 'learning_rate': 0.020145655647929046, 'max_depth': 17, 'min_child_weight': 42, 'eval_metric': 'logloss'}. Best is trial 222 with value: 0.8964450250425448.
start listen on 192.168.1.101:33979
@tracker All of 1 nodes getting started
@tracker All nodes finishes job
Trial 279 finished with value: 0.8958534571704143 and parameters: {'objective': 'binary:logistic', 'tree_method': 'gpu_hist', 'lambda': 0.3416325611309844, 'alpha': 1.360077815930652, 'colsample_bytree': 0.33352870553295594, 'subsample': 0.9755013463262256, 'learning_rate': 0.01813537058662646, 'max_depth': 15, 'min_child_weight': 15, 'eval_metric': 'logloss'}. Best is trial 222 with value: 0.8964450250425448.
start listen on 192.168.1.101:56819
@tracker All of 1 nodes getting started
@tracker All nodes finishes job
Trial 280 finished with value: 0.8959917304772851 and parameters: {'objective': 'binary:logistic', 'tree_method': 'gpu_hist', 'lambda': 0.7571733497718922, 'alpha': 2.323612156563631, 'colsample_bytree': 0.3079982207434691, 'subsample': 0.999258487132368, 'learning_rate': 0.01256560523528931, 'max_depth': 17, 'min_child_weight': 34, 'eval_metric': 'logloss'}. Best is trial 222 with value: 0.8964450250425448.
start listen on 192.168.1.101:39231
@tracker All of 1 nodes getting started
@tracker All nodes finishes job
Trial 281 finished with value: 0.8931976826825223 and parameters: {'objective': 'binary:logistic', 'tree_method': 'gpu_hist', 'lambda': 0.495200093159885, 'alpha': 2.9494128438815057, 'colsample_bytree': 0.34789108986264833, 'subsample': 0.9565538924612351, 'learning_rate': 0.016213183408034876, 'max_depth': 17, 'min_child_weight': 295, 'eval_metric': 'logloss'}. Best is trial 222 with value: 0.8964450250425448.
start listen on 192.168.1.101:44807
@tracker All of 1 nodes getting started
@tracker All nodes finishes job
Trial 282 finished with value: 0.8890351100085527 and parameters: {'objective': 'binary:logistic', 'tree_method': 'gpu_hist', 'lambda': 0.5753167632452807, 'alpha': 1.8957866126469511, 'colsample_bytree': 0.3262077360523216, 'subsample': 0.9713760199159053, 'learning_rate': 0.013921425167423453, 'max_depth': 5, 'min_child_weight': 27, 'eval_metric': 'logloss'}. Best is trial 222 with value: 0.8964450250425448.
start listen on 192.168.1.101:36405
@tracker All of 1 nodes getting started
@tracker All nodes finishes job
Trial 283 finished with value: 0.8954996077154234 and parameters: {'objective': 'binary:logistic', 'tree_method': 'gpu_hist', 'lambda': 0.8955950000122898, 'alpha': 1.222113209193532, 'colsample_bytree': 0.3002283345932013, 'subsample': 0.42569516766544907, 'learning_rate': 0.017451303950804763, 'max_depth': 17, 'min_child_weight': 8, 'eval_metric': 'logloss'}. Best is trial 222 with value: 0.8964450250425448.
start listen on 192.168.1.101:40049
@tracker All of 1 nodes getting started
@tracker All nodes finishes job
Trial 284 finished with value: 0.8959885104238183 and parameters: {'objective': 'binary:logistic', 'tree_method': 'gpu_hist', 'lambda': 0.3966580632064099, 'alpha': 1.6221771368585245, 'colsample_bytree': 0.38547372999557655, 'subsample': 0.9838156944788886, 'learning_rate': 0.02133167083838404, 'max_depth': 17, 'min_child_weight': 18, 'eval_metric': 'logloss'}. Best is trial 222 with value: 0.8964450250425448.
start listen on 192.168.1.101:47239
@tracker All of 1 nodes getting started
@tracker All nodes finishes job
Trial 285 finished with value: 0.8961151445416682 and parameters: {'objective': 'binary:logistic', 'tree_method': 'gpu_hist', 'lambda': 0.21587885652478042, 'alpha': 2.207316891572459, 'colsample_bytree': 0.36428052651584497, 'subsample': 0.9626078967392409, 'learning_rate': 0.015486919040348742, 'max_depth': 17, 'min_child_weight': 38, 'eval_metric': 'logloss'}. Best is trial 222 with value: 0.8964450250425448.
start listen on 192.168.1.101:53567
@tracker All of 1 nodes getting started
@tracker All nodes finishes job
Trial 286 finished with value: 0.8945704164109043 and parameters: {'objective': 'binary:logistic', 'tree_method': 'gpu_hist', 'lambda': 0.6563927418005684, 'alpha': 1.3665926003155806, 'colsample_bytree': 0.3412134556005367, 'subsample': 0.9890161787780917, 'learning_rate': 0.014301718263366904, 'max_depth': 9, 'min_child_weight': 31, 'eval_metric': 'logloss'}. Best is trial 222 with value: 0.8964450250425448.
start listen on 192.168.1.101:51165
@tracker All of 1 nodes getting started
@tracker All nodes finishes job
Trial 287 finished with value: 0.896187232491597 and parameters: {'objective': 'binary:logistic', 'tree_method': 'gpu_hist', 'lambda': 0.9683480517340398, 'alpha': 1.1127237062692834, 'colsample_bytree': 0.31981266219480586, 'subsample': 0.9440706063866399, 'learning_rate': 0.019386875680451016, 'max_depth': 17, 'min_child_weight': 26, 'eval_metric': 'logloss'}. Best is trial 222 with value: 0.8964450250425448.
start listen on 192.168.1.101:56865
@tracker All of 1 nodes getting started
@tracker All nodes finishes job
Trial 288 finished with value: 0.8959054458354813 and parameters: {'objective': 'binary:logistic', 'tree_method': 'gpu_hist', 'lambda': 0.4463041973587855, 'alpha': 2.638960289008387, 'colsample_bytree': 0.35375863866944696, 'subsample': 0.9784603818629813, 'learning_rate': 0.01708257166004361, 'max_depth': 17, 'min_child_weight': 15, 'eval_metric': 'logloss'}. Best is trial 222 with value: 0.8964450250425448.
start listen on 192.168.1.101:45923
@tracker All of 1 nodes getting started
@tracker All nodes finishes job
Trial 289 finished with value: 0.8961960382347754 and parameters: {'objective': 'binary:logistic', 'tree_method': 'gpu_hist', 'lambda': 0.28721152494779006, 'alpha': 1.8101050665340574, 'colsample_bytree': 0.37504297324530894, 'subsample': 0.9999683582373555, 'learning_rate': 0.015190937881749892, 'max_depth': 17, 'min_child_weight': 21, 'eval_metric': 'logloss'}. Best is trial 222 with value: 0.8964450250425448.
start listen on 192.168.1.101:58641
@tracker All of 1 nodes getting started
@tracker All nodes finishes job
Trial 290 finished with value: 0.8950965764529512 and parameters: {'objective': 'binary:logistic', 'tree_method': 'gpu_hist', 'lambda': 1.7227793995080878, 'alpha': 3.4360747876627507, 'colsample_bytree': 0.335021391885794, 'subsample': 0.9645191565414801, 'learning_rate': 0.012964383335888967, 'max_depth': 11, 'min_child_weight': 42, 'eval_metric': 'logloss'}. Best is trial 222 with value: 0.8964450250425448.
start listen on 192.168.1.101:42559
@tracker All of 1 nodes getting started
@tracker All nodes finishes job
Trial 291 finished with value: 0.8959533585926562 and parameters: {'objective': 'binary:logistic', 'tree_method': 'gpu_hist', 'lambda': 0.5372921539112051, 'alpha': 2.0585485288622443, 'colsample_bytree': 0.4061410411761253, 'subsample': 0.9522436934379785, 'learning_rate': 0.01792872219154134, 'max_depth': 17, 'min_child_weight': 33, 'eval_metric': 'logloss'}. Best is trial 222 with value: 0.8964450250425448.
start listen on 192.168.1.101:55853
@tracker All of 1 nodes getting started
@tracker All nodes finishes job
Trial 292 finished with value: 0.8960170101605945 and parameters: {'objective': 'binary:logistic', 'tree_method': 'gpu_hist', 'lambda': 0.7526614380698072, 'alpha': 1.56920380437066, 'colsample_bytree': 0.31600609817713865, 'subsample': 0.9355565866198127, 'learning_rate': 0.021693726289060095, 'max_depth': 17, 'min_child_weight': 47, 'eval_metric': 'logloss'}. Best is trial 222 with value: 0.8964450250425448.
start listen on 192.168.1.101:57575
@tracker All of 1 nodes getting started
@tracker All nodes finishes job
