Trial 712 finished with value: 0.8962698831654512 and parameters: {'objective': 'binary:logistic', 'tree_method': 'gpu_hist', 'lambda': 0.9271855931992529, 'alpha': 0.06557100005156039, 'colsample_bytree': 0.31133526745043505, 'subsample': 0.9774181141510782, 'learning_rate': 0.015025762451433434, 'max_depth': 20, 'min_child_weight': 42, 'eval_metric': 'logloss'}. Best is trial 222 with value: 0.8964450250425448.
start listen on 192.168.1.101:56653
@tracker All of 1 nodes getting started
@tracker All nodes finishes job
Trial 713 finished with value: 0.8963031062701001 and parameters: {'objective': 'binary:logistic', 'tree_method': 'gpu_hist', 'lambda': 0.8155010272625028, 'alpha': 0.04897617086237597, 'colsample_bytree': 0.3329521490931262, 'subsample': 0.9894038397844966, 'learning_rate': 0.013283106648774646, 'max_depth': 20, 'min_child_weight': 23, 'eval_metric': 'logloss'}. Best is trial 222 with value: 0.8964450250425448.
start listen on 192.168.1.101:33313
@tracker All of 1 nodes getting started
@tracker All nodes finishes job
Trial 714 finished with value: 0.8953216402971043 and parameters: {'objective': 'binary:logistic', 'tree_method': 'gpu_hist', 'lambda': 1.6021698043190549, 'alpha': 0.0015359984785657586, 'colsample_bytree': 0.5508867402528649, 'subsample': 0.9689427400722138, 'learning_rate': 0.009765116948272371, 'max_depth': 20, 'min_child_weight': 33, 'eval_metric': 'logloss'}. Best is trial 222 with value: 0.8964450250425448.
start listen on 192.168.1.101:38183
@tracker All of 1 nodes getting started
@tracker All nodes finishes job
Trial 715 finished with value: 0.881890256180009 and parameters: {'objective': 'binary:logistic', 'tree_method': 'gpu_hist', 'lambda': 2.461274335986794, 'alpha': 0.03531682745580928, 'colsample_bytree': 0.30002223972834235, 'subsample': 0.9350160650005818, 'learning_rate': 0.012092636262459374, 'max_depth': 3, 'min_child_weight': 109, 'eval_metric': 'logloss'}. Best is trial 222 with value: 0.8964450250425448.
start listen on 192.168.1.101:40637
@tracker All of 1 nodes getting started
@tracker All nodes finishes job
Trial 716 finished with value: 0.8953532451111023 and parameters: {'objective': 'binary:logistic', 'tree_method': 'gpu_hist', 'lambda': 0.010142718516302331, 'alpha': 0.04645718432480137, 'colsample_bytree': 0.3584686347056762, 'subsample': 0.954308901615608, 'learning_rate': 0.016506579487202216, 'max_depth': 20, 'min_child_weight': 12, 'eval_metric': 'logloss'}. Best is trial 222 with value: 0.8964450250425448.
start listen on 192.168.1.101:40625
@tracker All of 1 nodes getting started
@tracker All nodes finishes job
Trial 717 finished with value: 0.8963654930993414 and parameters: {'objective': 'binary:logistic', 'tree_method': 'gpu_hist', 'lambda': 1.3273427016754051, 'alpha': 0.19723879408261502, 'colsample_bytree': 0.32345840253205643, 'subsample': 0.9803103143114144, 'learning_rate': 0.015067109320859787, 'max_depth': 20, 'min_child_weight': 28, 'eval_metric': 'logloss'}. Best is trial 222 with value: 0.8964450250425448.
start listen on 192.168.1.101:48657
@tracker All of 1 nodes getting started
@tracker All nodes finishes job
Trial 718 finished with value: 0.8961777649164072 and parameters: {'objective': 'binary:logistic', 'tree_method': 'gpu_hist', 'lambda': 1.523013664908593, 'alpha': 0.19140322490137232, 'colsample_bytree': 0.346606967001293, 'subsample': 0.9648597365714928, 'learning_rate': 0.013629701802697196, 'max_depth': 20, 'min_child_weight': 18, 'eval_metric': 'logloss'}. Best is trial 222 with value: 0.8964450250425448.
start listen on 192.168.1.101:48733
@tracker All of 1 nodes getting started
@tracker All nodes finishes job
Trial 719 finished with value: 0.8960905856156955 and parameters: {'objective': 'binary:logistic', 'tree_method': 'gpu_hist', 'lambda': 1.3508181512135669, 'alpha': 0.24920877866380828, 'colsample_bytree': 0.36649568176397734, 'subsample': 0.9451801212293547, 'learning_rate': 0.01178655880933154, 'max_depth': 20, 'min_child_weight': 26, 'eval_metric': 'logloss'}. Best is trial 222 with value: 0.8964450250425448.
start listen on 192.168.1.101:49683
@tracker All of 1 nodes getting started
@tracker All nodes finishes job
Trial 720 finished with value: 0.8961541092725612 and parameters: {'objective': 'binary:logistic', 'tree_method': 'gpu_hist', 'lambda': 0.0024548726227225366, 'alpha': 0.30190055545014904, 'colsample_bytree': 0.34036854562022806, 'subsample': 0.9744441623871145, 'learning_rate': 0.014769037489741852, 'max_depth': 20, 'min_child_weight': 22, 'eval_metric': 'logloss'}. Best is trial 222 with value: 0.8964450250425448.
start listen on 192.168.1.101:56115
@tracker All of 1 nodes getting started
@tracker All nodes finishes job
Trial 721 finished with value: 0.8963042617813644 and parameters: {'objective': 'binary:logistic', 'tree_method': 'gpu_hist', 'lambda': 1.8696684253163773, 'alpha': 0.16990590301062752, 'colsample_bytree': 0.32533752583708, 'subsample': 0.9576627361920955, 'learning_rate': 0.013405938092904489, 'max_depth': 20, 'min_child_weight': 17, 'eval_metric': 'logloss'}. Best is trial 222 with value: 0.8964450250425448.
start listen on 192.168.1.101:60845
@tracker All of 1 nodes getting started
@tracker All nodes finishes job
Trial 722 finished with value: 0.896142773333387 and parameters: {'objective': 'binary:logistic', 'tree_method': 'gpu_hist', 'lambda': 0.040805238505059536, 'alpha': 0.10427220305263768, 'colsample_bytree': 0.3503078947777143, 'subsample': 0.9783567885025559, 'learning_rate': 0.010675405091356846, 'max_depth': 20, 'min_child_weight': 29, 'eval_metric': 'logloss'}. Best is trial 222 with value: 0.8964450250425448.
start listen on 192.168.1.101:48817
@tracker All of 1 nodes getting started
@tracker All nodes finishes job
Trial 723 finished with value: 0.8956537549301455 and parameters: {'objective': 'binary:logistic', 'tree_method': 'gpu_hist', 'lambda': 1.6890137241552967, 'alpha': 0.2169800823124735, 'colsample_bytree': 0.3248685977127331, 'subsample': 0.5069567380922144, 'learning_rate': 0.012800527811055071, 'max_depth': 20, 'min_child_weight': 9, 'eval_metric': 'logloss'}. Best is trial 222 with value: 0.8964450250425448.
start listen on 192.168.1.101:43601
@tracker All of 1 nodes getting started
@tracker All nodes finishes job
Trial 724 finished with value: 0.8958516743200124 and parameters: {'objective': 'binary:logistic', 'tree_method': 'gpu_hist', 'lambda': 2.344116448413041, 'alpha': 0.026407326296040333, 'colsample_bytree': 0.3356655240119325, 'subsample': 0.6148714842603418, 'learning_rate': 0.015084088296034448, 'max_depth': 20, 'min_child_weight': 23, 'eval_metric': 'logloss'}. Best is trial 222 with value: 0.8964450250425448.
start listen on 192.168.1.101:46655
@tracker All of 1 nodes getting started
@tracker All nodes finishes job
Trial 725 finished with value: 0.8957360829519116 and parameters: {'objective': 'binary:logistic', 'tree_method': 'gpu_hist', 'lambda': 1.9765910350368747, 'alpha': 0.07817881765441097, 'colsample_bytree': 0.364145062776177, 'subsample': 0.9667060040698829, 'learning_rate': 0.016500113759103686, 'max_depth': 20, 'min_child_weight': 15, 'eval_metric': 'logloss'}. Best is trial 222 with value: 0.8964450250425448.
start listen on 192.168.1.101:51829
@tracker All of 1 nodes getting started
@tracker All nodes finishes job
Trial 726 finished with value: 0.8962558136660477 and parameters: {'objective': 'binary:logistic', 'tree_method': 'gpu_hist', 'lambda': 1.3231164043206782, 'alpha': 0.05408816095795272, 'colsample_bytree': 0.3233525958269896, 'subsample': 0.9525985634218818, 'learning_rate': 0.012018975223020185, 'max_depth': 20, 'min_child_weight': 30, 'eval_metric': 'logloss'}. Best is trial 222 with value: 0.8964450250425448.
start listen on 192.168.1.101:59569
@tracker All of 1 nodes getting started
@tracker All nodes finishes job
Trial 727 finished with value: 0.8963127118167842 and parameters: {'objective': 'binary:logistic', 'tree_method': 'gpu_hist', 'lambda': 2.456445594436538, 'alpha': 0.04023475117816274, 'colsample_bytree': 0.3505379303985931, 'subsample': 0.9812446022382928, 'learning_rate': 0.014409947959668473, 'max_depth': 20, 'min_child_weight': 25, 'eval_metric': 'logloss'}. Best is trial 222 with value: 0.8964450250425448.
start listen on 192.168.1.101:41123
@tracker All of 1 nodes getting started
@tracker All nodes finishes job
Trial 728 finished with value: 0.8898944309674719 and parameters: {'objective': 'binary:logistic', 'tree_method': 'gpu_hist', 'lambda': 1.1316526339612694, 'alpha': 0.06257432149680084, 'colsample_bytree': 0.6368384546599248, 'subsample': 0.9404498892966339, 'learning_rate': 0.01717627010478722, 'max_depth': 5, 'min_child_weight': 19, 'eval_metric': 'logloss'}. Best is trial 222 with value: 0.8964450250425448.
start listen on 192.168.1.101:38005
@tracker All of 1 nodes getting started
@tracker All nodes finishes job
Trial 729 finished with value: 0.8957351652977548 and parameters: {'objective': 'binary:logistic', 'tree_method': 'gpu_hist', 'lambda': 1.6894183913899907, 'alpha': 0.02184089141203696, 'colsample_bytree': 0.3369927463105925, 'subsample': 0.9077155070251756, 'learning_rate': 0.009290376266537807, 'max_depth': 20, 'min_child_weight': 33, 'eval_metric': 'logloss'}. Best is trial 222 with value: 0.8964450250425448.
start listen on 192.168.1.101:32921
@tracker All of 1 nodes getting started
@tracker All nodes finishes job
Trial 730 finished with value: 0.8951123001730823 and parameters: {'objective': 'binary:logistic', 'tree_method': 'gpu_hist', 'lambda': 2.0299077280596767, 'alpha': 0.03093123184174719, 'colsample_bytree': 0.31495440512459544, 'subsample': 0.9670676187002183, 'learning_rate': 0.015485344028765335, 'max_depth': 20, 'min_child_weight': 119, 'eval_metric': 'logloss'}. Best is trial 222 with value: 0.8964450250425448.
start listen on 192.168.1.101:36163
@tracker All of 1 nodes getting started
@tracker All nodes finishes job
Trial 731 finished with value: 0.8955044467781429 and parameters: {'objective': 'binary:logistic', 'tree_method': 'gpu_hist', 'lambda': 1.5273750949506444, 'alpha': 0.1355258001284569, 'colsample_bytree': 0.32449044448361475, 'subsample': 0.9788251811284692, 'learning_rate': 0.01305448834702561, 'max_depth': 20, 'min_child_weight': 5, 'eval_metric': 'logloss'}. Best is trial 222 with value: 0.8964450250425448.
start listen on 192.168.1.101:54777
@tracker All of 1 nodes getting started
@tracker All nodes finishes job
Trial 732 finished with value: 0.8960997944943336 and parameters: {'objective': 'binary:logistic', 'tree_method': 'gpu_hist', 'lambda': 2.6802018016698885, 'alpha': 0.1484748236259749, 'colsample_bytree': 0.3115802470244572, 'subsample': 0.9565449950959183, 'learning_rate': 0.014127623066298074, 'max_depth': 20, 'min_child_weight': 12, 'eval_metric': 'logloss'}. Best is trial 222 with value: 0.8964450250425448.
start listen on 192.168.1.101:57859
@tracker All of 1 nodes getting started
@tracker All nodes finishes job
Trial 733 finished with value: 0.8960674509579605 and parameters: {'objective': 'binary:logistic', 'tree_method': 'gpu_hist', 'lambda': 1.284121549125895, 'alpha': 0.3227964075019514, 'colsample_bytree': 0.33978299972089954, 'subsample': 0.9886548664505527, 'learning_rate': 0.01777514303073847, 'max_depth': 20, 'min_child_weight': 28, 'eval_metric': 'logloss'}. Best is trial 222 with value: 0.8964450250425448.
start listen on 192.168.1.101:57451
@tracker All of 1 nodes getting started
@tracker All nodes finishes job
Trial 734 finished with value: 0.8940178650089774 and parameters: {'objective': 'binary:logistic', 'tree_method': 'gpu_hist', 'lambda': 2.2222276561347907, 'alpha': 0.18940251742374534, 'colsample_bytree': 0.3230747662451162, 'subsample': 0.7027400906173574, 'learning_rate': 0.015715051149332884, 'max_depth': 20, 'min_child_weight': 150, 'eval_metric': 'logloss'}. Best is trial 222 with value: 0.8964450250425448.
start listen on 192.168.1.101:60283
@tracker All of 1 nodes getting started
@tracker All nodes finishes job
Trial 735 finished with value: 0.8963067064637777 and parameters: {'objective': 'binary:logistic', 'tree_method': 'gpu_hist', 'lambda': 1.8260707827667118, 'alpha': 0.04767504855960284, 'colsample_bytree': 0.3101980339755406, 'subsample': 0.9708369843743255, 'learning_rate': 0.011309023870460459, 'max_depth': 20, 'min_child_weight': 21, 'eval_metric': 'logloss'}. Best is trial 222 with value: 0.8964450250425448.
start listen on 192.168.1.101:44405
@tracker All of 1 nodes getting started
@tracker All nodes finishes job
Trial 736 finished with value: 0.895868187783228 and parameters: {'objective': 'binary:logistic', 'tree_method': 'gpu_hist', 'lambda': 1.1030741393340286, 'alpha': 0.07329226663208634, 'colsample_bytree': 0.3563064582062888, 'subsample': 0.9609164244613687, 'learning_rate': 0.010427821591764091, 'max_depth': 20, 'min_child_weight': 35, 'eval_metric': 'logloss'}. Best is trial 222 with value: 0.8964450250425448.
start listen on 192.168.1.101:41373
@tracker All of 1 nodes getting started
@tracker All nodes finishes job
Trial 737 finished with value: 0.8936913540306863 and parameters: {'objective': 'binary:logistic', 'tree_method': 'gpu_hist', 'lambda': 1.478545200230588, 'alpha': 0.04227848598682357, 'colsample_bytree': 0.3001511179053326, 'subsample': 0.9284195870539036, 'learning_rate': 0.008327119616785844, 'max_depth': 9, 'min_child_weight': 16, 'eval_metric': 'logloss'}. Best is trial 222 with value: 0.8964450250425448.
start listen on 192.168.1.101:38723
@tracker All of 1 nodes getting started
@tracker All nodes finishes job
Trial 738 finished with value: 0.8961735194185536 and parameters: {'objective': 'binary:logistic', 'tree_method': 'gpu_hist', 'lambda': 2.546039615412475, 'alpha': 0.09521773570629621, 'colsample_bytree': 0.33819227756414627, 'subsample': 0.9818759353820938, 'learning_rate': 0.012620870093022422, 'max_depth': 15, 'min_child_weight': 26, 'eval_metric': 'logloss'}. Best is trial 222 with value: 0.8964450250425448.
start listen on 192.168.1.101:51737
@tracker All of 1 nodes getting started
@tracker All nodes finishes job
Trial 739 finished with value: 0.8955175806583511 and parameters: {'objective': 'binary:logistic', 'tree_method': 'gpu_hist', 'lambda': 2.08456767708667, 'alpha': 0.054810637198129376, 'colsample_bytree': 0.5770926143303031, 'subsample': 0.9472145404100778, 'learning_rate': 0.013909725421914694, 'max_depth': 20, 'min_child_weight': 39, 'eval_metric': 'logloss'}. Best is trial 222 with value: 0.8964450250425448.
start listen on 192.168.1.101:57433
@tracker All of 1 nodes getting started
@tracker All nodes finishes job
Trial 740 finished with value: 0.8917511457023533 and parameters: {'objective': 'binary:logistic', 'tree_method': 'gpu_hist', 'lambda': 2.7346195352022615, 'alpha': 0.05802141076385781, 'colsample_bytree': 0.6077480788120837, 'subsample': 0.9685226348351486, 'learning_rate': 0.07793555685177136, 'max_depth': 11, 'min_child_weight': 31, 'eval_metric': 'logloss'}. Best is trial 222 with value: 0.8964450250425448.
start listen on 192.168.1.101:33193
@tracker All of 1 nodes getting started
@tracker All nodes finishes job
Trial 741 finished with value: 0.8935627042355382 and parameters: {'objective': 'binary:logistic', 'tree_method': 'gpu_hist', 'lambda': 1.3872295632528657, 'alpha': 0.27592331659029407, 'colsample_bytree': 0.32514067326716684, 'subsample': 0.9888966015781213, 'learning_rate': 0.018056862435838813, 'max_depth': 7, 'min_child_weight': 21, 'eval_metric': 'logloss'}. Best is trial 222 with value: 0.8964450250425448.
start listen on 192.168.1.101:34457
@tracker All of 1 nodes getting started
@tracker All nodes finishes job
Trial 742 finished with value: 0.8956448787640168 and parameters: {'objective': 'binary:logistic', 'tree_method': 'gpu_hist', 'lambda': 1.7083424061890755, 'alpha': 0.033788455309225876, 'colsample_bytree': 0.32587156258015726, 'subsample': 0.9769506157806295, 'learning_rate': 0.015801138322046958, 'max_depth': 20, 'min_child_weight': 9, 'eval_metric': 'logloss'}. Best is trial 222 with value: 0.8964450250425448.
start listen on 192.168.1.101:60917
@tracker All of 1 nodes getting started
@tracker All nodes finishes job
Trial 743 finished with value: 0.895899922664103 and parameters: {'objective': 'binary:logistic', 'tree_method': 'gpu_hist', 'lambda': 1.1446627886586103, 'alpha': 0.036932778944935185, 'colsample_bytree': 0.31147327485580595, 'subsample': 0.9597384252124364, 'learning_rate': 0.012055945874137806, 'max_depth': 13, 'min_child_weight': 26, 'eval_metric': 'logloss'}. Best is trial 222 with value: 0.8964450250425448.
start listen on 192.168.1.101:36031
@tracker All of 1 nodes getting started
@tracker All nodes finishes job
Trial 744 finished with value: 0.8963238501405368 and parameters: {'objective': 'binary:logistic', 'tree_method': 'gpu_hist', 'lambda': 1.992857403422641, 'alpha': 0.027639493127725262, 'colsample_bytree': 0.3003162655053589, 'subsample': 0.9900529291891467, 'learning_rate': 0.015002459387672848, 'max_depth': 20, 'min_child_weight': 33, 'eval_metric': 'logloss'}. Best is trial 222 with value: 0.8964450250425448.
start listen on 192.168.1.101:36939
@tracker All of 1 nodes getting started
@tracker All nodes finishes job
Trial 745 finished with value: 0.8962358422922584 and parameters: {'objective': 'binary:logistic', 'tree_method': 'gpu_hist', 'lambda': 2.3887709157502677, 'alpha': 0.02146886334411774, 'colsample_bytree': 0.3008707585200474, 'subsample': 0.9996730084583186, 'learning_rate': 0.01363413181075741, 'max_depth': 20, 'min_child_weight': 45, 'eval_metric': 'logloss'}. Best is trial 222 with value: 0.8964450250425448.
start listen on 192.168.1.101:53295
@tracker All of 1 nodes getting started
@tracker All nodes finishes job
Trial 746 finished with value: 0.8962843385538777 and parameters: {'objective': 'binary:logistic', 'tree_method': 'gpu_hist', 'lambda': 3.0608907208341996, 'alpha': 0.02588106794144651, 'colsample_bytree': 0.31244557740633466, 'subsample': 0.9900354722962076, 'learning_rate': 0.014643881390141038, 'max_depth': 20, 'min_child_weight': 36, 'eval_metric': 'logloss'}. Best is trial 222 with value: 0.8964450250425448.
start listen on 192.168.1.101:49429
@tracker All of 1 nodes getting started
@tracker All nodes finishes job
Trial 747 finished with value: 0.8934261505421347 and parameters: {'objective': 'binary:logistic', 'tree_method': 'gpu_hist', 'lambda': 2.029812688919535, 'alpha': 0.02585986613101883, 'colsample_bytree': 0.31109057379985255, 'subsample': 0.9904581633492743, 'learning_rate': 0.01272956409808195, 'max_depth': 20, 'min_child_weight': 203, 'eval_metric': 'logloss'}. Best is trial 222 with value: 0.8964450250425448.
start listen on 192.168.1.101:41229
@tracker All of 1 nodes getting started
@tracker All nodes finishes job
Trial 748 finished with value: 0.8958015662351559 and parameters: {'objective': 'binary:logistic', 'tree_method': 'gpu_hist', 'lambda': 0.08284401959020905, 'alpha': 0.029246427116887845, 'colsample_bytree': 0.31013398037373074, 'subsample': 0.9811329010727298, 'learning_rate': 0.014414333594627293, 'max_depth': 20, 'min_child_weight': 76, 'eval_metric': 'logloss'}. Best is trial 222 with value: 0.8964450250425448.
start listen on 192.168.1.101:57793
@tracker All of 1 nodes getting started
@tracker All nodes finishes job
Trial 749 finished with value: 0.8948349041723299 and parameters: {'objective': 'binary:logistic', 'tree_method': 'gpu_hist', 'lambda': 2.7312336392028143, 'alpha': 0.029447547680388826, 'colsample_bytree': 0.3279456154056247, 'subsample': 0.9990637803891903, 'learning_rate': 0.011291066905461802, 'max_depth': 20, 'min_child_weight': 93, 'eval_metric': 'logloss'}. Best is trial 222 with value: 0.8964450250425448.
start listen on 192.168.1.101:60543
@tracker All of 1 nodes getting started
@tracker All nodes finishes job
Trial 750 finished with value: 0.8961701829516384 and parameters: {'objective': 'binary:logistic', 'tree_method': 'gpu_hist', 'lambda': 0.1571563901877034, 'alpha': 0.03557475614949045, 'colsample_bytree': 0.344278651295072, 'subsample': 0.9813857874462061, 'learning_rate': 0.013252108372794847, 'max_depth': 20, 'min_child_weight': 18, 'eval_metric': 'logloss'}. Best is trial 222 with value: 0.8964450250425448.
start listen on 192.168.1.101:42453
@tracker All of 1 nodes getting started
