Trial 125 finished with value: 0.8958671659318488 and parameters: {'objective': 'binary:logistic', 'tree_method': 'gpu_hist', 'lambda': 9.973325681755082, 'alpha': 1.2517642073854427, 'colsample_bytree': 0.3896651847482112, 'subsample': 0.9484177154617008, 'learning_rate': 0.02044127855411353, 'max_depth': 17, 'min_child_weight': 36, 'eval_metric': 'logloss'}. Best is trial 122 with value: 0.8962422033530235.
start listen on 192.168.1.101:54549
@tracker All of 1 nodes getting started
@tracker All nodes finishes job
Trial 126 finished with value: 0.8960540878438633 and parameters: {'objective': 'binary:logistic', 'tree_method': 'gpu_hist', 'lambda': 3.4789239326331454, 'alpha': 0.6252839944945701, 'colsample_bytree': 0.3271360475011099, 'subsample': 0.9700179441559593, 'learning_rate': 0.017569175958635556, 'max_depth': 17, 'min_child_weight': 44, 'eval_metric': 'logloss'}. Best is trial 122 with value: 0.8962422033530235.
start listen on 192.168.1.101:34781
@tracker All of 1 nodes getting started
@tracker All nodes finishes job
Trial 127 finished with value: 0.885547820848039 and parameters: {'objective': 'binary:logistic', 'tree_method': 'gpu_hist', 'lambda': 3.172894840706447, 'alpha': 0.6005698141251461, 'colsample_bytree': 0.3277689607249733, 'subsample': 0.9712893647588372, 'learning_rate': 0.02304678628315094, 'max_depth': 3, 'min_child_weight': 45, 'eval_metric': 'logloss'}. Best is trial 122 with value: 0.8962422033530235.
start listen on 192.168.1.101:46025
@tracker All of 1 nodes getting started
@tracker All nodes finishes job
Trial 128 finished with value: 0.8948833874991213 and parameters: {'objective': 'binary:logistic', 'tree_method': 'gpu_hist', 'lambda': 3.7314584645873365, 'alpha': 0.43995643399891354, 'colsample_bytree': 0.3139112498908757, 'subsample': 0.914883494872563, 'learning_rate': 0.028357459101895795, 'max_depth': 17, 'min_child_weight': 14, 'eval_metric': 'logloss'}. Best is trial 122 with value: 0.8962422033530235.
start listen on 192.168.1.101:43849
@tracker All of 1 nodes getting started
@tracker All nodes finishes job
Trial 129 finished with value: 0.8949611825824211 and parameters: {'objective': 'binary:logistic', 'tree_method': 'gpu_hist', 'lambda': 7.004193938438642, 'alpha': 0.8062980450632109, 'colsample_bytree': 0.32741686014670385, 'subsample': 0.8899779247938858, 'learning_rate': 0.031835242254575305, 'max_depth': 17, 'min_child_weight': 28, 'eval_metric': 'logloss'}. Best is trial 122 with value: 0.8962422033530235.
start listen on 192.168.1.101:37433
@tracker All of 1 nodes getting started
@tracker All nodes finishes job
Trial 130 finished with value: 0.8899091184641933 and parameters: {'objective': 'binary:logistic', 'tree_method': 'gpu_hist', 'lambda': 5.6860533397202335, 'alpha': 1.0736070441132168, 'colsample_bytree': 0.3577840648309846, 'subsample': 0.9558552390527721, 'learning_rate': 0.018108859092851048, 'max_depth': 5, 'min_child_weight': 37, 'eval_metric': 'logloss'}. Best is trial 122 with value: 0.8962422033530235.
start listen on 192.168.1.101:46045
@tracker All of 1 nodes getting started
@tracker All nodes finishes job
Trial 131 finished with value: 0.8960253739638305 and parameters: {'objective': 'binary:logistic', 'tree_method': 'gpu_hist', 'lambda': 6.5173927396345785, 'alpha': 1.6707616605413498, 'colsample_bytree': 0.375784325627303, 'subsample': 0.9282751870556991, 'learning_rate': 0.01702450421401525, 'max_depth': 17, 'min_child_weight': 27, 'eval_metric': 'logloss'}. Best is trial 122 with value: 0.8962422033530235.
start listen on 192.168.1.101:41073
@tracker All of 1 nodes getting started
@tracker All nodes finishes job
Trial 132 finished with value: 0.8958324150803418 and parameters: {'objective': 'binary:logistic', 'tree_method': 'gpu_hist', 'lambda': 7.408784706110035, 'alpha': 0.6572736645321943, 'colsample_bytree': 0.30254571513833095, 'subsample': 0.9405606659647311, 'learning_rate': 0.021512615792172448, 'max_depth': 17, 'min_child_weight': 18, 'eval_metric': 'logloss'}. Best is trial 122 with value: 0.8962422033530235.
start listen on 192.168.1.101:37675
@tracker All of 1 nodes getting started
@tracker All nodes finishes job
Trial 133 finished with value: 0.8958910443421699 and parameters: {'objective': 'binary:logistic', 'tree_method': 'gpu_hist', 'lambda': 8.580200323412626, 'alpha': 1.5922650786186192, 'colsample_bytree': 0.40994451410686955, 'subsample': 0.9903247897600814, 'learning_rate': 0.015875168506915574, 'max_depth': 17, 'min_child_weight': 11, 'eval_metric': 'logloss'}. Best is trial 122 with value: 0.8962422033530235.
start listen on 192.168.1.101:52567
@tracker All of 1 nodes getting started
@tracker All nodes finishes job
Trial 134 finished with value: 0.8956237001396531 and parameters: {'objective': 'binary:logistic', 'tree_method': 'gpu_hist', 'lambda': 5.566461066902679, 'alpha': 1.1998197163868287, 'colsample_bytree': 0.3547068442668018, 'subsample': 0.908475257919891, 'learning_rate': 0.012742561708374615, 'max_depth': 17, 'min_child_weight': 46, 'eval_metric': 'logloss'}. Best is trial 122 with value: 0.8962422033530235.
start listen on 192.168.1.101:50493
@tracker All of 1 nodes getting started
@tracker All nodes finishes job
Trial 135 finished with value: 0.8961580335555298 and parameters: {'objective': 'binary:logistic', 'tree_method': 'gpu_hist', 'lambda': 3.5507859760452, 'alpha': 1.9773984562981752, 'colsample_bytree': 0.3239920611663301, 'subsample': 0.9248623390878592, 'learning_rate': 0.01955589189172402, 'max_depth': 17, 'min_child_weight': 33, 'eval_metric': 'logloss'}. Best is trial 122 with value: 0.8962422033530235.
start listen on 192.168.1.101:34091
@tracker All of 1 nodes getting started
@tracker All nodes finishes job
Trial 136 finished with value: 0.8950902656942935 and parameters: {'objective': 'binary:logistic', 'tree_method': 'gpu_hist', 'lambda': 2.9416037003710844, 'alpha': 2.0973141915069173, 'colsample_bytree': 0.32734168388459095, 'subsample': 0.9724681172839457, 'learning_rate': 0.02014696777271409, 'max_depth': 9, 'min_child_weight': 39, 'eval_metric': 'logloss'}. Best is trial 122 with value: 0.8962422033530235.
start listen on 192.168.1.101:37725
@tracker All of 1 nodes getting started
@tracker All nodes finishes job
Trial 137 finished with value: 0.8959634182955087 and parameters: {'objective': 'binary:logistic', 'tree_method': 'gpu_hist', 'lambda': 3.4665165329427374, 'alpha': 4.278721940011335, 'colsample_bytree': 0.3173104448335277, 'subsample': 0.8781026148627268, 'learning_rate': 0.018379210400783812, 'max_depth': 17, 'min_child_weight': 32, 'eval_metric': 'logloss'}. Best is trial 122 with value: 0.8962422033530235.
start listen on 192.168.1.101:45647
@tracker All of 1 nodes getting started
@tracker All nodes finishes job
Trial 138 finished with value: 0.8960043124715164 and parameters: {'objective': 'binary:logistic', 'tree_method': 'gpu_hist', 'lambda': 3.7867364246874287, 'alpha': 0.9340476815845511, 'colsample_bytree': 0.34943175534713844, 'subsample': 0.9521777112237364, 'learning_rate': 0.014017396387421333, 'max_depth': 13, 'min_child_weight': 13, 'eval_metric': 'logloss'}. Best is trial 122 with value: 0.8962422033530235.
start listen on 192.168.1.101:39057
@tracker All of 1 nodes getting started
@tracker All nodes finishes job
Trial 139 finished with value: 0.8944025970834264 and parameters: {'objective': 'binary:logistic', 'tree_method': 'gpu_hist', 'lambda': 5.46640570313698, 'alpha': 2.8866693696479278, 'colsample_bytree': 0.30139748821017437, 'subsample': 0.8390133427363194, 'learning_rate': 0.025895221982051644, 'max_depth': 7, 'min_child_weight': 27, 'eval_metric': 'logloss'}. Best is trial 122 with value: 0.8962422033530235.
start listen on 192.168.1.101:55015
@tracker All of 1 nodes getting started
@tracker All nodes finishes job
Trial 140 finished with value: 0.8961301051069718 and parameters: {'objective': 'binary:logistic', 'tree_method': 'gpu_hist', 'lambda': 2.3244002767349397, 'alpha': 2.236723351282917, 'colsample_bytree': 0.3318357130669144, 'subsample': 0.9181245262856319, 'learning_rate': 0.02346346794883408, 'max_depth': 17, 'min_child_weight': 50, 'eval_metric': 'logloss'}. Best is trial 122 with value: 0.8962422033530235.
start listen on 192.168.1.101:47985
@tracker All of 1 nodes getting started
@tracker All nodes finishes job
Trial 141 finished with value: 0.8959880131515577 and parameters: {'objective': 'binary:logistic', 'tree_method': 'gpu_hist', 'lambda': 2.4143026516201274, 'alpha': 1.9635583376282266, 'colsample_bytree': 0.3328704187970542, 'subsample': 0.9192574950866533, 'learning_rate': 0.023520600706521965, 'max_depth': 17, 'min_child_weight': 44, 'eval_metric': 'logloss'}. Best is trial 122 with value: 0.8962422033530235.
start listen on 192.168.1.101:59491
@tracker All of 1 nodes getting started
@tracker All nodes finishes job
Trial 142 finished with value: 0.896102102642456 and parameters: {'objective': 'binary:logistic', 'tree_method': 'gpu_hist', 'lambda': 3.0390474293247296, 'alpha': 2.2865298393766142, 'colsample_bytree': 0.3122834262836075, 'subsample': 0.8962045798495204, 'learning_rate': 0.02013451274232804, 'max_depth': 17, 'min_child_weight': 35, 'eval_metric': 'logloss'}. Best is trial 122 with value: 0.8962422033530235.
start listen on 192.168.1.101:60805
@tracker All of 1 nodes getting started
@tracker All nodes finishes job
Trial 143 finished with value: 0.8957604528856811 and parameters: {'objective': 'binary:logistic', 'tree_method': 'gpu_hist', 'lambda': 6.702543434816581, 'alpha': 2.2309364633353117, 'colsample_bytree': 0.31355501978642053, 'subsample': 0.8942881339753118, 'learning_rate': 0.022099504371208032, 'max_depth': 17, 'min_child_weight': 19, 'eval_metric': 'logloss'}. Best is trial 122 with value: 0.8962422033530235.
start listen on 192.168.1.101:57367
@tracker All of 1 nodes getting started
@tracker All nodes finishes job
Trial 144 finished with value: 0.8960144720599817 and parameters: {'objective': 'binary:logistic', 'tree_method': 'gpu_hist', 'lambda': 4.302327349400816, 'alpha': 2.7538979408663034, 'colsample_bytree': 0.3477554447232983, 'subsample': 0.907230451739839, 'learning_rate': 0.019649066369990087, 'max_depth': 17, 'min_child_weight': 34, 'eval_metric': 'logloss'}. Best is trial 122 with value: 0.8962422033530235.
start listen on 192.168.1.101:54307
@tracker All of 1 nodes getting started
@tracker All nodes finishes job
Trial 145 finished with value: 0.8879891028389214 and parameters: {'objective': 'binary:logistic', 'tree_method': 'gpu_hist', 'lambda': 2.7848286905961963, 'alpha': 4.3348836593238635, 'colsample_bytree': 0.31236787512948905, 'subsample': 0.9375280450316672, 'learning_rate': 0.002237430571222085, 'max_depth': 17, 'min_child_weight': 50, 'eval_metric': 'logloss'}. Best is trial 122 with value: 0.8962422033530235.
start listen on 192.168.1.101:59681
@tracker All of 1 nodes getting started
@tracker All nodes finishes job
Trial 146 finished with value: 0.8948072444807451 and parameters: {'objective': 'binary:logistic', 'tree_method': 'gpu_hist', 'lambda': 5.3380684482607785, 'alpha': 2.9131520833627853, 'colsample_bytree': 0.334998578977912, 'subsample': 0.8815477537174522, 'learning_rate': 0.02848100419870137, 'max_depth': 17, 'min_child_weight': 9, 'eval_metric': 'logloss'}. Best is trial 122 with value: 0.8962422033530235.
start listen on 192.168.1.101:55609
@tracker All of 1 nodes getting started
@tracker All nodes finishes job
Trial 147 finished with value: 0.8958944188949662 and parameters: {'objective': 'binary:logistic', 'tree_method': 'gpu_hist', 'lambda': 8.783082756141368, 'alpha': 1.7356274870176813, 'colsample_bytree': 0.36481694749919985, 'subsample': 0.8665575784931216, 'learning_rate': 0.02476292509580194, 'max_depth': 17, 'min_child_weight': 26, 'eval_metric': 'logloss'}. Best is trial 122 with value: 0.8962422033530235.
start listen on 192.168.1.101:57431
@tracker All of 1 nodes getting started
@tracker All nodes finishes job
Trial 148 finished with value: 0.896004622188777 and parameters: {'objective': 'binary:logistic', 'tree_method': 'gpu_hist', 'lambda': 6.9263793717712545, 'alpha': 5.820365327275962, 'colsample_bytree': 0.3002857309194729, 'subsample': 0.9226267355275638, 'learning_rate': 0.014992547841828274, 'max_depth': 17, 'min_child_weight': 17, 'eval_metric': 'logloss'}. Best is trial 122 with value: 0.8962422033530235.
start listen on 192.168.1.101:40105
@tracker All of 1 nodes getting started
@tracker All nodes finishes job
Trial 149 finished with value: 0.8944939730170873 and parameters: {'objective': 'binary:logistic', 'tree_method': 'gpu_hist', 'lambda': 4.124667223481376, 'alpha': 2.435736883567236, 'colsample_bytree': 0.8483501725992093, 'subsample': 0.8953661637337564, 'learning_rate': 0.019160874655706883, 'max_depth': 17, 'min_child_weight': 137, 'eval_metric': 'logloss'}. Best is trial 122 with value: 0.8962422033530235.
start listen on 192.168.1.101:51865
@tracker All of 1 nodes getting started
@tracker All nodes finishes job
Trial 150 finished with value: 0.8853299746376775 and parameters: {'objective': 'binary:logistic', 'tree_method': 'gpu_hist', 'lambda': 5.209837101098391, 'alpha': 1.2275702242408648, 'colsample_bytree': 0.34664111441170964, 'subsample': 0.9110347420780349, 'learning_rate': 0.021863334855312284, 'max_depth': 3, 'min_child_weight': 39, 'eval_metric': 'logloss'}. Best is trial 122 with value: 0.8962422033530235.
start listen on 192.168.1.101:42653
@tracker All of 1 nodes getting started
@tracker All nodes finishes job
Trial 151 finished with value: 0.8962140219567261 and parameters: {'objective': 'binary:logistic', 'tree_method': 'gpu_hist', 'lambda': 3.2092184691503194, 'alpha': 1.867046848233999, 'colsample_bytree': 0.3280546977548186, 'subsample': 0.9613538004969344, 'learning_rate': 0.016988307770154403, 'max_depth': 17, 'min_child_weight': 30, 'eval_metric': 'logloss'}. Best is trial 122 with value: 0.8962422033530235.
start listen on 192.168.1.101:35651
@tracker All of 1 nodes getting started
@tracker All nodes finishes job
Trial 152 finished with value: 0.8962711479041483 and parameters: {'objective': 'binary:logistic', 'tree_method': 'gpu_hist', 'lambda': 2.1478625904175304, 'alpha': 1.8348760784812634, 'colsample_bytree': 0.3173297585578643, 'subsample': 0.9579641297294126, 'learning_rate': 0.017208942696942727, 'max_depth': 17, 'min_child_weight': 30, 'eval_metric': 'logloss'}. Best is trial 152 with value: 0.8962711479041483.
start listen on 192.168.1.101:39241
@tracker All of 1 nodes getting started
@tracker All nodes finishes job
Trial 153 finished with value: 0.8961284415444242 and parameters: {'objective': 'binary:logistic', 'tree_method': 'gpu_hist', 'lambda': 2.2154154664260712, 'alpha': 2.185602750417512, 'colsample_bytree': 0.330324614762037, 'subsample': 0.9424499065281325, 'learning_rate': 0.0176348057985161, 'max_depth': 17, 'min_child_weight': 31, 'eval_metric': 'logloss'}. Best is trial 152 with value: 0.8962711479041483.
start listen on 192.168.1.101:59061
@tracker All of 1 nodes getting started
@tracker All nodes finishes job
Trial 154 finished with value: 0.8961254600666662 and parameters: {'objective': 'binary:logistic', 'tree_method': 'gpu_hist', 'lambda': 2.2377183110170886, 'alpha': 2.019243072166877, 'colsample_bytree': 0.33086908249496666, 'subsample': 0.96073578226753, 'learning_rate': 0.017414708990343534, 'max_depth': 17, 'min_child_weight': 29, 'eval_metric': 'logloss'}. Best is trial 152 with value: 0.8962711479041483.
start listen on 192.168.1.101:49713
@tracker All of 1 nodes getting started
@tracker All nodes finishes job
Trial 155 finished with value: 0.8961728942352205 and parameters: {'objective': 'binary:logistic', 'tree_method': 'gpu_hist', 'lambda': 2.123881604429653, 'alpha': 1.962402640029838, 'colsample_bytree': 0.32282899382811164, 'subsample': 0.9578547700512803, 'learning_rate': 0.017575232203209595, 'max_depth': 17, 'min_child_weight': 28, 'eval_metric': 'logloss'}. Best is trial 152 with value: 0.8962711479041483.
start listen on 192.168.1.101:43251
@tracker All of 1 nodes getting started
@tracker All nodes finishes job
Trial 156 finished with value: 0.8960567322975028 and parameters: {'objective': 'binary:logistic', 'tree_method': 'gpu_hist', 'lambda': 1.919423260379632, 'alpha': 1.5002229653219592, 'colsample_bytree': 0.3261732431986476, 'subsample': 0.9618465070824251, 'learning_rate': 0.01772902835462813, 'max_depth': 17, 'min_child_weight': 35, 'eval_metric': 'logloss'}. Best is trial 152 with value: 0.8962711479041483.
start listen on 192.168.1.101:56177
@tracker All of 1 nodes getting started
@tracker All nodes finishes job
Trial 157 finished with value: 0.8960612508639386 and parameters: {'objective': 'binary:logistic', 'tree_method': 'gpu_hist', 'lambda': 1.1742185392128437, 'alpha': 1.0764819667605225, 'colsample_bytree': 0.3162571202535624, 'subsample': 0.9488270937708121, 'learning_rate': 0.020320368355507525, 'max_depth': 17, 'min_child_weight': 28, 'eval_metric': 'logloss'}. Best is trial 152 with value: 0.8962711479041483.
start listen on 192.168.1.101:36993
@tracker All of 1 nodes getting started
@tracker All nodes finishes job
Trial 158 finished with value: 0.8959865867275159 and parameters: {'objective': 'binary:logistic', 'tree_method': 'gpu_hist', 'lambda': 2.1222754325753046, 'alpha': 1.9679503497062998, 'colsample_bytree': 0.33344678273756206, 'subsample': 0.9370209708271597, 'learning_rate': 0.017180184279204366, 'max_depth': 17, 'min_child_weight': 50, 'eval_metric': 'logloss'}. Best is trial 152 with value: 0.8962711479041483.
start listen on 192.168.1.101:44051
@tracker All of 1 nodes getting started
@tracker All nodes finishes job
Trial 159 finished with value: 0.890310882832164 and parameters: {'objective': 'binary:logistic', 'tree_method': 'gpu_hist', 'lambda': 2.532274154542248, 'alpha': 1.2654878457304581, 'colsample_bytree': 0.3126632464972472, 'subsample': 0.9586516775729804, 'learning_rate': 0.01942146762686184, 'max_depth': 5, 'min_child_weight': 40, 'eval_metric': 'logloss'}. Best is trial 152 with value: 0.8962711479041483.
start listen on 192.168.1.101:52777
@tracker All of 1 nodes getting started
@tracker All nodes finishes job
Trial 160 finished with value: 0.8960690908066575 and parameters: {'objective': 'binary:logistic', 'tree_method': 'gpu_hist', 'lambda': 2.190377107726895, 'alpha': 1.6881020174693435, 'colsample_bytree': 0.30064169925757933, 'subsample': 0.9409529999572493, 'learning_rate': 0.013013271461220777, 'max_depth': 17, 'min_child_weight': 27, 'eval_metric': 'logloss'}. Best is trial 152 with value: 0.8962711479041483.
start listen on 192.168.1.101:53807
@tracker All of 1 nodes getting started
@tracker All nodes finishes job
Trial 161 finished with value: 0.8961785992127864 and parameters: {'objective': 'binary:logistic', 'tree_method': 'gpu_hist', 'lambda': 1.7189126170825686, 'alpha': 2.3821830301060714, 'colsample_bytree': 0.35750098176556294, 'subsample': 0.9897852363002, 'learning_rate': 0.016600027584797172, 'max_depth': 17, 'min_child_weight': 32, 'eval_metric': 'logloss'}. Best is trial 152 with value: 0.8962711479041483.
start listen on 192.168.1.101:58225
@tracker All of 1 nodes getting started
@tracker All nodes finishes job
Trial 162 finished with value: 0.8961088452806347 and parameters: {'objective': 'binary:logistic', 'tree_method': 'gpu_hist', 'lambda': 1.5335555450440241, 'alpha': 2.2387858021334894, 'colsample_bytree': 0.34565465816008073, 'subsample': 0.9828978210304284, 'learning_rate': 0.016865344958528067, 'max_depth': 17, 'min_child_weight': 33, 'eval_metric': 'logloss'}. Best is trial 152 with value: 0.8962711479041483.
start listen on 192.168.1.101:49603
@tracker All of 1 nodes getting started
@tracker All nodes finishes job
Trial 163 finished with value: 0.8962930048883588 and parameters: {'objective': 'binary:logistic', 'tree_method': 'gpu_hist', 'lambda': 1.6182309705102709, 'alpha': 2.2561463485202626, 'colsample_bytree': 0.3480540341052831, 'subsample': 0.9846731155991185, 'learning_rate': 0.017646218093667017, 'max_depth': 17, 'min_child_weight': 35, 'eval_metric': 'logloss'}. Best is trial 163 with value: 0.8962930048883588.
start listen on 192.168.1.101:41599
@tracker All of 1 nodes getting started
@tracker All nodes finishes job
Trial 164 finished with value: 0.8962559365469098 and parameters: {'objective': 'binary:logistic', 'tree_method': 'gpu_hist', 'lambda': 1.6317292655684918, 'alpha': 2.985968288157403, 'colsample_bytree': 0.34795403821325194, 'subsample': 0.9755500746459863, 'learning_rate': 0.017985389272823657, 'max_depth': 17, 'min_child_weight': 37, 'eval_metric': 'logloss'}. Best is trial 163 with value: 0.8962930048883588.
start listen on 192.168.1.101:54465
@tracker All of 1 nodes getting started
@tracker All nodes finishes job
Trial 165 finished with value: 0.896074848960737 and parameters: {'objective': 'binary:logistic', 'tree_method': 'gpu_hist', 'lambda': 1.0935982446844803, 'alpha': 3.0929290610064486, 'colsample_bytree': 0.3614281712426817, 'subsample': 0.9894177182644348, 'learning_rate': 0.01752164822042185, 'max_depth': 17, 'min_child_weight': 58, 'eval_metric': 'logloss'}. Best is trial 163 with value: 0.8962930048883588.
start listen on 192.168.1.101:60577
@tracker All of 1 nodes getting started
@tracker All nodes finishes job
Trial 166 finished with value: 0.8960532844473502 and parameters: {'objective': 'binary:logistic', 'tree_method': 'gpu_hist', 'lambda': 1.45957710664434, 'alpha': 1.861211940645576, 'colsample_bytree': 0.3748840973692847, 'subsample': 0.9991804427949671, 'learning_rate': 0.016731250179765494, 'max_depth': 17, 'min_child_weight': 41, 'eval_metric': 'logloss'}. Best is trial 163 with value: 0.8962930048883588.
start listen on 192.168.1.101:56167
@tracker All of 1 nodes getting started
@tracker All nodes finishes job
