Trial 587 finished with value: 0.8961969163658479 and parameters: {'objective': 'binary:logistic', 'tree_method': 'gpu_hist', 'lambda': 2.393716311936609, 'alpha': 0.032839042108189206, 'colsample_bytree': 0.3000856729552449, 'subsample': 0.9708188159411821, 'learning_rate': 0.009706143001369289, 'max_depth': 20, 'min_child_weight': 20, 'eval_metric': 'logloss'}. Best is trial 222 with value: 0.8964450250425448.
start listen on 192.168.1.101:35223
@tracker All of 1 nodes getting started
@tracker All nodes finishes job
Trial 588 finished with value: 0.8962523241370062 and parameters: {'objective': 'binary:logistic', 'tree_method': 'gpu_hist', 'lambda': 1.9785172154492547, 'alpha': 0.039939723550527745, 'colsample_bytree': 0.3170659456580017, 'subsample': 0.9588205838365306, 'learning_rate': 0.011819467727273578, 'max_depth': 20, 'min_child_weight': 14, 'eval_metric': 'logloss'}. Best is trial 222 with value: 0.8964450250425448.
start listen on 192.168.1.101:54597
@tracker All of 1 nodes getting started
@tracker All nodes finishes job
Trial 589 finished with value: 0.8960801608632646 and parameters: {'objective': 'binary:logistic', 'tree_method': 'gpu_hist', 'lambda': 1.7751078500545752, 'alpha': 0.04421197273252087, 'colsample_bytree': 0.3130777178602789, 'subsample': 0.9400903599709467, 'learning_rate': 0.012476242336284575, 'max_depth': 20, 'min_child_weight': 19, 'eval_metric': 'logloss'}. Best is trial 222 with value: 0.8964450250425448.
start listen on 192.168.1.101:57281
@tracker All of 1 nodes getting started
@tracker All nodes finishes job
Trial 590 finished with value: 0.8956937098939503 and parameters: {'objective': 'binary:logistic', 'tree_method': 'gpu_hist', 'lambda': 2.340496669784548, 'alpha': 0.04464638998168207, 'colsample_bytree': 0.3124737305942054, 'subsample': 0.9787558138648483, 'learning_rate': 0.013622486842540697, 'max_depth': 20, 'min_child_weight': 6, 'eval_metric': 'logloss'}. Best is trial 222 with value: 0.8964450250425448.
start listen on 192.168.1.101:54599
@tracker All of 1 nodes getting started
@tracker All nodes finishes job
Trial 591 finished with value: 0.8962771396037257 and parameters: {'objective': 'binary:logistic', 'tree_method': 'gpu_hist', 'lambda': 2.706220925513085, 'alpha': 0.04284227407400054, 'colsample_bytree': 0.3006719305054387, 'subsample': 0.9860578669017558, 'learning_rate': 0.010979762229229391, 'max_depth': 20, 'min_child_weight': 25, 'eval_metric': 'logloss'}. Best is trial 222 with value: 0.8964450250425448.
start listen on 192.168.1.101:33761
@tracker All of 1 nodes getting started
@tracker All nodes finishes job
Trial 592 finished with value: 0.8960395138861843 and parameters: {'objective': 'binary:logistic', 'tree_method': 'gpu_hist', 'lambda': 1.8624316168355832, 'alpha': 0.024707533480724214, 'colsample_bytree': 0.3000149830099803, 'subsample': 0.9679276016154749, 'learning_rate': 0.01292843608273771, 'max_depth': 20, 'min_child_weight': 14, 'eval_metric': 'logloss'}. Best is trial 222 with value: 0.8964450250425448.
start listen on 192.168.1.101:40171
@tracker All of 1 nodes getting started
@tracker All nodes finishes job
Trial 593 finished with value: 0.8889816949194441 and parameters: {'objective': 'binary:logistic', 'tree_method': 'gpu_hist', 'lambda': 2.57533729080603, 'alpha': 0.488587355867073, 'colsample_bytree': 0.319070836826012, 'subsample': 0.9541975078456921, 'learning_rate': 0.0137405372068169, 'max_depth': 5, 'min_child_weight': 27, 'eval_metric': 'logloss'}. Best is trial 222 with value: 0.8964450250425448.
start listen on 192.168.1.101:48571
@tracker All of 1 nodes getting started
@tracker All nodes finishes job
Trial 594 finished with value: 0.8962521351448033 and parameters: {'objective': 'binary:logistic', 'tree_method': 'gpu_hist', 'lambda': 1.7676668013479557, 'alpha': 0.041866401887187606, 'colsample_bytree': 0.3149685002693645, 'subsample': 0.9883737234795626, 'learning_rate': 0.012131697815442483, 'max_depth': 20, 'min_child_weight': 21, 'eval_metric': 'logloss'}. Best is trial 222 with value: 0.8964450250425448.
start listen on 192.168.1.101:59727
@tracker All of 1 nodes getting started
@tracker All nodes finishes job
Trial 595 finished with value: 0.8952890732756545 and parameters: {'objective': 'binary:logistic', 'tree_method': 'gpu_hist', 'lambda': 2.056179476298474, 'alpha': 0.036127756813363915, 'colsample_bytree': 0.6611202405715138, 'subsample': 0.9743598501697219, 'learning_rate': 0.014096660727778746, 'max_depth': 20, 'min_child_weight': 29, 'eval_metric': 'logloss'}. Best is trial 222 with value: 0.8964450250425448.
start listen on 192.168.1.101:37189
@tracker All of 1 nodes getting started
@tracker All nodes finishes job
Trial 596 finished with value: 0.8961437319478313 and parameters: {'objective': 'binary:logistic', 'tree_method': 'gpu_hist', 'lambda': 3.355419726211367, 'alpha': 0.031175784084609418, 'colsample_bytree': 0.3219043682911441, 'subsample': 0.9620514247477263, 'learning_rate': 0.014382992955547574, 'max_depth': 20, 'min_child_weight': 37, 'eval_metric': 'logloss'}. Best is trial 222 with value: 0.8964450250425448.
start listen on 192.168.1.101:56217
@tracker All of 1 nodes getting started
@tracker All nodes finishes job
Trial 597 finished with value: 0.8961006733440079 and parameters: {'objective': 'binary:logistic', 'tree_method': 'gpu_hist', 'lambda': 2.6398679240793754, 'alpha': 0.030234490084185044, 'colsample_bytree': 0.3000982320987635, 'subsample': 0.9889808887330768, 'learning_rate': 0.011162897581313, 'max_depth': 20, 'min_child_weight': 8, 'eval_metric': 'logloss'}. Best is trial 222 with value: 0.8964450250425448.
start listen on 192.168.1.101:50831
@tracker All of 1 nodes getting started
@tracker All nodes finishes job
Trial 598 finished with value: 0.8950788104672649 and parameters: {'objective': 'binary:logistic', 'tree_method': 'gpu_hist', 'lambda': 0.05620068438203023, 'alpha': 0.05576463942716244, 'colsample_bytree': 0.3223090526526624, 'subsample': 0.9781899664480315, 'learning_rate': 0.01564720064835973, 'max_depth': 9, 'min_child_weight': 18, 'eval_metric': 'logloss'}. Best is trial 222 with value: 0.8964450250425448.
start listen on 192.168.1.101:44815
@tracker All of 1 nodes getting started
@tracker All nodes finishes job
Trial 599 finished with value: 0.8960332678016643 and parameters: {'objective': 'binary:logistic', 'tree_method': 'gpu_hist', 'lambda': 0.07005080114092758, 'alpha': 0.7681764980523069, 'colsample_bytree': 0.3165832419727904, 'subsample': 0.9997126259474949, 'learning_rate': 0.010241543866161955, 'max_depth': 20, 'min_child_weight': 31, 'eval_metric': 'logloss'}. Best is trial 222 with value: 0.8964450250425448.
start listen on 192.168.1.101:46501
@tracker All of 1 nodes getting started
@tracker All nodes finishes job
Trial 600 finished with value: 0.8962370358894038 and parameters: {'objective': 'binary:logistic', 'tree_method': 'gpu_hist', 'lambda': 1.6658968342884, 'alpha': 0.3925829785408421, 'colsample_bytree': 0.31294141413049764, 'subsample': 0.9474914896660468, 'learning_rate': 0.013099056339200455, 'max_depth': 20, 'min_child_weight': 24, 'eval_metric': 'logloss'}. Best is trial 222 with value: 0.8964450250425448.
start listen on 192.168.1.101:54281
@tracker All of 1 nodes getting started
@tracker All nodes finishes job
Trial 601 finished with value: 0.8956126329574519 and parameters: {'objective': 'binary:logistic', 'tree_method': 'gpu_hist', 'lambda': 2.2526922781986842, 'alpha': 0.035836620093446625, 'colsample_bytree': 0.3250393853635806, 'subsample': 0.9703061778882585, 'learning_rate': 0.014711630311913793, 'max_depth': 11, 'min_child_weight': 37, 'eval_metric': 'logloss'}. Best is trial 222 with value: 0.8964450250425448.
start listen on 192.168.1.101:44289
@tracker All of 1 nodes getting started
@tracker All nodes finishes job
Trial 602 finished with value: 0.8958226895272019 and parameters: {'objective': 'binary:logistic', 'tree_method': 'gpu_hist', 'lambda': 3.472150669439561, 'alpha': 0.5148726155005244, 'colsample_bytree': 0.31415165276718365, 'subsample': 0.6657020384029624, 'learning_rate': 0.016416147480269542, 'max_depth': 13, 'min_child_weight': 28, 'eval_metric': 'logloss'}. Best is trial 222 with value: 0.8964450250425448.
start listen on 192.168.1.101:45739
@tracker All of 1 nodes getting started
@tracker All nodes finishes job
Trial 603 finished with value: 0.8957674729040515 and parameters: {'objective': 'binary:logistic', 'tree_method': 'gpu_hist', 'lambda': 1.6582341311957458, 'alpha': 0.04863692424366263, 'colsample_bytree': 0.4746060655876993, 'subsample': 0.9585821886528403, 'learning_rate': 0.01185904636100702, 'max_depth': 20, 'min_child_weight': 34, 'eval_metric': 'logloss'}. Best is trial 222 with value: 0.8964450250425448.
start listen on 192.168.1.101:54821
@tracker All of 1 nodes getting started
@tracker All nodes finishes job
Trial 604 finished with value: 0.8918986415412911 and parameters: {'objective': 'binary:logistic', 'tree_method': 'gpu_hist', 'lambda': 3.9959417269073874, 'alpha': 0.019587048080444345, 'colsample_bytree': 0.3310394412779269, 'subsample': 0.9868399199171096, 'learning_rate': 0.017452756655078505, 'max_depth': 7, 'min_child_weight': 215, 'eval_metric': 'logloss'}. Best is trial 222 with value: 0.8964450250425448.
start listen on 192.168.1.101:33295
@tracker All of 1 nodes getting started
@tracker All nodes finishes job
Trial 605 finished with value: 0.8960803534484754 and parameters: {'objective': 'binary:logistic', 'tree_method': 'gpu_hist', 'lambda': 2.7881480150522013, 'alpha': 0.9040202873529148, 'colsample_bytree': 0.33941013788637325, 'subsample': 0.9355337068679332, 'learning_rate': 0.013578353775755274, 'max_depth': 20, 'min_child_weight': 15, 'eval_metric': 'logloss'}. Best is trial 222 with value: 0.8964450250425448.
start listen on 192.168.1.101:48643
@tracker All of 1 nodes getting started
@tracker All nodes finishes job
Trial 606 finished with value: 0.8963019406984145 and parameters: {'objective': 'binary:logistic', 'tree_method': 'gpu_hist', 'lambda': 2.153455111960458, 'alpha': 0.7385479893798873, 'colsample_bytree': 0.3005134531331844, 'subsample': 0.9743056748959663, 'learning_rate': 0.014713989074468145, 'max_depth': 20, 'min_child_weight': 23, 'eval_metric': 'logloss'}. Best is trial 222 with value: 0.8964450250425448.
start listen on 192.168.1.101:55499
@tracker All of 1 nodes getting started
@tracker All nodes finishes job
Trial 607 finished with value: 0.8962428292549582 and parameters: {'objective': 'binary:logistic', 'tree_method': 'gpu_hist', 'lambda': 2.1873779652218897, 'alpha': 0.6672512499753452, 'colsample_bytree': 0.3101061563074665, 'subsample': 0.9518054260273612, 'learning_rate': 0.012661608946942578, 'max_depth': 20, 'min_child_weight': 20, 'eval_metric': 'logloss'}. Best is trial 222 with value: 0.8964450250425448.
start listen on 192.168.1.101:45695
@tracker All of 1 nodes getting started
@tracker All nodes finishes job
Trial 608 finished with value: 0.8959582917921766 and parameters: {'objective': 'binary:logistic', 'tree_method': 'gpu_hist', 'lambda': 2.6199100614134396, 'alpha': 0.7595833173861198, 'colsample_bytree': 0.311694833240932, 'subsample': 0.9659511220991668, 'learning_rate': 0.014552528769526766, 'max_depth': 20, 'min_child_weight': 9, 'eval_metric': 'logloss'}. Best is trial 222 with value: 0.8964450250425448.
start listen on 192.168.1.101:56015
@tracker All of 1 nodes getting started
@tracker All nodes finishes job
Trial 609 finished with value: 0.8948577779777087 and parameters: {'objective': 'binary:logistic', 'tree_method': 'gpu_hist', 'lambda': 2.952476442991163, 'alpha': 0.5839547803090375, 'colsample_bytree': 0.6940571722087835, 'subsample': 0.9731725101103958, 'learning_rate': 0.013323113600459423, 'max_depth': 20, 'min_child_weight': 15, 'eval_metric': 'logloss'}. Best is trial 222 with value: 0.8964450250425448.
start listen on 192.168.1.101:58345
@tracker All of 1 nodes getting started
@tracker All nodes finishes job
Trial 610 finished with value: 0.8962328579400942 and parameters: {'objective': 'binary:logistic', 'tree_method': 'gpu_hist', 'lambda': 2.110330071770597, 'alpha': 0.9105750534980498, 'colsample_bytree': 0.31195364989429536, 'subsample': 0.9441094515082651, 'learning_rate': 0.014970918875481623, 'max_depth': 20, 'min_child_weight': 23, 'eval_metric': 'logloss'}. Best is trial 222 with value: 0.8964450250425448.
start listen on 192.168.1.101:48703
@tracker All of 1 nodes getting started
@tracker All nodes finishes job
Trial 611 finished with value: 0.8951224791637893 and parameters: {'objective': 'binary:logistic', 'tree_method': 'gpu_hist', 'lambda': 4.2406809965438175, 'alpha': 0.49527559895422957, 'colsample_bytree': 0.3108141808216039, 'subsample': 0.9584933384505211, 'learning_rate': 0.011985554399812482, 'max_depth': 20, 'min_child_weight': 84, 'eval_metric': 'logloss'}. Best is trial 222 with value: 0.8964450250425448.
start listen on 192.168.1.101:35107
@tracker All of 1 nodes getting started
@tracker All nodes finishes job
Trial 612 finished with value: 0.8964029236159626 and parameters: {'objective': 'binary:logistic', 'tree_method': 'gpu_hist', 'lambda': 3.135132020450228, 'alpha': 0.7205803168022292, 'colsample_bytree': 0.30069690220698664, 'subsample': 0.9788007946023022, 'learning_rate': 0.014065274768963017, 'max_depth': 20, 'min_child_weight': 25, 'eval_metric': 'logloss'}. Best is trial 222 with value: 0.8964450250425448.
start listen on 192.168.1.101:50039
@tracker All of 1 nodes getting started
@tracker All nodes finishes job
Trial 613 finished with value: 0.8962020213111346 and parameters: {'objective': 'binary:logistic', 'tree_method': 'gpu_hist', 'lambda': 3.3283483846985105, 'alpha': 0.8072980991421213, 'colsample_bytree': 0.3000827930461812, 'subsample': 0.9653322149255006, 'learning_rate': 0.012411631780988735, 'max_depth': 20, 'min_child_weight': 17, 'eval_metric': 'logloss'}. Best is trial 222 with value: 0.8964450250425448.
start listen on 192.168.1.101:54445
@tracker All of 1 nodes getting started
@tracker All nodes finishes job
Trial 614 finished with value: 0.8960066745147537 and parameters: {'objective': 'binary:logistic', 'tree_method': 'gpu_hist', 'lambda': 5.09404359586324, 'alpha': 0.0598913733535715, 'colsample_bytree': 0.30062584105059126, 'subsample': 0.973517401874313, 'learning_rate': 0.010381725854308802, 'max_depth': 20, 'min_child_weight': 25, 'eval_metric': 'logloss'}. Best is trial 222 with value: 0.8964450250425448.
start listen on 192.168.1.101:36051
@tracker All of 1 nodes getting started
@tracker All nodes finishes job
Trial 615 finished with value: 0.8962453148976588 and parameters: {'objective': 'binary:logistic', 'tree_method': 'gpu_hist', 'lambda': 3.812774051940209, 'alpha': 0.716926453368256, 'colsample_bytree': 0.3237065194909125, 'subsample': 0.9294004374424966, 'learning_rate': 0.013531203566101714, 'max_depth': 20, 'min_child_weight': 22, 'eval_metric': 'logloss'}. Best is trial 222 with value: 0.8964450250425448.
start listen on 192.168.1.101:54491
@tracker All of 1 nodes getting started
@tracker All nodes finishes job
Trial 616 finished with value: 0.8956210729324504 and parameters: {'objective': 'binary:logistic', 'tree_method': 'gpu_hist', 'lambda': 0.1316860745716398, 'alpha': 0.9006532464438489, 'colsample_bytree': 0.3007072631905994, 'subsample': 0.9466470921767275, 'learning_rate': 0.01463664357713704, 'max_depth': 20, 'min_child_weight': 9, 'eval_metric': 'logloss'}. Best is trial 222 with value: 0.8964450250425448.
start listen on 192.168.1.101:35497
@tracker All of 1 nodes getting started
@tracker All nodes finishes job
Trial 617 finished with value: 0.8962671481680189 and parameters: {'objective': 'binary:logistic', 'tree_method': 'gpu_hist', 'lambda': 3.3468075532645174, 'alpha': 0.7152448178968149, 'colsample_bytree': 0.3260344662881031, 'subsample': 0.9582854231879784, 'learning_rate': 0.01161432260423853, 'max_depth': 20, 'min_child_weight': 14, 'eval_metric': 'logloss'}. Best is trial 222 with value: 0.8964450250425448.
start listen on 192.168.1.101:50103
@tracker All of 1 nodes getting started
@tracker All nodes finishes job
Trial 618 finished with value: 0.8827355629718427 and parameters: {'objective': 'binary:logistic', 'tree_method': 'gpu_hist', 'lambda': 2.6313990326223147, 'alpha': 0.4344622281985727, 'colsample_bytree': 0.3223168774965678, 'subsample': 0.9774775448762404, 'learning_rate': 0.013667996303188323, 'max_depth': 3, 'min_child_weight': 4, 'eval_metric': 'logloss'}. Best is trial 222 with value: 0.8964450250425448.
start listen on 192.168.1.101:43337
@tracker All of 1 nodes getting started
@tracker All nodes finishes job
Trial 619 finished with value: 0.8962770972062355 and parameters: {'objective': 'binary:logistic', 'tree_method': 'gpu_hist', 'lambda': 3.128642187608142, 'alpha': 0.5846855419983803, 'colsample_bytree': 0.3004465389571464, 'subsample': 0.9684788950038843, 'learning_rate': 0.015505235773488616, 'max_depth': 20, 'min_child_weight': 28, 'eval_metric': 'logloss'}. Best is trial 222 with value: 0.8964450250425448.
start listen on 192.168.1.101:60377
@tracker All of 1 nodes getting started
@tracker All nodes finishes job
Trial 620 finished with value: 0.8961952678939326 and parameters: {'objective': 'binary:logistic', 'tree_method': 'gpu_hist', 'lambda': 4.397723088498837, 'alpha': 0.8035313848739736, 'colsample_bytree': 0.3128894122878724, 'subsample': 0.9537426935236587, 'learning_rate': 0.012688580620257395, 'max_depth': 20, 'min_child_weight': 21, 'eval_metric': 'logloss'}. Best is trial 222 with value: 0.8964450250425448.
start listen on 192.168.1.101:35591
@tracker All of 1 nodes getting started
@tracker All nodes finishes job
Trial 621 finished with value: 0.8962668506669844 and parameters: {'objective': 'binary:logistic', 'tree_method': 'gpu_hist', 'lambda': 2.6082205356011654, 'alpha': 0.31071922071744895, 'colsample_bytree': 0.3006238340312829, 'subsample': 0.9795750920918658, 'learning_rate': 0.014153171775987204, 'max_depth': 20, 'min_child_weight': 28, 'eval_metric': 'logloss'}. Best is trial 222 with value: 0.8964450250425448.
start listen on 192.168.1.101:41773
@tracker All of 1 nodes getting started
@tracker All nodes finishes job
Trial 622 finished with value: 0.8961494045883285 and parameters: {'objective': 'binary:logistic', 'tree_method': 'gpu_hist', 'lambda': 2.410763614336872, 'alpha': 0.9600649960919961, 'colsample_bytree': 0.32751357798805864, 'subsample': 0.9998709143637611, 'learning_rate': 0.015663189503208105, 'max_depth': 20, 'min_child_weight': 18, 'eval_metric': 'logloss'}. Best is trial 222 with value: 0.8964450250425448.
start listen on 192.168.1.101:34797
@tracker All of 1 nodes getting started
@tracker All nodes finishes job
Trial 623 finished with value: 0.896065022084781 and parameters: {'objective': 'binary:logistic', 'tree_method': 'gpu_hist', 'lambda': 3.8045489883089116, 'alpha': 0.6620105267448322, 'colsample_bytree': 0.314482820218082, 'subsample': 0.9653307888675348, 'learning_rate': 0.011196159260529543, 'max_depth': 20, 'min_child_weight': 30, 'eval_metric': 'logloss'}. Best is trial 222 with value: 0.8964450250425448.
start listen on 192.168.1.101:33407
@tracker All of 1 nodes getting started
@tracker All nodes finishes job
Trial 624 finished with value: 0.8963973939771707 and parameters: {'objective': 'binary:logistic', 'tree_method': 'gpu_hist', 'lambda': 1.9273618408604354, 'alpha': 0.028097790772207556, 'colsample_bytree': 0.3376793017860124, 'subsample': 0.9807296147864623, 'learning_rate': 0.01422886493510892, 'max_depth': 20, 'min_child_weight': 25, 'eval_metric': 'logloss'}. Best is trial 222 with value: 0.8964450250425448.
start listen on 192.168.1.101:56225
@tracker All of 1 nodes getting started
@tracker All nodes finishes job
Trial 625 finished with value: 0.8884846835113573 and parameters: {'objective': 'binary:logistic', 'tree_method': 'gpu_hist', 'lambda': 1.3451921986754445, 'alpha': 0.030114346618598183, 'colsample_bytree': 0.34234957742017885, 'subsample': 0.9900102561083207, 'learning_rate': 0.012763180695020018, 'max_depth': 5, 'min_child_weight': 31, 'eval_metric': 'logloss'}. Best is trial 222 with value: 0.8964450250425448.
start listen on 192.168.1.101:48335
@tracker All of 1 nodes getting started
@tracker All nodes finishes job
Trial 626 finished with value: 0.8960595887385943 and parameters: {'objective': 'binary:logistic', 'tree_method': 'gpu_hist', 'lambda': 1.7185547827909746, 'alpha': 0.03732806873732601, 'colsample_bytree': 0.3395125439210777, 'subsample': 0.9897278634749136, 'learning_rate': 0.009391643962238383, 'max_depth': 20, 'min_child_weight': 13, 'eval_metric': 'logloss'}. Best is trial 222 with value: 0.8964450250425448.
start listen on 192.168.1.101:51451
@tracker All of 1 nodes getting started
@tracker All nodes finishes job
Trial 627 finished with value: 0.8936986212479837 and parameters: {'objective': 'binary:logistic', 'tree_method': 'gpu_hist', 'lambda': 0.0011073873755261625, 'alpha': 0.02842194551095018, 'colsample_bytree': 0.9325956181024929, 'subsample': 0.9796035322622866, 'learning_rate': 0.01630639450254044, 'max_depth': 20, 'min_child_weight': 25, 'eval_metric': 'logloss'}. Best is trial 222 with value: 0.8964450250425448.
start listen on 192.168.1.101:42927
@tracker All of 1 nodes getting started
@tracker All nodes finishes job
Trial 628 finished with value: 0.8945174576337688 and parameters: {'objective': 'binary:logistic', 'tree_method': 'gpu_hist', 'lambda': 1.190525048577831, 'alpha': 0.02283474685749609, 'colsample_bytree': 0.35418602207007766, 'subsample': 0.9405867033932283, 'learning_rate': 0.013937476681151716, 'max_depth': 9, 'min_child_weight': 35, 'eval_metric': 'logloss'}. Best is trial 222 with value: 0.8964450250425448.
start listen on 192.168.1.101:44609
@tracker All of 1 nodes getting started
@tracker All nodes finishes job
