A new study created in RDB with name: mar_2021_test_1000
Start optimization.
start listen on 192.168.1.101:46833
@tracker All of 1 nodes getting started
@tracker All nodes finishes job
Trial 0 finished with value: 0.8684183314388602 and parameters: {'objective': 'binary:logistic', 'tree_method': 'gpu_hist', 'lambda': 7.617209229607337, 'alpha': 0.0058038634843423425, 'colsample_bytree': 0.5569324049840478, 'subsample': 0.5248886063021186, 'learning_rate': 0.002262550297735513, 'max_depth': 3, 'min_child_weight': 4, 'eval_metric': 'logloss'}. Best is trial 0 with value: 0.8684183314388602.
start listen on 192.168.1.101:42003
@tracker All of 1 nodes getting started
@tracker All nodes finishes job
Trial 1 finished with value: 0.8947982296245206 and parameters: {'objective': 'binary:logistic', 'tree_method': 'gpu_hist', 'lambda': 1.2281135705883655, 'alpha': 0.09520830369215495, 'colsample_bytree': 0.3328884996347256, 'subsample': 0.4600233201108404, 'learning_rate': 0.049787296208062944, 'max_depth': 17, 'min_child_weight': 114, 'eval_metric': 'logloss'}. Best is trial 1 with value: 0.8947982296245206.
start listen on 192.168.1.101:55409
@tracker All of 1 nodes getting started
@tracker All nodes finishes job
Trial 2 finished with value: 0.8930203821264252 and parameters: {'objective': 'binary:logistic', 'tree_method': 'gpu_hist', 'lambda': 1.2824590037761745, 'alpha': 1.1578142250425552, 'colsample_bytree': 0.6136710645128629, 'subsample': 0.48847765345591876, 'learning_rate': 0.02884930796152281, 'max_depth': 9, 'min_child_weight': 231, 'eval_metric': 'logloss'}. Best is trial 1 with value: 0.8947982296245206.
start listen on 192.168.1.101:36375
@tracker All of 1 nodes getting started
@tracker All nodes finishes job
Trial 3 finished with value: 0.8623639561543838 and parameters: {'objective': 'binary:logistic', 'tree_method': 'gpu_hist', 'lambda': 0.01956844347837919, 'alpha': 1.0054873611448887, 'colsample_bytree': 0.92924966007111, 'subsample': 0.47474834551182143, 'learning_rate': 0.001398702361285494, 'max_depth': 3, 'min_child_weight': 34, 'eval_metric': 'logloss'}. Best is trial 1 with value: 0.8947982296245206.
start listen on 192.168.1.101:45937
@tracker All of 1 nodes getting started
@tracker All nodes finishes job
Trial 4 finished with value: 0.890413843341129 and parameters: {'objective': 'binary:logistic', 'tree_method': 'gpu_hist', 'lambda': 0.8145162507863811, 'alpha': 0.0036957629235768448, 'colsample_bytree': 0.5989884958137904, 'subsample': 0.43573282312210226, 'learning_rate': 0.006519027392036396, 'max_depth': 15, 'min_child_weight': 92, 'eval_metric': 'logloss'}. Best is trial 1 with value: 0.8947982296245206.
start listen on 192.168.1.101:36665
@tracker All of 1 nodes getting started
@tracker All nodes finishes job
Trial 5 finished with value: 0.8925617397285611 and parameters: {'objective': 'binary:logistic', 'tree_method': 'gpu_hist', 'lambda': 0.24247237365107618, 'alpha': 1.1596369398072925, 'colsample_bytree': 0.5446519534099776, 'subsample': 0.5880496416884058, 'learning_rate': 0.015959471239241168, 'max_depth': 7, 'min_child_weight': 74, 'eval_metric': 'logloss'}. Best is trial 1 with value: 0.8947982296245206.
start listen on 192.168.1.101:47507
@tracker All of 1 nodes getting started
@tracker All nodes finishes job
Trial 6 finished with value: 0.8944697388990076 and parameters: {'objective': 'binary:logistic', 'tree_method': 'gpu_hist', 'lambda': 1.7201959864880485, 'alpha': 2.0241289872244805, 'colsample_bytree': 0.4257482390881453, 'subsample': 0.5354980009595592, 'learning_rate': 0.029034448217752643, 'max_depth': 7, 'min_child_weight': 27, 'eval_metric': 'logloss'}. Best is trial 1 with value: 0.8947982296245206.
start listen on 192.168.1.101:54545
@tracker All of 1 nodes getting started
@tracker All nodes finishes job
Trial 7 finished with value: 0.8894949380989455 and parameters: {'objective': 'binary:logistic', 'tree_method': 'gpu_hist', 'lambda': 4.7364608331367775, 'alpha': 0.017963783733001885, 'colsample_bytree': 0.5501906668154859, 'subsample': 0.5627826247026988, 'learning_rate': 0.0038837858849314244, 'max_depth': 17, 'min_child_weight': 48, 'eval_metric': 'logloss'}. Best is trial 1 with value: 0.8947982296245206.
start listen on 192.168.1.101:35967
@tracker All of 1 nodes getting started
@tracker All nodes finishes job
Trial 8 finished with value: 0.8779342886326292 and parameters: {'objective': 'binary:logistic', 'tree_method': 'gpu_hist', 'lambda': 0.002903187545686376, 'alpha': 0.005274920611663724, 'colsample_bytree': 0.7414036752375125, 'subsample': 0.6690174147865844, 'learning_rate': 0.0012482028200206492, 'max_depth': 20, 'min_child_weight': 290, 'eval_metric': 'logloss'}. Best is trial 1 with value: 0.8947982296245206.
start listen on 192.168.1.101:53175
@tracker All of 1 nodes getting started
@tracker All nodes finishes job
Trial 9 finished with value: 0.8886778105476045 and parameters: {'objective': 'binary:logistic', 'tree_method': 'gpu_hist', 'lambda': 0.2136117692422527, 'alpha': 0.078690325072271, 'colsample_bytree': 0.9224763718268447, 'subsample': 0.5544488027663977, 'learning_rate': 0.009864097640744163, 'max_depth': 9, 'min_child_weight': 283, 'eval_metric': 'logloss'}. Best is trial 1 with value: 0.8947982296245206.
start listen on 192.168.1.101:44123
@tracker All of 1 nodes getting started
@tracker All nodes finishes job
Trial 10 finished with value: 0.8948729476560583 and parameters: {'objective': 'binary:logistic', 'tree_method': 'gpu_hist', 'lambda': 0.030335992681581207, 'alpha': 0.11241891293479925, 'colsample_bytree': 0.31233254786021947, 'subsample': 0.8767895128277109, 'learning_rate': 0.060090551202492015, 'max_depth': 13, 'min_child_weight': 146, 'eval_metric': 'logloss'}. Best is trial 10 with value: 0.8948729476560583.
start listen on 192.168.1.101:51237
@tracker All of 1 nodes getting started
@tracker All nodes finishes job
Trial 11 finished with value: 0.894143549854203 and parameters: {'objective': 'binary:logistic', 'tree_method': 'gpu_hist', 'lambda': 0.023566570172336702, 'alpha': 0.15904559610652838, 'colsample_bytree': 0.3209128827669461, 'subsample': 0.9151501550256765, 'learning_rate': 0.08948108914881599, 'max_depth': 13, 'min_child_weight': 147, 'eval_metric': 'logloss'}. Best is trial 10 with value: 0.8948729476560583.
start listen on 192.168.1.101:36993
@tracker All of 1 nodes getting started
@tracker All nodes finishes job
Trial 12 finished with value: 0.8937926265446521 and parameters: {'objective': 'binary:logistic', 'tree_method': 'gpu_hist', 'lambda': 0.03312888661284741, 'alpha': 0.11764301214583815, 'colsample_bytree': 0.3415574686557486, 'subsample': 0.8772629895260522, 'learning_rate': 0.08693891490825273, 'max_depth': 5, 'min_child_weight': 150, 'eval_metric': 'logloss'}. Best is trial 10 with value: 0.8948729476560583.
start listen on 192.168.1.101:35453
@tracker All of 1 nodes getting started
@tracker All nodes finishes job
Trial 13 finished with value: 0.8949711423996606 and parameters: {'objective': 'binary:logistic', 'tree_method': 'gpu_hist', 'lambda': 0.001976908542173425, 'alpha': 7.932624069639853, 'colsample_bytree': 0.4180970343685312, 'subsample': 0.8034403958985861, 'learning_rate': 0.03787513075167086, 'max_depth': 13, 'min_child_weight': 196, 'eval_metric': 'logloss'}. Best is trial 13 with value: 0.8949711423996606.
start listen on 192.168.1.101:60767
@tracker All of 1 nodes getting started
@tracker All nodes finishes job
Trial 14 finished with value: 0.8948254315669293 and parameters: {'objective': 'binary:logistic', 'tree_method': 'gpu_hist', 'lambda': 0.0011526424142218044, 'alpha': 9.176714507209944, 'colsample_bytree': 0.4441867529975286, 'subsample': 0.7992254233213423, 'learning_rate': 0.033570082039219164, 'max_depth': 13, 'min_child_weight': 200, 'eval_metric': 'logloss'}. Best is trial 13 with value: 0.8949711423996606.
start listen on 192.168.1.101:48659
@tracker All of 1 nodes getting started
@tracker All nodes finishes job
Trial 15 finished with value: 0.8932628116952113 and parameters: {'objective': 'binary:logistic', 'tree_method': 'gpu_hist', 'lambda': 0.00830291964819213, 'alpha': 6.55573993245008, 'colsample_bytree': 0.7500386976713542, 'subsample': 0.7957055730313982, 'learning_rate': 0.015381724602728799, 'max_depth': 13, 'min_child_weight': 199, 'eval_metric': 'logloss'}. Best is trial 13 with value: 0.8949711423996606.
start listen on 192.168.1.101:54385
@tracker All of 1 nodes getting started
@tracker All nodes finishes job
Trial 16 finished with value: 0.8950440797366009 and parameters: {'objective': 'binary:logistic', 'tree_method': 'gpu_hist', 'lambda': 0.0049873096302968985, 'alpha': 0.0010809032880916758, 'colsample_bytree': 0.45613753699392434, 'subsample': 0.9601390360101222, 'learning_rate': 0.05098294632179876, 'max_depth': 11, 'min_child_weight': 196, 'eval_metric': 'logloss'}. Best is trial 16 with value: 0.8950440797366009.
start listen on 192.168.1.101:50017
@tracker All of 1 nodes getting started
@tracker All nodes finishes job
Trial 17 finished with value: 0.8939572746835673 and parameters: {'objective': 'binary:logistic', 'tree_method': 'gpu_hist', 'lambda': 0.0011463788802438678, 'alpha': 0.0012145532124281581, 'colsample_bytree': 0.4554265260947181, 'subsample': 0.9973918212468369, 'learning_rate': 0.019412452798632816, 'max_depth': 11, 'min_child_weight': 218, 'eval_metric': 'logloss'}. Best is trial 16 with value: 0.8950440797366009.
start listen on 192.168.1.101:47147
@tracker All of 1 nodes getting started
@tracker All nodes finishes job
Trial 18 finished with value: 0.8946296485794183 and parameters: {'objective': 'binary:logistic', 'tree_method': 'gpu_hist', 'lambda': 0.005074011900506974, 'alpha': 0.022677717319894992, 'colsample_bytree': 0.6988083555665057, 'subsample': 0.9830116207143034, 'learning_rate': 0.03942383110414175, 'max_depth': 11, 'min_child_weight': 249, 'eval_metric': 'logloss'}. Best is trial 16 with value: 0.8950440797366009.
start listen on 192.168.1.101:57801
@tracker All of 1 nodes getting started
@tracker All nodes finishes job
Trial 19 finished with value: 0.8904013238652311 and parameters: {'objective': 'binary:logistic', 'tree_method': 'gpu_hist', 'lambda': 0.003231551304995906, 'alpha': 0.2886967407634489, 'colsample_bytree': 0.4741084424925869, 'subsample': 0.7606805567294658, 'learning_rate': 0.007646712758463211, 'max_depth': 11, 'min_child_weight': 187, 'eval_metric': 'logloss'}. Best is trial 16 with value: 0.8950440797366009.
start listen on 192.168.1.101:42387
@tracker All of 1 nodes getting started
@tracker All nodes finishes job
Trial 20 finished with value: 0.8934696934833908 and parameters: {'objective': 'binary:logistic', 'tree_method': 'gpu_hist', 'lambda': 0.07429228400977754, 'alpha': 0.0011314475090974034, 'colsample_bytree': 0.3890466047232152, 'subsample': 0.6889512146071499, 'learning_rate': 0.021109984335186665, 'max_depth': 20, 'min_child_weight': 257, 'eval_metric': 'logloss'}. Best is trial 16 with value: 0.8950440797366009.
start listen on 192.168.1.101:48959
@tracker All of 1 nodes getting started
@tracker All nodes finishes job
Trial 21 finished with value: 0.8951709826114239 and parameters: {'objective': 'binary:logistic', 'tree_method': 'gpu_hist', 'lambda': 0.009692384269736573, 'alpha': 0.03121297150701309, 'colsample_bytree': 0.38485727929993363, 'subsample': 0.8859619906285049, 'learning_rate': 0.05746565227065299, 'max_depth': 13, 'min_child_weight': 178, 'eval_metric': 'logloss'}. Best is trial 21 with value: 0.8951709826114239.
start listen on 192.168.1.101:44651
@tracker All of 1 nodes getting started
@tracker All nodes finishes job
Trial 22 finished with value: 0.8946005919264542 and parameters: {'objective': 'binary:logistic', 'tree_method': 'gpu_hist', 'lambda': 0.009684362449076344, 'alpha': 0.027837436746205164, 'colsample_bytree': 0.5023429793133514, 'subsample': 0.9315083032420087, 'learning_rate': 0.058517453538561956, 'max_depth': 13, 'min_child_weight': 174, 'eval_metric': 'logloss'}. Best is trial 21 with value: 0.8951709826114239.
start listen on 192.168.1.101:46555
@tracker All of 1 nodes getting started
@tracker All nodes finishes job
Trial 23 finished with value: 0.893778401108716 and parameters: {'objective': 'binary:logistic', 'tree_method': 'gpu_hist', 'lambda': 0.0026549284428348035, 'alpha': 0.3186957475061294, 'colsample_bytree': 0.36712017599374847, 'subsample': 0.8399548056562075, 'learning_rate': 0.07149065791130192, 'max_depth': 15, 'min_child_weight': 122, 'eval_metric': 'logloss'}. Best is trial 21 with value: 0.8951709826114239.
start listen on 192.168.1.101:41253
@tracker All of 1 nodes getting started
@tracker All nodes finishes job
Trial 24 finished with value: 0.8951956931623196 and parameters: {'objective': 'binary:logistic', 'tree_method': 'gpu_hist', 'lambda': 0.00805271452660758, 'alpha': 0.010391871244907746, 'colsample_bytree': 0.37923785142403815, 'subsample': 0.7438671581985565, 'learning_rate': 0.044355511260323735, 'max_depth': 11, 'min_child_weight': 169, 'eval_metric': 'logloss'}. Best is trial 24 with value: 0.8951956931623196.
start listen on 192.168.1.101:34497
@tracker All of 1 nodes getting started
@tracker All nodes finishes job
Trial 25 finished with value: 0.8951272334315278 and parameters: {'objective': 'binary:logistic', 'tree_method': 'gpu_hist', 'lambda': 0.007512664594110552, 'alpha': 0.002721870357055887, 'colsample_bytree': 0.5113656102913503, 'subsample': 0.7396449866488093, 'learning_rate': 0.048239086463446976, 'max_depth': 11, 'min_child_weight': 171, 'eval_metric': 'logloss'}. Best is trial 24 with value: 0.8951956931623196.
start listen on 192.168.1.101:47365
@tracker All of 1 nodes getting started
@tracker All nodes finishes job
Trial 26 finished with value: 0.8941892723139069 and parameters: {'objective': 'binary:logistic', 'tree_method': 'gpu_hist', 'lambda': 0.0715637352579967, 'alpha': 0.01041892932674065, 'colsample_bytree': 0.841829918498034, 'subsample': 0.6352032051052483, 'learning_rate': 0.024254927814761837, 'max_depth': 11, 'min_child_weight': 164, 'eval_metric': 'logloss'}. Best is trial 24 with value: 0.8951956931623196.
start listen on 192.168.1.101:39545
@tracker All of 1 nodes getting started
@tracker All nodes finishes job
Trial 27 finished with value: 0.8878484078448867 and parameters: {'objective': 'binary:logistic', 'tree_method': 'gpu_hist', 'lambda': 0.010580331631325601, 'alpha': 0.002864487470110293, 'colsample_bytree': 0.3789735953117438, 'subsample': 0.7414170080238093, 'learning_rate': 0.012126581392756167, 'max_depth': 5, 'min_child_weight': 127, 'eval_metric': 'logloss'}. Best is trial 24 with value: 0.8951956931623196.
start listen on 192.168.1.101:36449
@tracker All of 1 nodes getting started
@tracker All nodes finishes job
Trial 28 finished with value: 0.8937066875501853 and parameters: {'objective': 'binary:logistic', 'tree_method': 'gpu_hist', 'lambda': 0.015274137370320249, 'alpha': 0.04705768895581614, 'colsample_bytree': 0.5095397436518827, 'subsample': 0.6434850690351759, 'learning_rate': 0.09549421648733855, 'max_depth': 11, 'min_child_weight': 220, 'eval_metric': 'logloss'}. Best is trial 24 with value: 0.8951956931623196.
start listen on 192.168.1.101:54687
@tracker All of 1 nodes getting started
@tracker All nodes finishes job
Trial 29 finished with value: 0.8714351615179107 and parameters: {'objective': 'binary:logistic', 'tree_method': 'gpu_hist', 'lambda': 0.04605231549013084, 'alpha': 0.00984153025430226, 'colsample_bytree': 0.6164254067638937, 'subsample': 0.7341438437182861, 'learning_rate': 0.003477704579123599, 'max_depth': 3, 'min_child_weight': 168, 'eval_metric': 'logloss'}. Best is trial 24 with value: 0.8951956931623196.
start listen on 192.168.1.101:39713
@tracker All of 1 nodes getting started
@tracker All nodes finishes job
Trial 30 finished with value: 0.8947774289845629 and parameters: {'objective': 'binary:logistic', 'tree_method': 'gpu_hist', 'lambda': 0.17134735350140606, 'alpha': 0.002204823068509242, 'colsample_bytree': 0.5071542854200726, 'subsample': 0.7135103747501829, 'learning_rate': 0.042609771933744225, 'max_depth': 11, 'min_child_weight': 99, 'eval_metric': 'logloss'}. Best is trial 24 with value: 0.8951956931623196.
start listen on 192.168.1.101:56439
@tracker All of 1 nodes getting started
@tracker All nodes finishes job
Trial 31 finished with value: 0.8947904672907673 and parameters: {'objective': 'binary:logistic', 'tree_method': 'gpu_hist', 'lambda': 0.0057668481243011525, 'alpha': 0.010516016395700942, 'colsample_bytree': 0.40679640825964336, 'subsample': 0.9384155831342421, 'learning_rate': 0.0707372314730587, 'max_depth': 11, 'min_child_weight': 182, 'eval_metric': 'logloss'}. Best is trial 24 with value: 0.8951956931623196.
start listen on 192.168.1.101:58629
@tracker All of 1 nodes getting started
@tracker All nodes finishes job
Trial 32 finished with value: 0.8949054277267228 and parameters: {'objective': 'binary:logistic', 'tree_method': 'gpu_hist', 'lambda': 0.004907345066496635, 'alpha': 0.0023457673029821467, 'colsample_bytree': 0.47014270167711136, 'subsample': 0.8539161448364773, 'learning_rate': 0.04883880322365905, 'max_depth': 11, 'min_child_weight': 221, 'eval_metric': 'logloss'}. Best is trial 24 with value: 0.8951956931623196.
start listen on 192.168.1.101:54079
@tracker All of 1 nodes getting started
@tracker All nodes finishes job
Trial 33 finished with value: 0.8948692906928599 and parameters: {'objective': 'binary:logistic', 'tree_method': 'gpu_hist', 'lambda': 0.01235808933236003, 'alpha': 0.0015672767112203615, 'colsample_bytree': 0.3647010766674744, 'subsample': 0.9604981938409259, 'learning_rate': 0.056890020527559426, 'max_depth': 17, 'min_child_weight': 138, 'eval_metric': 'logloss'}. Best is trial 24 with value: 0.8951956931623196.
start listen on 192.168.1.101:59031
@tracker All of 1 nodes getting started
@tracker All nodes finishes job
Trial 34 finished with value: 0.894352105983953 and parameters: {'objective': 'binary:logistic', 'tree_method': 'gpu_hist', 'lambda': 0.0061499000192789385, 'alpha': 0.006974828135333512, 'colsample_bytree': 0.3013488208127879, 'subsample': 0.9072575287589781, 'learning_rate': 0.027605737834331383, 'max_depth': 11, 'min_child_weight': 245, 'eval_metric': 'logloss'}. Best is trial 24 with value: 0.8951956931623196.
start listen on 192.168.1.101:44957
@tracker All of 1 nodes getting started
@tracker All nodes finishes job
Trial 35 finished with value: 0.8947617268224777 and parameters: {'objective': 'binary:logistic', 'tree_method': 'gpu_hist', 'lambda': 0.001771248484405179, 'alpha': 0.004878053503359314, 'colsample_bytree': 0.5674652308310125, 'subsample': 0.7710617654755763, 'learning_rate': 0.04563654070345864, 'max_depth': 9, 'min_child_weight': 169, 'eval_metric': 'logloss'}. Best is trial 24 with value: 0.8951956931623196.
start listen on 192.168.1.101:57641
@tracker All of 1 nodes getting started
@tracker All nodes finishes job
Trial 36 finished with value: 0.8906099231110732 and parameters: {'objective': 'binary:logistic', 'tree_method': 'gpu_hist', 'lambda': 0.017922969118099007, 'alpha': 0.052972165869933724, 'colsample_bytree': 0.6737708397475364, 'subsample': 0.8376759335315146, 'learning_rate': 0.07092085336888562, 'max_depth': 3, 'min_child_weight': 110, 'eval_metric': 'logloss'}. Best is trial 24 with value: 0.8951956931623196.
start listen on 192.168.1.101:42537
@tracker All of 1 nodes getting started
@tracker All nodes finishes job
Trial 37 finished with value: 0.8932409072832996 and parameters: {'objective': 'binary:logistic', 'tree_method': 'gpu_hist', 'lambda': 0.0038914126287827914, 'alpha': 0.016481694233899287, 'colsample_bytree': 0.42424814265072414, 'subsample': 0.6117590177742006, 'learning_rate': 0.0326932573046892, 'max_depth': 7, 'min_child_weight': 203, 'eval_metric': 'logloss'}. Best is trial 24 with value: 0.8951956931623196.
start listen on 192.168.1.101:54093
@tracker All of 1 nodes getting started
@tracker All nodes finishes job
Trial 38 finished with value: 0.8943803175615148 and parameters: {'objective': 'binary:logistic', 'tree_method': 'gpu_hist', 'lambda': 0.04222254313272886, 'alpha': 0.0038970212871292037, 'colsample_bytree': 0.5815324263457108, 'subsample': 0.8870135189711869, 'learning_rate': 0.016317254783402842, 'max_depth': 15, 'min_child_weight': 161, 'eval_metric': 'logloss'}. Best is trial 24 with value: 0.8951956931623196.
start listen on 192.168.1.101:42299
@tracker All of 1 nodes getting started
@tracker All nodes finishes job
Trial 39 finished with value: 0.8951832980044867 and parameters: {'objective': 'binary:logistic', 'tree_method': 'gpu_hist', 'lambda': 0.3475800318116228, 'alpha': 0.03678581094898754, 'colsample_bytree': 0.5235143468681668, 'subsample': 0.9522294151112282, 'learning_rate': 0.024536711170294385, 'max_depth': 11, 'min_child_weight': 84, 'eval_metric': 'logloss'}. Best is trial 24 with value: 0.8951956931623196.
start listen on 192.168.1.101:45205
@tracker All of 1 nodes getting started
@tracker All nodes finishes job
Trial 40 finished with value: 0.8952428715087284 and parameters: {'objective': 'binary:logistic', 'tree_method': 'gpu_hist', 'lambda': 0.39176582773263546, 'alpha': 0.027719361937410956, 'colsample_bytree': 0.5266389404305867, 'subsample': 0.6955733642347455, 'learning_rate': 0.025272329918716592, 'max_depth': 20, 'min_child_weight': 76, 'eval_metric': 'logloss'}. Best is trial 40 with value: 0.8952428715087284.
start listen on 192.168.1.101:37545
@tracker All of 1 nodes getting started
@tracker All nodes finishes job
