Trial 41 finished with value: 0.8954040394604221 and parameters: {'objective': 'binary:logistic', 'tree_method': 'gpu_hist', 'lambda': 0.5615530209138998, 'alpha': 0.03806604290178301, 'colsample_bytree': 0.6304811150782159, 'subsample': 0.6909517458012554, 'learning_rate': 0.02459021599917822, 'max_depth': 20, 'min_child_weight': 82, 'eval_metric': 'logloss'}. Best is trial 41 with value: 0.8954040394604221.
start listen on 192.168.1.101:48675
@tracker All of 1 nodes getting started
@tracker All nodes finishes job
Trial 42 finished with value: 0.8950242104042293 and parameters: {'objective': 'binary:logistic', 'tree_method': 'gpu_hist', 'lambda': 0.33967637133365947, 'alpha': 0.03552818595103579, 'colsample_bytree': 0.5968593739057341, 'subsample': 0.6732904547012069, 'learning_rate': 0.025045245225814753, 'max_depth': 20, 'min_child_weight': 65, 'eval_metric': 'logloss'}. Best is trial 41 with value: 0.8954040394604221.
start listen on 192.168.1.101:56177
@tracker All of 1 nodes getting started
@tracker All nodes finishes job
Trial 43 finished with value: 0.8953941486289299 and parameters: {'objective': 'binary:logistic', 'tree_method': 'gpu_hist', 'lambda': 0.7669959052932231, 'alpha': 0.06687653978358275, 'colsample_bytree': 0.6317497262171664, 'subsample': 0.59678730111394, 'learning_rate': 0.012203374862065753, 'max_depth': 20, 'min_child_weight': 17, 'eval_metric': 'logloss'}. Best is trial 41 with value: 0.8954040394604221.
start listen on 192.168.1.101:36977
@tracker All of 1 nodes getting started
@tracker All nodes finishes job
Trial 44 finished with value: 0.8944811574773579 and parameters: {'objective': 'binary:logistic', 'tree_method': 'gpu_hist', 'lambda': 0.6140524517497614, 'alpha': 0.07009344831071788, 'colsample_bytree': 0.6334030129137799, 'subsample': 0.5053769408548985, 'learning_rate': 0.011389616545317982, 'max_depth': 20, 'min_child_weight': 6, 'eval_metric': 'logloss'}. Best is trial 41 with value: 0.8954040394604221.
start listen on 192.168.1.101:44619
@tracker All of 1 nodes getting started
@tracker All nodes finishes job
Trial 45 finished with value: 0.8928918020356256 and parameters: {'objective': 'binary:logistic', 'tree_method': 'gpu_hist', 'lambda': 2.4212197628223415, 'alpha': 0.21885027022094086, 'colsample_bytree': 0.6658174727467324, 'subsample': 0.6001730107935572, 'learning_rate': 0.008173897616926738, 'max_depth': 20, 'min_child_weight': 77, 'eval_metric': 'logloss'}. Best is trial 41 with value: 0.8954040394604221.
start listen on 192.168.1.101:41303
@tracker All of 1 nodes getting started
@tracker All nodes finishes job
Trial 46 finished with value: 0.8901851627754633 and parameters: {'objective': 'binary:logistic', 'tree_method': 'gpu_hist', 'lambda': 0.5508342343383575, 'alpha': 0.020185374744804637, 'colsample_bytree': 0.7049826796080753, 'subsample': 0.45528514261624387, 'learning_rate': 0.00459150415282256, 'max_depth': 20, 'min_child_weight': 45, 'eval_metric': 'logloss'}. Best is trial 41 with value: 0.8954040394604221.
start listen on 192.168.1.101:37101
@tracker All of 1 nodes getting started
@tracker All nodes finishes job
Trial 47 finished with value: 0.8943636697198128 and parameters: {'objective': 'binary:logistic', 'tree_method': 'gpu_hist', 'lambda': 1.2789492736603714, 'alpha': 0.5036313210536666, 'colsample_bytree': 0.7806131650485657, 'subsample': 0.5522783299563998, 'learning_rate': 0.014892399357491662, 'max_depth': 20, 'min_child_weight': 16, 'eval_metric': 'logloss'}. Best is trial 41 with value: 0.8954040394604221.
start listen on 192.168.1.101:37763
@tracker All of 1 nodes getting started
@tracker All nodes finishes job
Trial 48 finished with value: 0.8952148985068753 and parameters: {'objective': 'binary:logistic', 'tree_method': 'gpu_hist', 'lambda': 0.13901160052768624, 'alpha': 0.051315963573519155, 'colsample_bytree': 0.536686636785195, 'subsample': 0.6377176726514485, 'learning_rate': 0.02002005713414942, 'max_depth': 20, 'min_child_weight': 82, 'eval_metric': 'logloss'}. Best is trial 41 with value: 0.8954040394604221.
start listen on 192.168.1.101:47945
@tracker All of 1 nodes getting started
@tracker All nodes finishes job
Trial 49 finished with value: 0.895374719080696 and parameters: {'objective': 'binary:logistic', 'tree_method': 'gpu_hist', 'lambda': 3.5063597377805626, 'alpha': 0.08858433896455814, 'colsample_bytree': 0.5575658716564138, 'subsample': 0.6475578767421978, 'learning_rate': 0.02001559147584399, 'max_depth': 20, 'min_child_weight': 61, 'eval_metric': 'logloss'}. Best is trial 41 with value: 0.8954040394604221.
start listen on 192.168.1.101:52963
@tracker All of 1 nodes getting started
@tracker All nodes finishes job
Trial 50 finished with value: 0.8953806985640473 and parameters: {'objective': 'binary:logistic', 'tree_method': 'gpu_hist', 'lambda': 8.997952000785158, 'alpha': 0.12401475637393466, 'colsample_bytree': 0.5452600769654563, 'subsample': 0.6952797311556522, 'learning_rate': 0.019421870800295737, 'max_depth': 20, 'min_child_weight': 56, 'eval_metric': 'logloss'}. Best is trial 41 with value: 0.8954040394604221.
start listen on 192.168.1.101:59051
@tracker All of 1 nodes getting started
@tracker All nodes finishes job
Trial 51 finished with value: 0.8954324472162023 and parameters: {'objective': 'binary:logistic', 'tree_method': 'gpu_hist', 'lambda': 5.442444209703109, 'alpha': 0.09091849227180382, 'colsample_bytree': 0.5467342807888599, 'subsample': 0.6430595496721263, 'learning_rate': 0.017641711581667368, 'max_depth': 20, 'min_child_weight': 56, 'eval_metric': 'logloss'}. Best is trial 51 with value: 0.8954324472162023.
start listen on 192.168.1.101:37763
@tracker All of 1 nodes getting started
@tracker All nodes finishes job
Trial 52 finished with value: 0.8949811985095054 and parameters: {'objective': 'binary:logistic', 'tree_method': 'gpu_hist', 'lambda': 7.992599781989963, 'alpha': 0.10271211193108112, 'colsample_bytree': 0.5585104874903077, 'subsample': 0.5816065029755354, 'learning_rate': 0.0133656840479454, 'max_depth': 20, 'min_child_weight': 53, 'eval_metric': 'logloss'}. Best is trial 51 with value: 0.8954324472162023.
start listen on 192.168.1.101:32835
@tracker All of 1 nodes getting started
@tracker All nodes finishes job
Trial 53 finished with value: 0.8951466902866201 and parameters: {'objective': 'binary:logistic', 'tree_method': 'gpu_hist', 'lambda': 5.191367100967867, 'alpha': 0.14421138186883686, 'colsample_bytree': 0.6382193942952632, 'subsample': 0.7092869752578873, 'learning_rate': 0.010559313791729084, 'max_depth': 20, 'min_child_weight': 33, 'eval_metric': 'logloss'}. Best is trial 51 with value: 0.8954324472162023.
start listen on 192.168.1.101:43357
@tracker All of 1 nodes getting started
@tracker All nodes finishes job
Trial 54 finished with value: 0.8951194028306289 and parameters: {'objective': 'binary:logistic', 'tree_method': 'gpu_hist', 'lambda': 2.523460316813151, 'alpha': 0.08403289912198217, 'colsample_bytree': 0.5996915975257299, 'subsample': 0.6608825903857642, 'learning_rate': 0.017611589545353946, 'max_depth': 20, 'min_child_weight': 21, 'eval_metric': 'logloss'}. Best is trial 51 with value: 0.8954324472162023.
start listen on 192.168.1.101:37863
@tracker All of 1 nodes getting started
@tracker All nodes finishes job
Trial 55 finished with value: 0.892599359955987 and parameters: {'objective': 'binary:logistic', 'tree_method': 'gpu_hist', 'lambda': 5.073274421558924, 'alpha': 0.1817388700334503, 'colsample_bytree': 0.5717557156357099, 'subsample': 0.40599593162958025, 'learning_rate': 0.008648160445472784, 'max_depth': 20, 'min_child_weight': 63, 'eval_metric': 'logloss'}. Best is trial 51 with value: 0.8954324472162023.
start listen on 192.168.1.101:34537
@tracker All of 1 nodes getting started
@tracker All nodes finishes job
Trial 56 finished with value: 0.8915953852271908 and parameters: {'objective': 'binary:logistic', 'tree_method': 'gpu_hist', 'lambda': 3.2632176439229594, 'alpha': 0.5364020289876933, 'colsample_bytree': 0.9927340241954208, 'subsample': 0.6905997523203016, 'learning_rate': 0.005604454985491523, 'max_depth': 20, 'min_child_weight': 45, 'eval_metric': 'logloss'}. Best is trial 51 with value: 0.8954324472162023.
start listen on 192.168.1.101:43339
@tracker All of 1 nodes getting started
@tracker All nodes finishes job
Trial 57 finished with value: 0.894997797486303 and parameters: {'objective': 'binary:logistic', 'tree_method': 'gpu_hist', 'lambda': 1.0567822387542674, 'alpha': 0.06569341225781615, 'colsample_bytree': 0.4842550983956517, 'subsample': 0.6131253525888972, 'learning_rate': 0.034677313780435925, 'max_depth': 20, 'min_child_weight': 97, 'eval_metric': 'logloss'}. Best is trial 51 with value: 0.8954324472162023.
start listen on 192.168.1.101:49545
@tracker All of 1 nodes getting started
@tracker All nodes finishes job
Trial 58 finished with value: 0.8955259703312423 and parameters: {'objective': 'binary:logistic', 'tree_method': 'gpu_hist', 'lambda': 2.002226298081755, 'alpha': 0.12213879840368984, 'colsample_bytree': 0.618103228800292, 'subsample': 0.6671235317836807, 'learning_rate': 0.02117555678462925, 'max_depth': 20, 'min_child_weight': 58, 'eval_metric': 'logloss'}. Best is trial 58 with value: 0.8955259703312423.
start listen on 192.168.1.101:32799
@tracker All of 1 nodes getting started
@tracker All nodes finishes job
Trial 59 finished with value: 0.8937453138197566 and parameters: {'objective': 'binary:logistic', 'tree_method': 'gpu_hist', 'lambda': 9.876740330271927, 'alpha': 0.2632556434805583, 'colsample_bytree': 0.6831334000064488, 'subsample': 0.659158537442173, 'learning_rate': 0.02144133652491613, 'max_depth': 17, 'min_child_weight': 3, 'eval_metric': 'logloss'}. Best is trial 58 with value: 0.8955259703312423.
start listen on 192.168.1.101:36173
@tracker All of 1 nodes getting started
@tracker All nodes finishes job
Trial 60 finished with value: 0.8930292812878029 and parameters: {'objective': 'binary:logistic', 'tree_method': 'gpu_hist', 'lambda': 1.7655074411270713, 'alpha': 0.6219012426419851, 'colsample_bytree': 0.7345003297283857, 'subsample': 0.5753737113897045, 'learning_rate': 0.018714523459493808, 'max_depth': 7, 'min_child_weight': 62, 'eval_metric': 'logloss'}. Best is trial 58 with value: 0.8955259703312423.
start listen on 192.168.1.101:58587
@tracker All of 1 nodes getting started
@tracker All nodes finishes job
Trial 61 finished with value: 0.8954725768001794 and parameters: {'objective': 'binary:logistic', 'tree_method': 'gpu_hist', 'lambda': 3.3267045655410667, 'alpha': 0.12394572449919657, 'colsample_bytree': 0.5441192683332252, 'subsample': 0.680712308284865, 'learning_rate': 0.013652249406332192, 'max_depth': 20, 'min_child_weight': 39, 'eval_metric': 'logloss'}. Best is trial 58 with value: 0.8955259703312423.
start listen on 192.168.1.101:43155
@tracker All of 1 nodes getting started
@tracker All nodes finishes job
Trial 62 finished with value: 0.895152132256025 and parameters: {'objective': 'binary:logistic', 'tree_method': 'gpu_hist', 'lambda': 3.7507442085494516, 'alpha': 0.12230167208567135, 'colsample_bytree': 0.6246762679258487, 'subsample': 0.6263197403739367, 'learning_rate': 0.013255059690586393, 'max_depth': 20, 'min_child_weight': 52, 'eval_metric': 'logloss'}. Best is trial 58 with value: 0.8955259703312423.
start listen on 192.168.1.101:57955
@tracker All of 1 nodes getting started
@tracker All nodes finishes job
Trial 63 finished with value: 0.8891060647238652 and parameters: {'objective': 'binary:logistic', 'tree_method': 'gpu_hist', 'lambda': 6.662215007600612, 'alpha': 0.17976488121194323, 'colsample_bytree': 0.6568979462965135, 'subsample': 0.6730882526396162, 'learning_rate': 0.014733499986417434, 'max_depth': 5, 'min_child_weight': 32, 'eval_metric': 'logloss'}. Best is trial 58 with value: 0.8955259703312423.
start listen on 192.168.1.101:36885
@tracker All of 1 nodes getting started
@tracker All nodes finishes job
Trial 64 finished with value: 0.8949707651338561 and parameters: {'objective': 'binary:logistic', 'tree_method': 'gpu_hist', 'lambda': 1.713919729071554, 'alpha': 0.34464852135427204, 'colsample_bytree': 0.548577053285243, 'subsample': 0.7141532958763979, 'learning_rate': 0.009657421233892696, 'max_depth': 20, 'min_child_weight': 41, 'eval_metric': 'logloss'}. Best is trial 58 with value: 0.8955259703312423.
start listen on 192.168.1.101:57371
@tracker All of 1 nodes getting started
@tracker All nodes finishes job
Trial 65 finished with value: 0.8943007360348056 and parameters: {'objective': 'binary:logistic', 'tree_method': 'gpu_hist', 'lambda': 0.9028288027507057, 'alpha': 0.09649158441206646, 'colsample_bytree': 0.596376620681796, 'subsample': 0.6546043656797704, 'learning_rate': 0.01690541094654856, 'max_depth': 20, 'min_child_weight': 12, 'eval_metric': 'logloss'}. Best is trial 58 with value: 0.8955259703312423.
start listen on 192.168.1.101:38253
@tracker All of 1 nodes getting started
@tracker All nodes finishes job
Trial 66 finished with value: 0.891486121145583 and parameters: {'objective': 'binary:logistic', 'tree_method': 'gpu_hist', 'lambda': 3.4870493612904614, 'alpha': 0.1332817700080702, 'colsample_bytree': 0.5852137515789182, 'subsample': 0.5236839224399793, 'learning_rate': 0.006776595649391117, 'max_depth': 9, 'min_child_weight': 21, 'eval_metric': 'logloss'}. Best is trial 58 with value: 0.8955259703312423.
start listen on 192.168.1.101:50209
@tracker All of 1 nodes getting started
@tracker All nodes finishes job
Trial 67 finished with value: 0.8856100093432571 and parameters: {'objective': 'binary:logistic', 'tree_method': 'gpu_hist', 'lambda': 2.4084075970934533, 'alpha': 0.06242651575461136, 'colsample_bytree': 0.5487002355124627, 'subsample': 0.6816653899824816, 'learning_rate': 0.0015790043636237238, 'max_depth': 20, 'min_child_weight': 67, 'eval_metric': 'logloss'}. Best is trial 58 with value: 0.8955259703312423.
start listen on 192.168.1.101:46817
@tracker All of 1 nodes getting started
@tracker All nodes finishes job
Trial 68 finished with value: 0.8937242573576533 and parameters: {'objective': 'binary:logistic', 'tree_method': 'gpu_hist', 'lambda': 1.6996806402828761, 'alpha': 0.04619344436148668, 'colsample_bytree': 0.6139984807884349, 'subsample': 0.5976032211815786, 'learning_rate': 0.029893235470237166, 'max_depth': 20, 'min_child_weight': 37, 'eval_metric': 'logloss'}. Best is trial 58 with value: 0.8955259703312423.
start listen on 192.168.1.101:54003
@tracker All of 1 nodes getting started
@tracker All nodes finishes job
Trial 69 finished with value: 0.8956474678853383 and parameters: {'objective': 'binary:logistic', 'tree_method': 'gpu_hist', 'lambda': 6.048693217318463, 'alpha': 3.2809985368735055, 'colsample_bytree': 0.49268009998902007, 'subsample': 0.7708193964734812, 'learning_rate': 0.02110762449721867, 'max_depth': 15, 'min_child_weight': 55, 'eval_metric': 'logloss'}. Best is trial 69 with value: 0.8956474678853383.
start listen on 192.168.1.101:33251
@tracker All of 1 nodes getting started
@tracker All nodes finishes job
Trial 70 finished with value: 0.8952396694202999 and parameters: {'objective': 'binary:logistic', 'tree_method': 'gpu_hist', 'lambda': 6.377408354596437, 'alpha': 2.7497130080388845, 'colsample_bytree': 0.4899081015060323, 'subsample': 0.7252979402613962, 'learning_rate': 0.022336212262491037, 'max_depth': 15, 'min_child_weight': 89, 'eval_metric': 'logloss'}. Best is trial 69 with value: 0.8956474678853383.
start listen on 192.168.1.101:43711
@tracker All of 1 nodes getting started
@tracker All nodes finishes job
Trial 71 finished with value: 0.8954367961926766 and parameters: {'objective': 'binary:logistic', 'tree_method': 'gpu_hist', 'lambda': 4.0235813408647685, 'alpha': 4.252399183318, 'colsample_bytree': 0.44748108176924584, 'subsample': 0.7575332157638776, 'learning_rate': 0.01302956856304364, 'max_depth': 15, 'min_child_weight': 28, 'eval_metric': 'logloss'}. Best is trial 69 with value: 0.8956474678853383.
start listen on 192.168.1.101:38343
@tracker All of 1 nodes getting started
@tracker All nodes finishes job
Trial 72 finished with value: 0.8949462011776731 and parameters: {'objective': 'binary:logistic', 'tree_method': 'gpu_hist', 'lambda': 4.340409499317631, 'alpha': 4.811054808652457, 'colsample_bytree': 0.6486832084757177, 'subsample': 0.8007433019162901, 'learning_rate': 0.012328616358178987, 'max_depth': 15, 'min_child_weight': 25, 'eval_metric': 'logloss'}. Best is trial 69 with value: 0.8956474678853383.
start listen on 192.168.1.101:50579
@tracker All of 1 nodes getting started
@tracker All nodes finishes job
Trial 73 finished with value: 0.8953189714110129 and parameters: {'objective': 'binary:logistic', 'tree_method': 'gpu_hist', 'lambda': 9.269139491330504, 'alpha': 1.4668761171858045, 'colsample_bytree': 0.4480692073195743, 'subsample': 0.7801521790500736, 'learning_rate': 0.014184874640340212, 'max_depth': 15, 'min_child_weight': 56, 'eval_metric': 'logloss'}. Best is trial 69 with value: 0.8956474678853383.
start listen on 192.168.1.101:50473
@tracker All of 1 nodes getting started
@tracker All nodes finishes job
Trial 74 finished with value: 0.8942840184887553 and parameters: {'objective': 'binary:logistic', 'tree_method': 'gpu_hist', 'lambda': 6.062683451312833, 'alpha': 3.7396075985850525, 'colsample_bytree': 0.47364996685338656, 'subsample': 0.7596531873277877, 'learning_rate': 0.009808017329733005, 'max_depth': 15, 'min_child_weight': 40, 'eval_metric': 'logloss'}. Best is trial 69 with value: 0.8956474678853383.
start listen on 192.168.1.101:60297
@tracker All of 1 nodes getting started
@tracker All nodes finishes job
Trial 75 finished with value: 0.8945728876815744 and parameters: {'objective': 'binary:logistic', 'tree_method': 'gpu_hist', 'lambda': 0.6855389950355353, 'alpha': 1.7388590366501413, 'colsample_bytree': 0.43698238774576426, 'subsample': 0.8145156889109996, 'learning_rate': 0.03047975079911073, 'max_depth': 15, 'min_child_weight': 30, 'eval_metric': 'logloss'}. Best is trial 69 with value: 0.8956474678853383.
start listen on 192.168.1.101:44123
@tracker All of 1 nodes getting started
@tracker All nodes finishes job
Trial 76 finished with value: 0.8947743030678967 and parameters: {'objective': 'binary:logistic', 'tree_method': 'gpu_hist', 'lambda': 2.4725325737147017, 'alpha': 7.043516611569208, 'colsample_bytree': 0.5287926407076301, 'subsample': 0.7240015241005823, 'learning_rate': 0.01613439953985129, 'max_depth': 15, 'min_child_weight': 72, 'eval_metric': 'logloss'}. Best is trial 69 with value: 0.8956474678853383.
start listen on 192.168.1.101:39113
@tracker All of 1 nodes getting started
@tracker All nodes finishes job
Trial 77 finished with value: 0.8914538516251677 and parameters: {'objective': 'binary:logistic', 'tree_method': 'gpu_hist', 'lambda': 7.462778207298467, 'alpha': 2.60797046831242, 'colsample_bytree': 0.7010570713747475, 'subsample': 0.7623418582440508, 'learning_rate': 0.0269975124681067, 'max_depth': 5, 'min_child_weight': 108, 'eval_metric': 'logloss'}. Best is trial 69 with value: 0.8956474678853383.
start listen on 192.168.1.101:56385
@tracker All of 1 nodes getting started
@tracker All nodes finishes job
Trial 78 finished with value: 0.8957954056642184 and parameters: {'objective': 'binary:logistic', 'tree_method': 'gpu_hist', 'lambda': 1.5060094083957742, 'alpha': 1.062615806799783, 'colsample_bytree': 0.49487748718622504, 'subsample': 0.7034050468194476, 'learning_rate': 0.0181954477325385, 'max_depth': 17, 'min_child_weight': 51, 'eval_metric': 'logloss'}. Best is trial 78 with value: 0.8957954056642184.
start listen on 192.168.1.101:55561
@tracker All of 1 nodes getting started
@tracker All nodes finishes job
Trial 79 finished with value: 0.8954779584070558 and parameters: {'objective': 'binary:logistic', 'tree_method': 'gpu_hist', 'lambda': 1.3650619252077738, 'alpha': 1.097869230828815, 'colsample_bytree': 0.49671295836486884, 'subsample': 0.6198089071522032, 'learning_rate': 0.011735399763804569, 'max_depth': 17, 'min_child_weight': 16, 'eval_metric': 'logloss'}. Best is trial 78 with value: 0.8957954056642184.
start listen on 192.168.1.101:36625
@tracker All of 1 nodes getting started
@tracker All nodes finishes job
Trial 80 finished with value: 0.895213440464366 and parameters: {'objective': 'binary:logistic', 'tree_method': 'gpu_hist', 'lambda': 1.4144274277521978, 'alpha': 0.7506471194676878, 'colsample_bytree': 0.4930716976992864, 'subsample': 0.7439792853083206, 'learning_rate': 0.010788200333488377, 'max_depth': 17, 'min_child_weight': 49, 'eval_metric': 'logloss'}. Best is trial 78 with value: 0.8957954056642184.
start listen on 192.168.1.101:47163
@tracker All of 1 nodes getting started
@tracker All nodes finishes job
Trial 81 finished with value: 0.8948423912816961 and parameters: {'objective': 'binary:logistic', 'tree_method': 'gpu_hist', 'lambda': 0.9627892707893769, 'alpha': 9.774253756749058, 'colsample_bytree': 0.40779120966222654, 'subsample': 0.6228272502066535, 'learning_rate': 0.012355967671717967, 'max_depth': 17, 'min_child_weight': 14, 'eval_metric': 'logloss'}. Best is trial 78 with value: 0.8957954056642184.
start listen on 192.168.1.101:49337
@tracker All of 1 nodes getting started
@tracker All nodes finishes job
Trial 82 finished with value: 0.8949782263735674 and parameters: {'objective': 'binary:logistic', 'tree_method': 'gpu_hist', 'lambda': 2.948553159359247, 'alpha': 0.986607287709287, 'colsample_bytree': 0.5062436014402234, 'subsample': 0.6736243122653577, 'learning_rate': 0.017207547761543013, 'max_depth': 17, 'min_child_weight': 9, 'eval_metric': 'logloss'}. Best is trial 78 with value: 0.8957954056642184.
start listen on 192.168.1.101:34209
@tracker All of 1 nodes getting started
@tracker All nodes finishes job
