Trial 461 finished with value: 0.895587484778223 and parameters: {'objective': 'binary:logistic', 'tree_method': 'gpu_hist', 'lambda': 2.827737521726904, 'alpha': 0.5536025180777641, 'colsample_bytree': 0.3236006107848874, 'subsample': 0.44319100526106114, 'learning_rate': 0.021353215105432304, 'max_depth': 20, 'min_child_weight': 33, 'eval_metric': 'logloss'}. Best is trial 222 with value: 0.8964450250425448.
start listen on 192.168.1.101:46093
@tracker All of 1 nodes getting started
@tracker All nodes finishes job
Trial 462 finished with value: 0.8961719931088987 and parameters: {'objective': 'binary:logistic', 'tree_method': 'gpu_hist', 'lambda': 4.0836147469214765, 'alpha': 0.7693757276780692, 'colsample_bytree': 0.33161364681166944, 'subsample': 0.9818567618646491, 'learning_rate': 0.018654389534633886, 'max_depth': 20, 'min_child_weight': 38, 'eval_metric': 'logloss'}. Best is trial 222 with value: 0.8964450250425448.
start listen on 192.168.1.101:42321
@tracker All of 1 nodes getting started
@tracker All nodes finishes job
Trial 463 finished with value: 0.8951382905533075 and parameters: {'objective': 'binary:logistic', 'tree_method': 'gpu_hist', 'lambda': 2.691438610607202, 'alpha': 0.4845135922034824, 'colsample_bytree': 0.31337142326024825, 'subsample': 0.9671961310731398, 'learning_rate': 0.017537106960420743, 'max_depth': 20, 'min_child_weight': 145, 'eval_metric': 'logloss'}. Best is trial 222 with value: 0.8964450250425448.
start listen on 192.168.1.101:58017
@tracker All of 1 nodes getting started
@tracker All nodes finishes job
Trial 464 finished with value: 0.8953069707654213 and parameters: {'objective': 'binary:logistic', 'tree_method': 'gpu_hist', 'lambda': 2.464915842802086, 'alpha': 0.7430027068744852, 'colsample_bytree': 0.5639519602902319, 'subsample': 0.9995893483138464, 'learning_rate': 0.019195773942441766, 'max_depth': 20, 'min_child_weight': 32, 'eval_metric': 'logloss'}. Best is trial 222 with value: 0.8964450250425448.
start listen on 192.168.1.101:53959
@tracker All of 1 nodes getting started
@tracker All nodes finishes job
Trial 465 finished with value: 0.8961811042577286 and parameters: {'objective': 'binary:logistic', 'tree_method': 'gpu_hist', 'lambda': 3.1853809583474644, 'alpha': 0.9829303775126881, 'colsample_bytree': 0.33005920881776674, 'subsample': 0.9888323506166227, 'learning_rate': 0.016929818462751947, 'max_depth': 20, 'min_child_weight': 44, 'eval_metric': 'logloss'}. Best is trial 222 with value: 0.8964450250425448.
start listen on 192.168.1.101:39787
@tracker All of 1 nodes getting started
@tracker All nodes finishes job
Trial 466 finished with value: 0.8959629864159877 and parameters: {'objective': 'binary:logistic', 'tree_method': 'gpu_hist', 'lambda': 3.3622291607662445, 'alpha': 0.788757944761433, 'colsample_bytree': 0.3004242374163413, 'subsample': 0.9609870735101872, 'learning_rate': 0.021779333638183736, 'max_depth': 20, 'min_child_weight': 31, 'eval_metric': 'logloss'}. Best is trial 222 with value: 0.8964450250425448.
start listen on 192.168.1.101:36747
@tracker All of 1 nodes getting started
@tracker All nodes finishes job
Trial 467 finished with value: 0.8959282183180441 and parameters: {'objective': 'binary:logistic', 'tree_method': 'gpu_hist', 'lambda': 2.425611866298584, 'alpha': 0.014231653261693055, 'colsample_bytree': 0.3194073063702391, 'subsample': 0.4904202870527573, 'learning_rate': 0.018500046546449184, 'max_depth': 20, 'min_child_weight': 39, 'eval_metric': 'logloss'}. Best is trial 222 with value: 0.8964450250425448.
start listen on 192.168.1.101:48991
@tracker All of 1 nodes getting started
@tracker All nodes finishes job
Trial 468 finished with value: 0.8962183177566869 and parameters: {'objective': 'binary:logistic', 'tree_method': 'gpu_hist', 'lambda': 3.7647537827751743, 'alpha': 0.4389556062440044, 'colsample_bytree': 0.3373205932409265, 'subsample': 0.9771943394414321, 'learning_rate': 0.01668555791507444, 'max_depth': 20, 'min_child_weight': 32, 'eval_metric': 'logloss'}. Best is trial 222 with value: 0.8964450250425448.
start listen on 192.168.1.101:51149
@tracker All of 1 nodes getting started
@tracker All nodes finishes job
Trial 469 finished with value: 0.896008591743642 and parameters: {'objective': 'binary:logistic', 'tree_method': 'gpu_hist', 'lambda': 2.7618349693307684, 'alpha': 0.9835800335906933, 'colsample_bytree': 0.3155198621752386, 'subsample': 0.9706738118815422, 'learning_rate': 0.020226208152145413, 'max_depth': 20, 'min_child_weight': 28, 'eval_metric': 'logloss'}. Best is trial 222 with value: 0.8964450250425448.
start listen on 192.168.1.101:44847
@tracker All of 1 nodes getting started
@tracker All nodes finishes job
Trial 470 finished with value: 0.8936975117272177 and parameters: {'objective': 'binary:logistic', 'tree_method': 'gpu_hist', 'lambda': 2.467107290373067, 'alpha': 0.029767118065552517, 'colsample_bytree': 0.3391246651973243, 'subsample': 0.9881776014096947, 'learning_rate': 0.017890277798814483, 'max_depth': 20, 'min_child_weight': 282, 'eval_metric': 'logloss'}. Best is trial 222 with value: 0.8964450250425448.
start listen on 192.168.1.101:39645
@tracker All of 1 nodes getting started
@tracker All nodes finishes job
Trial 471 finished with value: 0.8949478453379792 and parameters: {'objective': 'binary:logistic', 'tree_method': 'gpu_hist', 'lambda': 4.920553444940647, 'alpha': 0.8657385382942083, 'colsample_bytree': 0.3230004314242716, 'subsample': 0.40201865816309107, 'learning_rate': 0.016853086814944778, 'max_depth': 20, 'min_child_weight': 47, 'eval_metric': 'logloss'}. Best is trial 222 with value: 0.8964450250425448.
start listen on 192.168.1.101:33493
@tracker All of 1 nodes getting started
@tracker All nodes finishes job
Trial 472 finished with value: 0.8961108588021285 and parameters: {'objective': 'binary:logistic', 'tree_method': 'gpu_hist', 'lambda': 3.7306080612239003, 'alpha': 0.64810317981691, 'colsample_bytree': 0.336589166740503, 'subsample': 0.9579880220031158, 'learning_rate': 0.020647645585584646, 'max_depth': 20, 'min_child_weight': 37, 'eval_metric': 'logloss'}. Best is trial 222 with value: 0.8964450250425448.
start listen on 192.168.1.101:47351
@tracker All of 1 nodes getting started
@tracker All nodes finishes job
Trial 473 finished with value: 0.8959646003950296 and parameters: {'objective': 'binary:logistic', 'tree_method': 'gpu_hist', 'lambda': 2.1867575613115626, 'alpha': 0.8981246677868364, 'colsample_bytree': 0.313624147761757, 'subsample': 0.9804829739816175, 'learning_rate': 0.023543350213180353, 'max_depth': 20, 'min_child_weight': 30, 'eval_metric': 'logloss'}. Best is trial 222 with value: 0.8964450250425448.
start listen on 192.168.1.101:53835
@tracker All of 1 nodes getting started
@tracker All nodes finishes job
Trial 474 finished with value: 0.8949200333028694 and parameters: {'objective': 'binary:logistic', 'tree_method': 'gpu_hist', 'lambda': 3.0138187782958723, 'alpha': 1.0411926255889443, 'colsample_bytree': 0.7168948632091265, 'subsample': 0.9681295876881443, 'learning_rate': 0.01877378753178222, 'max_depth': 20, 'min_child_weight': 51, 'eval_metric': 'logloss'}. Best is trial 222 with value: 0.8964450250425448.
start listen on 192.168.1.101:50981
@tracker All of 1 nodes getting started
@tracker All nodes finishes job
Trial 475 finished with value: 0.8963479628149577 and parameters: {'objective': 'binary:logistic', 'tree_method': 'gpu_hist', 'lambda': 4.21988086634539, 'alpha': 0.3930813517513221, 'colsample_bytree': 0.30048585439073483, 'subsample': 0.9995038040630788, 'learning_rate': 0.016412580963497795, 'max_depth': 20, 'min_child_weight': 37, 'eval_metric': 'logloss'}. Best is trial 222 with value: 0.8964450250425448.
start listen on 192.168.1.101:43655
@tracker All of 1 nodes getting started
@tracker All nodes finishes job
Trial 476 finished with value: 0.8962233946765137 and parameters: {'objective': 'binary:logistic', 'tree_method': 'gpu_hist', 'lambda': 4.043931044887009, 'alpha': 0.5274288460019966, 'colsample_bytree': 0.3010472981320937, 'subsample': 0.9986460243950454, 'learning_rate': 0.016076053290594576, 'max_depth': 20, 'min_child_weight': 44, 'eval_metric': 'logloss'}. Best is trial 222 with value: 0.8964450250425448.
start listen on 192.168.1.101:32805
@tracker All of 1 nodes getting started
@tracker All nodes finishes job
Trial 477 finished with value: 0.8958613488524437 and parameters: {'objective': 'binary:logistic', 'tree_method': 'gpu_hist', 'lambda': 4.799474425149603, 'alpha': 0.32448405621439336, 'colsample_bytree': 0.3006968513803847, 'subsample': 0.5906230777655705, 'learning_rate': 0.016204580063640294, 'max_depth': 20, 'min_child_weight': 38, 'eval_metric': 'logloss'}. Best is trial 222 with value: 0.8964450250425448.
start listen on 192.168.1.101:55301
@tracker All of 1 nodes getting started
@tracker All nodes finishes job
Trial 478 finished with value: 0.896158714071181 and parameters: {'objective': 'binary:logistic', 'tree_method': 'gpu_hist', 'lambda': 4.316872644709476, 'alpha': 0.8414093469437302, 'colsample_bytree': 0.32864216381340117, 'subsample': 0.9900610255892132, 'learning_rate': 0.018788513576450387, 'max_depth': 20, 'min_child_weight': 61, 'eval_metric': 'logloss'}. Best is trial 222 with value: 0.8964450250425448.
start listen on 192.168.1.101:43225
@tracker All of 1 nodes getting started
@tracker All nodes finishes job
Trial 479 finished with value: 0.8956888665196215 and parameters: {'objective': 'binary:logistic', 'tree_method': 'gpu_hist', 'lambda': 3.131234122325423, 'alpha': 0.7270265165317338, 'colsample_bytree': 0.3412715369085511, 'subsample': 0.7263160298131712, 'learning_rate': 0.0202717078214336, 'max_depth': 20, 'min_child_weight': 72, 'eval_metric': 'logloss'}. Best is trial 222 with value: 0.8964450250425448.
start listen on 192.168.1.101:39089
@tracker All of 1 nodes getting started
@tracker All nodes finishes job
Trial 480 finished with value: 0.896383324477767 and parameters: {'objective': 'binary:logistic', 'tree_method': 'gpu_hist', 'lambda': 2.020966251913917, 'alpha': 0.6265158117712927, 'colsample_bytree': 0.31560827391728513, 'subsample': 0.9900215562166395, 'learning_rate': 0.017441925574549867, 'max_depth': 20, 'min_child_weight': 37, 'eval_metric': 'logloss'}. Best is trial 222 with value: 0.8964450250425448.
start listen on 192.168.1.101:33189
@tracker All of 1 nodes getting started
@tracker All nodes finishes job
Trial 481 finished with value: 0.8962972475118063 and parameters: {'objective': 'binary:logistic', 'tree_method': 'gpu_hist', 'lambda': 2.160802022822642, 'alpha': 0.6141170905893146, 'colsample_bytree': 0.3141418756637025, 'subsample': 0.9880250269232691, 'learning_rate': 0.018072554875425438, 'max_depth': 20, 'min_child_weight': 53, 'eval_metric': 'logloss'}. Best is trial 222 with value: 0.8964450250425448.
start listen on 192.168.1.101:58377
@tracker All of 1 nodes getting started
@tracker All nodes finishes job
Trial 482 finished with value: 0.8946485521113303 and parameters: {'objective': 'binary:logistic', 'tree_method': 'gpu_hist', 'lambda': 2.214338935443568, 'alpha': 0.6367141225569112, 'colsample_bytree': 0.30012801918943427, 'subsample': 0.9980116947732437, 'learning_rate': 0.042182008048439065, 'max_depth': 20, 'min_child_weight': 53, 'eval_metric': 'logloss'}. Best is trial 222 with value: 0.8964450250425448.
start listen on 192.168.1.101:43079
@tracker All of 1 nodes getting started
@tracker All nodes finishes job
Trial 483 finished with value: 0.8959803816032834 and parameters: {'objective': 'binary:logistic', 'tree_method': 'gpu_hist', 'lambda': 2.5391161158659687, 'alpha': 0.47614532554996336, 'colsample_bytree': 0.31386634649510686, 'subsample': 0.9998356183726113, 'learning_rate': 0.02531314025697611, 'max_depth': 20, 'min_child_weight': 55, 'eval_metric': 'logloss'}. Best is trial 222 with value: 0.8964450250425448.
start listen on 192.168.1.101:55629
@tracker All of 1 nodes getting started
@tracker All nodes finishes job
Trial 484 finished with value: 0.8961126200944847 and parameters: {'objective': 'binary:logistic', 'tree_method': 'gpu_hist', 'lambda': 1.9384287739529702, 'alpha': 0.2697626671417988, 'colsample_bytree': 0.31467286619183615, 'subsample': 0.9856201263811606, 'learning_rate': 0.02198355391766977, 'max_depth': 20, 'min_child_weight': 50, 'eval_metric': 'logloss'}. Best is trial 222 with value: 0.8964450250425448.
start listen on 192.168.1.101:58465
@tracker All of 1 nodes getting started
@tracker All nodes finishes job
Trial 485 finished with value: 0.8943825912167634 and parameters: {'objective': 'binary:logistic', 'tree_method': 'gpu_hist', 'lambda': 3.4099008121357626, 'alpha': 0.449613503813896, 'colsample_bytree': 0.8996656482653667, 'subsample': 0.9881430481812935, 'learning_rate': 0.018231546178483944, 'max_depth': 20, 'min_child_weight': 44, 'eval_metric': 'logloss'}. Best is trial 222 with value: 0.8964450250425448.
start listen on 192.168.1.101:60673
@tracker All of 1 nodes getting started
@tracker All nodes finishes job
Trial 486 finished with value: 0.8963397139879667 and parameters: {'objective': 'binary:logistic', 'tree_method': 'gpu_hist', 'lambda': 2.6654971219073884, 'alpha': 0.4152754527016157, 'colsample_bytree': 0.322738749131292, 'subsample': 0.9766622926044017, 'learning_rate': 0.015979858016865262, 'max_depth': 20, 'min_child_weight': 41, 'eval_metric': 'logloss'}. Best is trial 222 with value: 0.8964450250425448.
start listen on 192.168.1.101:51333
@tracker All of 1 nodes getting started
@tracker All nodes finishes job
Trial 487 finished with value: 0.8961198104214181 and parameters: {'objective': 'binary:logistic', 'tree_method': 'gpu_hist', 'lambda': 2.2133758138087725, 'alpha': 0.5012668831044074, 'colsample_bytree': 0.30062227055966123, 'subsample': 0.9903977413078555, 'learning_rate': 0.016059764127649066, 'max_depth': 20, 'min_child_weight': 48, 'eval_metric': 'logloss'}. Best is trial 222 with value: 0.8964450250425448.
start listen on 192.168.1.101:35177
@tracker All of 1 nodes getting started
@tracker All nodes finishes job
Trial 488 finished with value: 0.8962639877584793 and parameters: {'objective': 'binary:logistic', 'tree_method': 'gpu_hist', 'lambda': 2.4668278359597773, 'alpha': 0.3323644539377536, 'colsample_bytree': 0.31601522323981024, 'subsample': 0.9774506357045157, 'learning_rate': 0.01552755062367864, 'max_depth': 20, 'min_child_weight': 42, 'eval_metric': 'logloss'}. Best is trial 222 with value: 0.8964450250425448.
start listen on 192.168.1.101:38737
@tracker All of 1 nodes getting started
@tracker All nodes finishes job
Trial 489 finished with value: 0.8960977220475141 and parameters: {'objective': 'binary:logistic', 'tree_method': 'gpu_hist', 'lambda': 1.9906638781809416, 'alpha': 0.3959057897073531, 'colsample_bytree': 0.31356973326466897, 'subsample': 0.9998986746446789, 'learning_rate': 0.015434604685338537, 'max_depth': 20, 'min_child_weight': 57, 'eval_metric': 'logloss'}. Best is trial 222 with value: 0.8964450250425448.
start listen on 192.168.1.101:34157
@tracker All of 1 nodes getting started
@tracker All nodes finishes job
Trial 490 finished with value: 0.8962664345966971 and parameters: {'objective': 'binary:logistic', 'tree_method': 'gpu_hist', 'lambda': 2.3510564126442204, 'alpha': 0.37967835464606914, 'colsample_bytree': 0.31251163656302056, 'subsample': 0.9826715586808398, 'learning_rate': 0.015446145875362612, 'max_depth': 20, 'min_child_weight': 44, 'eval_metric': 'logloss'}. Best is trial 222 with value: 0.8964450250425448.
start listen on 192.168.1.101:60683
@tracker All of 1 nodes getting started
@tracker All nodes finishes job
Trial 491 finished with value: 0.8960721657026147 and parameters: {'objective': 'binary:logistic', 'tree_method': 'gpu_hist', 'lambda': 2.433639064242029, 'alpha': 0.21806413301391803, 'colsample_bytree': 0.30045582816788113, 'subsample': 0.9588044250691551, 'learning_rate': 0.015423234445914317, 'max_depth': 20, 'min_child_weight': 54, 'eval_metric': 'logloss'}. Best is trial 222 with value: 0.8964450250425448.
start listen on 192.168.1.101:34607
@tracker All of 1 nodes getting started
@tracker All nodes finishes job
Trial 492 finished with value: 0.8962134075524159 and parameters: {'objective': 'binary:logistic', 'tree_method': 'gpu_hist', 'lambda': 1.9705915589715788, 'alpha': 0.35146803395319837, 'colsample_bytree': 0.3160289379717735, 'subsample': 0.9793659555152507, 'learning_rate': 0.015614871820101964, 'max_depth': 20, 'min_child_weight': 49, 'eval_metric': 'logloss'}. Best is trial 222 with value: 0.8964450250425448.
start listen on 192.168.1.101:35877
@tracker All of 1 nodes getting started
@tracker All nodes finishes job
Trial 493 finished with value: 0.8959853385166542 and parameters: {'objective': 'binary:logistic', 'tree_method': 'gpu_hist', 'lambda': 3.351258560266269, 'alpha': 0.37415854918882463, 'colsample_bytree': 0.313308833339143, 'subsample': 0.9688746086369174, 'learning_rate': 0.017042331573967118, 'max_depth': 20, 'min_child_weight': 46, 'eval_metric': 'logloss'}. Best is trial 222 with value: 0.8964450250425448.
start listen on 192.168.1.101:45345
@tracker All of 1 nodes getting started
@tracker All nodes finishes job
Trial 494 finished with value: 0.8960449630416045 and parameters: {'objective': 'binary:logistic', 'tree_method': 'gpu_hist', 'lambda': 2.4932810959131397, 'alpha': 0.3144241683250928, 'colsample_bytree': 0.32334344900494105, 'subsample': 0.9817884307910207, 'learning_rate': 0.014913554922438335, 'max_depth': 20, 'min_child_weight': 62, 'eval_metric': 'logloss'}. Best is trial 222 with value: 0.8964450250425448.
start listen on 192.168.1.101:48849
@tracker All of 1 nodes getting started
@tracker All nodes finishes job
Trial 495 finished with value: 0.896126124054482 and parameters: {'objective': 'binary:logistic', 'tree_method': 'gpu_hist', 'lambda': 2.055510454790715, 'alpha': 0.2073723193837253, 'colsample_bytree': 0.3124688189558344, 'subsample': 0.9495059971502551, 'learning_rate': 0.019988467634761902, 'max_depth': 20, 'min_child_weight': 43, 'eval_metric': 'logloss'}. Best is trial 222 with value: 0.8964450250425448.
start listen on 192.168.1.101:54725
@tracker All of 1 nodes getting started
@tracker All nodes finishes job
Trial 496 finished with value: 0.896204414972839 and parameters: {'objective': 'binary:logistic', 'tree_method': 'gpu_hist', 'lambda': 2.909310692072387, 'alpha': 0.4462309641995147, 'colsample_bytree': 0.3257029493335054, 'subsample': 0.9900767100254049, 'learning_rate': 0.01716272507315733, 'max_depth': 20, 'min_child_weight': 42, 'eval_metric': 'logloss'}. Best is trial 222 with value: 0.8964450250425448.
start listen on 192.168.1.101:34725
@tracker All of 1 nodes getting started
@tracker All nodes finishes job
Trial 497 finished with value: 0.8961103665600789 and parameters: {'objective': 'binary:logistic', 'tree_method': 'gpu_hist', 'lambda': 4.269771526740902, 'alpha': 0.37067317717956627, 'colsample_bytree': 0.3098207056361539, 'subsample': 0.9648017856758925, 'learning_rate': 0.015224386111312016, 'max_depth': 20, 'min_child_weight': 40, 'eval_metric': 'logloss'}. Best is trial 222 with value: 0.8964450250425448.
start listen on 192.168.1.101:45915
@tracker All of 1 nodes getting started
@tracker All nodes finishes job
Trial 498 finished with value: 0.8962533876672742 and parameters: {'objective': 'binary:logistic', 'tree_method': 'gpu_hist', 'lambda': 2.3774473664286044, 'alpha': 0.5870059874414081, 'colsample_bytree': 0.3274399381353102, 'subsample': 0.9786698966346714, 'learning_rate': 0.018561576050762012, 'max_depth': 20, 'min_child_weight': 52, 'eval_metric': 'logloss'}. Best is trial 222 with value: 0.8964450250425448.
start listen on 192.168.1.101:44965
@tracker All of 1 nodes getting started
@tracker All nodes finishes job
Trial 499 finished with value: 0.8960467660128496 and parameters: {'objective': 'binary:logistic', 'tree_method': 'gpu_hist', 'lambda': 3.4700797737499034, 'alpha': 0.3097144980789521, 'colsample_bytree': 0.30001060735741836, 'subsample': 0.9567974621260391, 'learning_rate': 0.016617032354289615, 'max_depth': 20, 'min_child_weight': 48, 'eval_metric': 'logloss'}. Best is trial 222 with value: 0.8964450250425448.
start listen on 192.168.1.101:46341
@tracker All of 1 nodes getting started
@tracker All nodes finishes job
Trial 500 finished with value: 0.8960952177211736 and parameters: {'objective': 'binary:logistic', 'tree_method': 'gpu_hist', 'lambda': 2.0247190302493614, 'alpha': 0.3930519223789051, 'colsample_bytree': 0.3256497441644141, 'subsample': 0.9999121872635934, 'learning_rate': 0.020026375433580414, 'max_depth': 20, 'min_child_weight': 66, 'eval_metric': 'logloss'}. Best is trial 222 with value: 0.8964450250425448.
start listen on 192.168.1.101:45963
@tracker All of 1 nodes getting started
@tracker All nodes finishes job
Trial 501 finished with value: 0.8963996748184345 and parameters: {'objective': 'binary:logistic', 'tree_method': 'gpu_hist', 'lambda': 2.7332040285524566, 'alpha': 0.5752870023217627, 'colsample_bytree': 0.3139031694753281, 'subsample': 0.9735813267974409, 'learning_rate': 0.017691305759094295, 'max_depth': 20, 'min_child_weight': 41, 'eval_metric': 'logloss'}. Best is trial 222 with value: 0.8964450250425448.
start listen on 192.168.1.101:44851
@tracker All of 1 nodes getting started
@tracker All nodes finishes job
Trial 502 finished with value: 0.8958797587051031 and parameters: {'objective': 'binary:logistic', 'tree_method': 'gpu_hist', 'lambda': 4.7551219853030835, 'alpha': 0.5697214896375864, 'colsample_bytree': 0.33290575197248906, 'subsample': 0.9641531412424283, 'learning_rate': 0.02204606712299958, 'max_depth': 20, 'min_child_weight': 39, 'eval_metric': 'logloss'}. Best is trial 222 with value: 0.8964450250425448.
start listen on 192.168.1.101:45845
@tracker All of 1 nodes getting started
@tracker All nodes finishes job
