Trial 335 finished with value: 0.8959039841999644 and parameters: {'objective': 'binary:logistic', 'tree_method': 'gpu_hist', 'lambda': 0.3747289141754208, 'alpha': 2.409934677426171, 'colsample_bytree': 0.35190255154451505, 'subsample': 0.9597998505456472, 'learning_rate': 0.016200732422277764, 'max_depth': 17, 'min_child_weight': 11, 'eval_metric': 'logloss'}. Best is trial 222 with value: 0.8964450250425448.
start listen on 192.168.1.101:59909
@tracker All of 1 nodes getting started
@tracker All nodes finishes job
Trial 336 finished with value: 0.8962504773310678 and parameters: {'objective': 'binary:logistic', 'tree_method': 'gpu_hist', 'lambda': 2.332344638579896, 'alpha': 1.4950941799277664, 'colsample_bytree': 0.32940214715667177, 'subsample': 0.986953290674608, 'learning_rate': 0.013328304553787312, 'max_depth': 17, 'min_child_weight': 21, 'eval_metric': 'logloss'}. Best is trial 222 with value: 0.8964450250425448.
start listen on 192.168.1.101:52101
@tracker All of 1 nodes getting started
@tracker All nodes finishes job
Trial 337 finished with value: 0.8961957270803119 and parameters: {'objective': 'binary:logistic', 'tree_method': 'gpu_hist', 'lambda': 2.4401095545349087, 'alpha': 0.00803593447408957, 'colsample_bytree': 0.31603560054309404, 'subsample': 0.989971922098234, 'learning_rate': 0.012748991784300305, 'max_depth': 17, 'min_child_weight': 23, 'eval_metric': 'logloss'}. Best is trial 222 with value: 0.8964450250425448.
start listen on 192.168.1.101:45003
@tracker All of 1 nodes getting started
@tracker All nodes finishes job
Trial 338 finished with value: 0.896147383880819 and parameters: {'objective': 'binary:logistic', 'tree_method': 'gpu_hist', 'lambda': 0.6401172514194867, 'alpha': 1.6342579676218865, 'colsample_bytree': 0.3381810981189417, 'subsample': 0.9860673920762523, 'learning_rate': 0.013492635634678852, 'max_depth': 17, 'min_child_weight': 33, 'eval_metric': 'logloss'}. Best is trial 222 with value: 0.8964450250425448.
start listen on 192.168.1.101:57663
@tracker All of 1 nodes getting started
@tracker All nodes finishes job
Trial 339 finished with value: 0.8907622364546846 and parameters: {'objective': 'binary:logistic', 'tree_method': 'gpu_hist', 'lambda': 0.4833386300189166, 'alpha': 2.064994865525438, 'colsample_bytree': 0.4343971208333606, 'subsample': 0.9754628810726688, 'learning_rate': 0.06438321451892014, 'max_depth': 20, 'min_child_weight': 41, 'eval_metric': 'logloss'}. Best is trial 222 with value: 0.8964450250425448.
start listen on 192.168.1.101:56915
@tracker All of 1 nodes getting started
@tracker All nodes finishes job
Trial 340 finished with value: 0.8828969946502989 and parameters: {'objective': 'binary:logistic', 'tree_method': 'gpu_hist', 'lambda': 0.8400453889527566, 'alpha': 1.5378954755510195, 'colsample_bytree': 0.36927495515146813, 'subsample': 0.9866265520838194, 'learning_rate': 0.0146175486967738, 'max_depth': 3, 'min_child_weight': 27, 'eval_metric': 'logloss'}. Best is trial 222 with value: 0.8964450250425448.
start listen on 192.168.1.101:41379
@tracker All of 1 nodes getting started
@tracker All nodes finishes job
Trial 341 finished with value: 0.8961756507906989 and parameters: {'objective': 'binary:logistic', 'tree_method': 'gpu_hist', 'lambda': 0.32177633331469874, 'alpha': 1.8473565531346585, 'colsample_bytree': 0.35294451406288657, 'subsample': 0.9691667364003536, 'learning_rate': 0.011622857964485155, 'max_depth': 17, 'min_child_weight': 19, 'eval_metric': 'logloss'}. Best is trial 222 with value: 0.8964450250425448.
start listen on 192.168.1.101:56827
@tracker All of 1 nodes getting started
@tracker All nodes finishes job
Trial 342 finished with value: 0.8961892036156005 and parameters: {'objective': 'binary:logistic', 'tree_method': 'gpu_hist', 'lambda': 2.5934801168195634, 'alpha': 0.003480117047761137, 'colsample_bytree': 0.3246623961215699, 'subsample': 0.9805079802590831, 'learning_rate': 0.018379216198130165, 'max_depth': 17, 'min_child_weight': 49, 'eval_metric': 'logloss'}. Best is trial 222 with value: 0.8964450250425448.
start listen on 192.168.1.101:60417
@tracker All of 1 nodes getting started
@tracker All nodes finishes job
Trial 343 finished with value: 0.8961615252403758 and parameters: {'objective': 'binary:logistic', 'tree_method': 'gpu_hist', 'lambda': 1.123745409246871, 'alpha': 1.3767863805712965, 'colsample_bytree': 0.39287215629493616, 'subsample': 0.9992509072217665, 'learning_rate': 0.01383799273741269, 'max_depth': 17, 'min_child_weight': 33, 'eval_metric': 'logloss'}. Best is trial 222 with value: 0.8964450250425448.
start listen on 192.168.1.101:56829
@tracker All of 1 nodes getting started
@tracker All nodes finishes job
Trial 344 finished with value: 0.8959079781872817 and parameters: {'objective': 'binary:logistic', 'tree_method': 'gpu_hist', 'lambda': 0.26349057734846304, 'alpha': 2.5315315552098583, 'colsample_bytree': 0.3385618900856511, 'subsample': 0.9614019438722572, 'learning_rate': 0.02191575945887766, 'max_depth': 17, 'min_child_weight': 24, 'eval_metric': 'logloss'}. Best is trial 222 with value: 0.8964450250425448.
start listen on 192.168.1.101:34261
@tracker All of 1 nodes getting started
@tracker All nodes finishes job
Trial 345 finished with value: 0.888477465158964 and parameters: {'objective': 'binary:logistic', 'tree_method': 'gpu_hist', 'lambda': 2.17611352050503, 'alpha': 2.195059739118893, 'colsample_bytree': 0.31158814710369437, 'subsample': 0.9712235190097306, 'learning_rate': 0.012450053469877292, 'max_depth': 5, 'min_child_weight': 37, 'eval_metric': 'logloss'}. Best is trial 222 with value: 0.8964450250425448.
start listen on 192.168.1.101:43395
@tracker All of 1 nodes getting started
@tracker All nodes finishes job
Trial 346 finished with value: 0.8961589138424069 and parameters: {'objective': 'binary:logistic', 'tree_method': 'gpu_hist', 'lambda': 0.6271193974809788, 'alpha': 3.072274111099294, 'colsample_bytree': 0.36083591482342764, 'subsample': 0.9886853367894466, 'learning_rate': 0.0173179960781313, 'max_depth': 17, 'min_child_weight': 28, 'eval_metric': 'logloss'}. Best is trial 222 with value: 0.8964450250425448.
start listen on 192.168.1.101:59821
@tracker All of 1 nodes getting started
@tracker All nodes finishes job
Trial 347 finished with value: 0.8959864077957344 and parameters: {'objective': 'binary:logistic', 'tree_method': 'gpu_hist', 'lambda': 0.7673999162261945, 'alpha': 1.402631689618043, 'colsample_bytree': 0.3475403892761533, 'subsample': 0.9533791716223013, 'learning_rate': 0.01985160775245282, 'max_depth': 15, 'min_child_weight': 19, 'eval_metric': 'logloss'}. Best is trial 222 with value: 0.8964450250425448.
start listen on 192.168.1.101:54201
@tracker All of 1 nodes getting started
@tracker All nodes finishes job
Trial 348 finished with value: 0.8900552870461007 and parameters: {'objective': 'binary:logistic', 'tree_method': 'gpu_hist', 'lambda': 0.41332182958018965, 'alpha': 1.7509523556256916, 'colsample_bytree': 0.30126758221007083, 'subsample': 0.9755760014328076, 'learning_rate': 0.08094069921337627, 'max_depth': 17, 'min_child_weight': 31, 'eval_metric': 'logloss'}. Best is trial 222 with value: 0.8964450250425448.
start listen on 192.168.1.101:43777
@tracker All of 1 nodes getting started
@tracker All nodes finishes job
Trial 349 finished with value: 0.8961941202872853 and parameters: {'objective': 'binary:logistic', 'tree_method': 'gpu_hist', 'lambda': 1.3266533613701836, 'alpha': 2.180874037452172, 'colsample_bytree': 0.3257513183425347, 'subsample': 0.9998295395399954, 'learning_rate': 0.01483115373560121, 'max_depth': 17, 'min_child_weight': 45, 'eval_metric': 'logloss'}. Best is trial 222 with value: 0.8964450250425448.
start listen on 192.168.1.101:42755
@tracker All of 1 nodes getting started
@tracker All nodes finishes job
Trial 350 finished with value: 0.8949332807221198 and parameters: {'objective': 'binary:logistic', 'tree_method': 'gpu_hist', 'lambda': 0.4827734752888117, 'alpha': 0.7033010804235671, 'colsample_bytree': 0.37662915491410176, 'subsample': 0.9628834890279468, 'learning_rate': 0.01637927452318483, 'max_depth': 9, 'min_child_weight': 23, 'eval_metric': 'logloss'}. Best is trial 222 with value: 0.8964450250425448.
start listen on 192.168.1.101:45089
@tracker All of 1 nodes getting started
@tracker All nodes finishes job
Trial 351 finished with value: 0.8961896584903706 and parameters: {'objective': 'binary:logistic', 'tree_method': 'gpu_hist', 'lambda': 1.008016857174281, 'alpha': 1.6473423926690671, 'colsample_bytree': 0.33618067966915316, 'subsample': 0.9842847853186882, 'learning_rate': 0.018086088053496364, 'max_depth': 17, 'min_child_weight': 38, 'eval_metric': 'logloss'}. Best is trial 222 with value: 0.8964450250425448.
start listen on 192.168.1.101:33929
@tracker All of 1 nodes getting started
@tracker All nodes finishes job
Trial 352 finished with value: 0.8961047729657504 and parameters: {'objective': 'binary:logistic', 'tree_method': 'gpu_hist', 'lambda': 3.0479611573491856, 'alpha': 2.691591592222117, 'colsample_bytree': 0.3529307111183959, 'subsample': 0.951716780039847, 'learning_rate': 0.013710703508744837, 'max_depth': 17, 'min_child_weight': 17, 'eval_metric': 'logloss'}. Best is trial 222 with value: 0.8964450250425448.
start listen on 192.168.1.101:51255
@tracker All of 1 nodes getting started
@tracker All nodes finishes job
Trial 353 finished with value: 0.8961031733587391 and parameters: {'objective': 'binary:logistic', 'tree_method': 'gpu_hist', 'lambda': 1.7365912032478592, 'alpha': 1.2266796868965828, 'colsample_bytree': 0.3231167593731741, 'subsample': 0.9725453496359038, 'learning_rate': 0.021009768125270396, 'max_depth': 17, 'min_child_weight': 28, 'eval_metric': 'logloss'}. Best is trial 222 with value: 0.8964450250425448.
start listen on 192.168.1.101:44297
@tracker All of 1 nodes getting started
@tracker All nodes finishes job
Trial 354 finished with value: 0.8955887861655983 and parameters: {'objective': 'binary:logistic', 'tree_method': 'gpu_hist', 'lambda': 0.5800562855464972, 'alpha': 1.8528614558166252, 'colsample_bytree': 0.3616001302842649, 'subsample': 0.9896062382749901, 'learning_rate': 0.0153260845710157, 'max_depth': 11, 'min_child_weight': 34, 'eval_metric': 'logloss'}. Best is trial 222 with value: 0.8964450250425448.
start listen on 192.168.1.101:51697
@tracker All of 1 nodes getting started
@tracker All nodes finishes job
Trial 355 finished with value: 0.8959417114990186 and parameters: {'objective': 'binary:logistic', 'tree_method': 'gpu_hist', 'lambda': 0.7468552403353925, 'alpha': 7.965638547837859, 'colsample_bytree': 0.3142990716795689, 'subsample': 0.5464332346572179, 'learning_rate': 0.017160359805015873, 'max_depth': 17, 'min_child_weight': 6, 'eval_metric': 'logloss'}. Best is trial 222 with value: 0.8964450250425448.
start listen on 192.168.1.101:45889
@tracker All of 1 nodes getting started
@tracker All nodes finishes job
Trial 356 finished with value: 0.8961331965307643 and parameters: {'objective': 'binary:logistic', 'tree_method': 'gpu_hist', 'lambda': 1.4652628059502624, 'alpha': 3.683846504122737, 'colsample_bytree': 0.3393232697375759, 'subsample': 0.9641917973661507, 'learning_rate': 0.01916354805751049, 'max_depth': 17, 'min_child_weight': 23, 'eval_metric': 'logloss'}. Best is trial 222 with value: 0.8964450250425448.
start listen on 192.168.1.101:46369
@tracker All of 1 nodes getting started
@tracker All nodes finishes job
Trial 357 finished with value: 0.8959172423982378 and parameters: {'objective': 'binary:logistic', 'tree_method': 'gpu_hist', 'lambda': 0.38840375801255883, 'alpha': 1.4289049296480067, 'colsample_bytree': 0.37571189549423073, 'subsample': 0.9790824276155503, 'learning_rate': 0.012585922464618848, 'max_depth': 17, 'min_child_weight': 13, 'eval_metric': 'logloss'}. Best is trial 222 with value: 0.8964450250425448.
start listen on 192.168.1.101:57131
@tracker All of 1 nodes getting started
@tracker All nodes finishes job
Trial 358 finished with value: 0.8925611238870479 and parameters: {'objective': 'binary:logistic', 'tree_method': 'gpu_hist', 'lambda': 0.8596947134943057, 'alpha': 5.082579410713189, 'colsample_bytree': 0.33032278361171374, 'subsample': 0.9896919517585155, 'learning_rate': 0.014621846447561327, 'max_depth': 7, 'min_child_weight': 42, 'eval_metric': 'logloss'}. Best is trial 222 with value: 0.8964450250425448.
start listen on 192.168.1.101:34353
@tracker All of 1 nodes getting started
@tracker All nodes finishes job
Trial 359 finished with value: 0.8959213966336969 and parameters: {'objective': 'binary:logistic', 'tree_method': 'gpu_hist', 'lambda': 1.997164005843387, 'alpha': 0.9858133121998603, 'colsample_bytree': 0.39696753911698857, 'subsample': 0.9475994614245149, 'learning_rate': 0.016288416481594813, 'max_depth': 13, 'min_child_weight': 28, 'eval_metric': 'logloss'}. Best is trial 222 with value: 0.8964450250425448.
start listen on 192.168.1.101:48225
@tracker All of 1 nodes getting started
@tracker All nodes finishes job
Trial 360 finished with value: 0.8960443191746316 and parameters: {'objective': 'binary:logistic', 'tree_method': 'gpu_hist', 'lambda': 0.3230497733547042, 'alpha': 2.190725468957988, 'colsample_bytree': 0.3466917239205212, 'subsample': 0.96837441479375, 'learning_rate': 0.011099340086173666, 'max_depth': 17, 'min_child_weight': 19, 'eval_metric': 'logloss'}. Best is trial 222 with value: 0.8964450250425448.
start listen on 192.168.1.101:37969
@tracker All of 1 nodes getting started
@tracker All nodes finishes job
Trial 361 finished with value: 0.8961459215267005 and parameters: {'objective': 'binary:logistic', 'tree_method': 'gpu_hist', 'lambda': 0.00331475422259603, 'alpha': 2.6322344839085985, 'colsample_bytree': 0.36574099802582755, 'subsample': 0.9808627999311257, 'learning_rate': 0.01870756431880074, 'max_depth': 17, 'min_child_weight': 56, 'eval_metric': 'logloss'}. Best is trial 222 with value: 0.8964450250425448.
start listen on 192.168.1.101:51109
@tracker All of 1 nodes getting started
@tracker All nodes finishes job
Trial 362 finished with value: 0.893401511851392 and parameters: {'objective': 'binary:logistic', 'tree_method': 'gpu_hist', 'lambda': 0.4809517480442176, 'alpha': 1.7929889181149148, 'colsample_bytree': 0.31236918551032594, 'subsample': 0.9611627047736008, 'learning_rate': 0.013784712096246899, 'max_depth': 17, 'min_child_weight': 225, 'eval_metric': 'logloss'}. Best is trial 222 with value: 0.8964450250425448.
start listen on 192.168.1.101:53247
@tracker All of 1 nodes getting started
@tracker All nodes finishes job
Trial 363 finished with value: 0.8959357772875638 and parameters: {'objective': 'binary:logistic', 'tree_method': 'gpu_hist', 'lambda': 1.109746945826708, 'alpha': 1.279597742723781, 'colsample_bytree': 0.3343397596081453, 'subsample': 0.9755268088386669, 'learning_rate': 0.020847106753473364, 'max_depth': 17, 'min_child_weight': 35, 'eval_metric': 'logloss'}. Best is trial 222 with value: 0.8964450250425448.
start listen on 192.168.1.101:51655
@tracker All of 1 nodes getting started
@tracker All nodes finishes job
Trial 364 finished with value: 0.8962710429883247 and parameters: {'objective': 'binary:logistic', 'tree_method': 'gpu_hist', 'lambda': 0.6555827266699774, 'alpha': 3.1022443946646696, 'colsample_bytree': 0.3538306987740271, 'subsample': 0.9907756805736411, 'learning_rate': 0.015529633027561881, 'max_depth': 15, 'min_child_weight': 24, 'eval_metric': 'logloss'}. Best is trial 222 with value: 0.8964450250425448.
start listen on 192.168.1.101:52753
@tracker All of 1 nodes getting started
@tracker All nodes finishes job
Trial 365 finished with value: 0.8950885647644663 and parameters: {'objective': 'binary:logistic', 'tree_method': 'gpu_hist', 'lambda': 0.6511807695467373, 'alpha': 4.389245193078487, 'colsample_bytree': 0.6776610462218178, 'subsample': 0.9980944914358971, 'learning_rate': 0.014773748089566913, 'max_depth': 17, 'min_child_weight': 22, 'eval_metric': 'logloss'}. Best is trial 222 with value: 0.8964450250425448.
start listen on 192.168.1.101:44527
@tracker All of 1 nodes getting started
@tracker All nodes finishes job
Trial 366 finished with value: 0.895924850951263 and parameters: {'objective': 'binary:logistic', 'tree_method': 'gpu_hist', 'lambda': 0.8599046717472209, 'alpha': 3.28087387482774, 'colsample_bytree': 0.3865941528544735, 'subsample': 0.999562739988832, 'learning_rate': 0.013337291386610828, 'max_depth': 17, 'min_child_weight': 12, 'eval_metric': 'logloss'}. Best is trial 222 with value: 0.8964450250425448.
start listen on 192.168.1.101:42527
@tracker All of 1 nodes getting started
@tracker All nodes finishes job
Trial 367 finished with value: 0.8954822786394688 and parameters: {'objective': 'binary:logistic', 'tree_method': 'gpu_hist', 'lambda': 0.7022509612160159, 'alpha': 3.025945939456335, 'colsample_bytree': 0.3591907783811376, 'subsample': 0.9877298813200921, 'learning_rate': 0.024202727640786192, 'max_depth': 17, 'min_child_weight': 18, 'eval_metric': 'logloss'}. Best is trial 222 with value: 0.8964450250425448.
start listen on 192.168.1.101:56879
@tracker All of 1 nodes getting started
@tracker All nodes finishes job
Trial 368 finished with value: 0.8951098842347304 and parameters: {'objective': 'binary:logistic', 'tree_method': 'gpu_hist', 'lambda': 1.5678413006749956, 'alpha': 3.840338598405683, 'colsample_bytree': 0.37239267340647586, 'subsample': 0.9872332064259396, 'learning_rate': 0.008656512924142422, 'max_depth': 17, 'min_child_weight': 26, 'eval_metric': 'logloss'}. Best is trial 222 with value: 0.8964450250425448.
start listen on 192.168.1.101:55191
@tracker All of 1 nodes getting started
@tracker All nodes finishes job
Trial 369 finished with value: 0.896080556812709 and parameters: {'objective': 'binary:logistic', 'tree_method': 'gpu_hist', 'lambda': 0.22939568920207407, 'alpha': 2.483449029823141, 'colsample_bytree': 0.3502707562101581, 'subsample': 0.9765845759371362, 'learning_rate': 0.015624406743778562, 'max_depth': 17, 'min_child_weight': 29, 'eval_metric': 'logloss'}. Best is trial 222 with value: 0.8964450250425448.
start listen on 192.168.1.101:39827
@tracker All of 1 nodes getting started
@tracker All nodes finishes job
Trial 370 finished with value: 0.8959287414599598 and parameters: {'objective': 'binary:logistic', 'tree_method': 'gpu_hist', 'lambda': 2.1906983401331663, 'alpha': 5.84706598092265, 'colsample_bytree': 0.34712353273940083, 'subsample': 0.9996051478817249, 'learning_rate': 0.012248137456923592, 'max_depth': 20, 'min_child_weight': 7, 'eval_metric': 'logloss'}. Best is trial 222 with value: 0.8964450250425448.
start listen on 192.168.1.101:34921
@tracker All of 1 nodes getting started
@tracker All nodes finishes job
Trial 371 finished with value: 0.8959308038463579 and parameters: {'objective': 'binary:logistic', 'tree_method': 'gpu_hist', 'lambda': 0.9647867167133894, 'alpha': 1.0776599563004494, 'colsample_bytree': 0.36862231233895615, 'subsample': 0.9706418876198503, 'learning_rate': 0.01611654900982285, 'max_depth': 17, 'min_child_weight': 17, 'eval_metric': 'logloss'}. Best is trial 222 with value: 0.8964450250425448.
start listen on 192.168.1.101:37339
@tracker All of 1 nodes getting started
@tracker All nodes finishes job
Trial 372 finished with value: 0.8958277276425457 and parameters: {'objective': 'binary:logistic', 'tree_method': 'gpu_hist', 'lambda': 0.614065813882745, 'alpha': 1.4948283991021027, 'colsample_bytree': 0.4162238643883834, 'subsample': 0.9873553697973618, 'learning_rate': 0.01764427167538243, 'max_depth': 17, 'min_child_weight': 80, 'eval_metric': 'logloss'}. Best is trial 222 with value: 0.8964450250425448.
start listen on 192.168.1.101:40775
@tracker All of 1 nodes getting started
@tracker All nodes finishes job
Trial 373 finished with value: 0.8832866865125246 and parameters: {'objective': 'binary:logistic', 'tree_method': 'gpu_hist', 'lambda': 1.223143742935228, 'alpha': 0.7922575787534333, 'colsample_bytree': 0.35707801693140495, 'subsample': 0.9806349046170068, 'learning_rate': 0.01499757397569219, 'max_depth': 3, 'min_child_weight': 22, 'eval_metric': 'logloss'}. Best is trial 222 with value: 0.8964450250425448.
start listen on 192.168.1.101:60627
@tracker All of 1 nodes getting started
@tracker All nodes finishes job
Trial 374 finished with value: 0.8961248061392716 and parameters: {'objective': 'binary:logistic', 'tree_method': 'gpu_hist', 'lambda': 0.1720904643488671, 'alpha': 1.66084194550682, 'colsample_bytree': 0.3851305376488333, 'subsample': 0.9665887220897376, 'learning_rate': 0.013959042911921338, 'max_depth': 17, 'min_child_weight': 30, 'eval_metric': 'logloss'}. Best is trial 222 with value: 0.8964450250425448.
start listen on 192.168.1.101:39707
@tracker All of 1 nodes getting started
@tracker All nodes finishes job
Trial 375 finished with value: 0.8955817007544885 and parameters: {'objective': 'binary:logistic', 'tree_method': 'gpu_hist', 'lambda': 2.6031635926264993, 'alpha': 2.9701519454844365, 'colsample_bytree': 0.33505160914300447, 'subsample': 0.9536980200588528, 'learning_rate': 0.010491527433210072, 'max_depth': 15, 'min_child_weight': 25, 'eval_metric': 'logloss'}. Best is trial 222 with value: 0.8964450250425448.
start listen on 192.168.1.101:34533
@tracker All of 1 nodes getting started
@tracker All nodes finishes job
Trial 376 finished with value: 0.8960939774149287 and parameters: {'objective': 'binary:logistic', 'tree_method': 'gpu_hist', 'lambda': 0.7161293991386292, 'alpha': 2.1001599840017744, 'colsample_bytree': 0.4008788738008026, 'subsample': 0.9910730636965032, 'learning_rate': 0.01905700251497186, 'max_depth': 17, 'min_child_weight': 39, 'eval_metric': 'logloss'}. Best is trial 222 with value: 0.8964450250425448.
start listen on 192.168.1.101:54423
@tracker All of 1 nodes getting started
@tracker All nodes finishes job
