Trial 503 finished with value: 0.8958590672925781 and parameters: {'objective': 'binary:logistic', 'tree_method': 'gpu_hist', 'lambda': 3.1471178842361516, 'alpha': 0.5192277726574417, 'colsample_bytree': 0.3114088106064174, 'subsample': 0.5696336262447986, 'learning_rate': 0.018420027006515467, 'max_depth': 20, 'min_child_weight': 40, 'eval_metric': 'logloss'}. Best is trial 222 with value: 0.8964450250425448.
start listen on 192.168.1.101:36709
@tracker All of 1 nodes getting started
@tracker All nodes finishes job
Trial 504 finished with value: 0.8960775415606789 and parameters: {'objective': 'binary:logistic', 'tree_method': 'gpu_hist', 'lambda': 2.8033817395308747, 'alpha': 0.649962364471711, 'colsample_bytree': 0.3339504763548106, 'subsample': 0.9899374787192652, 'learning_rate': 0.020158430312839416, 'max_depth': 20, 'min_child_weight': 57, 'eval_metric': 'logloss'}. Best is trial 222 with value: 0.8964450250425448.
start listen on 192.168.1.101:41233
@tracker All of 1 nodes getting started
@tracker All nodes finishes job
Trial 505 finished with value: 0.8961901370789911 and parameters: {'objective': 'binary:logistic', 'tree_method': 'gpu_hist', 'lambda': 3.8487125283066, 'alpha': 0.5272547029165348, 'colsample_bytree': 0.3014783145422912, 'subsample': 0.9702508117727159, 'learning_rate': 0.017819959004254926, 'max_depth': 20, 'min_child_weight': 37, 'eval_metric': 'logloss'}. Best is trial 222 with value: 0.8964450250425448.
start listen on 192.168.1.101:56865
@tracker All of 1 nodes getting started
@tracker All nodes finishes job
Trial 506 finished with value: 0.8961705515942248 and parameters: {'objective': 'binary:logistic', 'tree_method': 'gpu_hist', 'lambda': 1.7640658822692223, 'alpha': 0.5735843350915805, 'colsample_bytree': 0.3236173630906009, 'subsample': 0.9519010828930741, 'learning_rate': 0.023235044454741526, 'max_depth': 20, 'min_child_weight': 44, 'eval_metric': 'logloss'}. Best is trial 222 with value: 0.8964450250425448.
start listen on 192.168.1.101:52399
@tracker All of 1 nodes getting started
@tracker All nodes finishes job
Trial 507 finished with value: 0.8962376459821048 and parameters: {'objective': 'binary:logistic', 'tree_method': 'gpu_hist', 'lambda': 2.8235393289503716, 'alpha': 0.6857764773228181, 'colsample_bytree': 0.31217871133255176, 'subsample': 0.981300619459307, 'learning_rate': 0.01709676842451622, 'max_depth': 20, 'min_child_weight': 35, 'eval_metric': 'logloss'}. Best is trial 222 with value: 0.8964450250425448.
start listen on 192.168.1.101:54599
@tracker All of 1 nodes getting started
@tracker All nodes finishes job
Trial 508 finished with value: 0.8960822685215591 and parameters: {'objective': 'binary:logistic', 'tree_method': 'gpu_hist', 'lambda': 3.44430819045261, 'alpha': 0.4351966461490812, 'colsample_bytree': 0.3369381687741872, 'subsample': 0.9991892681324173, 'learning_rate': 0.01997178490236742, 'max_depth': 20, 'min_child_weight': 46, 'eval_metric': 'logloss'}. Best is trial 222 with value: 0.8964450250425448.
start listen on 192.168.1.101:54749
@tracker All of 1 nodes getting started
@tracker All nodes finishes job
Trial 509 finished with value: 0.8963038047507896 and parameters: {'objective': 'binary:logistic', 'tree_method': 'gpu_hist', 'lambda': 1.8348479218249614, 'alpha': 0.6848742581922174, 'colsample_bytree': 0.30108105724614637, 'subsample': 0.9708829124904087, 'learning_rate': 0.014361216199943827, 'max_depth': 20, 'min_child_weight': 37, 'eval_metric': 'logloss'}. Best is trial 222 with value: 0.8964450250425448.
start listen on 192.168.1.101:55199
@tracker All of 1 nodes getting started
@tracker All nodes finishes job
Trial 510 finished with value: 0.8960417631089806 and parameters: {'objective': 'binary:logistic', 'tree_method': 'gpu_hist', 'lambda': 1.6567963338096996, 'alpha': 0.6093835472224126, 'colsample_bytree': 0.30183279963857756, 'subsample': 0.9452121725798454, 'learning_rate': 0.014176149262809076, 'max_depth': 20, 'min_child_weight': 35, 'eval_metric': 'logloss'}. Best is trial 222 with value: 0.8964450250425448.
start listen on 192.168.1.101:52749
@tracker All of 1 nodes getting started
@tracker All nodes finishes job
Trial 511 finished with value: 0.8951502193387457 and parameters: {'objective': 'binary:logistic', 'tree_method': 'gpu_hist', 'lambda': 1.8197893791625357, 'alpha': 0.6338968491115581, 'colsample_bytree': 0.5327238391197697, 'subsample': 0.6508692176321853, 'learning_rate': 0.01875857265689797, 'max_depth': 20, 'min_child_weight': 27, 'eval_metric': 'logloss'}. Best is trial 222 with value: 0.8964450250425448.
start listen on 192.168.1.101:36247
@tracker All of 1 nodes getting started
@tracker All nodes finishes job
Trial 512 finished with value: 0.8960942512021126 and parameters: {'objective': 'binary:logistic', 'tree_method': 'gpu_hist', 'lambda': 1.5548546119940803, 'alpha': 0.7367979303050411, 'colsample_bytree': 0.3253481279500724, 'subsample': 0.959777769430108, 'learning_rate': 0.021337498674645954, 'max_depth': 20, 'min_child_weight': 37, 'eval_metric': 'logloss'}. Best is trial 222 with value: 0.8964450250425448.
start listen on 192.168.1.101:34923
@tracker All of 1 nodes getting started
@tracker All nodes finishes job
Trial 513 finished with value: 0.8961322077350556 and parameters: {'objective': 'binary:logistic', 'tree_method': 'gpu_hist', 'lambda': 1.9256023762802899, 'alpha': 0.7713379121300467, 'colsample_bytree': 0.3357199985542457, 'subsample': 0.9699468988151063, 'learning_rate': 0.01703628137936, 'max_depth': 20, 'min_child_weight': 28, 'eval_metric': 'logloss'}. Best is trial 222 with value: 0.8964450250425448.
start listen on 192.168.1.101:51381
@tracker All of 1 nodes getting started
@tracker All nodes finishes job
Trial 514 finished with value: 0.8947500179291081 and parameters: {'objective': 'binary:logistic', 'tree_method': 'gpu_hist', 'lambda': 4.117036996369067, 'alpha': 0.5099981597766491, 'colsample_bytree': 0.32099433643128233, 'subsample': 0.9559377984240804, 'learning_rate': 0.03460488340772293, 'max_depth': 20, 'min_child_weight': 37, 'eval_metric': 'logloss'}. Best is trial 222 with value: 0.8964450250425448.
start listen on 192.168.1.101:57301
@tracker All of 1 nodes getting started
@tracker All nodes finishes job
Trial 515 finished with value: 0.8963339407432553 and parameters: {'objective': 'binary:logistic', 'tree_method': 'gpu_hist', 'lambda': 2.2692951917579953, 'alpha': 0.04052175891828102, 'colsample_bytree': 0.3005304845741593, 'subsample': 0.9700066385757269, 'learning_rate': 0.01442492424228381, 'max_depth': 20, 'min_child_weight': 31, 'eval_metric': 'logloss'}. Best is trial 222 with value: 0.8964450250425448.
start listen on 192.168.1.101:36267
@tracker All of 1 nodes getting started
@tracker All nodes finishes job
Trial 516 finished with value: 0.8961796419036101 and parameters: {'objective': 'binary:logistic', 'tree_method': 'gpu_hist', 'lambda': 0.012038689071239304, 'alpha': 0.7120169811760905, 'colsample_bytree': 0.30249193187436585, 'subsample': 0.9464003467223618, 'learning_rate': 0.01330876834605253, 'max_depth': 20, 'min_child_weight': 28, 'eval_metric': 'logloss'}. Best is trial 222 with value: 0.8964450250425448.
start listen on 192.168.1.101:36929
@tracker All of 1 nodes getting started
@tracker All nodes finishes job
Trial 517 finished with value: 0.8962239911157854 and parameters: {'objective': 'binary:logistic', 'tree_method': 'gpu_hist', 'lambda': 1.5040329790730944, 'alpha': 0.5552204015600897, 'colsample_bytree': 0.30158937881089126, 'subsample': 0.9663602394278533, 'learning_rate': 0.014078322224436226, 'max_depth': 20, 'min_child_weight': 39, 'eval_metric': 'logloss'}. Best is trial 222 with value: 0.8964450250425448.
start listen on 192.168.1.101:44229
@tracker All of 1 nodes getting started
@tracker All nodes finishes job
Trial 518 finished with value: 0.8963028770362114 and parameters: {'objective': 'binary:logistic', 'tree_method': 'gpu_hist', 'lambda': 2.180099140590511, 'alpha': 0.025320356867674178, 'colsample_bytree': 0.31228276136197725, 'subsample': 0.9689568520330903, 'learning_rate': 0.01213104822130193, 'max_depth': 20, 'min_child_weight': 31, 'eval_metric': 'logloss'}. Best is trial 222 with value: 0.8964450250425448.
start listen on 192.168.1.101:33259
@tracker All of 1 nodes getting started
@tracker All nodes finishes job
Trial 519 finished with value: 0.8959644775141677 and parameters: {'objective': 'binary:logistic', 'tree_method': 'gpu_hist', 'lambda': 2.1602513982657574, 'alpha': 0.014268493633878169, 'colsample_bytree': 0.3122897733116539, 'subsample': 0.9327074622490912, 'learning_rate': 0.010174247907818752, 'max_depth': 20, 'min_child_weight': 34, 'eval_metric': 'logloss'}. Best is trial 222 with value: 0.8964450250425448.
start listen on 192.168.1.101:56203
@tracker All of 1 nodes getting started
@tracker All nodes finishes job
Trial 520 finished with value: 0.8954828880135683 and parameters: {'objective': 'binary:logistic', 'tree_method': 'gpu_hist', 'lambda': 2.1518440199295545, 'alpha': 0.023814067752350433, 'colsample_bytree': 0.30077738311769725, 'subsample': 0.9514331159739727, 'learning_rate': 0.00953274818516738, 'max_depth': 20, 'min_child_weight': 48, 'eval_metric': 'logloss'}. Best is trial 222 with value: 0.8964450250425448.
start listen on 192.168.1.101:37007
@tracker All of 1 nodes getting started
@tracker All nodes finishes job
Trial 521 finished with value: 0.8960139137065913 and parameters: {'objective': 'binary:logistic', 'tree_method': 'gpu_hist', 'lambda': 1.9250500198379723, 'alpha': 0.04155535726081687, 'colsample_bytree': 0.31448457415805664, 'subsample': 0.9619671254010099, 'learning_rate': 0.012502506837859587, 'max_depth': 20, 'min_child_weight': 42, 'eval_metric': 'logloss'}. Best is trial 222 with value: 0.8964450250425448.
start listen on 192.168.1.101:36597
@tracker All of 1 nodes getting started
@tracker All nodes finishes job
Trial 522 finished with value: 0.8962208414852688 and parameters: {'objective': 'binary:logistic', 'tree_method': 'gpu_hist', 'lambda': 0.03864500524902179, 'alpha': 0.6503203035819748, 'colsample_bytree': 0.3000012893332356, 'subsample': 0.9414271524536186, 'learning_rate': 0.012982147592926891, 'max_depth': 20, 'min_child_weight': 32, 'eval_metric': 'logloss'}. Best is trial 222 with value: 0.8964450250425448.
start listen on 192.168.1.101:53115
@tracker All of 1 nodes getting started
@tracker All nodes finishes job
Trial 523 finished with value: 0.8926960046760839 and parameters: {'objective': 'binary:logistic', 'tree_method': 'gpu_hist', 'lambda': 2.3103892462636875, 'alpha': 0.04053887730031833, 'colsample_bytree': 0.3149516038722114, 'subsample': 0.6042837725800794, 'learning_rate': 0.014172558193559951, 'max_depth': 20, 'min_child_weight': 193, 'eval_metric': 'logloss'}. Best is trial 222 with value: 0.8964450250425448.
start listen on 192.168.1.101:38967
@tracker All of 1 nodes getting started
@tracker All nodes finishes job
Trial 524 finished with value: 0.8960041536605776 and parameters: {'objective': 'binary:logistic', 'tree_method': 'gpu_hist', 'lambda': 1.7269739329289557, 'alpha': 0.0180728376298667, 'colsample_bytree': 0.32464453747421657, 'subsample': 0.9693866705357442, 'learning_rate': 0.011366188681620159, 'max_depth': 20, 'min_child_weight': 39, 'eval_metric': 'logloss'}. Best is trial 222 with value: 0.8964450250425448.
start listen on 192.168.1.101:35947
@tracker All of 1 nodes getting started
@tracker All nodes finishes job
Trial 525 finished with value: 0.8962543196934618 and parameters: {'objective': 'binary:logistic', 'tree_method': 'gpu_hist', 'lambda': 2.6735143230148948, 'alpha': 0.011491623771043959, 'colsample_bytree': 0.3128614586024947, 'subsample': 0.9628997394034678, 'learning_rate': 0.01334651157413404, 'max_depth': 20, 'min_child_weight': 29, 'eval_metric': 'logloss'}. Best is trial 222 with value: 0.8964450250425448.
start listen on 192.168.1.101:42779
@tracker All of 1 nodes getting started
@tracker All nodes finishes job
Trial 526 finished with value: 0.8949847469638725 and parameters: {'objective': 'binary:logistic', 'tree_method': 'gpu_hist', 'lambda': 5.16646362535782, 'alpha': 0.0562545362593019, 'colsample_bytree': 0.7620870958723618, 'subsample': 0.9714677228831291, 'learning_rate': 0.012462876354337507, 'max_depth': 20, 'min_child_weight': 51, 'eval_metric': 'logloss'}. Best is trial 222 with value: 0.8964450250425448.
start listen on 192.168.1.101:50221
@tracker All of 1 nodes getting started
@tracker All nodes finishes job
Trial 527 finished with value: 0.896105342098164 and parameters: {'objective': 'binary:logistic', 'tree_method': 'gpu_hist', 'lambda': 1.4800693162544372, 'alpha': 0.10209730881460001, 'colsample_bytree': 0.3316171288652807, 'subsample': 0.9518321204536397, 'learning_rate': 0.0114960517011796, 'max_depth': 20, 'min_child_weight': 34, 'eval_metric': 'logloss'}. Best is trial 222 with value: 0.8964450250425448.
start listen on 192.168.1.101:58193
@tracker All of 1 nodes getting started
@tracker All nodes finishes job
Trial 528 finished with value: 0.8949037519479491 and parameters: {'objective': 'binary:logistic', 'tree_method': 'gpu_hist', 'lambda': 3.2276677656566233, 'alpha': 0.7297352674244295, 'colsample_bytree': 0.8097007337135398, 'subsample': 0.9753938626952091, 'learning_rate': 0.01466749792586428, 'max_depth': 20, 'min_child_weight': 40, 'eval_metric': 'logloss'}. Best is trial 222 with value: 0.8964450250425448.
start listen on 192.168.1.101:34327
@tracker All of 1 nodes getting started
@tracker All nodes finishes job
Trial 529 finished with value: 0.8963282968468196 and parameters: {'objective': 'binary:logistic', 'tree_method': 'gpu_hist', 'lambda': 2.37110316044771, 'alpha': 0.05336225648716136, 'colsample_bytree': 0.31423875487132574, 'subsample': 0.9593741964946587, 'learning_rate': 0.014889658779475793, 'max_depth': 20, 'min_child_weight': 28, 'eval_metric': 'logloss'}. Best is trial 222 with value: 0.8964450250425448.
start listen on 192.168.1.101:50867
@tracker All of 1 nodes getting started
@tracker All nodes finishes job
Trial 530 finished with value: 0.8900643270533788 and parameters: {'objective': 'binary:logistic', 'tree_method': 'gpu_hist', 'lambda': 0.11256023352924249, 'alpha': 0.03466948077219321, 'colsample_bytree': 0.3123947570644719, 'subsample': 0.9381359667918157, 'learning_rate': 0.0013754442358931355, 'max_depth': 20, 'min_child_weight': 28, 'eval_metric': 'logloss'}. Best is trial 222 with value: 0.8964450250425448.
start listen on 192.168.1.101:45701
@tracker All of 1 nodes getting started
@tracker All nodes finishes job
Trial 531 finished with value: 0.8962219610664565 and parameters: {'objective': 'binary:logistic', 'tree_method': 'gpu_hist', 'lambda': 3.0732872540649585, 'alpha': 0.028984337592502647, 'colsample_bytree': 0.30021259536494105, 'subsample': 0.986262145352543, 'learning_rate': 0.014415442126234464, 'max_depth': 20, 'min_child_weight': 35, 'eval_metric': 'logloss'}. Best is trial 222 with value: 0.8964450250425448.
start listen on 192.168.1.101:42779
@tracker All of 1 nodes getting started
@tracker All nodes finishes job
Trial 532 finished with value: 0.8960733628927678 and parameters: {'objective': 'binary:logistic', 'tree_method': 'gpu_hist', 'lambda': 2.4596957102396164, 'alpha': 0.04826222034905272, 'colsample_bytree': 0.3002731049392487, 'subsample': 0.9587366982486404, 'learning_rate': 0.01239495755054887, 'max_depth': 20, 'min_child_weight': 45, 'eval_metric': 'logloss'}. Best is trial 222 with value: 0.8964450250425448.
start listen on 192.168.1.101:37313
@tracker All of 1 nodes getting started
@tracker All nodes finishes job
Trial 533 finished with value: 0.8961369864352464 and parameters: {'objective': 'binary:logistic', 'tree_method': 'gpu_hist', 'lambda': 2.0672256105303024, 'alpha': 0.024920034310825862, 'colsample_bytree': 0.32423265361271997, 'subsample': 0.7705775689913107, 'learning_rate': 0.013383303723458877, 'max_depth': 20, 'min_child_weight': 27, 'eval_metric': 'logloss'}. Best is trial 222 with value: 0.8964450250425448.
start listen on 192.168.1.101:60413
@tracker All of 1 nodes getting started
@tracker All nodes finishes job
Trial 534 finished with value: 0.8947188392458191 and parameters: {'objective': 'binary:logistic', 'tree_method': 'gpu_hist', 'lambda': 3.8514017285579825, 'alpha': 0.03380117953624589, 'colsample_bytree': 0.33911767692736605, 'subsample': 0.9733438183282855, 'learning_rate': 0.015099994330502733, 'max_depth': 20, 'min_child_weight': 156, 'eval_metric': 'logloss'}. Best is trial 222 with value: 0.8964450250425448.
start listen on 192.168.1.101:57113
@tracker All of 1 nodes getting started
@tracker All nodes finishes job
Trial 535 finished with value: 0.8950425383363138 and parameters: {'objective': 'binary:logistic', 'tree_method': 'gpu_hist', 'lambda': 2.620001379578319, 'alpha': 0.06637881815474608, 'colsample_bytree': 0.3190296226675817, 'subsample': 0.9810422440436198, 'learning_rate': 0.015684731392473367, 'max_depth': 20, 'min_child_weight': 129, 'eval_metric': 'logloss'}. Best is trial 222 with value: 0.8964450250425448.
start listen on 192.168.1.101:60453
@tracker All of 1 nodes getting started
@tracker All nodes finishes job
Trial 536 finished with value: 0.8960793639341652 and parameters: {'objective': 'binary:logistic', 'tree_method': 'gpu_hist', 'lambda': 1.710257897088451, 'alpha': 0.05851577993139815, 'colsample_bytree': 0.3381345474121614, 'subsample': 0.9496945677327926, 'learning_rate': 0.0108721165366954, 'max_depth': 20, 'min_child_weight': 25, 'eval_metric': 'logloss'}. Best is trial 222 with value: 0.8964450250425448.
start listen on 192.168.1.101:33837
@tracker All of 1 nodes getting started
@tracker All nodes finishes job
Trial 537 finished with value: 0.8875812813786342 and parameters: {'objective': 'binary:logistic', 'tree_method': 'gpu_hist', 'lambda': 3.4253535263392334, 'alpha': 0.044436081690592134, 'colsample_bytree': 0.3131015620454787, 'subsample': 0.9890981582318437, 'learning_rate': 0.09925388977732667, 'max_depth': 20, 'min_child_weight': 37, 'eval_metric': 'logloss'}. Best is trial 222 with value: 0.8964450250425448.
start listen on 192.168.1.101:52061
@tracker All of 1 nodes getting started
@tracker All nodes finishes job
Trial 538 finished with value: 0.895990908397132 and parameters: {'objective': 'binary:logistic', 'tree_method': 'gpu_hist', 'lambda': 1.3598781710849284, 'alpha': 0.026468160858817712, 'colsample_bytree': 0.3291220811050799, 'subsample': 0.9698370506894416, 'learning_rate': 0.012098625367974354, 'max_depth': 20, 'min_child_weight': 47, 'eval_metric': 'logloss'}. Best is trial 222 with value: 0.8964450250425448.
start listen on 192.168.1.101:33815
@tracker All of 1 nodes getting started
@tracker All nodes finishes job
Trial 539 finished with value: 0.8908881476593926 and parameters: {'objective': 'binary:logistic', 'tree_method': 'gpu_hist', 'lambda': 2.429389683983353, 'alpha': 0.5763745849790254, 'colsample_bytree': 0.31581727646485525, 'subsample': 0.9997011917623243, 'learning_rate': 0.002468171124010498, 'max_depth': 20, 'min_child_weight': 32, 'eval_metric': 'logloss'}. Best is trial 222 with value: 0.8964450250425448.
start listen on 192.168.1.101:35557
@tracker All of 1 nodes getting started
@tracker All nodes finishes job
Trial 540 finished with value: 0.8955307008851303 and parameters: {'objective': 'binary:logistic', 'tree_method': 'gpu_hist', 'lambda': 1.8643859887943093, 'alpha': 0.8312562742548056, 'colsample_bytree': 0.5887852392347442, 'subsample': 0.9591537347625566, 'learning_rate': 0.014095817140293261, 'max_depth': 20, 'min_child_weight': 41, 'eval_metric': 'logloss'}. Best is trial 222 with value: 0.8964450250425448.
start listen on 192.168.1.101:48193
@tracker All of 1 nodes getting started
@tracker All nodes finishes job
Trial 541 finished with value: 0.8921699890729452 and parameters: {'objective': 'binary:logistic', 'tree_method': 'gpu_hist', 'lambda': 2.9300501125547807, 'alpha': 0.08439904079669791, 'colsample_bytree': 0.3001698023046236, 'subsample': 0.981140051850862, 'learning_rate': 0.006013582778523604, 'max_depth': 9, 'min_child_weight': 24, 'eval_metric': 'logloss'}. Best is trial 222 with value: 0.8964450250425448.
start listen on 192.168.1.101:48963
@tracker All of 1 nodes getting started
@tracker All nodes finishes job
Trial 542 finished with value: 0.8961937904491821 and parameters: {'objective': 'binary:logistic', 'tree_method': 'gpu_hist', 'lambda': 4.535868380387108, 'alpha': 0.05064925792070559, 'colsample_bytree': 0.34353859974787976, 'subsample': 0.9697147414859337, 'learning_rate': 0.01606961835673723, 'max_depth': 20, 'min_child_weight': 32, 'eval_metric': 'logloss'}. Best is trial 222 with value: 0.8964450250425448.
start listen on 192.168.1.101:50453
@tracker All of 1 nodes getting started
@tracker All nodes finishes job
Trial 543 finished with value: 0.8954073234694255 and parameters: {'objective': 'binary:logistic', 'tree_method': 'gpu_hist', 'lambda': 0.004510510311121732, 'alpha': 0.4371878636921059, 'colsample_bytree': 0.3266703966473491, 'subsample': 0.9875156410994923, 'learning_rate': 0.016182445541736482, 'max_depth': 11, 'min_child_weight': 55, 'eval_metric': 'logloss'}. Best is trial 222 with value: 0.8964450250425448.
start listen on 192.168.1.101:43405
@tracker All of 1 nodes getting started
@tracker All nodes finishes job
Trial 544 finished with value: 0.8932067715547045 and parameters: {'objective': 'binary:logistic', 'tree_method': 'gpu_hist', 'lambda': 2.168375755418363, 'alpha': 0.04062054445647804, 'colsample_bytree': 0.3134571887722689, 'subsample': 0.9192697520641111, 'learning_rate': 0.004575836626784794, 'max_depth': 20, 'min_child_weight': 38, 'eval_metric': 'logloss'}. Best is trial 222 with value: 0.8964450250425448.
start listen on 192.168.1.101:39553
@tracker All of 1 nodes getting started
@tracker All nodes finishes job
