Trial 293 finished with value: 0.8960986655713262 and parameters: {'objective': 'binary:logistic', 'tree_method': 'gpu_hist', 'lambda': 1.09448850636435, 'alpha': 2.3266246852650885, 'colsample_bytree': 0.3515232988961879, 'subsample': 0.9743416095749814, 'learning_rate': 0.01176851085322829, 'max_depth': 17, 'min_child_weight': 25, 'eval_metric': 'logloss'}. Best is trial 222 with value: 0.8964450250425448.
start listen on 192.168.1.101:50113
@tracker All of 1 nodes getting started
@tracker All nodes finishes job
Trial 294 finished with value: 0.8930399482089504 and parameters: {'objective': 'binary:logistic', 'tree_method': 'gpu_hist', 'lambda': 0.4094216512261383, 'alpha': 1.4183833600950735, 'colsample_bytree': 0.3322355784396844, 'subsample': 0.9848980989433921, 'learning_rate': 0.016186364451389504, 'max_depth': 7, 'min_child_weight': 35, 'eval_metric': 'logloss'}. Best is trial 222 with value: 0.8964450250425448.
start listen on 192.168.1.101:55109
@tracker All of 1 nodes getting started
@tracker All nodes finishes job
Trial 295 finished with value: 0.8960477691805888 and parameters: {'objective': 'binary:logistic', 'tree_method': 'gpu_hist', 'lambda': 0.33668227221242536, 'alpha': 2.842977231306654, 'colsample_bytree': 0.37171189605069044, 'subsample': 0.9655662318105236, 'learning_rate': 0.019532138172837832, 'max_depth': 13, 'min_child_weight': 12, 'eval_metric': 'logloss'}. Best is trial 222 with value: 0.8964450250425448.
start listen on 192.168.1.101:51317
@tracker All of 1 nodes getting started
@tracker All nodes finishes job
Trial 296 finished with value: 0.8961780336733803 and parameters: {'objective': 'binary:logistic', 'tree_method': 'gpu_hist', 'lambda': 0.17114014116559834, 'alpha': 0.0017884576582427297, 'colsample_bytree': 0.34380701264573515, 'subsample': 0.9545251692245535, 'learning_rate': 0.014690255514838081, 'max_depth': 17, 'min_child_weight': 29, 'eval_metric': 'logloss'}. Best is trial 222 with value: 0.8964450250425448.
start listen on 192.168.1.101:37973
@tracker All of 1 nodes getting started
@tracker All nodes finishes job
Trial 297 finished with value: 0.8960862366392213 and parameters: {'objective': 'binary:logistic', 'tree_method': 'gpu_hist', 'lambda': 0.573172722555327, 'alpha': 1.7715164069340903, 'colsample_bytree': 0.39204723576741163, 'subsample': 0.9803760342980253, 'learning_rate': 0.016486472740380956, 'max_depth': 15, 'min_child_weight': 21, 'eval_metric': 'logloss'}. Best is trial 222 with value: 0.8964450250425448.
start listen on 192.168.1.101:60465
@tracker All of 1 nodes getting started
@tracker All nodes finishes job
Trial 298 finished with value: 0.8959238643113592 and parameters: {'objective': 'binary:logistic', 'tree_method': 'gpu_hist', 'lambda': 0.7206631519511572, 'alpha': 4.570451288217195, 'colsample_bytree': 0.35990039783150013, 'subsample': 0.9902395225154536, 'learning_rate': 0.013445232903395277, 'max_depth': 17, 'min_child_weight': 42, 'eval_metric': 'logloss'}. Best is trial 222 with value: 0.8964450250425448.
start listen on 192.168.1.101:50545
@tracker All of 1 nodes getting started
@tracker All nodes finishes job
Trial 299 finished with value: 0.8963136567777994 and parameters: {'objective': 'binary:logistic', 'tree_method': 'gpu_hist', 'lambda': 1.4128536455602878, 'alpha': 1.0713095769690382, 'colsample_bytree': 0.32196175742063987, 'subsample': 0.9694332601069933, 'learning_rate': 0.017550856798002844, 'max_depth': 17, 'min_child_weight': 31, 'eval_metric': 'logloss'}. Best is trial 222 with value: 0.8964450250425448.
start listen on 192.168.1.101:42029
@tracker All of 1 nodes getting started
@tracker All nodes finishes job
Trial 300 finished with value: 0.8959944230772271 and parameters: {'objective': 'binary:logistic', 'tree_method': 'gpu_hist', 'lambda': 1.4702953092305915, 'alpha': 0.8152990110431243, 'colsample_bytree': 0.3112644850119506, 'subsample': 0.9414032551509618, 'learning_rate': 0.0184779626053819, 'max_depth': 17, 'min_child_weight': 18, 'eval_metric': 'logloss'}. Best is trial 222 with value: 0.8964450250425448.
start listen on 192.168.1.101:34231
@tracker All of 1 nodes getting started
@tracker All nodes finishes job
Trial 301 finished with value: 0.8959850690410794 and parameters: {'objective': 'binary:logistic', 'tree_method': 'gpu_hist', 'lambda': 1.7466287343766316, 'alpha': 1.083613717996046, 'colsample_bytree': 0.3266655734202306, 'subsample': 0.9628993921799783, 'learning_rate': 0.021820087768043624, 'max_depth': 17, 'min_child_weight': 26, 'eval_metric': 'logloss'}. Best is trial 222 with value: 0.8964450250425448.
start listen on 192.168.1.101:46195
@tracker All of 1 nodes getting started
@tracker All nodes finishes job
Trial 302 finished with value: 0.8960636481186508 and parameters: {'objective': 'binary:logistic', 'tree_method': 'gpu_hist', 'lambda': 1.4321097884031493, 'alpha': 0.6775659517869678, 'colsample_bytree': 0.31361609594447465, 'subsample': 0.9711126989955646, 'learning_rate': 0.020161061664815072, 'max_depth': 17, 'min_child_weight': 30, 'eval_metric': 'logloss'}. Best is trial 222 with value: 0.8964450250425448.
start listen on 192.168.1.101:52493
@tracker All of 1 nodes getting started
@tracker All nodes finishes job
Trial 303 finished with value: 0.8960400801441917 and parameters: {'objective': 'binary:logistic', 'tree_method': 'gpu_hist', 'lambda': 1.1379955398050443, 'alpha': 0.9729119720208274, 'colsample_bytree': 0.30253867815557256, 'subsample': 0.9500644398682561, 'learning_rate': 0.017348639232670132, 'max_depth': 17, 'min_child_weight': 52, 'eval_metric': 'logloss'}. Best is trial 222 with value: 0.8964450250425448.
start listen on 192.168.1.101:33141
@tracker All of 1 nodes getting started
@tracker All nodes finishes job
Trial 304 finished with value: 0.8962248325981799 and parameters: {'objective': 'binary:logistic', 'tree_method': 'gpu_hist', 'lambda': 1.837334710940256, 'alpha': 1.1352033806280393, 'colsample_bytree': 0.32932901966862804, 'subsample': 0.9326922939090707, 'learning_rate': 0.0158852189809317, 'max_depth': 17, 'min_child_weight': 14, 'eval_metric': 'logloss'}. Best is trial 222 with value: 0.8964450250425448.
start listen on 192.168.1.101:41551
@tracker All of 1 nodes getting started
@tracker All nodes finishes job
Trial 305 finished with value: 0.895725045950975 and parameters: {'objective': 'binary:logistic', 'tree_method': 'gpu_hist', 'lambda': 1.852715266383957, 'alpha': 0.9150671655774817, 'colsample_bytree': 0.323914146158362, 'subsample': 0.931355534842529, 'learning_rate': 0.015577824428674353, 'max_depth': 17, 'min_child_weight': 6, 'eval_metric': 'logloss'}. Best is trial 222 with value: 0.8964450250425448.
start listen on 192.168.1.101:43217
@tracker All of 1 nodes getting started
@tracker All nodes finishes job
Trial 306 finished with value: 0.8957043099851552 and parameters: {'objective': 'binary:logistic', 'tree_method': 'gpu_hist', 'lambda': 1.2671000079746262, 'alpha': 1.1406865748413302, 'colsample_bytree': 0.33246453554179023, 'subsample': 0.935716390592012, 'learning_rate': 0.01872313184974383, 'max_depth': 17, 'min_child_weight': 13, 'eval_metric': 'logloss'}. Best is trial 222 with value: 0.8964450250425448.
start listen on 192.168.1.101:45929
@tracker All of 1 nodes getting started
@tracker All nodes finishes job
Trial 307 finished with value: 0.8956979884474743 and parameters: {'objective': 'binary:logistic', 'tree_method': 'gpu_hist', 'lambda': 1.5302141002816356, 'alpha': 1.2520003702655496, 'colsample_bytree': 0.31970082535451383, 'subsample': 0.9536330351659965, 'learning_rate': 0.015971524277151518, 'max_depth': 17, 'min_child_weight': 7, 'eval_metric': 'logloss'}. Best is trial 222 with value: 0.8964450250425448.
start listen on 192.168.1.101:60701
@tracker All of 1 nodes getting started
@tracker All nodes finishes job
Trial 308 finished with value: 0.8828287684650055 and parameters: {'objective': 'binary:logistic', 'tree_method': 'gpu_hist', 'lambda': 0.24870990843105248, 'alpha': 1.3394437779407091, 'colsample_bytree': 0.7865218121793114, 'subsample': 0.9423846742141254, 'learning_rate': 0.01445094143701432, 'max_depth': 3, 'min_child_weight': 19, 'eval_metric': 'logloss'}. Best is trial 222 with value: 0.8964450250425448.
start listen on 192.168.1.101:41083
@tracker All of 1 nodes getting started
@tracker All nodes finishes job
Trial 309 finished with value: 0.8956757930019421 and parameters: {'objective': 'binary:logistic', 'tree_method': 'gpu_hist', 'lambda': 1.7662941559550083, 'alpha': 0.8287442621580557, 'colsample_bytree': 0.3379749297660563, 'subsample': 0.5044977280688413, 'learning_rate': 0.017638609218200266, 'max_depth': 17, 'min_child_weight': 14, 'eval_metric': 'logloss'}. Best is trial 222 with value: 0.8964450250425448.
start listen on 192.168.1.101:43433
@tracker All of 1 nodes getting started
@tracker All nodes finishes job
Trial 310 finished with value: 0.8961154909076066 and parameters: {'objective': 'binary:logistic', 'tree_method': 'gpu_hist', 'lambda': 1.998482488396793, 'alpha': 1.087468574656915, 'colsample_bytree': 0.3134801203548858, 'subsample': 0.96686261326668, 'learning_rate': 0.01970436250599165, 'max_depth': 17, 'min_child_weight': 21, 'eval_metric': 'logloss'}. Best is trial 222 with value: 0.8964450250425448.
start listen on 192.168.1.101:50031
@tracker All of 1 nodes getting started
@tracker All nodes finishes job
Trial 311 finished with value: 0.8942689242635665 and parameters: {'objective': 'binary:logistic', 'tree_method': 'gpu_hist', 'lambda': 1.0169660686613011, 'alpha': 0.5211451171835264, 'colsample_bytree': 0.32970969097316355, 'subsample': 0.9999999800816703, 'learning_rate': 0.012754541675324515, 'max_depth': 17, 'min_child_weight': 139, 'eval_metric': 'logloss'}. Best is trial 222 with value: 0.8964450250425448.
start listen on 192.168.1.101:37913
@tracker All of 1 nodes getting started
@tracker All nodes finishes job
Trial 312 finished with value: 0.8956896907555794 and parameters: {'objective': 'binary:logistic', 'tree_method': 'gpu_hist', 'lambda': 1.3054105044969102, 'alpha': 1.766696299872709, 'colsample_bytree': 0.3021295646884838, 'subsample': 0.9220908571722259, 'learning_rate': 0.009748094151933359, 'max_depth': 15, 'min_child_weight': 24, 'eval_metric': 'logloss'}. Best is trial 222 with value: 0.8964450250425448.
start listen on 192.168.1.101:59977
@tracker All of 1 nodes getting started
@tracker All nodes finishes job
Trial 313 finished with value: 0.8895104541432336 and parameters: {'objective': 'binary:logistic', 'tree_method': 'gpu_hist', 'lambda': 2.121709060622765, 'alpha': 1.344494546577814, 'colsample_bytree': 0.3423887520034598, 'subsample': 0.9572662313131459, 'learning_rate': 0.0153202674047595, 'max_depth': 5, 'min_child_weight': 14, 'eval_metric': 'logloss'}. Best is trial 222 with value: 0.8964450250425448.
start listen on 192.168.1.101:52557
@tracker All of 1 nodes getting started
@tracker All nodes finishes job
Trial 314 finished with value: 0.8960402669805901 and parameters: {'objective': 'binary:logistic', 'tree_method': 'gpu_hist', 'lambda': 0.8480213089903607, 'alpha': 2.0497591372691852, 'colsample_bytree': 0.32501427815990525, 'subsample': 0.9714560502700424, 'learning_rate': 0.022790643125107722, 'max_depth': 17, 'min_child_weight': 27, 'eval_metric': 'logloss'}. Best is trial 222 with value: 0.8964450250425448.
start listen on 192.168.1.101:59177
@tracker All of 1 nodes getting started
@tracker All nodes finishes job
Trial 315 finished with value: 0.8960543645054533 and parameters: {'objective': 'binary:logistic', 'tree_method': 'gpu_hist', 'lambda': 1.587538660703825, 'alpha': 1.529910058167439, 'colsample_bytree': 0.3440462230514752, 'subsample': 0.9477319651947557, 'learning_rate': 0.016970011389430547, 'max_depth': 17, 'min_child_weight': 20, 'eval_metric': 'logloss'}. Best is trial 222 with value: 0.8964450250425448.
start listen on 192.168.1.101:33873
@tracker All of 1 nodes getting started
@tracker All nodes finishes job
Trial 316 finished with value: 0.8950709072876113 and parameters: {'objective': 'binary:logistic', 'tree_method': 'gpu_hist', 'lambda': 0.31233149255058207, 'alpha': 1.091017984966761, 'colsample_bytree': 0.3161928849797033, 'subsample': 0.9745574457363986, 'learning_rate': 0.02073713773562875, 'max_depth': 17, 'min_child_weight': 7, 'eval_metric': 'logloss'}. Best is trial 222 with value: 0.8964450250425448.
start listen on 192.168.1.101:53859
@tracker All of 1 nodes getting started
@tracker All nodes finishes job
Trial 317 finished with value: 0.8958372491128506 and parameters: {'objective': 'binary:logistic', 'tree_method': 'gpu_hist', 'lambda': 0.4623169822086597, 'alpha': 3.614562721317666, 'colsample_bytree': 0.33314968573007814, 'subsample': 0.9303124090593294, 'learning_rate': 0.013799911919089696, 'max_depth': 17, 'min_child_weight': 39, 'eval_metric': 'logloss'}. Best is trial 222 with value: 0.8964450250425448.
start listen on 192.168.1.101:39653
@tracker All of 1 nodes getting started
@tracker All nodes finishes job
Trial 318 finished with value: 0.8941011264941343 and parameters: {'objective': 'binary:logistic', 'tree_method': 'gpu_hist', 'lambda': 1.1870265353071126, 'alpha': 1.7449573375550325, 'colsample_bytree': 0.3491833661163782, 'subsample': 0.9595751499273597, 'learning_rate': 0.01150565359978862, 'max_depth': 9, 'min_child_weight': 30, 'eval_metric': 'logloss'}. Best is trial 222 with value: 0.8964450250425448.
start listen on 192.168.1.101:54797
@tracker All of 1 nodes getting started
@tracker All nodes finishes job
Trial 319 finished with value: 0.896044484452984 and parameters: {'objective': 'binary:logistic', 'tree_method': 'gpu_hist', 'lambda': 0.39642490044245793, 'alpha': 2.9802221219416873, 'colsample_bytree': 0.36799145598534755, 'subsample': 0.991398791113188, 'learning_rate': 0.018353350294334776, 'max_depth': 17, 'min_child_weight': 24, 'eval_metric': 'logloss'}. Best is trial 222 with value: 0.8964450250425448.
start listen on 192.168.1.101:40103
@tracker All of 1 nodes getting started
@tracker All nodes finishes job
Trial 320 finished with value: 0.8961335472083122 and parameters: {'objective': 'binary:logistic', 'tree_method': 'gpu_hist', 'lambda': 2.796111321836066, 'alpha': 1.4058587432447394, 'colsample_bytree': 0.3283838480446136, 'subsample': 0.9784258617881154, 'learning_rate': 0.016077674394335544, 'max_depth': 17, 'min_child_weight': 12, 'eval_metric': 'logloss'}. Best is trial 222 with value: 0.8964450250425448.
start listen on 192.168.1.101:52655
@tracker All of 1 nodes getting started
@tracker All nodes finishes job
Trial 321 finished with value: 0.8960920637790479 and parameters: {'objective': 'binary:logistic', 'tree_method': 'gpu_hist', 'lambda': 1.888741916757637, 'alpha': 2.053997337347256, 'colsample_bytree': 0.3805334675917822, 'subsample': 0.9694525708717863, 'learning_rate': 0.015128962493315027, 'max_depth': 17, 'min_child_weight': 35, 'eval_metric': 'logloss'}. Best is trial 222 with value: 0.8964450250425448.
start listen on 192.168.1.101:49249
@tracker All of 1 nodes getting started
@tracker All nodes finishes job
Trial 322 finished with value: 0.8960798899504872 and parameters: {'objective': 'binary:logistic', 'tree_method': 'gpu_hist', 'lambda': 0.1181599091009505, 'alpha': 0.8846224735599506, 'colsample_bytree': 0.30236496081779357, 'subsample': 0.9566853172752783, 'learning_rate': 0.018911901593065328, 'max_depth': 11, 'min_child_weight': 18, 'eval_metric': 'logloss'}. Best is trial 222 with value: 0.8964450250425448.
start listen on 192.168.1.101:48173
@tracker All of 1 nodes getting started
@tracker All nodes finishes job
Trial 323 finished with value: 0.8960556428975796 and parameters: {'objective': 'binary:logistic', 'tree_method': 'gpu_hist', 'lambda': 1.4713822231144584, 'alpha': 2.47552787160747, 'colsample_bytree': 0.34446159015211464, 'subsample': 0.9431744709458982, 'learning_rate': 0.01331613808791199, 'max_depth': 17, 'min_child_weight': 29, 'eval_metric': 'logloss'}. Best is trial 222 with value: 0.8964450250425448.
start listen on 192.168.1.101:37697
@tracker All of 1 nodes getting started
@tracker All nodes finishes job
Trial 324 finished with value: 0.8962545173088832 and parameters: {'objective': 'binary:logistic', 'tree_method': 'gpu_hist', 'lambda': 0.861151321607129, 'alpha': 1.586331265590055, 'colsample_bytree': 0.3598989266527253, 'subsample': 0.9889729592163957, 'learning_rate': 0.016782489726203643, 'max_depth': 17, 'min_child_weight': 24, 'eval_metric': 'logloss'}. Best is trial 222 with value: 0.8964450250425448.
start listen on 192.168.1.101:36187
@tracker All of 1 nodes getting started
@tracker All nodes finishes job
Trial 325 finished with value: 0.8961290530743282 and parameters: {'objective': 'binary:logistic', 'tree_method': 'gpu_hist', 'lambda': 0.9015404418970778, 'alpha': 1.2283098971487472, 'colsample_bytree': 0.36133214838548494, 'subsample': 0.9918687958359856, 'learning_rate': 0.014345526884343034, 'max_depth': 17, 'min_child_weight': 38, 'eval_metric': 'logloss'}. Best is trial 222 with value: 0.8964450250425448.
start listen on 192.168.1.101:47149
@tracker All of 1 nodes getting started
@tracker All nodes finishes job
Trial 326 finished with value: 0.8961091248166309 and parameters: {'objective': 'binary:logistic', 'tree_method': 'gpu_hist', 'lambda': 0.0015128869832654625, 'alpha': 1.680041812116956, 'colsample_bytree': 0.37488065224654304, 'subsample': 0.979221864866807, 'learning_rate': 0.01667532957373612, 'max_depth': 13, 'min_child_weight': 25, 'eval_metric': 'logloss'}. Best is trial 222 with value: 0.8964450250425448.
start listen on 192.168.1.101:52885
@tracker All of 1 nodes getting started
@tracker All nodes finishes job
Trial 327 finished with value: 0.8959988827183375 and parameters: {'objective': 'binary:logistic', 'tree_method': 'gpu_hist', 'lambda': 0.9534736393027693, 'alpha': 2.095312333958508, 'colsample_bytree': 0.38904405633761374, 'subsample': 0.9990400781278288, 'learning_rate': 0.020087096048916814, 'max_depth': 17, 'min_child_weight': 45, 'eval_metric': 'logloss'}. Best is trial 222 with value: 0.8964450250425448.
start listen on 192.168.1.101:37701
@tracker All of 1 nodes getting started
@tracker All nodes finishes job
Trial 328 finished with value: 0.8942958078654961 and parameters: {'objective': 'binary:logistic', 'tree_method': 'gpu_hist', 'lambda': 0.6811131636199055, 'alpha': 1.4838591878636944, 'colsample_bytree': 0.884414314521317, 'subsample': 0.9841193191658549, 'learning_rate': 0.015198041083438571, 'max_depth': 17, 'min_child_weight': 30, 'eval_metric': 'logloss'}. Best is trial 222 with value: 0.8964450250425448.
start listen on 192.168.1.101:54445
@tracker All of 1 nodes getting started
@tracker All nodes finishes job
Trial 329 finished with value: 0.8934630845050969 and parameters: {'objective': 'binary:logistic', 'tree_method': 'gpu_hist', 'lambda': 1.0277251950488535, 'alpha': 0.9956181867813358, 'colsample_bytree': 0.3588753395541128, 'subsample': 0.9680286195484125, 'learning_rate': 0.017786290578872016, 'max_depth': 7, 'min_child_weight': 34, 'eval_metric': 'logloss'}. Best is trial 222 with value: 0.8964450250425448.
start listen on 192.168.1.101:46259
@tracker All of 1 nodes getting started
@tracker All nodes finishes job
Trial 330 finished with value: 0.8960337262694419 and parameters: {'objective': 'binary:logistic', 'tree_method': 'gpu_hist', 'lambda': 0.8147301940488919, 'alpha': 2.7164002153009243, 'colsample_bytree': 0.34822281292020224, 'subsample': 0.988893929994796, 'learning_rate': 0.012151954095591104, 'max_depth': 15, 'min_child_weight': 17, 'eval_metric': 'logloss'}. Best is trial 222 with value: 0.8964450250425448.
start listen on 192.168.1.101:49105
@tracker All of 1 nodes getting started
@tracker All nodes finishes job
Trial 331 finished with value: 0.8942886814940991 and parameters: {'objective': 'binary:logistic', 'tree_method': 'gpu_hist', 'lambda': 0.5015923459313595, 'alpha': 1.2111324392280292, 'colsample_bytree': 0.33882003475384603, 'subsample': 0.9780141607358361, 'learning_rate': 0.01059446861253571, 'max_depth': 17, 'min_child_weight': 113, 'eval_metric': 'logloss'}. Best is trial 222 with value: 0.8964450250425448.
start listen on 192.168.1.101:54079
@tracker All of 1 nodes getting started
@tracker All nodes finishes job
Trial 332 finished with value: 0.8941755398386221 and parameters: {'objective': 'binary:logistic', 'tree_method': 'gpu_hist', 'lambda': 0.20132594446845622, 'alpha': 1.9383266773303944, 'colsample_bytree': 0.41028984730824813, 'subsample': 0.9996545760860702, 'learning_rate': 0.0054754947850265846, 'max_depth': 17, 'min_child_weight': 24, 'eval_metric': 'logloss'}. Best is trial 222 with value: 0.8964450250425448.
start listen on 192.168.1.101:36153
@tracker All of 1 nodes getting started
@tracker All nodes finishes job
Trial 333 finished with value: 0.8959041501969184 and parameters: {'objective': 'binary:logistic', 'tree_method': 'gpu_hist', 'lambda': 1.262714880801379, 'alpha': 4.021505239745655, 'colsample_bytree': 0.36448740147150605, 'subsample': 0.9648076844149465, 'learning_rate': 0.02315195730514173, 'max_depth': 17, 'min_child_weight': 39, 'eval_metric': 'logloss'}. Best is trial 222 with value: 0.8964450250425448.
start listen on 192.168.1.101:44985
@tracker All of 1 nodes getting started
@tracker All nodes finishes job
Trial 334 finished with value: 0.8886614091862283 and parameters: {'objective': 'binary:logistic', 'tree_method': 'gpu_hist', 'lambda': 0.5923748644821404, 'alpha': 3.2124739925375274, 'colsample_bytree': 0.38103382510810846, 'subsample': 0.9771495762204472, 'learning_rate': 0.0017259494162000812, 'max_depth': 17, 'min_child_weight': 30, 'eval_metric': 'logloss'}. Best is trial 222 with value: 0.8964450250425448.
start listen on 192.168.1.101:42599
@tracker All of 1 nodes getting started
@tracker All nodes finishes job
