Trial 629 finished with value: 0.8961123779257681 and parameters: {'objective': 'binary:logistic', 'tree_method': 'gpu_hist', 'lambda': 2.9162543192560175, 'alpha': 0.024256456022917792, 'colsample_bytree': 0.33294814600253286, 'subsample': 0.9634373745966422, 'learning_rate': 0.012433554902880015, 'max_depth': 20, 'min_child_weight': 19, 'eval_metric': 'logloss'}. Best is trial 222 with value: 0.8964450250425448.
start listen on 192.168.1.101:46299
@tracker All of 1 nodes getting started
@tracker All nodes finishes job
Trial 630 finished with value: 0.8959178668629695 and parameters: {'objective': 'binary:logistic', 'tree_method': 'gpu_hist', 'lambda': 1.8909569971244125, 'alpha': 0.0010978875295163566, 'colsample_bytree': 0.32618437796858785, 'subsample': 0.9898247145591991, 'learning_rate': 0.01658680562731791, 'max_depth': 11, 'min_child_weight': 30, 'eval_metric': 'logloss'}. Best is trial 222 with value: 0.8964450250425448.
start listen on 192.168.1.101:58955
@tracker All of 1 nodes getting started
@tracker All nodes finishes job
Trial 631 finished with value: 0.896036893864997 and parameters: {'objective': 'binary:logistic', 'tree_method': 'gpu_hist', 'lambda': 1.5361615001103175, 'alpha': 0.033206623584126876, 'colsample_bytree': 0.347014664244283, 'subsample': 0.9783618705863986, 'learning_rate': 0.010859998834493496, 'max_depth': 20, 'min_child_weight': 38, 'eval_metric': 'logloss'}. Best is trial 222 with value: 0.8964450250425448.
start listen on 192.168.1.101:52801
@tracker All of 1 nodes getting started
@tracker All nodes finishes job
Trial 632 finished with value: 0.8961642717354327 and parameters: {'objective': 'binary:logistic', 'tree_method': 'gpu_hist', 'lambda': 4.743879416365639, 'alpha': 0.026091865143647603, 'colsample_bytree': 0.3256664299495815, 'subsample': 0.9522034519015053, 'learning_rate': 0.013762591762240988, 'max_depth': 20, 'min_child_weight': 26, 'eval_metric': 'logloss'}. Best is trial 222 with value: 0.8964450250425448.
start listen on 192.168.1.101:35945
@tracker All of 1 nodes getting started
@tracker All nodes finishes job
Trial 633 finished with value: 0.8931233275447586 and parameters: {'objective': 'binary:logistic', 'tree_method': 'gpu_hist', 'lambda': 3.0505259936772533, 'alpha': 0.015503524688610102, 'colsample_bytree': 0.35818960813897244, 'subsample': 0.9672690124649838, 'learning_rate': 0.01513424048180205, 'max_depth': 7, 'min_child_weight': 12, 'eval_metric': 'logloss'}. Best is trial 222 with value: 0.8964450250425448.
start listen on 192.168.1.101:38955
@tracker All of 1 nodes getting started
@tracker All nodes finishes job
Trial 634 finished with value: 0.8961668536707386 and parameters: {'objective': 'binary:logistic', 'tree_method': 'gpu_hist', 'lambda': 5.755932812586553, 'alpha': 0.019490959486484185, 'colsample_bytree': 0.3375986686098346, 'subsample': 0.9809532005455939, 'learning_rate': 0.016153534637703994, 'max_depth': 20, 'min_child_weight': 21, 'eval_metric': 'logloss'}. Best is trial 222 with value: 0.8964450250425448.
start listen on 192.168.1.101:43785
@tracker All of 1 nodes getting started
@tracker All nodes finishes job
Trial 635 finished with value: 0.8961445497163751 and parameters: {'objective': 'binary:logistic', 'tree_method': 'gpu_hist', 'lambda': 2.454149486362636, 'alpha': 0.028778456061067506, 'colsample_bytree': 0.3229002224077302, 'subsample': 0.9910635901001466, 'learning_rate': 0.011804918983449094, 'max_depth': 20, 'min_child_weight': 33, 'eval_metric': 'logloss'}. Best is trial 222 with value: 0.8964450250425448.
start listen on 192.168.1.101:57687
@tracker All of 1 nodes getting started
@tracker All nodes finishes job
Trial 636 finished with value: 0.8961267161821448 and parameters: {'objective': 'binary:logistic', 'tree_method': 'gpu_hist', 'lambda': 3.7443656044906404, 'alpha': 0.045773341359669525, 'colsample_bytree': 0.33866578249025625, 'subsample': 0.9578932140101822, 'learning_rate': 0.013347541215916619, 'max_depth': 20, 'min_child_weight': 39, 'eval_metric': 'logloss'}. Best is trial 222 with value: 0.8964450250425448.
start listen on 192.168.1.101:46269
@tracker All of 1 nodes getting started
@tracker All nodes finishes job
Trial 637 finished with value: 0.8960585970684793 and parameters: {'objective': 'binary:logistic', 'tree_method': 'gpu_hist', 'lambda': 1.9359825792447276, 'alpha': 0.05803171349343324, 'colsample_bytree': 0.31466601175737297, 'subsample': 0.9994734828091646, 'learning_rate': 0.014765073842840794, 'max_depth': 13, 'min_child_weight': 26, 'eval_metric': 'logloss'}. Best is trial 222 with value: 0.8964450250425448.
start listen on 192.168.1.101:57499
@tracker All of 1 nodes getting started
@tracker All nodes finishes job
Trial 638 finished with value: 0.895844370454037 and parameters: {'objective': 'binary:logistic', 'tree_method': 'gpu_hist', 'lambda': 1.4999694133698038, 'alpha': 0.03921016767610773, 'colsample_bytree': 0.314117964654483, 'subsample': 0.972893204104403, 'learning_rate': 0.017166693302450027, 'max_depth': 20, 'min_child_weight': 18, 'eval_metric': 'logloss'}. Best is trial 222 with value: 0.8964450250425448.
start listen on 192.168.1.101:57831
@tracker All of 1 nodes getting started
@tracker All nodes finishes job
Trial 639 finished with value: 0.8961666237182485 and parameters: {'objective': 'binary:logistic', 'tree_method': 'gpu_hist', 'lambda': 1.105793781968841, 'alpha': 0.04643777705406944, 'colsample_bytree': 0.35476856482810226, 'subsample': 0.9422695958520176, 'learning_rate': 0.015680286022738923, 'max_depth': 20, 'min_child_weight': 30, 'eval_metric': 'logloss'}. Best is trial 222 with value: 0.8964450250425448.
start listen on 192.168.1.101:47865
@tracker All of 1 nodes getting started
@tracker All nodes finishes job
Trial 640 finished with value: 0.8962851512922109 and parameters: {'objective': 'binary:logistic', 'tree_method': 'gpu_hist', 'lambda': 1.945475679935738, 'alpha': 0.03440420942457692, 'colsample_bytree': 0.3286853808854002, 'subsample': 0.979518171163931, 'learning_rate': 0.012411255778849467, 'max_depth': 20, 'min_child_weight': 35, 'eval_metric': 'logloss'}. Best is trial 222 with value: 0.8964450250425448.
start listen on 192.168.1.101:44875
@tracker All of 1 nodes getting started
@tracker All nodes finishes job
Trial 641 finished with value: 0.86996203556244 and parameters: {'objective': 'binary:logistic', 'tree_method': 'gpu_hist', 'lambda': 3.1174543425738435, 'alpha': 0.021163898443740385, 'colsample_bytree': 0.30000968419095597, 'subsample': 0.96298740884369, 'learning_rate': 0.001759647656375834, 'max_depth': 3, 'min_child_weight': 6, 'eval_metric': 'logloss'}. Best is trial 222 with value: 0.8964450250425448.
start listen on 192.168.1.101:50311
@tracker All of 1 nodes getting started
@tracker All nodes finishes job
Trial 642 finished with value: 0.8957513834157401 and parameters: {'objective': 'binary:logistic', 'tree_method': 'gpu_hist', 'lambda': 2.3960298852051864, 'alpha': 0.3598275168127735, 'colsample_bytree': 0.49940910107443914, 'subsample': 0.928628630120821, 'learning_rate': 0.014159884537664758, 'max_depth': 20, 'min_child_weight': 41, 'eval_metric': 'logloss'}. Best is trial 222 with value: 0.8964450250425448.
start listen on 192.168.1.101:50987
@tracker All of 1 nodes getting started
@tracker All nodes finishes job
Trial 643 finished with value: 0.8960480810536537 and parameters: {'objective': 'binary:logistic', 'tree_method': 'gpu_hist', 'lambda': 0.07105072711364754, 'alpha': 0.503387655457363, 'colsample_bytree': 0.34105879797721944, 'subsample': 0.950408280545696, 'learning_rate': 0.017405941241395335, 'max_depth': 20, 'min_child_weight': 23, 'eval_metric': 'logloss'}. Best is trial 222 with value: 0.8964450250425448.
start listen on 192.168.1.101:56553
@tracker All of 1 nodes getting started
@tracker All nodes finishes job
Trial 644 finished with value: 0.8963208708185834 and parameters: {'objective': 'binary:logistic', 'tree_method': 'gpu_hist', 'lambda': 1.348830098386459, 'alpha': 0.0510188807283446, 'colsample_bytree': 0.3197015939389196, 'subsample': 0.9998537888606482, 'learning_rate': 0.010269412997752369, 'max_depth': 20, 'min_child_weight': 16, 'eval_metric': 'logloss'}. Best is trial 222 with value: 0.8964450250425448.
start listen on 192.168.1.101:46965
@tracker All of 1 nodes getting started
@tracker All nodes finishes job
Trial 645 finished with value: 0.8870480014326041 and parameters: {'objective': 'binary:logistic', 'tree_method': 'gpu_hist', 'lambda': 1.2364538286746598, 'alpha': 0.05149661807650314, 'colsample_bytree': 0.31351852527438895, 'subsample': 0.9928936107821084, 'learning_rate': 0.00926180956196957, 'max_depth': 5, 'min_child_weight': 10, 'eval_metric': 'logloss'}. Best is trial 222 with value: 0.8964450250425448.
start listen on 192.168.1.101:39475
@tracker All of 1 nodes getting started
@tracker All nodes finishes job
Trial 646 finished with value: 0.8913816752872502 and parameters: {'objective': 'binary:logistic', 'tree_method': 'gpu_hist', 'lambda': 2.6900178115661126, 'alpha': 0.0742414150344245, 'colsample_bytree': 0.3226428291020735, 'subsample': 0.9991854195171816, 'learning_rate': 0.008974381425508247, 'max_depth': 20, 'min_child_weight': 249, 'eval_metric': 'logloss'}. Best is trial 222 with value: 0.8964450250425448.
start listen on 192.168.1.101:58497
@tracker All of 1 nodes getting started
@tracker All nodes finishes job
Trial 647 finished with value: 0.895631542956778 and parameters: {'objective': 'binary:logistic', 'tree_method': 'gpu_hist', 'lambda': 1.080749176339002, 'alpha': 0.04354617161604532, 'colsample_bytree': 0.3153269996392164, 'subsample': 0.9869115001421539, 'learning_rate': 0.010382268962997583, 'max_depth': 20, 'min_child_weight': 3, 'eval_metric': 'logloss'}. Best is trial 222 with value: 0.8964450250425448.
start listen on 192.168.1.101:48495
@tracker All of 1 nodes getting started
@tracker All nodes finishes job
Trial 648 finished with value: 0.8963217877541388 and parameters: {'objective': 'binary:logistic', 'tree_method': 'gpu_hist', 'lambda': 0.009459911906264223, 'alpha': 0.03884039451779579, 'colsample_bytree': 0.3125612558245697, 'subsample': 0.9895659880134511, 'learning_rate': 0.010412662581043855, 'max_depth': 20, 'min_child_weight': 15, 'eval_metric': 'logloss'}. Best is trial 222 with value: 0.8964450250425448.
start listen on 192.168.1.101:39035
@tracker All of 1 nodes getting started
@tracker All nodes finishes job
Trial 649 finished with value: 0.8962092583471677 and parameters: {'objective': 'binary:logistic', 'tree_method': 'gpu_hist', 'lambda': 0.005969746973420254, 'alpha': 0.050021410293316554, 'colsample_bytree': 0.32771449372068856, 'subsample': 0.9992192346218516, 'learning_rate': 0.010607654973531028, 'max_depth': 20, 'min_child_weight': 10, 'eval_metric': 'logloss'}. Best is trial 222 with value: 0.8964450250425448.
start listen on 192.168.1.101:41209
@tracker All of 1 nodes getting started
@tracker All nodes finishes job
Trial 650 finished with value: 0.8962206855487364 and parameters: {'objective': 'binary:logistic', 'tree_method': 'gpu_hist', 'lambda': 0.0015644239327719898, 'alpha': 0.05854688571200999, 'colsample_bytree': 0.3003206285919049, 'subsample': 0.9883546347681635, 'learning_rate': 0.010656126431292164, 'max_depth': 20, 'min_child_weight': 14, 'eval_metric': 'logloss'}. Best is trial 222 with value: 0.8964450250425448.
start listen on 192.168.1.101:58061
@tracker All of 1 nodes getting started
@tracker All nodes finishes job
Trial 651 finished with value: 0.8935794663348835 and parameters: {'objective': 'binary:logistic', 'tree_method': 'gpu_hist', 'lambda': 5.253463689545048, 'alpha': 0.03688086506396165, 'colsample_bytree': 0.3257039400220829, 'subsample': 0.9899282475543296, 'learning_rate': 0.008092166585617257, 'max_depth': 9, 'min_child_weight': 1, 'eval_metric': 'logloss'}. Best is trial 222 with value: 0.8964450250425448.
start listen on 192.168.1.101:45677
@tracker All of 1 nodes getting started
@tracker All nodes finishes job
Trial 652 finished with value: 0.896107787499179 and parameters: {'objective': 'binary:logistic', 'tree_method': 'gpu_hist', 'lambda': 4.552042966799149, 'alpha': 0.06472649136010016, 'colsample_bytree': 0.3145830618662644, 'subsample': 0.9984565108027158, 'learning_rate': 0.009875722696488424, 'max_depth': 20, 'min_child_weight': 9, 'eval_metric': 'logloss'}. Best is trial 222 with value: 0.8964450250425448.
start listen on 192.168.1.101:34013
@tracker All of 1 nodes getting started
@tracker All nodes finishes job
Trial 653 finished with value: 0.8961665108978077 and parameters: {'objective': 'binary:logistic', 'tree_method': 'gpu_hist', 'lambda': 3.8208721124266267, 'alpha': 0.04092378797211264, 'colsample_bytree': 0.3293045184320575, 'subsample': 0.983005029767895, 'learning_rate': 0.008877854896238884, 'max_depth': 20, 'min_child_weight': 16, 'eval_metric': 'logloss'}. Best is trial 222 with value: 0.8964450250425448.
start listen on 192.168.1.101:47419
@tracker All of 1 nodes getting started
@tracker All nodes finishes job
Trial 654 finished with value: 0.895281080989411 and parameters: {'objective': 'binary:logistic', 'tree_method': 'gpu_hist', 'lambda': 0.0033111803558295034, 'alpha': 0.04756636698973291, 'colsample_bytree': 0.3112496285438299, 'subsample': 0.9903531589851029, 'learning_rate': 0.008592881521440903, 'max_depth': 11, 'min_child_weight': 15, 'eval_metric': 'logloss'}. Best is trial 222 with value: 0.8964450250425448.
start listen on 192.168.1.101:55409
@tracker All of 1 nodes getting started
@tracker All nodes finishes job
Trial 655 finished with value: 0.896239101150208 and parameters: {'objective': 'binary:logistic', 'tree_method': 'gpu_hist', 'lambda': 0.012967623653936377, 'alpha': 0.03695212401282902, 'colsample_bytree': 0.3000362433060004, 'subsample': 0.9814560062645654, 'learning_rate': 0.007784535886188048, 'max_depth': 20, 'min_child_weight': 9, 'eval_metric': 'logloss'}. Best is trial 222 with value: 0.8964450250425448.
start listen on 192.168.1.101:55803
@tracker All of 1 nodes getting started
@tracker All nodes finishes job
Trial 656 finished with value: 0.8957700253766945 and parameters: {'objective': 'binary:logistic', 'tree_method': 'gpu_hist', 'lambda': 0.022462231606819448, 'alpha': 0.03990369823316141, 'colsample_bytree': 0.3357664563642827, 'subsample': 0.9810282925249066, 'learning_rate': 0.01048203966317845, 'max_depth': 13, 'min_child_weight': 16, 'eval_metric': 'logloss'}. Best is trial 222 with value: 0.8964450250425448.
start listen on 192.168.1.101:53823
@tracker All of 1 nodes getting started
@tracker All nodes finishes job
Trial 657 finished with value: 0.896333125130516 and parameters: {'objective': 'binary:logistic', 'tree_method': 'gpu_hist', 'lambda': 1.0539865347393436, 'alpha': 0.07224873644520016, 'colsample_bytree': 0.3235837995901224, 'subsample': 0.9921086632656453, 'learning_rate': 0.011514688191960663, 'max_depth': 20, 'min_child_weight': 20, 'eval_metric': 'logloss'}. Best is trial 222 with value: 0.8964450250425448.
start listen on 192.168.1.101:38779
@tracker All of 1 nodes getting started
@tracker All nodes finishes job
Trial 658 finished with value: 0.8958379691515861 and parameters: {'objective': 'binary:logistic', 'tree_method': 'gpu_hist', 'lambda': 0.9637290279185654, 'alpha': 0.09401612120511023, 'colsample_bytree': 0.34514981206490464, 'subsample': 0.9970088696921061, 'learning_rate': 0.00985590468077726, 'max_depth': 20, 'min_child_weight': 5, 'eval_metric': 'logloss'}. Best is trial 222 with value: 0.8964450250425448.
start listen on 192.168.1.101:39949
@tracker All of 1 nodes getting started
@tracker All nodes finishes job
Trial 659 finished with value: 0.8900398205853182 and parameters: {'objective': 'binary:logistic', 'tree_method': 'gpu_hist', 'lambda': 0.9622849779352615, 'alpha': 0.07079894155178619, 'colsample_bytree': 0.9937314764221852, 'subsample': 0.99142406773561, 'learning_rate': 0.009491089348776016, 'max_depth': 7, 'min_child_weight': 17, 'eval_metric': 'logloss'}. Best is trial 222 with value: 0.8964450250425448.
start listen on 192.168.1.101:55037
@tracker All of 1 nodes getting started
@tracker All nodes finishes job
Trial 660 finished with value: 0.895979109678571 and parameters: {'objective': 'binary:logistic', 'tree_method': 'gpu_hist', 'lambda': 1.234191307779105, 'alpha': 0.05565978382188385, 'colsample_bytree': 0.3355128968813167, 'subsample': 0.9905520007241327, 'learning_rate': 0.009814032713817126, 'max_depth': 20, 'min_child_weight': 11, 'eval_metric': 'logloss'}. Best is trial 222 with value: 0.8964450250425448.
start listen on 192.168.1.101:42607
@tracker All of 1 nodes getting started
@tracker All nodes finishes job
Trial 661 finished with value: 0.8962518261461443 and parameters: {'objective': 'binary:logistic', 'tree_method': 'gpu_hist', 'lambda': 0.02765121133585846, 'alpha': 0.06426159411429601, 'colsample_bytree': 0.35392224326649363, 'subsample': 0.9825342316062691, 'learning_rate': 0.010637953037790276, 'max_depth': 20, 'min_child_weight': 21, 'eval_metric': 'logloss'}. Best is trial 222 with value: 0.8964450250425448.
start listen on 192.168.1.101:35901
@tracker All of 1 nodes getting started
@tracker All nodes finishes job
Trial 662 finished with value: 0.8962288560481602 and parameters: {'objective': 'binary:logistic', 'tree_method': 'gpu_hist', 'lambda': 1.0456753758130124, 'alpha': 0.11858736743976114, 'colsample_bytree': 0.3258110363684404, 'subsample': 0.9989428920027393, 'learning_rate': 0.011296677863621948, 'max_depth': 20, 'min_child_weight': 17, 'eval_metric': 'logloss'}. Best is trial 222 with value: 0.8964450250425448.
start listen on 192.168.1.101:47693
@tracker All of 1 nodes getting started
@tracker All nodes finishes job
Trial 663 finished with value: 0.8962139594383928 and parameters: {'objective': 'binary:logistic', 'tree_method': 'gpu_hist', 'lambda': 0.008832634061101517, 'alpha': 0.08218736424848269, 'colsample_bytree': 0.3236475311370195, 'subsample': 0.9785876194883892, 'learning_rate': 0.008832699564567652, 'max_depth': 20, 'min_child_weight': 21, 'eval_metric': 'logloss'}. Best is trial 222 with value: 0.8964450250425448.
start listen on 192.168.1.101:58831
@tracker All of 1 nodes getting started
@tracker All nodes finishes job
Trial 664 finished with value: 0.8959212277623366 and parameters: {'objective': 'binary:logistic', 'tree_method': 'gpu_hist', 'lambda': 0.11165260215486532, 'alpha': 0.0598630685515674, 'colsample_bytree': 0.3383049750236644, 'subsample': 0.9995322129250129, 'learning_rate': 0.011190127628634238, 'max_depth': 20, 'min_child_weight': 13, 'eval_metric': 'logloss'}. Best is trial 222 with value: 0.8964450250425448.
start listen on 192.168.1.101:42409
@tracker All of 1 nodes getting started
@tracker All nodes finishes job
Trial 665 finished with value: 0.8807141799772031 and parameters: {'objective': 'binary:logistic', 'tree_method': 'gpu_hist', 'lambda': 1.2872978130554913, 'alpha': 0.0514216937530273, 'colsample_bytree': 0.31956944952937555, 'subsample': 0.99975426722566, 'learning_rate': 0.009931509712009854, 'max_depth': 3, 'min_child_weight': 6, 'eval_metric': 'logloss'}. Best is trial 222 with value: 0.8964450250425448.
start listen on 192.168.1.101:58027
@tracker All of 1 nodes getting started
@tracker All nodes finishes job
Trial 666 finished with value: 0.8950639346969421 and parameters: {'objective': 'binary:logistic', 'tree_method': 'gpu_hist', 'lambda': 0.9542688851829868, 'alpha': 0.07120233681465575, 'colsample_bytree': 0.3565951037817155, 'subsample': 0.9828519758367217, 'learning_rate': 0.011583429131063007, 'max_depth': 20, 'min_child_weight': 1, 'eval_metric': 'logloss'}. Best is trial 222 with value: 0.8964450250425448.
start listen on 192.168.1.101:56323
@tracker All of 1 nodes getting started
@tracker All nodes finishes job
Trial 667 finished with value: 0.8957299230995756 and parameters: {'objective': 'binary:logistic', 'tree_method': 'gpu_hist', 'lambda': 3.6786131062166096, 'alpha': 0.044472999216607904, 'colsample_bytree': 0.33375899127234127, 'subsample': 0.970166199101905, 'learning_rate': 0.008018008240257371, 'max_depth': 20, 'min_child_weight': 20, 'eval_metric': 'logloss'}. Best is trial 222 with value: 0.8964450250425448.
start listen on 192.168.1.101:52869
@tracker All of 1 nodes getting started
@tracker All nodes finishes job
Trial 668 finished with value: 0.896190201753129 and parameters: {'objective': 'binary:logistic', 'tree_method': 'gpu_hist', 'lambda': 0.004209032379258622, 'alpha': 0.059671499246275635, 'colsample_bytree': 0.31449559176336944, 'subsample': 0.9866093255467642, 'learning_rate': 0.011651490698034445, 'max_depth': 20, 'min_child_weight': 23, 'eval_metric': 'logloss'}. Best is trial 222 with value: 0.8964450250425448.
start listen on 192.168.1.101:39303
@tracker All of 1 nodes getting started
@tracker All nodes finishes job
Trial 669 finished with value: 0.8901888606989492 and parameters: {'objective': 'binary:logistic', 'tree_method': 'gpu_hist', 'lambda': 0.14732819621159463, 'alpha': 0.04951757315630896, 'colsample_bytree': 0.3475001075083759, 'subsample': 0.9718668146102478, 'learning_rate': 0.017869600833282904, 'max_depth': 5, 'min_child_weight': 14, 'eval_metric': 'logloss'}. Best is trial 222 with value: 0.8964450250425448.
start listen on 192.168.1.101:48319
@tracker All of 1 nodes getting started
@tracker All nodes finishes job
Trial 670 finished with value: 0.8959838869415586 and parameters: {'objective': 'binary:logistic', 'tree_method': 'gpu_hist', 'lambda': 3.2310530249307314, 'alpha': 0.07981510212760784, 'colsample_bytree': 0.31309277273458413, 'subsample': 0.9998639477896281, 'learning_rate': 0.009700149830844195, 'max_depth': 20, 'min_child_weight': 23, 'eval_metric': 'logloss'}. Best is trial 222 with value: 0.8964450250425448.
start listen on 192.168.1.101:41677
@tracker All of 1 nodes getting started
@tracker All nodes finishes job
