Trial 209 finished with value: 0.8962431871185214 and parameters: {'objective': 'binary:logistic', 'tree_method': 'gpu_hist', 'lambda': 0.4606445076200898, 'alpha': 1.3054908022180751, 'colsample_bytree': 0.3808359795910314, 'subsample': 0.9867936869758505, 'learning_rate': 0.0157346034194159, 'max_depth': 17, 'min_child_weight': 35, 'eval_metric': 'logloss'}. Best is trial 199 with value: 0.8963972193569982.
start listen on 192.168.1.101:51631
@tracker All of 1 nodes getting started
@tracker All nodes finishes job
Trial 210 finished with value: 0.8945527388132066 and parameters: {'objective': 'binary:logistic', 'tree_method': 'gpu_hist', 'lambda': 0.35211604860122003, 'alpha': 2.727056432252882, 'colsample_bytree': 0.3422670210398778, 'subsample': 0.9813173908144792, 'learning_rate': 0.015509309677468809, 'max_depth': 9, 'min_child_weight': 39, 'eval_metric': 'logloss'}. Best is trial 199 with value: 0.8963972193569982.
start listen on 192.168.1.101:33361
@tracker All of 1 nodes getting started
@tracker All nodes finishes job
Trial 211 finished with value: 0.89620658658667 and parameters: {'objective': 'binary:logistic', 'tree_method': 'gpu_hist', 'lambda': 0.28080643312226916, 'alpha': 1.2508347300614724, 'colsample_bytree': 0.37970165116870946, 'subsample': 0.9833911880155495, 'learning_rate': 0.01655439392488572, 'max_depth': 17, 'min_child_weight': 35, 'eval_metric': 'logloss'}. Best is trial 199 with value: 0.8963972193569982.
start listen on 192.168.1.101:33955
@tracker All of 1 nodes getting started
@tracker All nodes finishes job
Trial 212 finished with value: 0.8960931675510017 and parameters: {'objective': 'binary:logistic', 'tree_method': 'gpu_hist', 'lambda': 0.2843857358354366, 'alpha': 1.370401622996228, 'colsample_bytree': 0.3977806502449116, 'subsample': 0.9832803536439249, 'learning_rate': 0.01644096534337772, 'max_depth': 17, 'min_child_weight': 21, 'eval_metric': 'logloss'}. Best is trial 199 with value: 0.8963972193569982.
start listen on 192.168.1.101:47621
@tracker All of 1 nodes getting started
@tracker All nodes finishes job
Trial 213 finished with value: 0.8961634079763907 and parameters: {'objective': 'binary:logistic', 'tree_method': 'gpu_hist', 'lambda': 0.5343732096975139, 'alpha': 0.986936806870394, 'colsample_bytree': 0.37249874157726304, 'subsample': 0.9864643029011714, 'learning_rate': 0.013880683641221015, 'max_depth': 17, 'min_child_weight': 33, 'eval_metric': 'logloss'}. Best is trial 199 with value: 0.8963972193569982.
start listen on 192.168.1.101:48901
@tracker All of 1 nodes getting started
@tracker All nodes finishes job
Trial 214 finished with value: 0.8961698049672324 and parameters: {'objective': 'binary:logistic', 'tree_method': 'gpu_hist', 'lambda': 0.1915571562565737, 'alpha': 1.8998462554729447, 'colsample_bytree': 0.34745233564134487, 'subsample': 0.9769721089281468, 'learning_rate': 0.015172782290567762, 'max_depth': 17, 'min_child_weight': 31, 'eval_metric': 'logloss'}. Best is trial 199 with value: 0.8963972193569982.
start listen on 192.168.1.101:58389
@tracker All of 1 nodes getting started
@tracker All nodes finishes job
Trial 215 finished with value: 0.8962897618396428 and parameters: {'objective': 'binary:logistic', 'tree_method': 'gpu_hist', 'lambda': 0.4354098056986392, 'alpha': 1.4273650300001632, 'colsample_bytree': 0.3867313928336742, 'subsample': 0.9845436511292659, 'learning_rate': 0.015298086606723361, 'max_depth': 17, 'min_child_weight': 30, 'eval_metric': 'logloss'}. Best is trial 199 with value: 0.8963972193569982.
start listen on 192.168.1.101:47449
@tracker All of 1 nodes getting started
@tracker All nodes finishes job
Trial 216 finished with value: 0.8955860044590662 and parameters: {'objective': 'binary:logistic', 'tree_method': 'gpu_hist', 'lambda': 0.14548687777836178, 'alpha': 1.251196440471326, 'colsample_bytree': 0.38531970215831995, 'subsample': 0.9878774349791862, 'learning_rate': 0.013295192046788485, 'max_depth': 11, 'min_child_weight': 21, 'eval_metric': 'logloss'}. Best is trial 199 with value: 0.8963972193569982.
start listen on 192.168.1.101:51869
@tracker All of 1 nodes getting started
@tracker All nodes finishes job
Trial 217 finished with value: 0.8956983412808268 and parameters: {'objective': 'binary:logistic', 'tree_method': 'gpu_hist', 'lambda': 0.3301700965240241, 'alpha': 0.7938019438441132, 'colsample_bytree': 0.4202613425172328, 'subsample': 0.9530463463808371, 'learning_rate': 0.01661567445753979, 'max_depth': 17, 'min_child_weight': 13, 'eval_metric': 'logloss'}. Best is trial 199 with value: 0.8963972193569982.
start listen on 192.168.1.101:44643
@tracker All of 1 nodes getting started
@tracker All nodes finishes job
Trial 218 finished with value: 0.8961460221309151 and parameters: {'objective': 'binary:logistic', 'tree_method': 'gpu_hist', 'lambda': 0.46486979691578695, 'alpha': 1.4455774096348382, 'colsample_bytree': 0.36840634780421344, 'subsample': 0.9836756302449594, 'learning_rate': 0.014443095762149733, 'max_depth': 17, 'min_child_weight': 25, 'eval_metric': 'logloss'}. Best is trial 199 with value: 0.8963972193569982.
start listen on 192.168.1.101:34109
@tracker All of 1 nodes getting started
@tracker All nodes finishes job
Trial 219 finished with value: 0.8958910005074765 and parameters: {'objective': 'binary:logistic', 'tree_method': 'gpu_hist', 'lambda': 0.47462630975917225, 'alpha': 0.9928907545443292, 'colsample_bytree': 0.3909478163537541, 'subsample': 0.9583645587087801, 'learning_rate': 0.015897505907748705, 'max_depth': 13, 'min_child_weight': 38, 'eval_metric': 'logloss'}. Best is trial 199 with value: 0.8963972193569982.
start listen on 192.168.1.101:33959
@tracker All of 1 nodes getting started
@tracker All nodes finishes job
Trial 220 finished with value: 0.8931139267995112 and parameters: {'objective': 'binary:logistic', 'tree_method': 'gpu_hist', 'lambda': 0.39201430642414276, 'alpha': 1.1456379807137684, 'colsample_bytree': 0.3606641123236098, 'subsample': 0.9996762701470842, 'learning_rate': 0.016439802455383432, 'max_depth': 7, 'min_child_weight': 32, 'eval_metric': 'logloss'}. Best is trial 199 with value: 0.8963972193569982.
start listen on 192.168.1.101:38501
@tracker All of 1 nodes getting started
@tracker All nodes finishes job
Trial 221 finished with value: 0.8962411642552076 and parameters: {'objective': 'binary:logistic', 'tree_method': 'gpu_hist', 'lambda': 0.2724342876134657, 'alpha': 1.7931907047072941, 'colsample_bytree': 0.3459576877799087, 'subsample': 0.9760472499957574, 'learning_rate': 0.014913459944887974, 'max_depth': 17, 'min_child_weight': 28, 'eval_metric': 'logloss'}. Best is trial 199 with value: 0.8963972193569982.
start listen on 192.168.1.101:55053
@tracker All of 1 nodes getting started
@tracker All nodes finishes job
Trial 222 finished with value: 0.8964450250425448 and parameters: {'objective': 'binary:logistic', 'tree_method': 'gpu_hist', 'lambda': 0.7047314834689035, 'alpha': 1.5955399589813948, 'colsample_bytree': 0.3503315494746752, 'subsample': 0.9761379106850949, 'learning_rate': 0.014526187797428527, 'max_depth': 17, 'min_child_weight': 19, 'eval_metric': 'logloss'}. Best is trial 222 with value: 0.8964450250425448.
start listen on 192.168.1.101:54715
@tracker All of 1 nodes getting started
@tracker All nodes finishes job
Trial 223 finished with value: 0.8962032896428391 and parameters: {'objective': 'binary:logistic', 'tree_method': 'gpu_hist', 'lambda': 0.6517504739328885, 'alpha': 1.524282670106127, 'colsample_bytree': 0.34353017044560175, 'subsample': 0.9758037854572242, 'learning_rate': 0.013437071692618886, 'max_depth': 17, 'min_child_weight': 19, 'eval_metric': 'logloss'}. Best is trial 222 with value: 0.8964450250425448.
start listen on 192.168.1.101:40233
@tracker All of 1 nodes getting started
@tracker All nodes finishes job
Trial 224 finished with value: 0.8960249269936772 and parameters: {'objective': 'binary:logistic', 'tree_method': 'gpu_hist', 'lambda': 0.6486438859640159, 'alpha': 1.4612613753102481, 'colsample_bytree': 0.3799471055459941, 'subsample': 0.9752131287452506, 'learning_rate': 0.01268984615447318, 'max_depth': 17, 'min_child_weight': 14, 'eval_metric': 'logloss'}. Best is trial 222 with value: 0.8964450250425448.
start listen on 192.168.1.101:39421
@tracker All of 1 nodes getting started
@tracker All nodes finishes job
Trial 225 finished with value: 0.8962508057319682 and parameters: {'objective': 'binary:logistic', 'tree_method': 'gpu_hist', 'lambda': 0.75016945849296, 'alpha': 1.4731849403053168, 'colsample_bytree': 0.3463363011175976, 'subsample': 0.975671887638024, 'learning_rate': 0.01427658688359481, 'max_depth': 17, 'min_child_weight': 21, 'eval_metric': 'logloss'}. Best is trial 222 with value: 0.8964450250425448.
start listen on 192.168.1.101:55429
@tracker All of 1 nodes getting started
@tracker All nodes finishes job
Trial 226 finished with value: 0.8960538866354344 and parameters: {'objective': 'binary:logistic', 'tree_method': 'gpu_hist', 'lambda': 0.7852476220194575, 'alpha': 1.56118595252039, 'colsample_bytree': 0.36499186200626904, 'subsample': 0.9718812574865368, 'learning_rate': 0.011861958111117689, 'max_depth': 17, 'min_child_weight': 17, 'eval_metric': 'logloss'}. Best is trial 222 with value: 0.8964450250425448.
start listen on 192.168.1.101:51409
@tracker All of 1 nodes getting started
@tracker All nodes finishes job
Trial 227 finished with value: 0.896247443395398 and parameters: {'objective': 'binary:logistic', 'tree_method': 'gpu_hist', 'lambda': 0.2818205594548822, 'alpha': 1.663718301666212, 'colsample_bytree': 0.34165558574367333, 'subsample': 0.9623578016100041, 'learning_rate': 0.013812821220388011, 'max_depth': 17, 'min_child_weight': 20, 'eval_metric': 'logloss'}. Best is trial 222 with value: 0.8964450250425448.
start listen on 192.168.1.101:51459
@tracker All of 1 nodes getting started
@tracker All nodes finishes job
Trial 228 finished with value: 0.8959360244864909 and parameters: {'objective': 'binary:logistic', 'tree_method': 'gpu_hist', 'lambda': 0.2927848693817532, 'alpha': 1.6890229909990069, 'colsample_bytree': 0.3407524621068727, 'subsample': 0.958098588805524, 'learning_rate': 0.010184852457680648, 'max_depth': 17, 'min_child_weight': 18, 'eval_metric': 'logloss'}. Best is trial 222 with value: 0.8964450250425448.
start listen on 192.168.1.101:51883
@tracker All of 1 nodes getting started
@tracker All nodes finishes job
Trial 229 finished with value: 0.8960096638971284 and parameters: {'objective': 'binary:logistic', 'tree_method': 'gpu_hist', 'lambda': 0.40294758611803233, 'alpha': 1.3602936975543514, 'colsample_bytree': 0.3418118448058156, 'subsample': 0.9460782665892242, 'learning_rate': 0.013518325365009453, 'max_depth': 17, 'min_child_weight': 11, 'eval_metric': 'logloss'}. Best is trial 222 with value: 0.8964450250425448.
start listen on 192.168.1.101:52003
@tracker All of 1 nodes getting started
@tracker All nodes finishes job
Trial 230 finished with value: 0.8962413906146902 and parameters: {'objective': 'binary:logistic', 'tree_method': 'gpu_hist', 'lambda': 0.26101025819368434, 'alpha': 1.0976402844586823, 'colsample_bytree': 0.3772906024454443, 'subsample': 0.9677407449598775, 'learning_rate': 0.014833328717758436, 'max_depth': 17, 'min_child_weight': 22, 'eval_metric': 'logloss'}. Best is trial 222 with value: 0.8964450250425448.
start listen on 192.168.1.101:33823
@tracker All of 1 nodes getting started
@tracker All nodes finishes job
Trial 231 finished with value: 0.8959996897078584 and parameters: {'objective': 'binary:logistic', 'tree_method': 'gpu_hist', 'lambda': 0.24262951695548723, 'alpha': 1.1349506507111822, 'colsample_bytree': 0.3779034156363035, 'subsample': 0.9726985920206213, 'learning_rate': 0.014804739000585961, 'max_depth': 17, 'min_child_weight': 20, 'eval_metric': 'logloss'}. Best is trial 222 with value: 0.8964450250425448.
start listen on 192.168.1.101:54683
@tracker All of 1 nodes getting started
@tracker All nodes finishes job
Trial 232 finished with value: 0.8961529386706647 and parameters: {'objective': 'binary:logistic', 'tree_method': 'gpu_hist', 'lambda': 0.23603383104544096, 'alpha': 1.5648249395744591, 'colsample_bytree': 0.36474032934740075, 'subsample': 0.9684976605839624, 'learning_rate': 0.013243182711727496, 'max_depth': 17, 'min_child_weight': 26, 'eval_metric': 'logloss'}. Best is trial 222 with value: 0.8964450250425448.
start listen on 192.168.1.101:39133
@tracker All of 1 nodes getting started
@tracker All nodes finishes job
Trial 233 finished with value: 0.895735484356835 and parameters: {'objective': 'binary:logistic', 'tree_method': 'gpu_hist', 'lambda': 0.47777735451114817, 'alpha': 0.8656231756402244, 'colsample_bytree': 0.40188994707684733, 'subsample': 0.9620203587757513, 'learning_rate': 0.015064677923878911, 'max_depth': 17, 'min_child_weight': 11, 'eval_metric': 'logloss'}. Best is trial 222 with value: 0.8964450250425448.
start listen on 192.168.1.101:35249
@tracker All of 1 nodes getting started
@tracker All nodes finishes job
Trial 234 finished with value: 0.8959247762167036 and parameters: {'objective': 'binary:logistic', 'tree_method': 'gpu_hist', 'lambda': 0.29967985299717037, 'alpha': 1.3098916833433853, 'colsample_bytree': 0.34013730530474745, 'subsample': 0.9796044022147052, 'learning_rate': 0.010876777921528724, 'max_depth': 17, 'min_child_weight': 31, 'eval_metric': 'logloss'}. Best is trial 222 with value: 0.8964450250425448.
start listen on 192.168.1.101:52695
@tracker All of 1 nodes getting started
@tracker All nodes finishes job
Trial 235 finished with value: 0.8961170754239858 and parameters: {'objective': 'binary:logistic', 'tree_method': 'gpu_hist', 'lambda': 0.7889845894588022, 'alpha': 1.7965825529904846, 'colsample_bytree': 0.35091742905582934, 'subsample': 0.9466763429314309, 'learning_rate': 0.014181052008821218, 'max_depth': 17, 'min_child_weight': 21, 'eval_metric': 'logloss'}. Best is trial 222 with value: 0.8964450250425448.
start listen on 192.168.1.101:45179
@tracker All of 1 nodes getting started
@tracker All nodes finishes job
Trial 236 finished with value: 0.8961630608918506 and parameters: {'objective': 'binary:logistic', 'tree_method': 'gpu_hist', 'lambda': 0.5689661897995957, 'alpha': 1.0523722519019159, 'colsample_bytree': 0.3812992055069297, 'subsample': 0.9756965598499251, 'learning_rate': 0.015670066851420278, 'max_depth': 17, 'min_child_weight': 38, 'eval_metric': 'logloss'}. Best is trial 222 with value: 0.8964450250425448.
start listen on 192.168.1.101:60641
@tracker All of 1 nodes getting started
@tracker All nodes finishes job
Trial 237 finished with value: 0.8960719300013121 and parameters: {'objective': 'binary:logistic', 'tree_method': 'gpu_hist', 'lambda': 0.1537356828970013, 'alpha': 1.4724050780005271, 'colsample_bytree': 0.3523914609102384, 'subsample': 0.9893219684917762, 'learning_rate': 0.012169182051947818, 'max_depth': 17, 'min_child_weight': 25, 'eval_metric': 'logloss'}. Best is trial 222 with value: 0.8964450250425448.
start listen on 192.168.1.101:54257
@tracker All of 1 nodes getting started
@tracker All nodes finishes job
Trial 238 finished with value: 0.8960828211261377 and parameters: {'objective': 'binary:logistic', 'tree_method': 'gpu_hist', 'lambda': 0.1964736068404846, 'alpha': 1.8547378637764087, 'colsample_bytree': 0.33862441573170143, 'subsample': 0.9585065312188782, 'learning_rate': 0.013070727227038122, 'max_depth': 17, 'min_child_weight': 31, 'eval_metric': 'logloss'}. Best is trial 222 with value: 0.8964450250425448.
start listen on 192.168.1.101:48955
@tracker All of 1 nodes getting started
@tracker All nodes finishes job
Trial 239 finished with value: 0.895875535483897 and parameters: {'objective': 'binary:logistic', 'tree_method': 'gpu_hist', 'lambda': 0.36047182020230295, 'alpha': 1.3516601894489377, 'colsample_bytree': 0.3710988855711652, 'subsample': 0.9764028326484147, 'learning_rate': 0.016906475149590053, 'max_depth': 17, 'min_child_weight': 17, 'eval_metric': 'logloss'}. Best is trial 222 with value: 0.8964450250425448.
start listen on 192.168.1.101:56069
@tracker All of 1 nodes getting started
@tracker All nodes finishes job
Trial 240 finished with value: 0.8833950875536921 and parameters: {'objective': 'binary:logistic', 'tree_method': 'gpu_hist', 'lambda': 0.4209985297537813, 'alpha': 2.404876158594411, 'colsample_bytree': 0.3140303716776514, 'subsample': 0.9903846836132009, 'learning_rate': 0.015201763512386139, 'max_depth': 3, 'min_child_weight': 36, 'eval_metric': 'logloss'}. Best is trial 222 with value: 0.8964450250425448.
start listen on 192.168.1.101:37763
@tracker All of 1 nodes getting started
@tracker All nodes finishes job
Trial 241 finished with value: 0.896170777235106 and parameters: {'objective': 'binary:logistic', 'tree_method': 'gpu_hist', 'lambda': 0.2697514878734266, 'alpha': 2.1708338747220393, 'colsample_bytree': 0.36091868781689296, 'subsample': 0.9984404215138217, 'learning_rate': 0.01653258475881375, 'max_depth': 17, 'min_child_weight': 29, 'eval_metric': 'logloss'}. Best is trial 222 with value: 0.8964450250425448.
start listen on 192.168.1.101:33769
@tracker All of 1 nodes getting started
@tracker All nodes finishes job
Trial 242 finished with value: 0.8962167555169556 and parameters: {'objective': 'binary:logistic', 'tree_method': 'gpu_hist', 'lambda': 0.5603036069062095, 'alpha': 2.3849404770283016, 'colsample_bytree': 0.3547559462088766, 'subsample': 0.9847301037096574, 'learning_rate': 0.017009538289735955, 'max_depth': 17, 'min_child_weight': 34, 'eval_metric': 'logloss'}. Best is trial 222 with value: 0.8964450250425448.
start listen on 192.168.1.101:34057
@tracker All of 1 nodes getting started
@tracker All nodes finishes job
Trial 243 finished with value: 0.8948457514624618 and parameters: {'objective': 'binary:logistic', 'tree_method': 'gpu_hist', 'lambda': 0.534453441686435, 'alpha': 1.7020625848858697, 'colsample_bytree': 0.8311523402245857, 'subsample': 0.967964691776276, 'learning_rate': 0.013845413853086984, 'max_depth': 17, 'min_child_weight': 41, 'eval_metric': 'logloss'}. Best is trial 222 with value: 0.8964450250425448.
start listen on 192.168.1.101:42925
@tracker All of 1 nodes getting started
@tracker All nodes finishes job
Trial 244 finished with value: 0.8961974977144878 and parameters: {'objective': 'binary:logistic', 'tree_method': 'gpu_hist', 'lambda': 0.5465020101414118, 'alpha': 2.5339406910276003, 'colsample_bytree': 0.33763254747341276, 'subsample': 0.9786663871087834, 'learning_rate': 0.017538880653377588, 'max_depth': 17, 'min_child_weight': 24, 'eval_metric': 'logloss'}. Best is trial 222 with value: 0.8964450250425448.
start listen on 192.168.1.101:50971
@tracker All of 1 nodes getting started
@tracker All nodes finishes job
Trial 245 finished with value: 0.8960814636878429 and parameters: {'objective': 'binary:logistic', 'tree_method': 'gpu_hist', 'lambda': 0.6658281237561853, 'alpha': 2.605089470032668, 'colsample_bytree': 0.33609336867732953, 'subsample': 0.9611041112476234, 'learning_rate': 0.015433517880019496, 'max_depth': 17, 'min_child_weight': 22, 'eval_metric': 'logloss'}. Best is trial 222 with value: 0.8964450250425448.
start listen on 192.168.1.101:40409
@tracker All of 1 nodes getting started
@tracker All nodes finishes job
Trial 246 finished with value: 0.8962372026049593 and parameters: {'objective': 'binary:logistic', 'tree_method': 'gpu_hist', 'lambda': 0.5163524038573611, 'alpha': 2.921958272344383, 'colsample_bytree': 0.34660933811391237, 'subsample': 0.9814794736460892, 'learning_rate': 0.01789764466783203, 'max_depth': 17, 'min_child_weight': 25, 'eval_metric': 'logloss'}. Best is trial 222 with value: 0.8964450250425448.
start listen on 192.168.1.101:44457
@tracker All of 1 nodes getting started
@tracker All nodes finishes job
Trial 247 finished with value: 0.8961202760752112 and parameters: {'objective': 'binary:logistic', 'tree_method': 'gpu_hist', 'lambda': 0.792422179915921, 'alpha': 3.230873167611064, 'colsample_bytree': 0.35224364467338637, 'subsample': 0.9415071149113357, 'learning_rate': 0.014195189395996897, 'max_depth': 17, 'min_child_weight': 14, 'eval_metric': 'logloss'}. Best is trial 222 with value: 0.8964450250425448.
start listen on 192.168.1.101:43387
@tracker All of 1 nodes getting started
@tracker All nodes finishes job
Trial 248 finished with value: 0.8962395200949014 and parameters: {'objective': 'binary:logistic', 'tree_method': 'gpu_hist', 'lambda': 0.6224733406999493, 'alpha': 2.061623177398259, 'colsample_bytree': 0.315004247214644, 'subsample': 0.9533088290115664, 'learning_rate': 0.016995136421703368, 'max_depth': 17, 'min_child_weight': 29, 'eval_metric': 'logloss'}. Best is trial 222 with value: 0.8964450250425448.
start listen on 192.168.1.101:54743
@tracker All of 1 nodes getting started
@tracker All nodes finishes job
Trial 249 finished with value: 0.8962251775269156 and parameters: {'objective': 'binary:logistic', 'tree_method': 'gpu_hist', 'lambda': 0.46512788002726596, 'alpha': 2.0651933613184212, 'colsample_bytree': 0.32189221227497816, 'subsample': 0.9567842191890645, 'learning_rate': 0.017003134457226662, 'max_depth': 15, 'min_child_weight': 34, 'eval_metric': 'logloss'}. Best is trial 222 with value: 0.8964450250425448.
start listen on 192.168.1.101:60385
@tracker All of 1 nodes getting started
@tracker All nodes finishes job
Trial 250 finished with value: 0.8937525781626479 and parameters: {'objective': 'binary:logistic', 'tree_method': 'gpu_hist', 'lambda': 0.3993098122129414, 'alpha': 2.042627123005737, 'colsample_bytree': 0.31233719742218824, 'subsample': 0.9520987824343198, 'learning_rate': 0.016968939750971756, 'max_depth': 15, 'min_child_weight': 239, 'eval_metric': 'logloss'}. Best is trial 222 with value: 0.8964450250425448.
start listen on 192.168.1.101:43283
@tracker All of 1 nodes getting started
@tracker All nodes finishes job
