Trial 83 finished with value: 0.8950455737091869 and parameters: {'objective': 'binary:logistic', 'tree_method': 'gpu_hist', 'lambda': 0.7554417583473741, 'alpha': 4.239657254359072, 'colsample_bytree': 0.5180482865635031, 'subsample': 0.563779845515077, 'learning_rate': 0.022954970307304493, 'max_depth': 17, 'min_child_weight': 26, 'eval_metric': 'logloss'}. Best is trial 78 with value: 0.8957954056642184.
start listen on 192.168.1.101:57723
@tracker All of 1 nodes getting started
@tracker All nodes finishes job
Trial 84 finished with value: 0.879877583354544 and parameters: {'objective': 'binary:logistic', 'tree_method': 'gpu_hist', 'lambda': 1.983881090862327, 'alpha': 2.6575914514190893, 'colsample_bytree': 0.4750869387346219, 'subsample': 0.7008809833442003, 'learning_rate': 0.009188573274641882, 'max_depth': 3, 'min_child_weight': 39, 'eval_metric': 'logloss'}. Best is trial 78 with value: 0.8957954056642184.
start listen on 192.168.1.101:40699
@tracker All of 1 nodes getting started
@tracker All nodes finishes job
Trial 85 finished with value: 0.8938836834192325 and parameters: {'objective': 'binary:logistic', 'tree_method': 'gpu_hist', 'lambda': 0.4528088406070401, 'alpha': 5.2641915038616585, 'colsample_bytree': 0.4612802172367496, 'subsample': 0.7875089537448341, 'learning_rate': 0.0069612207371181085, 'max_depth': 17, 'min_child_weight': 18, 'eval_metric': 'logloss'}. Best is trial 78 with value: 0.8957954056642184.
start listen on 192.168.1.101:52047
@tracker All of 1 nodes getting started
@tracker All nodes finishes job
Trial 86 finished with value: 0.8947844396611133 and parameters: {'objective': 'binary:logistic', 'tree_method': 'gpu_hist', 'lambda': 1.4221744397684182, 'alpha': 1.418301506286498, 'colsample_bytree': 0.5762011340228169, 'subsample': 0.6371030642941266, 'learning_rate': 0.03713823559127893, 'max_depth': 9, 'min_child_weight': 29, 'eval_metric': 'logloss'}. Best is trial 78 with value: 0.8957954056642184.
start listen on 192.168.1.101:52057
@tracker All of 1 nodes getting started
@tracker All nodes finishes job
Trial 87 finished with value: 0.8956400777871786 and parameters: {'objective': 'binary:logistic', 'tree_method': 'gpu_hist', 'lambda': 4.3935166882111725, 'alpha': 3.3197328725707407, 'colsample_bytree': 0.43029494900831106, 'subsample': 0.8180034578765105, 'learning_rate': 0.011578812213013441, 'max_depth': 17, 'min_child_weight': 2, 'eval_metric': 'logloss'}. Best is trial 78 with value: 0.8957954056642184.
start listen on 192.168.1.101:37943
@tracker All of 1 nodes getting started
@tracker All nodes finishes job
Trial 88 finished with value: 0.8960395684999005 and parameters: {'objective': 'binary:logistic', 'tree_method': 'gpu_hist', 'lambda': 4.985759169233186, 'alpha': 3.4476228054622764, 'colsample_bytree': 0.3383074461818139, 'subsample': 0.8138909602489699, 'learning_rate': 0.015241360828323754, 'max_depth': 17, 'min_child_weight': 2, 'eval_metric': 'logloss'}. Best is trial 88 with value: 0.8960395684999005.
start listen on 192.168.1.101:52731
@tracker All of 1 nodes getting started
@tracker All nodes finishes job
Trial 89 finished with value: 0.895977648043054 and parameters: {'objective': 'binary:logistic', 'tree_method': 'gpu_hist', 'lambda': 4.393045625107518, 'alpha': 3.4009115667063705, 'colsample_bytree': 0.35624597401621316, 'subsample': 0.853483093842227, 'learning_rate': 0.014242235574771916, 'max_depth': 17, 'min_child_weight': 2, 'eval_metric': 'logloss'}. Best is trial 88 with value: 0.8960395684999005.
start listen on 192.168.1.101:52441
@tracker All of 1 nodes getting started
@tracker All nodes finishes job
Trial 90 finished with value: 0.8960857185275165 and parameters: {'objective': 'binary:logistic', 'tree_method': 'gpu_hist', 'lambda': 4.511535869075648, 'alpha': 3.7075811569605657, 'colsample_bytree': 0.3562836364698938, 'subsample': 0.8204328730688848, 'learning_rate': 0.014178884753931848, 'max_depth': 17, 'min_child_weight': 1, 'eval_metric': 'logloss'}. Best is trial 90 with value: 0.8960857185275165.
start listen on 192.168.1.101:32773
@tracker All of 1 nodes getting started
@tracker All nodes finishes job
Trial 91 finished with value: 0.8959554317580773 and parameters: {'objective': 'binary:logistic', 'tree_method': 'gpu_hist', 'lambda': 4.359029672103728, 'alpha': 3.271318756803582, 'colsample_bytree': 0.35003947553835923, 'subsample': 0.8194689773097773, 'learning_rate': 0.013664100198151124, 'max_depth': 17, 'min_child_weight': 1, 'eval_metric': 'logloss'}. Best is trial 90 with value: 0.8960857185275165.
start listen on 192.168.1.101:33877
@tracker All of 1 nodes getting started
@tracker All nodes finishes job
Trial 92 finished with value: 0.8958783092858121 and parameters: {'objective': 'binary:logistic', 'tree_method': 'gpu_hist', 'lambda': 4.679771604531659, 'alpha': 3.4394803463855514, 'colsample_bytree': 0.336765999814219, 'subsample': 0.8213265235398314, 'learning_rate': 0.011328003248605414, 'max_depth': 17, 'min_child_weight': 10, 'eval_metric': 'logloss'}. Best is trial 90 with value: 0.8960857185275165.
start listen on 192.168.1.101:47947
@tracker All of 1 nodes getting started
@tracker All nodes finishes job
Trial 93 finished with value: 0.8957628803216575 and parameters: {'objective': 'binary:logistic', 'tree_method': 'gpu_hist', 'lambda': 2.061211409686183, 'alpha': 3.380987743705289, 'colsample_bytree': 0.3392826538742508, 'subsample': 0.8551554839794664, 'learning_rate': 0.011196225463138709, 'max_depth': 17, 'min_child_weight': 4, 'eval_metric': 'logloss'}. Best is trial 90 with value: 0.8960857185275165.
start listen on 192.168.1.101:42069
@tracker All of 1 nodes getting started
@tracker All nodes finishes job
Trial 94 finished with value: 0.8960967239099856 and parameters: {'objective': 'binary:logistic', 'tree_method': 'gpu_hist', 'lambda': 4.486946492397339, 'alpha': 2.1642729242829524, 'colsample_bytree': 0.34053528545111267, 'subsample': 0.8299573967579444, 'learning_rate': 0.01558286899222714, 'max_depth': 17, 'min_child_weight': 9, 'eval_metric': 'logloss'}. Best is trial 94 with value: 0.8960967239099856.
start listen on 192.168.1.101:51713
@tracker All of 1 nodes getting started
@tracker All nodes finishes job
Trial 95 finished with value: 0.8960288167837723 and parameters: {'objective': 'binary:logistic', 'tree_method': 'gpu_hist', 'lambda': 4.785514887255877, 'alpha': 3.418611609903639, 'colsample_bytree': 0.33811337509702855, 'subsample': 0.822371203969723, 'learning_rate': 0.015367535160468546, 'max_depth': 17, 'min_child_weight': 3, 'eval_metric': 'logloss'}. Best is trial 94 with value: 0.8960967239099856.
start listen on 192.168.1.101:55373
@tracker All of 1 nodes getting started
@tracker All nodes finishes job
Trial 96 finished with value: 0.895664046741293 and parameters: {'objective': 'binary:logistic', 'tree_method': 'gpu_hist', 'lambda': 4.818669207293019, 'alpha': 2.06576860735527, 'colsample_bytree': 0.34137200484087277, 'subsample': 0.8613307986560264, 'learning_rate': 0.015315837772767689, 'max_depth': 17, 'min_child_weight': 1, 'eval_metric': 'logloss'}. Best is trial 94 with value: 0.8960967239099856.
start listen on 192.168.1.101:49179
@tracker All of 1 nodes getting started
@tracker All nodes finishes job
Trial 97 finished with value: 0.8960777686387633 and parameters: {'objective': 'binary:logistic', 'tree_method': 'gpu_hist', 'lambda': 4.842368716201402, 'alpha': 2.160486710897472, 'colsample_bytree': 0.33733110203654126, 'subsample': 0.8570601453748973, 'learning_rate': 0.014878471695986476, 'max_depth': 17, 'min_child_weight': 9, 'eval_metric': 'logloss'}. Best is trial 94 with value: 0.8960967239099856.
start listen on 192.168.1.101:39583
@tracker All of 1 nodes getting started
@tracker All nodes finishes job
Trial 98 finished with value: 0.8955683132079392 and parameters: {'objective': 'binary:logistic', 'tree_method': 'gpu_hist', 'lambda': 2.7490471573107365, 'alpha': 2.0822589919774193, 'colsample_bytree': 0.31982269743729735, 'subsample': 0.8469129199770048, 'learning_rate': 0.007882184659430148, 'max_depth': 17, 'min_child_weight': 8, 'eval_metric': 'logloss'}. Best is trial 94 with value: 0.8960967239099856.
start listen on 192.168.1.101:43293
@tracker All of 1 nodes getting started
@tracker All nodes finishes job
Trial 99 finished with value: 0.8953524014729033 and parameters: {'objective': 'binary:logistic', 'tree_method': 'gpu_hist', 'lambda': 7.3411688586203345, 'alpha': 5.43179393168355, 'colsample_bytree': 0.35423884925936416, 'subsample': 0.8230525216201188, 'learning_rate': 0.010546443585791524, 'max_depth': 17, 'min_child_weight': 9, 'eval_metric': 'logloss'}. Best is trial 94 with value: 0.8960967239099856.
start listen on 192.168.1.101:35895
@tracker All of 1 nodes getting started
@tracker All nodes finishes job
Trial 100 finished with value: 0.8948495435227486 and parameters: {'objective': 'binary:logistic', 'tree_method': 'gpu_hist', 'lambda': 5.138832559702233, 'alpha': 6.541409379001083, 'colsample_bytree': 0.33763746357168606, 'subsample': 0.8620926662482666, 'learning_rate': 0.009033744978328505, 'max_depth': 17, 'min_child_weight': 9, 'eval_metric': 'logloss'}. Best is trial 94 with value: 0.8960967239099856.
start listen on 192.168.1.101:51825
@tracker All of 1 nodes getting started
@tracker All nodes finishes job
Trial 101 finished with value: 0.895594251848854 and parameters: {'objective': 'binary:logistic', 'tree_method': 'gpu_hist', 'lambda': 3.9079568547285986, 'alpha': 1.937990623108712, 'colsample_bytree': 0.3457642876235606, 'subsample': 0.8698507765997886, 'learning_rate': 0.015051508650568578, 'max_depth': 17, 'min_child_weight': 1, 'eval_metric': 'logloss'}. Best is trial 94 with value: 0.8960967239099856.
start listen on 192.168.1.101:43907
@tracker All of 1 nodes getting started
@tracker All nodes finishes job
Trial 102 finished with value: 0.8958553966759504 and parameters: {'objective': 'binary:logistic', 'tree_method': 'gpu_hist', 'lambda': 4.696349473309243, 'alpha': 2.411365663925928, 'colsample_bytree': 0.30096818194291214, 'subsample': 0.8987076308331474, 'learning_rate': 0.01842383073184784, 'max_depth': 17, 'min_child_weight': 2, 'eval_metric': 'logloss'}. Best is trial 94 with value: 0.8960967239099856.
start listen on 192.168.1.101:41385
@tracker All of 1 nodes getting started
@tracker All nodes finishes job
Trial 103 finished with value: 0.8960291681799217 and parameters: {'objective': 'binary:logistic', 'tree_method': 'gpu_hist', 'lambda': 8.340466785018766, 'alpha': 2.569607730806792, 'colsample_bytree': 0.30550562055455455, 'subsample': 0.901365987012587, 'learning_rate': 0.01842770419815715, 'max_depth': 17, 'min_child_weight': 22, 'eval_metric': 'logloss'}. Best is trial 94 with value: 0.8960967239099856.
start listen on 192.168.1.101:43501
@tracker All of 1 nodes getting started
@tracker All nodes finishes job
Trial 104 finished with value: 0.8961137892591778 and parameters: {'objective': 'binary:logistic', 'tree_method': 'gpu_hist', 'lambda': 8.187123135864756, 'alpha': 2.4813574606515933, 'colsample_bytree': 0.3121257414259057, 'subsample': 0.8933710090054476, 'learning_rate': 0.018000081253200826, 'max_depth': 17, 'min_child_weight': 20, 'eval_metric': 'logloss'}. Best is trial 104 with value: 0.8961137892591778.
start listen on 192.168.1.101:34821
@tracker All of 1 nodes getting started
@tracker All nodes finishes job
Trial 105 finished with value: 0.8960898504863279 and parameters: {'objective': 'binary:logistic', 'tree_method': 'gpu_hist', 'lambda': 5.811543530364364, 'alpha': 2.5168576974162393, 'colsample_bytree': 0.305733859163886, 'subsample': 0.9047300499058291, 'learning_rate': 0.014315410357475467, 'max_depth': 17, 'min_child_weight': 22, 'eval_metric': 'logloss'}. Best is trial 104 with value: 0.8961137892591778.
start listen on 192.168.1.101:37721
@tracker All of 1 nodes getting started
@tracker All nodes finishes job
Trial 106 finished with value: 0.8959732818201429 and parameters: {'objective': 'binary:logistic', 'tree_method': 'gpu_hist', 'lambda': 8.176185849592715, 'alpha': 1.456500836548848, 'colsample_bytree': 0.36246041424007913, 'subsample': 0.8875498542137815, 'learning_rate': 0.014274602807335083, 'max_depth': 17, 'min_child_weight': 22, 'eval_metric': 'logloss'}. Best is trial 104 with value: 0.8961137892591778.
start listen on 192.168.1.101:36515
@tracker All of 1 nodes getting started
@tracker All nodes finishes job
Trial 107 finished with value: 0.8960469334470066 and parameters: {'objective': 'binary:logistic', 'tree_method': 'gpu_hist', 'lambda': 7.990706393339355, 'alpha': 1.454711945927371, 'colsample_bytree': 0.36956129727040854, 'subsample': 0.9278335813126588, 'learning_rate': 0.0161785438140122, 'max_depth': 17, 'min_child_weight': 22, 'eval_metric': 'logloss'}. Best is trial 104 with value: 0.8961137892591778.
start listen on 192.168.1.101:48865
@tracker All of 1 nodes getting started
@tracker All nodes finishes job
Trial 108 finished with value: 0.8960213339860151 and parameters: {'objective': 'binary:logistic', 'tree_method': 'gpu_hist', 'lambda': 8.172051653689678, 'alpha': 1.416171144228729, 'colsample_bytree': 0.3713637622728194, 'subsample': 0.9177536265875901, 'learning_rate': 0.01618943623707738, 'max_depth': 17, 'min_child_weight': 22, 'eval_metric': 'logloss'}. Best is trial 104 with value: 0.8961137892591778.
start listen on 192.168.1.101:33791
@tracker All of 1 nodes getting started
@tracker All nodes finishes job
Trial 109 finished with value: 0.8962084103973593 and parameters: {'objective': 'binary:logistic', 'tree_method': 'gpu_hist', 'lambda': 9.99175423682629, 'alpha': 1.5618393949112586, 'colsample_bytree': 0.32105787332089264, 'subsample': 0.9246588376603175, 'learning_rate': 0.015804071727021748, 'max_depth': 17, 'min_child_weight': 21, 'eval_metric': 'logloss'}. Best is trial 109 with value: 0.8962084103973593.
start listen on 192.168.1.101:51723
@tracker All of 1 nodes getting started
@tracker All nodes finishes job
Trial 110 finished with value: 0.896059240216851 and parameters: {'objective': 'binary:logistic', 'tree_method': 'gpu_hist', 'lambda': 9.928663808021888, 'alpha': 1.6994851661053776, 'colsample_bytree': 0.3159324630669148, 'subsample': 0.9214345718414461, 'learning_rate': 0.015796928862980442, 'max_depth': 17, 'min_child_weight': 21, 'eval_metric': 'logloss'}. Best is trial 109 with value: 0.8962084103973593.
start listen on 192.168.1.101:41449
@tracker All of 1 nodes getting started
@tracker All nodes finishes job
Trial 111 finished with value: 0.8962209729893493 and parameters: {'objective': 'binary:logistic', 'tree_method': 'gpu_hist', 'lambda': 8.132355978087373, 'alpha': 1.6880403939283684, 'colsample_bytree': 0.31960178611493156, 'subsample': 0.9257641337267692, 'learning_rate': 0.017150465729858514, 'max_depth': 17, 'min_child_weight': 21, 'eval_metric': 'logloss'}. Best is trial 111 with value: 0.8962209729893493.
start listen on 192.168.1.101:58061
@tracker All of 1 nodes getting started
@tracker All nodes finishes job
Trial 112 finished with value: 0.8960261593953054 and parameters: {'objective': 'binary:logistic', 'tree_method': 'gpu_hist', 'lambda': 9.809734014340032, 'alpha': 1.7207085431913345, 'colsample_bytree': 0.31612900940799016, 'subsample': 0.9357341377657415, 'learning_rate': 0.019283287898389623, 'max_depth': 17, 'min_child_weight': 15, 'eval_metric': 'logloss'}. Best is trial 111 with value: 0.8962209729893493.
start listen on 192.168.1.101:57613
@tracker All of 1 nodes getting started
@tracker All nodes finishes job
Trial 113 finished with value: 0.8960731343774806 and parameters: {'objective': 'binary:logistic', 'tree_method': 'gpu_hist', 'lambda': 6.814767533351173, 'alpha': 2.665354903937419, 'colsample_bytree': 0.392679747918061, 'subsample': 0.9772903612956519, 'learning_rate': 0.022891551714299734, 'max_depth': 17, 'min_child_weight': 32, 'eval_metric': 'logloss'}. Best is trial 111 with value: 0.8962209729893493.
start listen on 192.168.1.101:48815
@tracker All of 1 nodes getting started
@tracker All nodes finishes job
Trial 114 finished with value: 0.8959573669520042 and parameters: {'objective': 'binary:logistic', 'tree_method': 'gpu_hist', 'lambda': 6.955593005254262, 'alpha': 2.4976103246509482, 'colsample_bytree': 0.39812972082664666, 'subsample': 0.9656869133275676, 'learning_rate': 0.02326446693099338, 'max_depth': 17, 'min_child_weight': 34, 'eval_metric': 'logloss'}. Best is trial 111 with value: 0.8962209729893493.
start listen on 192.168.1.101:43797
@tracker All of 1 nodes getting started
@tracker All nodes finishes job
Trial 115 finished with value: 0.895324702258234 and parameters: {'objective': 'binary:logistic', 'tree_method': 'gpu_hist', 'lambda': 5.9077377044455615, 'alpha': 1.2856072881588414, 'colsample_bytree': 0.32230409729151827, 'subsample': 0.9190690958873662, 'learning_rate': 0.026687188295719356, 'max_depth': 17, 'min_child_weight': 22, 'eval_metric': 'logloss'}. Best is trial 111 with value: 0.8962209729893493.
start listen on 192.168.1.101:38917
@tracker All of 1 nodes getting started
@tracker All nodes finishes job
Trial 116 finished with value: 0.8930868441449569 and parameters: {'objective': 'binary:logistic', 'tree_method': 'gpu_hist', 'lambda': 8.20201447029191, 'alpha': 0.9114265746153716, 'colsample_bytree': 0.3203778743124932, 'subsample': 0.9963843249262982, 'learning_rate': 0.0168886673276094, 'max_depth': 7, 'min_child_weight': 16, 'eval_metric': 'logloss'}. Best is trial 111 with value: 0.8962209729893493.
start listen on 192.168.1.101:35205
@tracker All of 1 nodes getting started
@tracker All nodes finishes job
Trial 117 finished with value: 0.8936230682014654 and parameters: {'objective': 'binary:logistic', 'tree_method': 'gpu_hist', 'lambda': 9.993528135711788, 'alpha': 1.7888603392199576, 'colsample_bytree': 0.3858565387756136, 'subsample': 0.9466084040657646, 'learning_rate': 0.01975045794928454, 'max_depth': 13, 'min_child_weight': 279, 'eval_metric': 'logloss'}. Best is trial 111 with value: 0.8962209729893493.
start listen on 192.168.1.101:52985
@tracker All of 1 nodes getting started
@tracker All nodes finishes job
Trial 118 finished with value: 0.8961124109814387 and parameters: {'objective': 'binary:logistic', 'tree_method': 'gpu_hist', 'lambda': 6.615792397900404, 'alpha': 0.7527102532987061, 'colsample_bytree': 0.30517427810681175, 'subsample': 0.9034541785096734, 'learning_rate': 0.016241773248596995, 'max_depth': 17, 'min_child_weight': 33, 'eval_metric': 'logloss'}. Best is trial 111 with value: 0.8962209729893493.
start listen on 192.168.1.101:51237
@tracker All of 1 nodes getting started
@tracker All nodes finishes job
Trial 119 finished with value: 0.8959968081157133 and parameters: {'objective': 'binary:logistic', 'tree_method': 'gpu_hist', 'lambda': 6.144644148475592, 'alpha': 0.4006358543920195, 'colsample_bytree': 0.3245832215939319, 'subsample': 0.8764855402049306, 'learning_rate': 0.013260629385447675, 'max_depth': 17, 'min_child_weight': 31, 'eval_metric': 'logloss'}. Best is trial 111 with value: 0.8962209729893493.
start listen on 192.168.1.101:40503
@tracker All of 1 nodes getting started
@tracker All nodes finishes job
Trial 120 finished with value: 0.895990684193454 and parameters: {'objective': 'binary:logistic', 'tree_method': 'gpu_hist', 'lambda': 6.499827302673732, 'alpha': 2.154601390140525, 'colsample_bytree': 0.3714173031840393, 'subsample': 0.9789251172358915, 'learning_rate': 0.01644329462877244, 'max_depth': 17, 'min_child_weight': 44, 'eval_metric': 'logloss'}. Best is trial 111 with value: 0.8962209729893493.
start listen on 192.168.1.101:47213
@tracker All of 1 nodes getting started
@tracker All nodes finishes job
Trial 121 finished with value: 0.8960415324378888 and parameters: {'objective': 'binary:logistic', 'tree_method': 'gpu_hist', 'lambda': 7.398686755081422, 'alpha': 0.8616961639471821, 'colsample_bytree': 0.3014097433291468, 'subsample': 0.8997175700984201, 'learning_rate': 0.021317689116255648, 'max_depth': 17, 'min_child_weight': 24, 'eval_metric': 'logloss'}. Best is trial 111 with value: 0.8962209729893493.
start listen on 192.168.1.101:56321
@tracker All of 1 nodes getting started
@tracker All nodes finishes job
Trial 122 finished with value: 0.8962422033530235 and parameters: {'objective': 'binary:logistic', 'tree_method': 'gpu_hist', 'lambda': 5.613670946283425, 'alpha': 0.8332227296697323, 'colsample_bytree': 0.3123055434616463, 'subsample': 0.9282785878501288, 'learning_rate': 0.02084057554889844, 'max_depth': 17, 'min_child_weight': 34, 'eval_metric': 'logloss'}. Best is trial 122 with value: 0.8962422033530235.
start listen on 192.168.1.101:51569
@tracker All of 1 nodes getting started
@tracker All nodes finishes job
Trial 123 finished with value: 0.8961304521915119 and parameters: {'objective': 'binary:logistic', 'tree_method': 'gpu_hist', 'lambda': 7.0674130518132685, 'alpha': 0.7497306225956448, 'colsample_bytree': 0.30167542585252616, 'subsample': 0.9270433471613109, 'learning_rate': 0.021144891439160533, 'max_depth': 17, 'min_child_weight': 36, 'eval_metric': 'logloss'}. Best is trial 122 with value: 0.8962422033530235.
start listen on 192.168.1.101:33963
@tracker All of 1 nodes getting started
@tracker All nodes finishes job
Trial 124 finished with value: 0.8958499848878099 and parameters: {'objective': 'binary:logistic', 'tree_method': 'gpu_hist', 'lambda': 5.8132936697091475, 'alpha': 0.7427221984598846, 'colsample_bytree': 0.31050459150863885, 'subsample': 0.9283320480359355, 'learning_rate': 0.02503806046220442, 'max_depth': 17, 'min_child_weight': 33, 'eval_metric': 'logloss'}. Best is trial 122 with value: 0.8962422033530235.
start listen on 192.168.1.101:50361
@tracker All of 1 nodes getting started
@tracker All nodes finishes job
