Trial 377 finished with value: 0.8958609485913901 and parameters: {'objective': 'binary:logistic', 'tree_method': 'gpu_hist', 'lambda': 0.5268563175009523, 'alpha': 1.248485442747927, 'colsample_bytree': 0.34264754739733416, 'subsample': 0.9778899188631157, 'learning_rate': 0.016743315386745488, 'max_depth': 17, 'min_child_weight': 12, 'eval_metric': 'logloss'}. Best is trial 222 with value: 0.8964450250425448.
start listen on 192.168.1.101:34479
@tracker All of 1 nodes getting started
@tracker All nodes finishes job
Trial 378 finished with value: 0.8961449255449767 and parameters: {'objective': 'binary:logistic', 'tree_method': 'gpu_hist', 'lambda': 1.6547984280755743, 'alpha': 0.9342134104741273, 'colsample_bytree': 0.3220890192588193, 'subsample': 0.9672751386435551, 'learning_rate': 0.012898677126117858, 'max_depth': 17, 'min_child_weight': 33, 'eval_metric': 'logloss'}. Best is trial 222 with value: 0.8964450250425448.
start listen on 192.168.1.101:52193
@tracker All of 1 nodes getting started
@tracker All nodes finishes job
Trial 379 finished with value: 0.890670463134376 and parameters: {'objective': 'binary:logistic', 'tree_method': 'gpu_hist', 'lambda': 0.08218272214948391, 'alpha': 2.368238348108749, 'colsample_bytree': 0.3634074824140379, 'subsample': 0.9471011613939988, 'learning_rate': 0.0204541873547976, 'max_depth': 5, 'min_child_weight': 22, 'eval_metric': 'logloss'}. Best is trial 222 with value: 0.8964450250425448.
start listen on 192.168.1.101:33859
@tracker All of 1 nodes getting started
@tracker All nodes finishes job
Trial 380 finished with value: 0.8961849035040305 and parameters: {'objective': 'binary:logistic', 'tree_method': 'gpu_hist', 'lambda': 0.8113150209144219, 'alpha': 1.871867298657515, 'colsample_bytree': 0.34970105080301433, 'subsample': 0.9894289332589881, 'learning_rate': 0.015309337696800025, 'max_depth': 17, 'min_child_weight': 16, 'eval_metric': 'logloss'}. Best is trial 222 with value: 0.8964450250425448.
start listen on 192.168.1.101:41757
@tracker All of 1 nodes getting started
@tracker All nodes finishes job
Trial 381 finished with value: 0.8962237309820308 and parameters: {'objective': 'binary:logistic', 'tree_method': 'gpu_hist', 'lambda': 3.353388644919286, 'alpha': 1.4199527183907472, 'colsample_bytree': 0.33179241192850717, 'subsample': 0.9784759202711165, 'learning_rate': 0.018179086173561454, 'max_depth': 17, 'min_child_weight': 45, 'eval_metric': 'logloss'}. Best is trial 222 with value: 0.8964450250425448.
start listen on 192.168.1.101:38725
@tracker All of 1 nodes getting started
@tracker All nodes finishes job
Trial 382 finished with value: 0.8962018502839698 and parameters: {'objective': 'binary:logistic', 'tree_method': 'gpu_hist', 'lambda': 0.5420358666534539, 'alpha': 3.366535662469214, 'colsample_bytree': 0.3824702541145856, 'subsample': 0.9606453649695577, 'learning_rate': 0.013918508222685505, 'max_depth': 17, 'min_child_weight': 29, 'eval_metric': 'logloss'}. Best is trial 222 with value: 0.8964450250425448.
start listen on 192.168.1.101:60873
@tracker All of 1 nodes getting started
@tracker All nodes finishes job
Trial 383 finished with value: 0.8963135827618416 and parameters: {'objective': 'binary:logistic', 'tree_method': 'gpu_hist', 'lambda': 1.0058228591262628, 'alpha': 1.5608469571411108, 'colsample_bytree': 0.30332470050288884, 'subsample': 0.9996095647039805, 'learning_rate': 0.01631164473716792, 'max_depth': 17, 'min_child_weight': 37, 'eval_metric': 'logloss'}. Best is trial 222 with value: 0.8964450250425448.
start listen on 192.168.1.101:45255
@tracker All of 1 nodes getting started
@tracker All nodes finishes job
Trial 384 finished with value: 0.8941065979262022 and parameters: {'objective': 'binary:logistic', 'tree_method': 'gpu_hist', 'lambda': 1.0188223948596324, 'alpha': 1.147078531323468, 'colsample_bytree': 0.303845291701025, 'subsample': 0.9993562121516764, 'learning_rate': 0.015861760063638982, 'max_depth': 9, 'min_child_weight': 96, 'eval_metric': 'logloss'}. Best is trial 222 with value: 0.8964450250425448.
start listen on 192.168.1.101:51919
@tracker All of 1 nodes getting started
@tracker All nodes finishes job
Trial 385 finished with value: 0.8961380355934836 and parameters: {'objective': 'binary:logistic', 'tree_method': 'gpu_hist', 'lambda': 1.2643726157158746, 'alpha': 0.3568804571761514, 'colsample_bytree': 0.31292804707964783, 'subsample': 0.9791806529902506, 'learning_rate': 0.014756775874099792, 'max_depth': 17, 'min_child_weight': 51, 'eval_metric': 'logloss'}. Best is trial 222 with value: 0.8964450250425448.
start listen on 192.168.1.101:60281
@tracker All of 1 nodes getting started
@tracker All nodes finishes job
Trial 386 finished with value: 0.8958907619317678 and parameters: {'objective': 'binary:logistic', 'tree_method': 'gpu_hist', 'lambda': 0.9172473955807103, 'alpha': 1.5626180489647399, 'colsample_bytree': 0.3026943488611423, 'subsample': 0.9692878884021, 'learning_rate': 0.011535196270228228, 'max_depth': 17, 'min_child_weight': 39, 'eval_metric': 'logloss'}. Best is trial 222 with value: 0.8964450250425448.
start listen on 192.168.1.101:41573
@tracker All of 1 nodes getting started
@tracker All nodes finishes job
Trial 387 finished with value: 0.8955448494307023 and parameters: {'objective': 'binary:logistic', 'tree_method': 'gpu_hist', 'lambda': 1.0710904043034881, 'alpha': 1.297958074892755, 'colsample_bytree': 0.3742587055381488, 'subsample': 0.9994887340543025, 'learning_rate': 0.017221591358043766, 'max_depth': 11, 'min_child_weight': 44, 'eval_metric': 'logloss'}. Best is trial 222 with value: 0.8964450250425448.
start listen on 192.168.1.101:56601
@tracker All of 1 nodes getting started
@tracker All nodes finishes job
Trial 388 finished with value: 0.8943568451610594 and parameters: {'objective': 'binary:logistic', 'tree_method': 'gpu_hist', 'lambda': 0.7077655607138748, 'alpha': 1.6446236133296417, 'colsample_bytree': 0.952532828278977, 'subsample': 0.9410747901358572, 'learning_rate': 0.013544144045920413, 'max_depth': 17, 'min_child_weight': 36, 'eval_metric': 'logloss'}. Best is trial 222 with value: 0.8964450250425448.
start listen on 192.168.1.101:55167
@tracker All of 1 nodes getting started
@tracker All nodes finishes job
Trial 389 finished with value: 0.896262211375491 and parameters: {'objective': 'binary:logistic', 'tree_method': 'gpu_hist', 'lambda': 0.8478079849449869, 'alpha': 1.8767940993197856, 'colsample_bytree': 0.3425131291334437, 'subsample': 0.9873663306579509, 'learning_rate': 0.01618762019131504, 'max_depth': 17, 'min_child_weight': 32, 'eval_metric': 'logloss'}. Best is trial 222 with value: 0.8964450250425448.
start listen on 192.168.1.101:50385
@tracker All of 1 nodes getting started
@tracker All nodes finishes job
Trial 390 finished with value: 0.8961788356326905 and parameters: {'objective': 'binary:logistic', 'tree_method': 'gpu_hist', 'lambda': 1.4424394067906279, 'alpha': 1.9273801968305975, 'colsample_bytree': 0.3006667667451422, 'subsample': 0.9562245023584444, 'learning_rate': 0.01642600234590722, 'max_depth': 17, 'min_child_weight': 31, 'eval_metric': 'logloss'}. Best is trial 222 with value: 0.8964450250425448.
start listen on 192.168.1.101:53579
@tracker All of 1 nodes getting started
@tracker All nodes finishes job
Trial 391 finished with value: 0.8961620023917933 and parameters: {'objective': 'binary:logistic', 'tree_method': 'gpu_hist', 'lambda': 0.01639663283853933, 'alpha': 0.17558649270776594, 'colsample_bytree': 0.32246332381658527, 'subsample': 0.9711732254436646, 'learning_rate': 0.01783029244577175, 'max_depth': 13, 'min_child_weight': 26, 'eval_metric': 'logloss'}. Best is trial 222 with value: 0.8964450250425448.
start listen on 192.168.1.101:46483
@tracker All of 1 nodes getting started
@tracker All nodes finishes job
Trial 392 finished with value: 0.8945698501528968 and parameters: {'objective': 'binary:logistic', 'tree_method': 'gpu_hist', 'lambda': 1.0909869849305496, 'alpha': 1.0559368281270327, 'colsample_bytree': 0.3395179149197369, 'subsample': 0.982620354321779, 'learning_rate': 0.016038348174924066, 'max_depth': 17, 'min_child_weight': 173, 'eval_metric': 'logloss'}. Best is trial 222 with value: 0.8964450250425448.
start listen on 192.168.1.101:35473
@tracker All of 1 nodes getting started
@tracker All nodes finishes job
Trial 393 finished with value: 0.8961682477577115 and parameters: {'objective': 'binary:logistic', 'tree_method': 'gpu_hist', 'lambda': 0.8446189285827722, 'alpha': 1.9783661999203117, 'colsample_bytree': 0.34901919792359803, 'subsample': 0.9584170520057049, 'learning_rate': 0.018943791249145248, 'max_depth': 15, 'min_child_weight': 39, 'eval_metric': 'logloss'}. Best is trial 222 with value: 0.8964450250425448.
start listen on 192.168.1.101:35095
@tracker All of 1 nodes getting started
@tracker All nodes finishes job
Trial 394 finished with value: 0.8955536846365434 and parameters: {'objective': 'binary:logistic', 'tree_method': 'gpu_hist', 'lambda': 1.2158230562221628, 'alpha': 1.4746511447834343, 'colsample_bytree': 0.3284835952259965, 'subsample': 0.9851363801330163, 'learning_rate': 0.015187980767958823, 'max_depth': 17, 'min_child_weight': 1, 'eval_metric': 'logloss'}. Best is trial 222 with value: 0.8964450250425448.
start listen on 192.168.1.101:39351
@tracker All of 1 nodes getting started
@tracker All nodes finishes job
Trial 395 finished with value: 0.8963161934412088 and parameters: {'objective': 'binary:logistic', 'tree_method': 'gpu_hist', 'lambda': 0.2779806100370717, 'alpha': 2.438793130549225, 'colsample_bytree': 0.31820593522320545, 'subsample': 0.9707961026990916, 'learning_rate': 0.017220876299998498, 'max_depth': 17, 'min_child_weight': 19, 'eval_metric': 'logloss'}. Best is trial 222 with value: 0.8964450250425448.
start listen on 192.168.1.101:53561
@tracker All of 1 nodes getting started
@tracker All nodes finishes job
Trial 396 finished with value: 0.8935996532891326 and parameters: {'objective': 'binary:logistic', 'tree_method': 'gpu_hist', 'lambda': 0.2655622809391731, 'alpha': 2.5003262274268736, 'colsample_bytree': 0.3155868602005998, 'subsample': 0.9472972153470782, 'learning_rate': 0.017427904605836268, 'max_depth': 7, 'min_child_weight': 10, 'eval_metric': 'logloss'}. Best is trial 222 with value: 0.8964450250425448.
start listen on 192.168.1.101:45603
@tracker All of 1 nodes getting started
@tracker All nodes finishes job
Trial 397 finished with value: 0.8957342239297473 and parameters: {'objective': 'binary:logistic', 'tree_method': 'gpu_hist', 'lambda': 0.22603225550688977, 'alpha': 2.986612799844427, 'colsample_bytree': 0.31619543067422795, 'subsample': 0.9688250184412689, 'learning_rate': 0.022107712723589214, 'max_depth': 17, 'min_child_weight': 17, 'eval_metric': 'logloss'}. Best is trial 222 with value: 0.8964450250425448.
start listen on 192.168.1.101:60259
@tracker All of 1 nodes getting started
@tracker All nodes finishes job
Trial 398 finished with value: 0.8960655049850107 and parameters: {'objective': 'binary:logistic', 'tree_method': 'gpu_hist', 'lambda': 0.9029257624256687, 'alpha': 2.291914540088051, 'colsample_bytree': 0.3315079454598811, 'subsample': 0.9582930897061157, 'learning_rate': 0.019170321632943785, 'max_depth': 17, 'min_child_weight': 31, 'eval_metric': 'logloss'}. Best is trial 222 with value: 0.8964450250425448.
start listen on 192.168.1.101:33037
@tracker All of 1 nodes getting started
@tracker All nodes finishes job
Trial 399 finished with value: 0.8962541695057415 and parameters: {'objective': 'binary:logistic', 'tree_method': 'gpu_hist', 'lambda': 0.3307948424211517, 'alpha': 2.8129203972132997, 'colsample_bytree': 0.31250526563464787, 'subsample': 0.9710427063808195, 'learning_rate': 0.017192587239661695, 'max_depth': 17, 'min_child_weight': 24, 'eval_metric': 'logloss'}. Best is trial 222 with value: 0.8964450250425448.
start listen on 192.168.1.101:53447
@tracker All of 1 nodes getting started
@tracker All nodes finishes job
Trial 400 finished with value: 0.8962076357449074 and parameters: {'objective': 'binary:logistic', 'tree_method': 'gpu_hist', 'lambda': 0.28144914183164343, 'alpha': 2.1063681228293354, 'colsample_bytree': 0.3027523221237648, 'subsample': 0.9433070356539123, 'learning_rate': 0.016468601823031642, 'max_depth': 17, 'min_child_weight': 20, 'eval_metric': 'logloss'}. Best is trial 222 with value: 0.8964450250425448.
start listen on 192.168.1.101:52391
@tracker All of 1 nodes getting started
@tracker All nodes finishes job
Trial 401 finished with value: 0.8945401029238602 and parameters: {'objective': 'binary:logistic', 'tree_method': 'gpu_hist', 'lambda': 0.2008642459101886, 'alpha': 4.029397295758395, 'colsample_bytree': 0.31064478690856645, 'subsample': 0.9653424406402308, 'learning_rate': 0.020312621586064582, 'max_depth': 17, 'min_child_weight': 209, 'eval_metric': 'logloss'}. Best is trial 222 with value: 0.8964450250425448.
start listen on 192.168.1.101:42261
@tracker All of 1 nodes getting started
@tracker All nodes finishes job
Trial 402 finished with value: 0.8936358147554476 and parameters: {'objective': 'binary:logistic', 'tree_method': 'gpu_hist', 'lambda': 0.3559637985111705, 'alpha': 1.8565897910188878, 'colsample_bytree': 0.7742298350984853, 'subsample': 0.9500023477850692, 'learning_rate': 0.017017918203721817, 'max_depth': 17, 'min_child_weight': 257, 'eval_metric': 'logloss'}. Best is trial 222 with value: 0.8964450250425448.
start listen on 192.168.1.101:42007
@tracker All of 1 nodes getting started
@tracker All nodes finishes job
Trial 403 finished with value: 0.8960762581383421 and parameters: {'objective': 'binary:logistic', 'tree_method': 'gpu_hist', 'lambda': 0.304930970712499, 'alpha': 2.6692708623458503, 'colsample_bytree': 0.31683589150917885, 'subsample': 0.9717079384654379, 'learning_rate': 0.015529910784791438, 'max_depth': 20, 'min_child_weight': 47, 'eval_metric': 'logloss'}. Best is trial 222 with value: 0.8964450250425448.
start listen on 192.168.1.101:57671
@tracker All of 1 nodes getting started
@tracker All nodes finishes job
Trial 404 finished with value: 0.8963542132110869 and parameters: {'objective': 'binary:logistic', 'tree_method': 'gpu_hist', 'lambda': 0.25359558944905436, 'alpha': 2.207689594524932, 'colsample_bytree': 0.3005113739889011, 'subsample': 0.9594968374300789, 'learning_rate': 0.018325593632924915, 'max_depth': 17, 'min_child_weight': 35, 'eval_metric': 'logloss'}. Best is trial 222 with value: 0.8964450250425448.
start listen on 192.168.1.101:54319
@tracker All of 1 nodes getting started
@tracker All nodes finishes job
Trial 405 finished with value: 0.8847308291123877 and parameters: {'objective': 'binary:logistic', 'tree_method': 'gpu_hist', 'lambda': 0.2433487000782395, 'alpha': 2.4505809931296616, 'colsample_bytree': 0.30047343975556723, 'subsample': 0.974158917597148, 'learning_rate': 0.01951518056131772, 'max_depth': 3, 'min_child_weight': 35, 'eval_metric': 'logloss'}. Best is trial 222 with value: 0.8964450250425448.
start listen on 192.168.1.101:42599
@tracker All of 1 nodes getting started
@tracker All nodes finishes job
Trial 406 finished with value: 0.8959982295095443 and parameters: {'objective': 'binary:logistic', 'tree_method': 'gpu_hist', 'lambda': 0.17063439745271905, 'alpha': 3.4120447411045483, 'colsample_bytree': 0.32489423085217023, 'subsample': 0.9669246182775546, 'learning_rate': 0.023153103065012604, 'max_depth': 17, 'min_child_weight': 40, 'eval_metric': 'logloss'}. Best is trial 222 with value: 0.8964450250425448.
start listen on 192.168.1.101:58631
@tracker All of 1 nodes getting started
@tracker All nodes finishes job
Trial 407 finished with value: 0.8949607068682066 and parameters: {'objective': 'binary:logistic', 'tree_method': 'gpu_hist', 'lambda': 0.2483502595105094, 'alpha': 1.765659215378919, 'colsample_bytree': 0.3135326032559295, 'subsample': 0.9794175247254364, 'learning_rate': 0.018290335174513523, 'max_depth': 17, 'min_child_weight': 162, 'eval_metric': 'logloss'}. Best is trial 222 with value: 0.8964450250425448.
start listen on 192.168.1.101:55229
@tracker All of 1 nodes getting started
@tracker All nodes finishes job
Trial 408 finished with value: 0.8961039652576279 and parameters: {'objective': 'binary:logistic', 'tree_method': 'gpu_hist', 'lambda': 0.33526985511027424, 'alpha': 2.6878564817684416, 'colsample_bytree': 0.3309228529111888, 'subsample': 0.9901253493850046, 'learning_rate': 0.014959174540280175, 'max_depth': 17, 'min_child_weight': 52, 'eval_metric': 'logloss'}. Best is trial 222 with value: 0.8964450250425448.
start listen on 192.168.1.101:51607
@tracker All of 1 nodes getting started
@tracker All nodes finishes job
Trial 409 finished with value: 0.8961701872632477 and parameters: {'objective': 'binary:logistic', 'tree_method': 'gpu_hist', 'lambda': 0.31664392358290677, 'alpha': 2.1782791030122786, 'colsample_bytree': 0.3015641617368996, 'subsample': 0.9595781226192284, 'learning_rate': 0.021452574329437736, 'max_depth': 17, 'min_child_weight': 43, 'eval_metric': 'logloss'}. Best is trial 222 with value: 0.8964450250425448.
start listen on 192.168.1.101:33035
@tracker All of 1 nodes getting started
@tracker All nodes finishes job
Trial 410 finished with value: 0.8957492958782884 and parameters: {'objective': 'binary:logistic', 'tree_method': 'gpu_hist', 'lambda': 0.24208181636488083, 'alpha': 1.6065261476302177, 'colsample_bytree': 0.4602605652337585, 'subsample': 0.9394514203547547, 'learning_rate': 0.012778468323021278, 'max_depth': 15, 'min_child_weight': 25, 'eval_metric': 'logloss'}. Best is trial 222 with value: 0.8964450250425448.
start listen on 192.168.1.101:34127
@tracker All of 1 nodes getting started
@tracker All nodes finishes job
Trial 411 finished with value: 0.8956351445876585 and parameters: {'objective': 'binary:logistic', 'tree_method': 'gpu_hist', 'lambda': 0.27070285446803066, 'alpha': 1.4010648053199073, 'colsample_bytree': 0.33867607356068086, 'subsample': 0.987365199818978, 'learning_rate': 0.0177893455014167, 'max_depth': 17, 'min_child_weight': 12, 'eval_metric': 'logloss'}. Best is trial 222 with value: 0.8964450250425448.
start listen on 192.168.1.101:46227
@tracker All of 1 nodes getting started
@tracker All nodes finishes job
Trial 412 finished with value: 0.8950776765140468 and parameters: {'objective': 'binary:logistic', 'tree_method': 'gpu_hist', 'lambda': 1.4033166426979427, 'alpha': 1.8813914487154246, 'colsample_bytree': 0.32238541169266777, 'subsample': 0.9609226570840295, 'learning_rate': 0.015959344830265572, 'max_depth': 17, 'min_child_weight': 118, 'eval_metric': 'logloss'}. Best is trial 222 with value: 0.8964450250425448.
start listen on 192.168.1.101:58845
@tracker All of 1 nodes getting started
@tracker All nodes finishes job
Trial 413 finished with value: 0.8960273242483896 and parameters: {'objective': 'binary:logistic', 'tree_method': 'gpu_hist', 'lambda': 0.2827132867980048, 'alpha': 2.905174189628711, 'colsample_bytree': 0.33413666441439416, 'subsample': 0.9753452547448034, 'learning_rate': 0.019272120655092567, 'max_depth': 17, 'min_child_weight': 35, 'eval_metric': 'logloss'}. Best is trial 222 with value: 0.8964450250425448.
start listen on 192.168.1.101:53825
@tracker All of 1 nodes getting started
@tracker All nodes finishes job
Trial 414 finished with value: 0.8962158615766491 and parameters: {'objective': 'binary:logistic', 'tree_method': 'gpu_hist', 'lambda': 0.19764416862680814, 'alpha': 2.292583176694016, 'colsample_bytree': 0.31553375521094984, 'subsample': 0.9906673568612222, 'learning_rate': 0.0145569133238104, 'max_depth': 17, 'min_child_weight': 29, 'eval_metric': 'logloss'}. Best is trial 222 with value: 0.8964450250425448.
start listen on 192.168.1.101:34445
@tracker All of 1 nodes getting started
@tracker All nodes finishes job
Trial 415 finished with value: 0.8959786253411379 and parameters: {'objective': 'binary:logistic', 'tree_method': 'gpu_hist', 'lambda': 0.1401705460833476, 'alpha': 0.8668672294899394, 'colsample_bytree': 0.3529280183706659, 'subsample': 0.9724322003621296, 'learning_rate': 0.016188849040576922, 'max_depth': 17, 'min_child_weight': 18, 'eval_metric': 'logloss'}. Best is trial 222 with value: 0.8964450250425448.
start listen on 192.168.1.101:39639
@tracker All of 1 nodes getting started
@tracker All nodes finishes job
Trial 416 finished with value: 0.8955388368916805 and parameters: {'objective': 'binary:logistic', 'tree_method': 'gpu_hist', 'lambda': 0.37697324845286156, 'alpha': 0.5876185473353699, 'colsample_bytree': 0.3257827600701306, 'subsample': 0.9560601379597241, 'learning_rate': 0.02502578921362343, 'max_depth': 17, 'min_child_weight': 23, 'eval_metric': 'logloss'}. Best is trial 222 with value: 0.8964450250425448.
start listen on 192.168.1.101:51593
@tracker All of 1 nodes getting started
@tracker All nodes finishes job
Trial 417 finished with value: 0.8904642173085527 and parameters: {'objective': 'binary:logistic', 'tree_method': 'gpu_hist', 'lambda': 1.7630980014496345, 'alpha': 3.5963802417413984, 'colsample_bytree': 0.3389406331277646, 'subsample': 0.9800390726492777, 'learning_rate': 0.020856109076993964, 'max_depth': 5, 'min_child_weight': 34, 'eval_metric': 'logloss'}. Best is trial 222 with value: 0.8964450250425448.
start listen on 192.168.1.101:43313
@tracker All of 1 nodes getting started
@tracker All nodes finishes job
Trial 418 finished with value: 0.8952328894148412 and parameters: {'objective': 'binary:logistic', 'tree_method': 'gpu_hist', 'lambda': 0.00688002023798246, 'alpha': 0.02238222413787753, 'colsample_bytree': 0.3552830353363067, 'subsample': 0.9648317831917836, 'learning_rate': 0.01768450441229724, 'max_depth': 9, 'min_child_weight': 7, 'eval_metric': 'logloss'}. Best is trial 222 with value: 0.8964450250425448.
start listen on 192.168.1.101:59125
@tracker All of 1 nodes getting started
@tracker All nodes finishes job
