Trial 167 finished with value: 0.894890963715078 and parameters: {'objective': 'binary:logistic', 'tree_method': 'gpu_hist', 'lambda': 1.658579305267576, 'alpha': 1.3997385262569881, 'colsample_bytree': 0.34594978100521373, 'subsample': 0.9849397965286936, 'learning_rate': 0.0186474393901445, 'max_depth': 9, 'min_child_weight': 49, 'eval_metric': 'logloss'}. Best is trial 163 with value: 0.8962930048883588.
start listen on 192.168.1.101:34141
@tracker All of 1 nodes getting started
@tracker All nodes finishes job
Trial 168 finished with value: 0.896100848682782 and parameters: {'objective': 'binary:logistic', 'tree_method': 'gpu_hist', 'lambda': 2.147550047427041, 'alpha': 3.9231733852985027, 'colsample_bytree': 0.32726248351023896, 'subsample': 0.9800323336518025, 'learning_rate': 0.02221153733783885, 'max_depth': 17, 'min_child_weight': 31, 'eval_metric': 'logloss'}. Best is trial 163 with value: 0.8962930048883588.
start listen on 192.168.1.101:53589
@tracker All of 1 nodes getting started
@tracker All nodes finishes job
Trial 169 finished with value: 0.8961092742857496 and parameters: {'objective': 'binary:logistic', 'tree_method': 'gpu_hist', 'lambda': 1.68320019004051, 'alpha': 2.9476797399479513, 'colsample_bytree': 0.3545456876306694, 'subsample': 0.9627461407963361, 'learning_rate': 0.01611295527408231, 'max_depth': 17, 'min_child_weight': 38, 'eval_metric': 'logloss'}. Best is trial 163 with value: 0.8962930048883588.
start listen on 192.168.1.101:36875
@tracker All of 1 nodes getting started
@tracker All nodes finishes job
Trial 170 finished with value: 0.8957692442568288 and parameters: {'objective': 'binary:logistic', 'tree_method': 'gpu_hist', 'lambda': 1.2825436932624614, 'alpha': 2.9806178736544293, 'colsample_bytree': 0.3839260321915883, 'subsample': 0.9620300234959208, 'learning_rate': 0.024794209747375635, 'max_depth': 17, 'min_child_weight': 42, 'eval_metric': 'logloss'}. Best is trial 163 with value: 0.8962930048883588.
start listen on 192.168.1.101:50009
@tracker All of 1 nodes getting started
@tracker All nodes finishes job
Trial 171 finished with value: 0.8960933924732815 and parameters: {'objective': 'binary:logistic', 'tree_method': 'gpu_hist', 'lambda': 1.9145025616626181, 'alpha': 2.3411771905127376, 'colsample_bytree': 0.3553291935050279, 'subsample': 0.966506997835096, 'learning_rate': 0.015729061704410033, 'max_depth': 17, 'min_child_weight': 37, 'eval_metric': 'logloss'}. Best is trial 163 with value: 0.8962930048883588.
start listen on 192.168.1.101:60893
@tracker All of 1 nodes getting started
@tracker All nodes finishes job
Trial 172 finished with value: 0.8962456641380037 and parameters: {'objective': 'binary:logistic', 'tree_method': 'gpu_hist', 'lambda': 1.7574549074005217, 'alpha': 1.7637764956855617, 'colsample_bytree': 0.34335657122977165, 'subsample': 0.9516617334126127, 'learning_rate': 0.018280848154447152, 'max_depth': 17, 'min_child_weight': 29, 'eval_metric': 'logloss'}. Best is trial 163 with value: 0.8962930048883588.
start listen on 192.168.1.101:56111
@tracker All of 1 nodes getting started
@tracker All nodes finishes job
Trial 173 finished with value: 0.8961484625017192 and parameters: {'objective': 'binary:logistic', 'tree_method': 'gpu_hist', 'lambda': 0.9256651396567143, 'alpha': 1.8598869923283694, 'colsample_bytree': 0.32970400572067426, 'subsample': 0.9493761459911206, 'learning_rate': 0.0186421128813634, 'max_depth': 17, 'min_child_weight': 27, 'eval_metric': 'logloss'}. Best is trial 163 with value: 0.8962930048883588.
start listen on 192.168.1.101:57721
@tracker All of 1 nodes getting started
@tracker All nodes finishes job
Trial 174 finished with value: 0.8958175328426051 and parameters: {'objective': 'binary:logistic', 'tree_method': 'gpu_hist', 'lambda': 0.9225798982253556, 'alpha': 1.6263353360867756, 'colsample_bytree': 0.3275111446345272, 'subsample': 0.9472330599270354, 'learning_rate': 0.02111876269836156, 'max_depth': 17, 'min_child_weight': 24, 'eval_metric': 'logloss'}. Best is trial 163 with value: 0.8962930048883588.
start listen on 192.168.1.101:56741
@tracker All of 1 nodes getting started
@tracker All nodes finishes job
Trial 175 finished with value: 0.8960777133064451 and parameters: {'objective': 'binary:logistic', 'tree_method': 'gpu_hist', 'lambda': 1.1698068814592708, 'alpha': 1.8821667470859451, 'colsample_bytree': 0.33284816969532943, 'subsample': 0.9342840507925871, 'learning_rate': 0.018570214155229806, 'max_depth': 11, 'min_child_weight': 28, 'eval_metric': 'logloss'}. Best is trial 163 with value: 0.8962930048883588.
start listen on 192.168.1.101:37889
@tracker All of 1 nodes getting started
@tracker All nodes finishes job
Trial 176 finished with value: 0.8960897139520367 and parameters: {'objective': 'binary:logistic', 'tree_method': 'gpu_hist', 'lambda': 0.08883439307006959, 'alpha': 1.0709099022046824, 'colsample_bytree': 0.3175961746549953, 'subsample': 0.9521474596200383, 'learning_rate': 0.01890070434407863, 'max_depth': 13, 'min_child_weight': 18, 'eval_metric': 'logloss'}. Best is trial 163 with value: 0.8962930048883588.
start listen on 192.168.1.101:58569
@tracker All of 1 nodes getting started
@tracker All nodes finishes job
Trial 177 finished with value: 0.8941308248582667 and parameters: {'objective': 'binary:logistic', 'tree_method': 'gpu_hist', 'lambda': 0.2394403961272038, 'alpha': 1.3768511316341627, 'colsample_bytree': 0.34433918677241143, 'subsample': 0.9273336791701268, 'learning_rate': 0.023478840417326497, 'max_depth': 7, 'min_child_weight': 30, 'eval_metric': 'logloss'}. Best is trial 163 with value: 0.8962930048883588.
start listen on 192.168.1.101:38661
@tracker All of 1 nodes getting started
@tracker All nodes finishes job
Trial 178 finished with value: 0.8961676060465433 and parameters: {'objective': 'binary:logistic', 'tree_method': 'gpu_hist', 'lambda': 2.459858136811331, 'alpha': 1.8923614824123052, 'colsample_bytree': 0.3239803518962311, 'subsample': 0.9704971060317529, 'learning_rate': 0.020994147646652424, 'max_depth': 17, 'min_child_weight': 46, 'eval_metric': 'logloss'}. Best is trial 163 with value: 0.8962930048883588.
start listen on 192.168.1.101:36191
@tracker All of 1 nodes getting started
@tracker All nodes finishes job
Trial 179 finished with value: 0.8960201590725096 and parameters: {'objective': 'binary:logistic', 'tree_method': 'gpu_hist', 'lambda': 2.6266847730801746, 'alpha': 1.880417371222677, 'colsample_bytree': 0.3647582539831809, 'subsample': 0.9734263852546723, 'learning_rate': 0.02141397589287274, 'max_depth': 17, 'min_child_weight': 46, 'eval_metric': 'logloss'}. Best is trial 163 with value: 0.8962930048883588.
start listen on 192.168.1.101:40541
@tracker All of 1 nodes getting started
@tracker All nodes finishes job
Trial 180 finished with value: 0.8959177202682569 and parameters: {'objective': 'binary:logistic', 'tree_method': 'gpu_hist', 'lambda': 1.8488106715213408, 'alpha': 1.5880478992618483, 'colsample_bytree': 0.3324854918625547, 'subsample': 0.9558512982703503, 'learning_rate': 0.02571381006104836, 'max_depth': 17, 'min_child_weight': 53, 'eval_metric': 'logloss'}. Best is trial 163 with value: 0.8962930048883588.
start listen on 192.168.1.101:43831
@tracker All of 1 nodes getting started
@tracker All nodes finishes job
Trial 181 finished with value: 0.896247656820053 and parameters: {'objective': 'binary:logistic', 'tree_method': 'gpu_hist', 'lambda': 2.257497166949356, 'alpha': 2.4873871653398782, 'colsample_bytree': 0.31955866503300956, 'subsample': 0.9879449303501151, 'learning_rate': 0.018134995037158045, 'max_depth': 17, 'min_child_weight': 26, 'eval_metric': 'logloss'}. Best is trial 163 with value: 0.8962930048883588.
start listen on 192.168.1.101:34795
@tracker All of 1 nodes getting started
@tracker All nodes finishes job
Trial 182 finished with value: 0.8962309895761099 and parameters: {'objective': 'binary:logistic', 'tree_method': 'gpu_hist', 'lambda': 2.292347720955778, 'alpha': 2.4840827252664495, 'colsample_bytree': 0.3229045592600802, 'subsample': 0.9921083710364537, 'learning_rate': 0.01997038117244566, 'max_depth': 17, 'min_child_weight': 24, 'eval_metric': 'logloss'}. Best is trial 163 with value: 0.8962930048883588.
start listen on 192.168.1.101:51525
@tracker All of 1 nodes getting started
@tracker All nodes finishes job
Trial 183 finished with value: 0.8961706708820791 and parameters: {'objective': 'binary:logistic', 'tree_method': 'gpu_hist', 'lambda': 2.3303061746094884, 'alpha': 2.081631415101299, 'colsample_bytree': 0.32385443022961113, 'subsample': 0.9887262760514581, 'learning_rate': 0.020120794307510844, 'max_depth': 17, 'min_child_weight': 26, 'eval_metric': 'logloss'}. Best is trial 163 with value: 0.8962930048883588.
start listen on 192.168.1.101:59319
@tracker All of 1 nodes getting started
@tracker All nodes finishes job
Trial 184 finished with value: 0.8960705466933623 and parameters: {'objective': 'binary:logistic', 'tree_method': 'gpu_hist', 'lambda': 2.719058516919483, 'alpha': 2.4456284094138194, 'colsample_bytree': 0.32242733856991046, 'subsample': 0.9994847700820806, 'learning_rate': 0.020239324686406605, 'max_depth': 17, 'min_child_weight': 25, 'eval_metric': 'logloss'}. Best is trial 163 with value: 0.8962930048883588.
start listen on 192.168.1.101:53103
@tracker All of 1 nodes getting started
@tracker All nodes finishes job
Trial 185 finished with value: 0.8952992788546181 and parameters: {'objective': 'binary:logistic', 'tree_method': 'gpu_hist', 'lambda': 1.6607511307379341, 'alpha': 2.887752851517785, 'colsample_bytree': 0.34372186776060637, 'subsample': 0.9857639922869544, 'learning_rate': 0.022307190275824458, 'max_depth': 17, 'min_child_weight': 156, 'eval_metric': 'logloss'}. Best is trial 163 with value: 0.8962930048883588.
start listen on 192.168.1.101:51745
@tracker All of 1 nodes getting started
@tracker All nodes finishes job
Trial 186 finished with value: 0.8957534400533259 and parameters: {'objective': 'binary:logistic', 'tree_method': 'gpu_hist', 'lambda': 2.434357190566777, 'alpha': 1.4931362521092741, 'colsample_bytree': 0.3618666738468693, 'subsample': 0.9741201427986396, 'learning_rate': 0.02743103909308563, 'max_depth': 17, 'min_child_weight': 40, 'eval_metric': 'logloss'}. Best is trial 163 with value: 0.8962930048883588.
start listen on 192.168.1.101:47395
@tracker All of 1 nodes getting started
@tracker All nodes finishes job
Trial 187 finished with value: 0.8959346785458208 and parameters: {'objective': 'binary:logistic', 'tree_method': 'gpu_hist', 'lambda': 2.971475267730085, 'alpha': 3.9032474882149844, 'colsample_bytree': 0.3215640507730863, 'subsample': 0.9890612616447911, 'learning_rate': 0.01974847402887469, 'max_depth': 17, 'min_child_weight': 69, 'eval_metric': 'logloss'}. Best is trial 163 with value: 0.8962930048883588.
start listen on 192.168.1.101:34423
@tracker All of 1 nodes getting started
@tracker All nodes finishes job
Trial 188 finished with value: 0.8957479628724456 and parameters: {'objective': 'binary:logistic', 'tree_method': 'gpu_hist', 'lambda': 1.9919459215879838, 'alpha': 2.206101794400701, 'colsample_bytree': 0.3368829253672535, 'subsample': 0.9780135974028467, 'learning_rate': 0.023530503291785347, 'max_depth': 17, 'min_child_weight': 23, 'eval_metric': 'logloss'}. Best is trial 163 with value: 0.8962930048883588.
start listen on 192.168.1.101:34713
@tracker All of 1 nodes getting started
@tracker All nodes finishes job
Trial 189 finished with value: 0.8961669664911793 and parameters: {'objective': 'binary:logistic', 'tree_method': 'gpu_hist', 'lambda': 1.3490645926459433, 'alpha': 1.2424606402865097, 'colsample_bytree': 0.37641996192332394, 'subsample': 0.9987746160005135, 'learning_rate': 0.018750324074686048, 'max_depth': 17, 'min_child_weight': 35, 'eval_metric': 'logloss'}. Best is trial 163 with value: 0.8962930048883588.
start listen on 192.168.1.101:34003
@tracker All of 1 nodes getting started
@tracker All nodes finishes job
Trial 190 finished with value: 0.8961957644475916 and parameters: {'objective': 'binary:logistic', 'tree_method': 'gpu_hist', 'lambda': 1.328001002574664, 'alpha': 0.9939128394606359, 'colsample_bytree': 0.3756124528193219, 'subsample': 0.9981114194455456, 'learning_rate': 0.019651544543097157, 'max_depth': 17, 'min_child_weight': 45, 'eval_metric': 'logloss'}. Best is trial 163 with value: 0.8962930048883588.
start listen on 192.168.1.101:35853
@tracker All of 1 nodes getting started
@tracker All nodes finishes job
Trial 191 finished with value: 0.896136135611032 and parameters: {'objective': 'binary:logistic', 'tree_method': 'gpu_hist', 'lambda': 1.496497456339252, 'alpha': 0.930240347948162, 'colsample_bytree': 0.3720308815504295, 'subsample': 0.9990294666852438, 'learning_rate': 0.020513593176478488, 'max_depth': 17, 'min_child_weight': 47, 'eval_metric': 'logloss'}. Best is trial 163 with value: 0.8962930048883588.
start listen on 192.168.1.101:54111
@tracker All of 1 nodes getting started
@tracker All nodes finishes job
Trial 192 finished with value: 0.896090091936443 and parameters: {'objective': 'binary:logistic', 'tree_method': 'gpu_hist', 'lambda': 1.2788711979329384, 'alpha': 0.9833599871737636, 'colsample_bytree': 0.3750695132162868, 'subsample': 0.9879448858345597, 'learning_rate': 0.020279883874360263, 'max_depth': 17, 'min_child_weight': 43, 'eval_metric': 'logloss'}. Best is trial 163 with value: 0.8962930048883588.
start listen on 192.168.1.101:60173
@tracker All of 1 nodes getting started
@tracker All nodes finishes job
Trial 193 finished with value: 0.8961379601403228 and parameters: {'objective': 'binary:logistic', 'tree_method': 'gpu_hist', 'lambda': 0.889204280179345, 'alpha': 1.1975140753568827, 'colsample_bytree': 0.38601951831968573, 'subsample': 0.9902707086587005, 'learning_rate': 0.018636532106634202, 'max_depth': 17, 'min_child_weight': 36, 'eval_metric': 'logloss'}. Best is trial 163 with value: 0.8962930048883588.
start listen on 192.168.1.101:44131
@tracker All of 1 nodes getting started
@tracker All nodes finishes job
Trial 194 finished with value: 0.8960249528633325 and parameters: {'objective': 'binary:logistic', 'tree_method': 'gpu_hist', 'lambda': 0.8977713037084549, 'alpha': 1.1693882323983111, 'colsample_bytree': 0.385860099977317, 'subsample': 0.999113252277005, 'learning_rate': 0.018941483660513386, 'max_depth': 17, 'min_child_weight': 17, 'eval_metric': 'logloss'}. Best is trial 163 with value: 0.8962930048883588.
start listen on 192.168.1.101:37071
@tracker All of 1 nodes getting started
@tracker All nodes finishes job
Trial 195 finished with value: 0.8833071839026359 and parameters: {'objective': 'binary:logistic', 'tree_method': 'gpu_hist', 'lambda': 1.5086560023105895, 'alpha': 1.3133805919894492, 'colsample_bytree': 0.39800776420156037, 'subsample': 0.993282833457977, 'learning_rate': 0.015406037972139254, 'max_depth': 3, 'min_child_weight': 45, 'eval_metric': 'logloss'}. Best is trial 163 with value: 0.8962930048883588.
start listen on 192.168.1.101:33839
@tracker All of 1 nodes getting started
@tracker All nodes finishes job
Trial 196 finished with value: 0.8959165338571268 and parameters: {'objective': 'binary:logistic', 'tree_method': 'gpu_hist', 'lambda': 0.9972644769531737, 'alpha': 0.9272473866092125, 'colsample_bytree': 0.4044258714105326, 'subsample': 0.9763525796306368, 'learning_rate': 0.017824718594443126, 'max_depth': 17, 'min_child_weight': 62, 'eval_metric': 'logloss'}. Best is trial 163 with value: 0.8962930048883588.
start listen on 192.168.1.101:58663
@tracker All of 1 nodes getting started
@tracker All nodes finishes job
Trial 197 finished with value: 0.896231101677949 and parameters: {'objective': 'binary:logistic', 'tree_method': 'gpu_hist', 'lambda': 0.660037632755733, 'alpha': 1.5931448742632204, 'colsample_bytree': 0.3725623789945965, 'subsample': 0.9999780603241092, 'learning_rate': 0.014495209055132043, 'max_depth': 17, 'min_child_weight': 34, 'eval_metric': 'logloss'}. Best is trial 163 with value: 0.8962930048883588.
start listen on 192.168.1.101:45367
@tracker All of 1 nodes getting started
@tracker All nodes finishes job
Trial 198 finished with value: 0.8962161756055188 and parameters: {'objective': 'binary:logistic', 'tree_method': 'gpu_hist', 'lambda': 0.7023908016942291, 'alpha': 1.5702513731950474, 'colsample_bytree': 0.3584240672344347, 'subsample': 0.9836846480530339, 'learning_rate': 0.014237370261611565, 'max_depth': 17, 'min_child_weight': 35, 'eval_metric': 'logloss'}. Best is trial 163 with value: 0.8962930048883588.
start listen on 192.168.1.101:57553
@tracker All of 1 nodes getting started
@tracker All nodes finishes job
Trial 199 finished with value: 0.8963972193569982 and parameters: {'objective': 'binary:logistic', 'tree_method': 'gpu_hist', 'lambda': 1.079124912353215, 'alpha': 1.6563564269266502, 'colsample_bytree': 0.3535102417110983, 'subsample': 0.9665131148281642, 'learning_rate': 0.014500625572604203, 'max_depth': 17, 'min_child_weight': 27, 'eval_metric': 'logloss'}. Best is trial 199 with value: 0.8963972193569982.
start listen on 192.168.1.101:60363
@tracker All of 1 nodes getting started
@tracker All nodes finishes job
Trial 200 finished with value: 0.8881849720586166 and parameters: {'objective': 'binary:logistic', 'tree_method': 'gpu_hist', 'lambda': 1.2378701998330275, 'alpha': 1.5866476867322745, 'colsample_bytree': 0.41710654640742284, 'subsample': 0.9739305939225117, 'learning_rate': 0.014086058444768314, 'max_depth': 5, 'min_child_weight': 207, 'eval_metric': 'logloss'}. Best is trial 199 with value: 0.8963972193569982.
start listen on 192.168.1.101:53171
@tracker All of 1 nodes getting started
@tracker All nodes finishes job
Trial 201 finished with value: 0.8961609043686518 and parameters: {'objective': 'binary:logistic', 'tree_method': 'gpu_hist', 'lambda': 0.7035881608572595, 'alpha': 1.7536001026597496, 'colsample_bytree': 0.35312787545142893, 'subsample': 0.967176341842664, 'learning_rate': 0.014642618741246734, 'max_depth': 17, 'min_child_weight': 28, 'eval_metric': 'logloss'}. Best is trial 199 with value: 0.8963972193569982.
start listen on 192.168.1.101:54411
@tracker All of 1 nodes getting started
@tracker All nodes finishes job
Trial 202 finished with value: 0.8961652001686127 and parameters: {'objective': 'binary:logistic', 'tree_method': 'gpu_hist', 'lambda': 0.5779820245767785, 'alpha': 1.5288045686279113, 'colsample_bytree': 0.3569033363210003, 'subsample': 0.9665339688619957, 'learning_rate': 0.012224917635136315, 'max_depth': 17, 'min_child_weight': 24, 'eval_metric': 'logloss'}. Best is trial 199 with value: 0.8963972193569982.
start listen on 192.168.1.101:40367
@tracker All of 1 nodes getting started
@tracker All nodes finishes job
Trial 203 finished with value: 0.8961604990773875 and parameters: {'objective': 'binary:logistic', 'tree_method': 'gpu_hist', 'lambda': 0.4592807971126024, 'alpha': 1.5895977447965148, 'colsample_bytree': 0.3581151307627039, 'subsample': 0.9667097255213105, 'learning_rate': 0.011602867286590766, 'max_depth': 17, 'min_child_weight': 22, 'eval_metric': 'logloss'}. Best is trial 199 with value: 0.8963972193569982.
start listen on 192.168.1.101:36205
@tracker All of 1 nodes getting started
@tracker All nodes finishes job
Trial 204 finished with value: 0.8958945230921883 and parameters: {'objective': 'binary:logistic', 'tree_method': 'gpu_hist', 'lambda': 0.5717342105211455, 'alpha': 1.350495725414992, 'colsample_bytree': 0.36898415983664745, 'subsample': 0.9818821294222453, 'learning_rate': 0.013041492639457952, 'max_depth': 17, 'min_child_weight': 16, 'eval_metric': 'logloss'}. Best is trial 199 with value: 0.8963972193569982.
start listen on 192.168.1.101:33479
@tracker All of 1 nodes getting started
@tracker All nodes finishes job
Trial 205 finished with value: 0.8961312534322206 and parameters: {'objective': 'binary:logistic', 'tree_method': 'gpu_hist', 'lambda': 0.7004708435961344, 'alpha': 1.6959295271612442, 'colsample_bytree': 0.3578080915096521, 'subsample': 0.9670918125735889, 'learning_rate': 0.012655850365166393, 'max_depth': 17, 'min_child_weight': 27, 'eval_metric': 'logloss'}. Best is trial 199 with value: 0.8963972193569982.
start listen on 192.168.1.101:59873
@tracker All of 1 nodes getting started
@tracker All nodes finishes job
Trial 206 finished with value: 0.8961742171806415 and parameters: {'objective': 'binary:logistic', 'tree_method': 'gpu_hist', 'lambda': 0.6651989320839017, 'alpha': 1.2058513213793016, 'colsample_bytree': 0.348891193865056, 'subsample': 0.9852703806311628, 'learning_rate': 0.014472615983425346, 'max_depth': 17, 'min_child_weight': 22, 'eval_metric': 'logloss'}. Best is trial 199 with value: 0.8963972193569982.
start listen on 192.168.1.101:36127
@tracker All of 1 nodes getting started
@tracker All nodes finishes job
Trial 207 finished with value: 0.8962370193615684 and parameters: {'objective': 'binary:logistic', 'tree_method': 'gpu_hist', 'lambda': 0.47450636232917304, 'alpha': 1.2550520328863881, 'colsample_bytree': 0.3474446413192721, 'subsample': 0.9851055577728453, 'learning_rate': 0.013882355862486968, 'max_depth': 17, 'min_child_weight': 21, 'eval_metric': 'logloss'}. Best is trial 199 with value: 0.8963972193569982.
start listen on 192.168.1.101:40655
@tracker All of 1 nodes getting started
@tracker All nodes finishes job
Trial 208 finished with value: 0.8961311104305156 and parameters: {'objective': 'binary:logistic', 'tree_method': 'gpu_hist', 'lambda': 1.1627474891015945, 'alpha': 1.1349204012728251, 'colsample_bytree': 0.3462927669952529, 'subsample': 0.9994895098168527, 'learning_rate': 0.014206961688409537, 'max_depth': 17, 'min_child_weight': 15, 'eval_metric': 'logloss'}. Best is trial 199 with value: 0.8963972193569982.
start listen on 192.168.1.101:37289
@tracker All of 1 nodes getting started
@tracker All nodes finishes job
