number,value,params_alpha,params_colsample_bytree,params_eval_metric,params_lambda,params_learning_rate,params_max_depth,params_min_child_weight,params_objective,params_subsample,params_tree_method,state
389,0.896262211375491,1.8767940993197856,0.3425131291334437,logloss,0.8478079849449869,0.01618762019131504,17,32,binary:logistic,0.9873663306579509,gpu_hist,COMPLETE
390,0.8961788356326905,1.9273801968305975,0.3006667667451422,logloss,1.4424394067906279,0.01642600234590722,17,31,binary:logistic,0.9562245023584444,gpu_hist,COMPLETE
391,0.8961620023917933,0.17558649270776594,0.32246332381658527,logloss,0.01639663283853933,0.01783029244577175,13,26,binary:logistic,0.9711732254436646,gpu_hist,COMPLETE
392,0.8945698501528968,1.0559368281270327,0.3395179149197369,logloss,1.0909869849305496,0.016038348174924066,17,173,binary:logistic,0.982620354321779,gpu_hist,COMPLETE
393,0.8961682477577115,1.9783661999203117,0.34901919792359803,logloss,0.8446189285827722,0.018943791249145248,15,39,binary:logistic,0.9584170520057049,gpu_hist,COMPLETE
394,0.8955536846365434,1.4746511447834343,0.3284835952259965,logloss,1.2158230562221628,0.015187980767958823,17,1,binary:logistic,0.9851363801330163,gpu_hist,COMPLETE
395,0.8963161934412088,2.438793130549225,0.31820593522320545,logloss,0.2779806100370717,0.017220876299998498,17,19,binary:logistic,0.9707961026990916,gpu_hist,COMPLETE
396,0.8935996532891326,2.5003262274268736,0.3155868602005998,logloss,0.2655622809391731,0.017427904605836268,7,10,binary:logistic,0.9472972153470782,gpu_hist,COMPLETE
397,0.8957342239297473,2.986612799844427,0.31619543067422795,logloss,0.22603225550688977,0.022107712723589214,17,17,binary:logistic,0.9688250184412689,gpu_hist,COMPLETE
398,0.8960655049850107,2.291914540088051,0.3315079454598811,logloss,0.9029257624256687,0.019170321632943785,17,31,binary:logistic,0.9582930897061157,gpu_hist,COMPLETE
399,0.8962541695057415,2.8129203972132997,0.31250526563464787,logloss,0.3307948424211517,0.017192587239661695,17,24,binary:logistic,0.9710427063808195,gpu_hist,COMPLETE
400,0.8962076357449074,2.1063681228293354,0.3027523221237648,logloss,0.28144914183164343,0.016468601823031642,17,20,binary:logistic,0.9433070356539123,gpu_hist,COMPLETE
401,0.8945401029238602,4.029397295758395,0.31064478690856645,logloss,0.2008642459101886,0.020312621586064582,17,209,binary:logistic,0.9653424406402308,gpu_hist,COMPLETE
402,0.8936358147554476,1.8565897910188878,0.7742298350984853,logloss,0.3559637985111705,0.017017918203721817,17,257,binary:logistic,0.9500023477850692,gpu_hist,COMPLETE
403,0.8960762581383421,2.6692708623458503,0.31683589150917885,logloss,0.304930970712499,0.015529910784791438,20,47,binary:logistic,0.9717079384654379,gpu_hist,COMPLETE
404,0.8963542132110869,2.207689594524932,0.3005113739889011,logloss,0.25359558944905436,0.018325593632924915,17,35,binary:logistic,0.9594968374300789,gpu_hist,COMPLETE
405,0.8847308291123877,2.4505809931296616,0.30047343975556723,logloss,0.2433487000782395,0.01951518056131772,3,35,binary:logistic,0.974158917597148,gpu_hist,COMPLETE
406,0.8959982295095443,3.4120447411045483,0.32489423085217023,logloss,0.17063439745271905,0.023153103065012604,17,40,binary:logistic,0.9669246182775546,gpu_hist,COMPLETE
407,0.8949607068682066,1.765659215378919,0.3135326032559295,logloss,0.2483502595105094,0.018290335174513523,17,162,binary:logistic,0.9794175247254364,gpu_hist,COMPLETE
408,0.8961039652576279,2.6878564817684416,0.3309228529111888,logloss,0.33526985511027424,0.014959174540280175,17,52,binary:logistic,0.9901253493850046,gpu_hist,COMPLETE
409,0.8961701872632477,2.1782791030122786,0.3015641617368996,logloss,0.31664392358290677,0.021452574329437736,17,43,binary:logistic,0.9595781226192284,gpu_hist,COMPLETE
410,0.8957492958782884,1.6065261476302177,0.4602605652337585,logloss,0.24208181636488083,0.012778468323021278,15,25,binary:logistic,0.9394514203547547,gpu_hist,COMPLETE
411,0.8956351445876585,1.4010648053199073,0.33867607356068086,logloss,0.27070285446803066,0.0177893455014167,17,12,binary:logistic,0.987365199818978,gpu_hist,COMPLETE
412,0.8950776765140468,1.8813914487154246,0.32238541169266777,logloss,1.4033166426979427,0.015959344830265572,17,118,binary:logistic,0.9609226570840295,gpu_hist,COMPLETE
413,0.8960273242483896,2.905174189628711,0.33413666441439416,logloss,0.2827132867980048,0.019272120655092567,17,35,binary:logistic,0.9753452547448034,gpu_hist,COMPLETE
414,0.8962158615766491,2.292583176694016,0.31553375521094984,logloss,0.19764416862680814,0.0145569133238104,17,29,binary:logistic,0.9906673568612222,gpu_hist,COMPLETE
415,0.8959786253411379,0.8668672294899394,0.3529280183706659,logloss,0.1401705460833476,0.016188849040576922,17,18,binary:logistic,0.9724322003621296,gpu_hist,COMPLETE
416,0.8955388368916805,0.5876185473353699,0.3257827600701306,logloss,0.37697324845286156,0.02502578921362343,17,23,binary:logistic,0.9560601379597241,gpu_hist,COMPLETE
417,0.8904642173085527,3.5963802417413984,0.3389406331277646,logloss,1.7630980014496345,0.020856109076993964,5,34,binary:logistic,0.9800390726492777,gpu_hist,COMPLETE
418,0.8952328894148412,0.02238222413787753,0.3552830353363067,logloss,0.00688002023798246,0.01768450441229724,9,7,binary:logistic,0.9648317831917836,gpu_hist,COMPLETE
419,0.8959165848778354,1.627270421110953,0.3121459979127313,logloss,1.3582375111407001,0.014380403151601377,17,42,binary:logistic,0.9457101038078134,gpu_hist,COMPLETE
420,0.8930261862710027,1.1332119811133703,0.3609916355626595,logloss,0.05513136818301693,0.003789412346395767,17,28,binary:logistic,0.9885840210277196,gpu_hist,COMPLETE
421,0.8961881903874397,1.935433167691901,0.3362704384946673,logloss,1.0360399959600388,0.012881641661394733,17,16,binary:logistic,0.9775633011489383,gpu_hist,COMPLETE
422,0.8959985169501574,1.36626110629741,0.3018749372993408,logloss,2.0288632513926195,0.016778042436756204,11,24,binary:logistic,0.9992255729739278,gpu_hist,COMPLETE
423,0.8959200291349805,2.4900684089419585,0.3269302429935679,logloss,0.3723782978005423,0.019407969709433866,17,36,binary:logistic,0.7466301163608567,gpu_hist,COMPLETE
424,0.895490669749563,4.861854566183681,0.34427450005567956,logloss,0.22314173602021106,0.01532208630964247,13,48,binary:logistic,0.9667975619042143,gpu_hist,COMPLETE
425,0.8925986859077496,1.656605518029819,0.3002959021154902,logloss,1.5878130341663024,0.013477146691490085,7,31,binary:logistic,0.933621473717743,gpu_hist,COMPLETE
426,0.8914341274503055,2.209978013294474,0.3600654546661313,logloss,0.296316628435795,0.002965559906595104,17,21,binary:logistic,0.7832013738884067,gpu_hist,COMPLETE
427,0.8956466048448978,2.8050719042339516,0.321360404700823,logloss,0.1809192426672719,0.018134185421013773,17,90,binary:logistic,0.9525449306569138,gpu_hist,COMPLETE
428,0.8953649698137055,1.25637248169605,0.37098602707753137,logloss,1.2293533727360924,0.007356397419140557,15,12,binary:logistic,0.9812159228456298,gpu_hist,COMPLETE
429,0.8944752807540256,1.8623137705043968,0.3434791337651808,logloss,0.8193831275142354,0.01599810890034001,17,181,binary:logistic,0.9892385561617385,gpu_hist,COMPLETE
430,0.8962229311785253,1.4721357581615024,0.3152782501654738,logloss,0.9777711670450548,0.02213407689200027,17,39,binary:logistic,0.968575453708485,gpu_hist,COMPLETE
431,0.8962306087172976,0.9813610824309174,0.331255876695437,logloss,0.41328355440443865,0.01435550980690682,17,30,binary:logistic,0.9525070619499648,gpu_hist,COMPLETE
432,0.8952742902049293,3.3054679012513772,0.6501799232942557,logloss,2.1317981051473947,0.017796194151594936,17,24,binary:logistic,0.9794464036237458,gpu_hist,COMPLETE
433,0.8960512385887873,2.098776021834597,0.35564449530820297,logloss,1.7469518627822627,0.011692305554743519,17,16,binary:logistic,0.9997421839539187,gpu_hist,COMPLETE
434,0.8961443111406665,1.6081226388436014,0.3002892633139127,logloss,1.195524837369739,0.01621003594735101,17,35,binary:logistic,0.8014689148787334,gpu_hist,COMPLETE
435,0.8959246483056311,4.002930190119148,0.3407088824495571,logloss,0.20892750502886617,0.020005442628775075,17,20,binary:logistic,0.9626793795468667,gpu_hist,COMPLETE
436,0.8826833156102242,2.518377903430571,0.6045460726218889,logloss,0.7719898854431197,0.014296057848882241,3,6,binary:logistic,0.9893033945202938,gpu_hist,COMPLETE
437,0.8962726483441481,1.2330639261143308,0.32232100504363176,logloss,2.881977692880879,0.0174178919537922,20,27,binary:logistic,0.9715889366514896,gpu_hist,COMPLETE
438,0.8961570275133843,0.8865936736346631,0.3180068740916984,logloss,3.661036875541378,0.018868993679915666,20,59,binary:logistic,0.9406270303710027,gpu_hist,COMPLETE
439,0.8906804481026693,1.0588243844056744,0.31350903667909624,logloss,2.541537555960277,0.021162502925145082,5,42,binary:logistic,0.9588893699431257,gpu_hist,COMPLETE
440,0.8963462266736553,0.7922852352701438,0.3267695055677849,logloss,2.8283144221384986,0.017249743581793455,20,27,binary:logistic,0.973117852778532,gpu_hist,COMPLETE
441,0.8962604960736331,1.2492952464271039,0.3265057197279297,logloss,2.794643122175766,0.018502815347128134,20,33,binary:logistic,0.9775733360442969,gpu_hist,COMPLETE
442,0.8961691352306042,0.07695701161612353,0.330208538402783,logloss,3.074899326870197,0.018044040029680845,20,28,binary:logistic,0.9870279642435645,gpu_hist,COMPLETE
443,0.8962617162590352,1.2805261128493528,0.32183978977207184,logloss,2.8588049718484307,0.01707852281223271,20,33,binary:logistic,0.9763137039018683,gpu_hist,COMPLETE
444,0.8962702683358728,1.195325109573462,0.32401664383953277,logloss,2.8176663565382283,0.01736668606839432,20,31,binary:logistic,0.9783103555884022,gpu_hist,COMPLETE
445,0.8963491132960112,0.746962521828593,0.3246277897538712,logloss,3.033726323244465,0.017203784252479412,20,32,binary:logistic,0.9751036150623354,gpu_hist,COMPLETE
446,0.8962825866033416,0.6516942331667775,0.31545372440771335,logloss,3.030071823702655,0.018978930307720056,20,43,binary:logistic,0.9804094809541557,gpu_hist,COMPLETE
447,0.8962039090773601,0.6370867647987395,0.3108855558524413,logloss,3.739134785775345,0.019217307175899305,20,49,binary:logistic,0.975760119182947,gpu_hist,COMPLETE
448,0.8961798912583417,0.6932320313135784,0.3226458887199352,logloss,3.498622705543275,0.017258309959868445,20,42,binary:logistic,0.9751477573196973,gpu_hist,COMPLETE
449,0.896234925356703,0.8203820361934024,0.30073827800725744,logloss,2.836404650875747,0.020424263811363638,20,38,binary:logistic,0.9797280759287089,gpu_hist,COMPLETE
450,0.8961250576498079,0.545481333353263,0.3260333466689655,logloss,3.0729913692458006,0.0173570855223739,20,45,binary:logistic,0.9705207591250055,gpu_hist,COMPLETE
451,0.8963046814446591,0.6932928409388034,0.3143487138227593,logloss,2.860866203398729,0.01931475305887923,20,34,binary:logistic,0.9897338295610429,gpu_hist,COMPLETE
452,0.896195395086404,0.4378487015521813,0.31230409393687575,logloss,3.069886726572698,0.022772273565403366,20,38,binary:logistic,0.9992649436023038,gpu_hist,COMPLETE
453,0.8961275526343285,0.5221391773074768,0.3163083866809214,logloss,4.158006349359102,0.01997034053775571,20,45,binary:logistic,0.9908025652033804,gpu_hist,COMPLETE
454,0.8958182212628732,0.6674602358218664,0.30130821695744275,logloss,3.8204008404525833,0.02423647988000035,20,34,binary:logistic,0.9733684683048894,gpu_hist,COMPLETE
455,0.8961492199077343,0.5988808831874205,0.3252755180567705,logloss,2.8805948720477534,0.01912878381811559,20,40,binary:logistic,0.9811840771483278,gpu_hist,COMPLETE
456,0.8961975896954839,0.645883356408263,0.31438008706904724,logloss,2.6722059580537154,0.02118461387901085,20,54,binary:logistic,0.9667467923902957,gpu_hist,COMPLETE
457,0.8963044658641994,0.7485537333151543,0.3280364561708694,logloss,3.5263764241920135,0.018912676529041016,20,33,binary:logistic,0.9877636709495664,gpu_hist,COMPLETE
458,0.8960433490625627,0.6952591840367619,0.3284247331939557,logloss,3.344602122317419,0.022852707969693,20,49,binary:logistic,0.9919098904872525,gpu_hist,COMPLETE
459,0.8954795077119597,0.7718390000525537,0.3096998461866384,logloss,4.28690958825984,0.026915757270453585,20,34,binary:logistic,0.9997483003243246,gpu_hist,COMPLETE
460,0.8962045637233561,0.8416557032398808,0.30100992766390594,logloss,3.42457205709678,0.019682306086495436,20,42,binary:logistic,0.9849699905537055,gpu_hist,COMPLETE
461,0.895587484778223,0.5536025180777641,0.3236006107848874,logloss,2.827737521726904,0.021353215105432304,20,33,binary:logistic,0.44319100526106114,gpu_hist,COMPLETE
462,0.8961719931088987,0.7693757276780692,0.33161364681166944,logloss,4.0836147469214765,0.018654389534633886,20,38,binary:logistic,0.9818567618646491,gpu_hist,COMPLETE
463,0.8951382905533075,0.4845135922034824,0.31337142326024825,logloss,2.691438610607202,0.017537106960420743,20,145,binary:logistic,0.9671961310731398,gpu_hist,COMPLETE
464,0.8953069707654213,0.7430027068744852,0.5639519602902319,logloss,2.464915842802086,0.019195773942441766,20,32,binary:logistic,0.9995893483138464,gpu_hist,COMPLETE
465,0.8961811042577286,0.9829303775126881,0.33005920881776674,logloss,3.1853809583474644,0.016929818462751947,20,44,binary:logistic,0.9888323506166227,gpu_hist,COMPLETE
466,0.8959629864159877,0.788757944761433,0.3004242374163413,logloss,3.3622291607662445,0.021779333638183736,20,31,binary:logistic,0.9609870735101872,gpu_hist,COMPLETE
467,0.8959282183180441,0.014231653261693055,0.3194073063702391,logloss,2.425611866298584,0.018500046546449184,20,39,binary:logistic,0.4904202870527573,gpu_hist,COMPLETE
468,0.8962183177566869,0.4389556062440044,0.3373205932409265,logloss,3.7647537827751743,0.01668555791507444,20,32,binary:logistic,0.9771943394414321,gpu_hist,COMPLETE
469,0.896008591743642,0.9835800335906933,0.3155198621752386,logloss,2.7618349693307684,0.020226208152145413,20,28,binary:logistic,0.9706738118815422,gpu_hist,COMPLETE
470,0.8936975117272177,0.029767118065552517,0.3391246651973243,logloss,2.467107290373067,0.017890277798814483,20,282,binary:logistic,0.9881776014096947,gpu_hist,COMPLETE
471,0.8949478453379792,0.8657385382942083,0.3230004314242716,logloss,4.920553444940647,0.016853086814944778,20,47,binary:logistic,0.40201865816309107,gpu_hist,COMPLETE
472,0.8961108588021285,0.64810317981691,0.336589166740503,logloss,3.7306080612239003,0.020647645585584646,20,37,binary:logistic,0.9579880220031158,gpu_hist,COMPLETE
473,0.8959646003950296,0.8981246677868364,0.313624147761757,logloss,2.1867575613115626,0.023543350213180353,20,30,binary:logistic,0.9804829739816175,gpu_hist,COMPLETE
474,0.8949200333028694,1.0411926255889443,0.7168948632091265,logloss,3.0138187782958723,0.01877378753178222,20,51,binary:logistic,0.9681295876881443,gpu_hist,COMPLETE
475,0.8963479628149577,0.3930813517513221,0.30048585439073483,logloss,4.21988086634539,0.016412580963497795,20,37,binary:logistic,0.9995038040630788,gpu_hist,COMPLETE
476,0.8962233946765137,0.5274288460019966,0.3010472981320937,logloss,4.043931044887009,0.016076053290594576,20,44,binary:logistic,0.9986460243950454,gpu_hist,COMPLETE
477,0.8958613488524437,0.32448405621439336,0.3006968513803847,logloss,4.799474425149603,0.016204580063640294,20,38,binary:logistic,0.5906230777655705,gpu_hist,COMPLETE
478,0.896158714071181,0.8414093469437302,0.32864216381340117,logloss,4.316872644709476,0.018788513576450387,20,61,binary:logistic,0.9900610255892132,gpu_hist,COMPLETE
479,0.8956888665196215,0.7270265165317338,0.3412715369085511,logloss,3.131234122325423,0.0202717078214336,20,72,binary:logistic,0.7263160298131712,gpu_hist,COMPLETE
480,0.896383324477767,0.6265158117712927,0.31560827391728513,logloss,2.020966251913917,0.017441925574549867,20,37,binary:logistic,0.9900215562166395,gpu_hist,COMPLETE
481,0.8962972475118063,0.6141170905893146,0.3141418756637025,logloss,2.160802022822642,0.018072554875425438,20,53,binary:logistic,0.9880250269232691,gpu_hist,COMPLETE
482,0.8946485521113303,0.6367141225569112,0.30012801918943427,logloss,2.214338935443568,0.042182008048439065,20,53,binary:logistic,0.9980116947732437,gpu_hist,COMPLETE
483,0.8959803816032834,0.47614532554996336,0.31386634649510686,logloss,2.5391161158659687,0.02531314025697611,20,55,binary:logistic,0.9998356183726113,gpu_hist,COMPLETE
484,0.8961126200944847,0.2697626671417988,0.31467286619183615,logloss,1.9384287739529702,0.02198355391766977,20,50,binary:logistic,0.9856201263811606,gpu_hist,COMPLETE
485,0.8943825912167634,0.449613503813896,0.8996656482653667,logloss,3.4099008121357626,0.018231546178483944,20,44,binary:logistic,0.9881430481812935,gpu_hist,COMPLETE
486,0.8963397139879667,0.4152754527016157,0.322738749131292,logloss,2.6654971219073884,0.015979858016865262,20,41,binary:logistic,0.9766622926044017,gpu_hist,COMPLETE
487,0.8961198104214181,0.5012668831044074,0.30062227055966123,logloss,2.2133758138087725,0.016059764127649066,20,48,binary:logistic,0.9903977413078555,gpu_hist,COMPLETE
488,0.8962639877584793,0.3323644539377536,0.31601522323981024,logloss,2.4668278359597773,0.01552755062367864,20,42,binary:logistic,0.9774506357045157,gpu_hist,COMPLETE
489,0.8960977220475141,0.3959057897073531,0.31356973326466897,logloss,1.9906638781809416,0.015434604685338537,20,57,binary:logistic,0.9998986746446789,gpu_hist,COMPLETE
490,0.8962664345966971,0.37967835464606914,0.31251163656302056,logloss,2.3510564126442204,0.015446145875362612,20,44,binary:logistic,0.9826715586808398,gpu_hist,COMPLETE
491,0.8960721657026147,0.21806413301391803,0.30045582816788113,logloss,2.433639064242029,0.015423234445914317,20,54,binary:logistic,0.9588044250691551,gpu_hist,COMPLETE
492,0.8962134075524159,0.35146803395319837,0.3160289379717735,logloss,1.9705915589715788,0.015614871820101964,20,49,binary:logistic,0.9793659555152507,gpu_hist,COMPLETE
493,0.8959853385166542,0.37415854918882463,0.313308833339143,logloss,3.351258560266269,0.017042331573967118,20,46,binary:logistic,0.9688746086369174,gpu_hist,COMPLETE
494,0.8960449630416045,0.3144241683250928,0.32334344900494105,logloss,2.4932810959131397,0.014913554922438335,20,62,binary:logistic,0.9817884307910207,gpu_hist,COMPLETE
495,0.896126124054482,0.2073723193837253,0.3124688189558344,logloss,2.055510454790715,0.019988467634761902,20,43,binary:logistic,0.9495059971502551,gpu_hist,COMPLETE
496,0.896204414972839,0.4462309641995147,0.3257029493335054,logloss,2.909310692072387,0.01716272507315733,20,42,binary:logistic,0.9900767100254049,gpu_hist,COMPLETE
497,0.8961103665600789,0.37067317717956627,0.3098207056361539,logloss,4.269771526740902,0.015224386111312016,20,40,binary:logistic,0.9648017856758925,gpu_hist,COMPLETE
498,0.8962533876672742,0.5870059874414081,0.3274399381353102,logloss,2.3774473664286044,0.018561576050762012,20,52,binary:logistic,0.9786698966346714,gpu_hist,COMPLETE
499,0.8960467660128496,0.3097144980789521,0.30001060735741836,logloss,3.4700797737499034,0.016617032354289615,20,48,binary:logistic,0.9567974621260391,gpu_hist,COMPLETE
500,0.8960952177211736,0.3930519223789051,0.3256497441644141,logloss,2.0247190302493614,0.020026375433580414,20,66,binary:logistic,0.9999121872635934,gpu_hist,COMPLETE
501,0.8963996748184345,0.5752870023217627,0.3139031694753281,logloss,2.7332040285524566,0.017691305759094295,20,41,binary:logistic,0.9735813267974409,gpu_hist,COMPLETE
502,0.8958797587051031,0.5697214896375864,0.33290575197248906,logloss,4.7551219853030835,0.02204606712299958,20,39,binary:logistic,0.9641531412424283,gpu_hist,COMPLETE
503,0.8958590672925781,0.5192277726574417,0.3114088106064174,logloss,3.1471178842361516,0.018420027006515467,20,40,binary:logistic,0.5696336262447986,gpu_hist,COMPLETE
504,0.8960775415606789,0.649962364471711,0.3339504763548106,logloss,2.8033817395308747,0.020158430312839416,20,57,binary:logistic,0.9899374787192652,gpu_hist,COMPLETE
505,0.8961901370789911,0.5272547029165348,0.3014783145422912,logloss,3.8487125283066,0.017819959004254926,20,37,binary:logistic,0.9702508117727159,gpu_hist,COMPLETE
506,0.8961705515942248,0.5735843350915805,0.3236173630906009,logloss,1.7640658822692223,0.023235044454741526,20,44,binary:logistic,0.9519010828930741,gpu_hist,COMPLETE
507,0.8962376459821048,0.6857764773228181,0.31217871133255176,logloss,2.8235393289503716,0.01709676842451622,20,35,binary:logistic,0.981300619459307,gpu_hist,COMPLETE
508,0.8960822685215591,0.4351966461490812,0.3369381687741872,logloss,3.44430819045261,0.01997178490236742,20,46,binary:logistic,0.9991892681324173,gpu_hist,COMPLETE
509,0.8963038047507896,0.6848742581922174,0.30108105724614637,logloss,1.8348479218249614,0.014361216199943827,20,37,binary:logistic,0.9708829124904087,gpu_hist,COMPLETE
510,0.8960417631089806,0.6093835472224126,0.30183279963857756,logloss,1.6567963338096996,0.014176149262809076,20,35,binary:logistic,0.9452121725798454,gpu_hist,COMPLETE
511,0.8951502193387457,0.6338968491115581,0.5327238391197697,logloss,1.8197893791625357,0.01875857265689797,20,27,binary:logistic,0.6508692176321853,gpu_hist,COMPLETE
512,0.8960942512021126,0.7367979303050411,0.3253481279500724,logloss,1.5548546119940803,0.021337498674645954,20,37,binary:logistic,0.959777769430108,gpu_hist,COMPLETE
513,0.8961322077350556,0.7713379121300467,0.3357199985542457,logloss,1.9256023762802899,0.01703628137936,20,28,binary:logistic,0.9699468988151063,gpu_hist,COMPLETE
514,0.8947500179291081,0.5099981597766491,0.32099433643128233,logloss,4.117036996369067,0.03460488340772293,20,37,binary:logistic,0.9559377984240804,gpu_hist,COMPLETE
515,0.8963339407432553,0.04052175891828102,0.3005304845741593,logloss,2.2692951917579953,0.01442492424228381,20,31,binary:logistic,0.9700066385757269,gpu_hist,COMPLETE
516,0.8961796419036101,0.7120169811760905,0.30249193187436585,logloss,0.012038689071239304,0.01330876834605253,20,28,binary:logistic,0.9464003467223618,gpu_hist,COMPLETE
517,0.8962239911157854,0.5552204015600897,0.30158937881089126,logloss,1.5040329790730944,0.014078322224436226,20,39,binary:logistic,0.9663602394278533,gpu_hist,COMPLETE
518,0.8963028770362114,0.025320356867674178,0.31228276136197725,logloss,2.180099140590511,0.01213104822130193,20,31,binary:logistic,0.9689568520330903,gpu_hist,COMPLETE
