number,value,params_alpha,params_colsample_bytree,params_eval_metric,params_lambda,params_learning_rate,params_max_depth,params_min_child_weight,params_objective,params_subsample,params_tree_method,state
777,0.8961513333148414,0.03233596334937515,0.318926635781424,logloss,2.2478456743771815,0.016560970148368312,20,32,binary:logistic,0.9690321472405095,gpu_hist,COMPLETE
778,0.8962697998076735,0.10956013798513602,0.33692828109885786,logloss,3.109784666757378,0.014302073828765567,20,28,binary:logistic,0.9799865291177349,gpu_hist,COMPLETE
779,0.8961290552301329,0.04451149911547953,0.31366634268199506,logloss,1.7592298646903748,0.0180182483544727,20,68,binary:logistic,0.9447619221790026,gpu_hist,COMPLETE
780,0.8959061831206536,0.012083006409807284,0.33153623297917645,logloss,2.556194279063623,0.015708065367161454,20,36,binary:logistic,0.5774321910557039,gpu_hist,COMPLETE
781,0.8941606698171116,0.0856503651924857,0.35453108567187047,logloss,3.909181545425413,0.012683110062058498,9,42,binary:logistic,0.9662285631634366,gpu_hist,COMPLETE
782,0.89415490591422,0.022816585040920823,0.3194609620904614,logloss,6.306877427892477,0.014682924501070544,20,187,binary:logistic,0.9822656766790834,gpu_hist,COMPLETE
783,0.8961625456545519,0.3354591430452167,0.3136373744383374,logloss,2.0992668795324523,0.016906537191814976,20,28,binary:logistic,0.9564087682676294,gpu_hist,COMPLETE
784,0.895438841332638,0.05159933505082597,0.3429894452546096,logloss,2.8808447805931787,0.013456344577364459,11,32,binary:logistic,0.9700210011666202,gpu_hist,COMPLETE
785,0.8961299398286192,0.035738989285828665,0.32988723184266394,logloss,1.825707821941977,0.015983165850331774,15,39,binary:logistic,0.9879929788108947,gpu_hist,COMPLETE
786,0.8963600705321777,0.477335727210942,0.30006717147736994,logloss,2.25030791599193,0.014420267499795024,20,28,binary:logistic,0.9340569762001102,gpu_hist,COMPLETE
787,0.8958437883867957,0.2836571585300429,0.3132608296941928,logloss,1.7899997135027277,0.012716733397085931,20,48,binary:logistic,0.9401911402097424,gpu_hist,COMPLETE
788,0.896010085716228,0.4313643981265215,0.3002902766684234,logloss,2.2333667822519425,0.013949753045886326,13,35,binary:logistic,0.9796480039951442,gpu_hist,COMPLETE
789,0.8960958112860395,0.5249596308209336,0.30038449886806695,logloss,3.305494917016962,0.018340740872453715,20,30,binary:logistic,0.9259762602952778,gpu_hist,COMPLETE
790,0.8945592134130138,0.4282229124278202,0.42760606747316227,logloss,1.6928949255097478,0.015670990243074733,20,177,binary:logistic,0.9899368378934649,gpu_hist,COMPLETE
791,0.8923358667390825,0.3730602436452532,0.3225312908219871,logloss,2.7394484278734628,0.012186687181389055,7,26,binary:logistic,0.9709431968233325,gpu_hist,COMPLETE
792,0.8961930466965959,0.4363481187929517,0.3003303443267314,logloss,4.166164167839474,0.013848823463090739,20,43,binary:logistic,0.9997022127415767,gpu_hist,COMPLETE
793,0.8960659354273286,0.5213814338380849,0.31363103534423065,logloss,2.078138783582918,0.017759264809102837,20,53,binary:logistic,0.952325413901083,gpu_hist,COMPLETE
794,0.8961902527738377,0.3090018594380501,0.3336422313516776,logloss,2.6768907386532015,0.015042513687014586,20,37,binary:logistic,0.980805330855619,gpu_hist,COMPLETE
795,0.8955426893144959,0.5375634002277168,0.364388609172174,logloss,2.1095690089543178,0.016659516156408188,20,27,binary:logistic,0.4489293539775118,gpu_hist,COMPLETE
796,0.8962412555176023,0.5872908318364085,0.31387414680773285,logloss,1.6110745391983474,0.012357306459226702,20,33,binary:logistic,0.9700664562769014,gpu_hist,COMPLETE
797,0.8960529919765265,0.15920520537455465,0.34468700156445337,logloss,3.2468227921592736,0.013777453588458373,20,45,binary:logistic,0.9902257489401759,gpu_hist,COMPLETE
798,0.8960239008306891,0.026586382984237607,0.30050202125369335,logloss,5.064216173713099,0.019254920520951523,20,25,binary:logistic,0.9561285210283536,gpu_hist,COMPLETE
799,0.8834100660840342,0.46148293643083527,0.3236985914035498,logloss,2.5536228399707626,0.015282351997692397,3,38,binary:logistic,0.9773050110834804,gpu_hist,COMPLETE
800,0.894107543605819,0.3474969365948057,0.9758049567266629,logloss,1.715543942983386,0.01668452239031441,20,30,binary:logistic,0.939920938392411,gpu_hist,COMPLETE
801,0.8944879317340041,0.13472813762586391,0.879111964166641,logloss,3.6167560415324695,0.013402465264915954,20,34,binary:logistic,0.9684325288006718,gpu_hist,COMPLETE
802,0.8956675858538401,0.22217307736753739,0.3291519219993956,logloss,2.0767848888548017,0.018099601231325996,20,26,binary:logistic,0.46734644244403434,gpu_hist,COMPLETE
803,0.8889679581325501,0.507860340641222,0.31289902435953776,logloss,1.5831551583426873,0.014325870157651365,5,42,binary:logistic,0.9999343052534053,gpu_hist,COMPLETE
804,0.8962745885682857,0.02989430211748903,0.34907975824320764,logloss,2.472618530460484,0.01239685447694355,20,24,binary:logistic,0.9830006334124095,gpu_hist,COMPLETE
805,0.8960597331775021,0.3957182410579542,0.3285215632427445,logloss,3.0625527717565806,0.015723815466068478,20,58,binary:logistic,0.9599878475332461,gpu_hist,COMPLETE
806,0.8963199179529513,0.02313704825229995,0.31181598400536303,logloss,2.1107259178717515,0.014679516562734685,20,30,binary:logistic,0.9811014471653228,gpu_hist,COMPLETE
807,0.8960692769244544,0.02932914421182856,0.33758430994181615,logloss,1.810337133026669,0.011866953269102296,20,36,binary:logistic,0.949551546525751,gpu_hist,COMPLETE
808,0.8939047053884623,0.46388716127314006,0.36935766286631205,logloss,3.9312492110268957,0.01742179910447387,20,260,binary:logistic,0.9899432423155722,gpu_hist,COMPLETE
809,0.8959227555091945,0.5819989615095904,0.300214119427569,logloss,2.7680932580250888,0.013687965744220322,20,49,binary:logistic,0.9159636511996598,gpu_hist,COMPLETE
810,0.8929220185114629,0.03435236807643989,0.3224855103324688,logloss,1.535485417328515,0.019876892866626344,9,290,binary:logistic,0.9661261268344438,gpu_hist,COMPLETE
811,0.8962718212337842,0.2675657462330944,0.3141616550035491,logloss,2.2568457292980275,0.016197629388908934,20,25,binary:logistic,0.9752952347815194,gpu_hist,COMPLETE
812,0.896050121882006,0.01959047060873481,0.3000829968352431,logloss,3.0803007165620793,0.012972016828938851,15,38,binary:logistic,0.98970288035193,gpu_hist,COMPLETE
813,0.896318666149082,0.5727156436550958,0.35416587947712114,logloss,1.9873181463108962,0.014860365491021852,20,32,binary:logistic,0.962257686036108,gpu_hist,COMPLETE
814,0.8957231545917417,0.041069176574916724,0.33712652906244456,logloss,2.585930704867898,0.018346122072316624,11,22,binary:logistic,0.9349680454874622,gpu_hist,COMPLETE
815,0.896263772896621,0.02412892693915531,0.3211311507538979,logloss,1.4492084181376035,0.016422704948605805,20,40,binary:logistic,0.9760862029815102,gpu_hist,COMPLETE
816,0.8832688989687922,0.11749907857047938,0.33321990391233497,logloss,3.611368768914092,0.002031462034936259,7,30,binary:logistic,0.9514787063493553,gpu_hist,COMPLETE
817,0.8959698900209099,0.03580470997868649,0.3133293818396965,logloss,1.837573132792357,0.011747270316728044,13,22,binary:logistic,0.9853126560412111,gpu_hist,COMPLETE
818,0.8963189931127792,0.19113849702645247,0.34486542262220254,logloss,4.522672774655101,0.014188210433770432,20,33,binary:logistic,0.9684426839620218,gpu_hist,COMPLETE
819,0.8961181145218017,0.040152142705059526,0.32489226228846085,logloss,2.4050269432496254,0.012963891920197767,20,48,binary:logistic,0.9910892152663474,gpu_hist,COMPLETE
820,0.8961457627157619,0.030375966131345356,0.31237691228514547,logloss,1.5945341865501763,0.015816325022724603,20,43,binary:logistic,0.9741019814393812,gpu_hist,COMPLETE
821,0.8961854920386856,0.45040372726834044,0.36221303247131764,logloss,3.073567652729214,0.017604483102163802,20,27,binary:logistic,0.9993386335878965,gpu_hist,COMPLETE
822,0.8962220221475867,0.09569718459704103,0.3336570373459404,logloss,2.2345961471298295,0.014638845874795681,20,36,binary:logistic,0.9583468509921029,gpu_hist,COMPLETE
823,0.8959693819696264,0.5712529168342236,0.3007237428178412,logloss,1.3301316229283646,0.019441824889826317,20,22,binary:logistic,0.9821779440619892,gpu_hist,COMPLETE
824,0.8961837134998928,0.355036255520762,0.32167984467177274,logloss,1.8839762744926365,0.013351965577082691,20,28,binary:logistic,0.9445644998910818,gpu_hist,COMPLETE
825,0.8837185861543593,0.6230583447677933,0.34615782845428117,logloss,3.4992201716028553,0.01609059681777443,3,42,binary:logistic,0.9652152536087307,gpu_hist,COMPLETE
826,0.896161042340146,0.02717445404960935,0.3004102876367632,logloss,2.667406099564693,0.011623159816675629,20,33,binary:logistic,0.976903458454328,gpu_hist,COMPLETE
827,0.8962772366149325,0.0448234661507446,0.31290960767043163,logloss,5.565284145960974,0.01478551049020695,20,24,binary:logistic,0.9894605076994086,gpu_hist,COMPLETE
828,0.8958648750301634,0.03502807499968073,0.3271909756670407,logloss,2.2832579551915857,0.017973641221516942,20,63,binary:logistic,0.8456726757786032,gpu_hist,COMPLETE
829,0.8885543138440455,0.0746677027596434,0.30006843292147073,logloss,1.5947627642895863,0.012276125742770911,5,30,binary:logistic,0.9526203024614025,gpu_hist,COMPLETE
830,0.8940781168730658,0.04847164287791949,0.3540742253944535,logloss,1.9762925985615312,0.01671880868590623,20,231,binary:logistic,0.9676380368796341,gpu_hist,COMPLETE
831,0.8962511585653206,0.38336806190841954,0.33872266439759346,logloss,1.0971913984228097,0.01487439778620821,20,38,binary:logistic,0.9817359754360979,gpu_hist,COMPLETE
832,0.8958499087160473,0.015302107582919272,0.31287535581307024,logloss,2.9162828008873825,0.020240362340901274,20,22,binary:logistic,0.9992731069952194,gpu_hist,COMPLETE
833,0.8948530229913686,0.7948303623034532,0.7603930155994917,logloss,0.8352976427675182,0.013271492255843854,20,45,binary:logistic,0.9308242016301812,gpu_hist,COMPLETE
834,0.89618266649746,0.058729614589835596,0.32424273979594675,logloss,1.314756684510079,0.015815018463106317,20,31,binary:logistic,0.9614781975020668,gpu_hist,COMPLETE
835,0.8960661431031715,0.6476977609073711,0.31248117176957546,logloss,2.535567658724006,0.013958344806893395,20,53,binary:logistic,0.9768008510181615,gpu_hist,COMPLETE
836,0.8950064436999413,0.03754156391187362,0.3800204204120447,logloss,1.9215672038751213,0.017866786509327003,9,20,binary:logistic,0.9893356619997079,gpu_hist,COMPLETE
837,0.8961439884885785,0.28881271432762545,0.334949695015362,logloss,1.6437524438432838,0.012703316889686492,20,37,binary:logistic,0.9499776137041603,gpu_hist,COMPLETE
838,0.8936974104044015,0.020881669757520777,0.3224832044780508,logloss,4.320547644251528,0.004697618757648049,20,27,binary:logistic,0.968690397732251,gpu_hist,COMPLETE
839,0.8961849660223639,0.030980055186044204,0.35340118156885364,logloss,3.3870531694706885,0.015547904738319063,15,34,binary:logistic,0.9802533845831327,gpu_hist,COMPLETE
840,0.8955358115792289,0.4942327911038748,0.47977698874473296,logloss,2.3687329431068282,0.017153830434954047,11,21,binary:logistic,0.9610172032925647,gpu_hist,COMPLETE
841,0.8959583277222529,0.024628846202545317,0.31204448407827207,logloss,2.830467669648862,0.011611097586108501,20,41,binary:logistic,0.988723431228324,gpu_hist,COMPLETE
842,0.8959995337713258,0.03990270389863416,0.30003553067684063,logloss,1.0067942421612044,0.014129614643629019,13,28,binary:logistic,0.9993287737059229,gpu_hist,COMPLETE
843,0.8962708295636695,0.8926880870666832,0.33462065829009224,logloss,1.4023547219897183,0.018470035372609203,20,35,binary:logistic,0.9711979917729396,gpu_hist,COMPLETE
844,0.8927952435477129,0.0482917064051764,0.3239657977570097,logloss,2.027673247251689,0.015396053620540947,7,48,binary:logistic,0.9413096470132922,gpu_hist,COMPLETE
845,0.8960894042347763,0.07032597745168832,0.3402660464229871,logloss,3.686034789914734,0.013781933378444104,20,23,binary:logistic,0.9578935801791362,gpu_hist,COMPLETE
846,0.896149400276719,0.14284798991959527,0.3680954346607156,logloss,1.7454940747443075,0.016514605288287947,20,29,binary:logistic,0.979666482115082,gpu_hist,COMPLETE
847,0.8956763398577081,0.43155571378839724,0.4503372630967467,logloss,2.265238424287248,0.012609445497562287,20,18,binary:logistic,0.9995545172416612,gpu_hist,COMPLETE
848,0.8963502070075434,0.09025194738166206,0.3151290509239,logloss,1.2331643507038268,0.019811198378361438,20,40,binary:logistic,0.9695870809059856,gpu_hist,COMPLETE
849,0.8945372040852785,0.061635713017743926,0.721068678845533,logloss,1.1302125128559273,0.023835443544417877,20,45,binary:logistic,0.9474364144680817,gpu_hist,COMPLETE
850,0.8960532729497256,0.02795435897709779,0.3457833250576372,logloss,1.0623965888352178,0.02076384986186232,20,47,binary:logistic,0.9553286052587905,gpu_hist,COMPLETE
851,0.8961402704442496,0.24108553922917184,0.3243499148501965,logloss,0.7171102682962326,0.020868589835756814,20,56,binary:logistic,0.9361427443934905,gpu_hist,COMPLETE
852,0.8960762940684186,0.5303286096353393,0.3113104702804372,logloss,0.7952716350174892,0.0218337623668303,20,51,binary:logistic,0.9687266819835922,gpu_hist,COMPLETE
853,0.8953960672950215,0.648604708421214,0.33085120883527364,logloss,0.8409066225237894,0.02965497957301612,20,41,binary:logistic,0.8247497924929437,gpu_hist,COMPLETE
854,0.8960692948894928,0.3435344619754449,0.36084631624020036,logloss,1.2401139036994393,0.020945915797175894,20,40,binary:logistic,0.9600084690867018,gpu_hist,COMPLETE
855,0.8960828721468465,0.04334341381987555,0.3124263035412717,logloss,3.3101507238564287,0.01911448663255904,20,37,binary:logistic,0.9243220698223004,gpu_hist,COMPLETE
856,0.8861652705915629,0.034587055624638936,0.32349144940724023,logloss,1.341186837010786,0.02624106724893131,3,46,binary:logistic,0.9705336311853143,gpu_hist,COMPLETE
857,0.8954186529411858,0.01718742636897921,0.34407575689402864,logloss,4.554530662084013,0.019272522608111523,20,129,binary:logistic,0.9479535024493212,gpu_hist,COMPLETE
858,0.8914958876590103,0.05291936619246416,0.3116165377887312,logloss,2.6746805354545637,0.0029109481147466657,20,36,binary:logistic,0.9879217105931806,gpu_hist,COMPLETE
859,0.8901271220482903,0.03125831144316648,0.6812646183843302,logloss,0.949726157108902,0.019048643360232553,5,53,binary:logistic,0.9688375370004491,gpu_hist,COMPLETE
860,0.8961289654049412,0.9302068066158914,0.30095061423812874,logloss,3.025611137714346,0.017385543674796854,20,42,binary:logistic,0.9566855833439817,gpu_hist,COMPLETE
861,0.8962337130759178,0.7688818980271043,0.3317714374023493,logloss,1.1636906830226277,0.021995805737619344,20,33,binary:logistic,0.9783350359665105,gpu_hist,COMPLETE
862,0.8961175338917633,0.10181290399397216,0.3563743465300613,logloss,3.7849077777798388,0.011673469915556284,20,25,binary:logistic,0.9840300564161484,gpu_hist,COMPLETE
863,0.8943050347091727,0.04089352142152303,0.30002951904432273,logloss,1.5688860953359665,0.019070682815954865,9,104,binary:logistic,0.9671041298908072,gpu_hist,COMPLETE
864,0.8959438881430604,0.4920623909526702,0.32097356809887345,logloss,2.2747743483195086,0.017111701067096134,20,18,binary:logistic,0.9999543977212779,gpu_hist,COMPLETE
865,0.896190755076309,0.023223421472031547,0.33806353585316185,logloss,1.9108892129397257,0.01432641570412529,15,31,binary:logistic,0.9399308026904494,gpu_hist,COMPLETE
866,0.896060348300414,0.6325059448309172,0.3134413203063127,logloss,0.9964851576301865,0.023438166637937862,20,40,binary:logistic,0.9740787455097654,gpu_hist,COMPLETE
867,0.8963084943443904,0.05050194518859418,0.32296902911089104,logloss,2.7414926828980963,0.013122391097848853,20,25,binary:logistic,0.9533237047021118,gpu_hist,COMPLETE
868,0.8957883834900436,0.12073464752584522,0.34597647418136646,logloss,1.373357310973256,0.01702315028156018,11,15,binary:logistic,0.7633225789438899,gpu_hist,COMPLETE
869,0.8963148151634697,0.4178109280033945,0.33197506448097513,logloss,2.3753666327195795,0.01528900065290889,20,34,binary:logistic,0.9899308029501493,gpu_hist,COMPLETE
870,0.8935626654310553,6.5276488857011055,0.3126377233326469,logloss,1.8645515001866353,0.020087051640579782,7,27,binary:logistic,0.9621550456829089,gpu_hist,COMPLETE
871,0.89569464766895,0.08042851912317114,0.37720491685120106,logloss,3.28533960512046,0.011786424900181527,13,21,binary:logistic,0.9806686345857278,gpu_hist,COMPLETE
872,0.8956327882932336,0.06582760303390431,0.5259450938522815,logloss,5.334132407068982,0.01410876045617851,20,44,binary:logistic,0.9675587108094741,gpu_hist,COMPLETE
873,0.8962467082660303,0.1685325609856289,0.3242670053060738,logloss,4.1263141900228195,0.018129833122170983,20,35,binary:logistic,0.9867086937896842,gpu_hist,COMPLETE
874,0.8958341828401115,0.03099890830923794,0.3004461428316726,logloss,1.4085848006312398,0.015879821464890077,20,13,binary:logistic,0.9510628352242768,gpu_hist,COMPLETE
875,0.8963132428633167,0.03768365405966214,0.3003414547321527,logloss,2.10931379995351,0.013094232277576376,20,29,binary:logistic,0.9713988321347471,gpu_hist,COMPLETE
876,0.8960610173184407,0.718639818250444,0.35303867188903987,logloss,2.694620917328957,0.014815156288103093,20,49,binary:logistic,0.9872565937021932,gpu_hist,COMPLETE
877,0.8961409329948624,0.330066275735927,0.3349930637830599,logloss,1.7284807429747457,0.017521097905622906,20,39,binary:logistic,0.9756467065238279,gpu_hist,COMPLETE
878,0.8952128727691554,0.9903305642407505,0.3151127908533674,logloss,0.7635969128324466,0.012928313231415245,20,86,binary:logistic,0.9460785144226347,gpu_hist,COMPLETE
879,0.8835057277572345,8.512496770868623,0.3429125760105837,logloss,3.1125099956950515,0.01614209961949875,3,21,binary:logistic,0.9591636626203952,gpu_hist,COMPLETE
880,0.8939247277829605,0.04547143729661613,0.3227218212028059,logloss,1.207344020541633,0.01116731171582125,20,145,binary:logistic,0.9878239031708204,gpu_hist,COMPLETE
881,0.8960900631923816,0.05801082859463334,0.30021468969368137,logloss,2.303957235604568,0.014297018286362791,20,32,binary:logistic,0.9324634033346878,gpu_hist,COMPLETE
882,0.8962054849705208,0.566755947288283,0.3135919457763323,logloss,0.9105736641622683,0.019325603883971396,20,25,binary:logistic,0.9998976687406003,gpu_hist,COMPLETE
883,0.8842075068277925,0.02522579694572155,0.33251973875964685,logloss,1.564773277627378,0.00125588694453922,20,196,binary:logistic,0.9745356232850859,gpu_hist,COMPLETE
884,0.895973140255641,0.03850581815594641,0.36138248527387684,logloss,6.600213547545836,0.012013863153720297,20,39,binary:logistic,0.9632761770262107,gpu_hist,COMPLETE
885,0.8896966200864362,0.46567050644968333,0.31391174027920904,logloss,2.5430772840196814,0.016769588186917903,5,58,binary:logistic,0.9891832213637908,gpu_hist,COMPLETE
886,0.8959220146310147,0.03145101130288066,0.3458848112454144,logloss,1.9833262409895522,0.014985674511945565,20,16,binary:logistic,0.9767406449903426,gpu_hist,COMPLETE
887,0.8961098771924353,0.8460136447324322,0.3002445351577054,logloss,3.5352442044506125,0.01386594298863663,20,31,binary:logistic,0.9596149682050964,gpu_hist,COMPLETE
888,0.8961145682232391,0.05201493585925697,0.3265181528251808,logloss,1.1304192623915332,0.018287957767016486,20,24,binary:logistic,0.9803491971751034,gpu_hist,COMPLETE
889,0.8958254295548451,0.041120288604524026,0.32461250280454046,logloss,2.8312380517379756,0.021523689021776867,20,36,binary:logistic,0.9491797546291533,gpu_hist,COMPLETE
890,0.8948004199219914,0.658837516127716,0.3000651784897708,logloss,1.5135950348280391,0.015954511222068788,9,45,binary:logistic,0.9689627455563815,gpu_hist,COMPLETE
891,0.8959851135943745,0.08025990538711926,0.3399951662560111,logloss,2.21019544555024,0.012651084282871592,20,12,binary:logistic,0.9909157893135554,gpu_hist,COMPLETE
892,0.8960792920740119,0.02802105465820754,0.31615388011661516,logloss,4.67946209553887,0.013587730612905,15,21,binary:logistic,0.9385287637012335,gpu_hist,COMPLETE
893,0.8961690324705851,0.021290541849686692,0.36928357621938707,logloss,1.867882919048855,0.016874249518193486,20,29,binary:logistic,0.9998828661151179,gpu_hist,COMPLETE
894,0.8955295367506477,0.5080291179129697,0.3323309645357308,logloss,1.2767261424325385,0.014762715982571551,11,41,binary:logistic,0.962411631870617,gpu_hist,COMPLETE
895,0.8923631915623532,0.39389143729265036,0.31319407433700563,logloss,3.9039080962739363,0.010798910797229997,20,222,binary:logistic,0.9196968292143148,gpu_hist,COMPLETE
896,0.8960535402694957,0.296349419804957,0.3570442479199079,logloss,0.9278056016618002,0.01956020433668811,20,35,binary:logistic,0.9806515521910416,gpu_hist,COMPLETE
897,0.8959736123768479,0.03877880210781154,0.32260090684970255,logloss,3.0312240790556997,0.012518292317216866,13,18,binary:logistic,0.9712396295488154,gpu_hist,COMPLETE
898,0.8927408080444279,0.04552046215786615,0.3411624038399805,logloss,2.4032311930026387,0.015560705423822997,7,52,binary:logistic,0.9512002526289618,gpu_hist,COMPLETE
899,0.8963263501552683,0.06343304013331291,0.31333387686607433,logloss,1.6552024083129935,0.018103436343803812,20,28,binary:logistic,0.9896457123162095,gpu_hist,COMPLETE
900,0.8962001493541425,0.0324226775652487,0.3305559175309767,logloss,1.976586952050389,0.013751174775197487,20,23,binary:logistic,0.9636970868853425,gpu_hist,COMPLETE
901,0.8951193582773339,0.0038573093679906585,0.7011263200700805,logloss,2.652714301745218,0.016387131306687047,20,33,binary:logistic,0.9795931290379322,gpu_hist,COMPLETE
902,0.8961635265456437,1.0231205205040546,0.31199451090225855,logloss,3.230778777240047,0.011153023097543457,20,11,binary:logistic,0.9894116181956705,gpu_hist,COMPLETE
903,0.8960892245843932,0.6018172239974454,0.34857320743829195,logloss,0.6996948114165135,0.014864000640170176,20,44,binary:logistic,0.9717079137825163,gpu_hist,COMPLETE
904,0.8956889002938935,0.7482828478371369,0.3004600795707377,logloss,1.4333477447326144,0.020371542007648295,20,18,binary:logistic,0.9556189474634609,gpu_hist,COMPLETE
905,0.8962265349652103,0.05519571772991758,0.3264226646349543,logloss,1.1769752824872155,0.012020298596423779,20,27,binary:logistic,0.8975156907259354,gpu_hist,COMPLETE
