number,value,params_alpha,params_colsample_bytree,params_eval_metric,params_lambda,params_learning_rate,params_max_depth,params_min_child_weight,params_objective,params_subsample,params_tree_method,state
906,0.8843788961676837,0.09417074600972332,0.3151882273399483,logloss,2.1772672711952055,0.018188016316482286,3,40,binary:logistic,0.9432303910105921,gpu_hist,COMPLETE
907,0.8946615645478795,0.027763558602179852,0.8111302422955506,logloss,1.804286730667699,0.013268710367103892,20,33,binary:logistic,0.9785340450341138,gpu_hist,COMPLETE
908,0.893460736115289,0.03676024753678165,0.9265237256291227,logloss,0.9825743656178173,0.016391817558726592,20,24,binary:logistic,0.9644556901785498,gpu_hist,COMPLETE
909,0.8960073119143128,0.01920667158084922,0.30000364581698497,logloss,2.540554601223258,0.023542508629267073,20,48,binary:logistic,0.9994417508911188,gpu_hist,COMPLETE
910,0.889389538656379,0.22064098545661606,0.33633712751244327,logloss,3.9406829825981036,0.01526044826877153,5,6,binary:logistic,0.9882228240172739,gpu_hist,COMPLETE
911,0.8959939171817484,0.07272373285759375,0.3522442065366395,logloss,1.6790488145666644,0.014144688011381749,20,63,binary:logistic,0.9769842143917477,gpu_hist,COMPLETE
912,0.8961253026929303,0.4312644677981397,0.3219317772722135,logloss,2.9706212818362907,0.01759738306871192,20,37,binary:logistic,0.9567347643120022,gpu_hist,COMPLETE
913,0.8963411576584455,0.04703596118408697,0.3133372933366642,logloss,2.1933220688542727,0.01233275682568855,20,28,binary:logistic,0.9684067526572345,gpu_hist,COMPLETE
914,0.8962122175482782,0.04551039316653007,0.3124335729960886,logloss,2.21976523706373,0.01278986607965941,20,31,binary:logistic,0.9403642819808498,gpu_hist,COMPLETE
915,0.8959857517125352,0.0355454865384769,0.30011466291120903,logloss,2.6147566622273803,0.01479906932944523,20,39,binary:logistic,0.9506722300017636,gpu_hist,COMPLETE
916,0.887750668694656,0.17148504189481698,0.3137578127505156,logloss,2.0354287719537676,0.08894985235241007,20,35,binary:logistic,0.9342050325975059,gpu_hist,COMPLETE
917,0.8954731459325932,0.026932224355035957,0.3129608599685217,logloss,2.335666909635603,0.039058405285062735,9,29,binary:logistic,0.7806386575535335,gpu_hist,COMPLETE
918,0.8953018047390046,0.04628393114362764,0.3339373343908063,logloss,3.2188210663703534,0.013708942135808621,20,45,binary:logistic,0.5130380681769309,gpu_hist,COMPLETE
919,0.8962229117762838,0.34620344620966575,0.32668415132796697,logloss,1.9573137045831173,0.016385129809180755,20,28,binary:logistic,0.9614425905145159,gpu_hist,COMPLETE
920,0.8957566040558732,0.03238075316996251,0.3119023503126456,logloss,2.8320872308267506,0.015109996984416856,15,39,binary:logistic,0.6393612301172489,gpu_hist,COMPLETE
921,0.8943249435646287,0.016062046934570303,0.9051480062548372,logloss,3.509485288687708,0.019658882686382516,20,33,binary:logistic,0.5598916679705178,gpu_hist,COMPLETE
922,0.8955593321259869,0.021605970180342167,0.3002168926031601,logloss,2.384530173628093,0.013276667059887805,11,25,binary:logistic,0.9485692709176906,gpu_hist,COMPLETE
923,0.8956758576760799,0.025018663743151835,0.5405513110051579,logloss,1.7841377243087804,0.016925893405040207,20,53,binary:logistic,0.9664692674808998,gpu_hist,COMPLETE
924,0.895638480335972,0.25062773561736407,0.34234750123391405,logloss,2.0567582132264257,0.012330831022555475,13,42,binary:logistic,0.9282709178401908,gpu_hist,COMPLETE
925,0.8927401030963248,0.041826556184658865,0.32507933536843225,logloss,2.7210287700651437,0.014280463510344725,7,33,binary:logistic,0.9566926374464165,gpu_hist,COMPLETE
926,0.8961222479178161,0.03347422047281627,0.3000608564353496,logloss,4.82085872799108,0.0185937535455692,20,24,binary:logistic,0.9659447426461025,gpu_hist,COMPLETE
927,0.8960465389347652,0.7900935493729844,0.3686744782197647,logloss,1.5434906469516052,0.015799037582094045,20,35,binary:logistic,0.968672397979423,gpu_hist,COMPLETE
928,0.8956678941338976,0.009780766382500613,0.33566436024594737,logloss,3.4777402518364458,0.02134931161062526,20,28,binary:logistic,0.950300544956056,gpu_hist,COMPLETE
929,0.8961554667108558,0.65098876171724,0.31405591917053716,logloss,2.271558444540977,0.016975557082244266,20,43,binary:logistic,0.9755883228908663,gpu_hist,COMPLETE
930,0.896136879363618,0.530571747088854,0.3526540985582513,logloss,1.7675075791216852,0.014007767038400423,20,17,binary:logistic,0.9723388929089832,gpu_hist,COMPLETE
931,0.8946921079874142,0.05252938777313806,0.31276130495683657,logloss,2.37442317840125,0.015348963282151497,20,157,binary:logistic,0.9595740784620765,gpu_hist,COMPLETE
932,0.8961215250046746,0.03884712764921502,0.3269838092912402,logloss,2.8257989388224205,0.018319486123919176,20,29,binary:logistic,0.9796038182088279,gpu_hist,COMPLETE
933,0.896038070934307,0.030182201503380992,0.33709797622806126,logloss,3.9999794641757154,0.012356334522280719,20,38,binary:logistic,0.9411123690430419,gpu_hist,COMPLETE
934,0.883122276949318,0.9947977365907041,0.3124142160900901,logloss,2.0077470474775994,0.014552970082993605,3,49,binary:logistic,0.909676311965855,gpu_hist,COMPLETE
935,0.8962763405188215,0.18959551914297387,0.32361960261131917,logloss,1.5080071516331661,0.013123488873004375,20,24,binary:logistic,0.958212110437444,gpu_hist,COMPLETE
936,0.8959587265461035,0.04346782956218739,0.34609184571218227,logloss,3.117639328051805,0.016250674269391818,20,21,binary:logistic,0.9791793648082631,gpu_hist,COMPLETE
937,0.8959682990371172,0.5107549505606447,0.31212471650524176,logloss,2.5464510911263436,0.01127554359160422,20,35,binary:logistic,0.9682939617294359,gpu_hist,COMPLETE
938,0.8898444234868299,0.3677994972131431,0.30028216675588,logloss,1.9111380455727573,0.019883544862695765,5,242,binary:logistic,0.9832301514752727,gpu_hist,COMPLETE
939,0.8961385364587517,0.025253643751563293,0.3785094793866922,logloss,1.5686669316202755,0.01706539483511502,20,31,binary:logistic,0.6736049084817503,gpu_hist,COMPLETE
940,0.89590816502368,0.2680288107524363,0.3253101393211878,logloss,2.2079011744899093,0.013493542696038889,20,14,binary:logistic,0.4864905991274491,gpu_hist,COMPLETE
941,0.8961872712960797,0.04896531026497811,0.33700598434286844,logloss,3.3761460100737017,0.015002776899817027,20,45,binary:logistic,0.9463664620565058,gpu_hist,COMPLETE
942,0.8934477711064408,0.83919496231982,0.31306100294041944,logloss,2.680695751677766,0.018271485888161486,20,298,binary:logistic,0.9688304522987118,gpu_hist,COMPLETE
943,0.891786927747059,0.033960382333532095,0.3001521298449668,logloss,5.302178124427506,0.06236801938398521,20,39,binary:logistic,0.9558640434321796,gpu_hist,COMPLETE
944,0.8943725013326467,0.6304581286176105,0.36014387579845286,logloss,1.8256604770928702,0.012398863148558323,9,20,binary:logistic,0.9881968727648642,gpu_hist,COMPLETE
945,0.8959222977600184,0.05438348932413283,0.32239476552848106,logloss,4.355529245762946,0.01531613772241279,20,31,binary:logistic,0.9258027863192518,gpu_hist,COMPLETE
946,0.8951325165899944,0.03769127560848076,0.3429053353018926,logloss,1.3397540602353903,0.025012035710888857,20,25,binary:logistic,0.9737208077122095,gpu_hist,COMPLETE
947,0.8961266112663211,0.020158080991288126,0.32709725619638863,logloss,2.1902187277250547,0.013668349048281157,15,36,binary:logistic,0.9821608266078417,gpu_hist,COMPLETE
948,0.8959068011179714,0.04619390481452626,0.3126420896161866,logloss,3.0424225081151217,0.022093892613103294,11,27,binary:logistic,0.9628157932320834,gpu_hist,COMPLETE
949,0.8961206368131804,0.49489904244504285,0.30016272103582764,logloss,2.4944525381418448,0.01650177684382353,20,16,binary:logistic,0.9484626939904149,gpu_hist,COMPLETE
950,0.8960841505389726,0.02884874097248831,0.3582706013627367,logloss,1.692157975728474,0.014427396368098798,20,56,binary:logistic,0.9999429184348168,gpu_hist,COMPLETE
951,0.8959071963488143,0.40712533987591953,0.3330239429253551,logloss,3.9517233680233605,0.011916458129588843,20,39,binary:logistic,0.9732813293940215,gpu_hist,COMPLETE
952,0.896047156932083,1.0618553329696983,0.3211881404333979,logloss,2.0609221561725333,0.017758501049502575,13,45,binary:logistic,0.988188969854669,gpu_hist,COMPLETE
953,0.8957788670499496,0.6726179252390748,0.34565761547964874,logloss,1.3881020294084858,0.01586422283077426,20,20,binary:logistic,0.9612770165712478,gpu_hist,COMPLETE
954,0.8937188908414092,0.31874839716566067,0.3126551319126228,logloss,2.6971834126110608,0.019737181962197852,7,29,binary:logistic,0.9813701293346015,gpu_hist,COMPLETE
955,0.8959002999299076,0.032015993259693606,0.3333777130333821,logloss,1.7423834323274432,0.013457260107217518,20,10,binary:logistic,0.9418504709904607,gpu_hist,COMPLETE
956,0.8960887977350831,0.03965681134542777,0.40126235779794256,logloss,3.1569991347953965,0.015502225706815215,20,33,binary:logistic,0.9715483326294345,gpu_hist,COMPLETE
957,0.8962169890624536,0.024514928017638535,0.3125291370399485,logloss,2.2398831282366682,0.017171482103613817,20,25,binary:logistic,0.9894246230093474,gpu_hist,COMPLETE
958,0.8927693401182732,0.8261801513109335,0.32244896053585953,logloss,3.7899273381474496,0.011339405779970845,20,215,binary:logistic,0.9556403585187426,gpu_hist,COMPLETE
959,0.8960214302786205,0.4485353258643603,0.34775968644334665,logloss,1.4939732470447482,0.012762222204184437,20,50,binary:logistic,0.9676642978659709,gpu_hist,COMPLETE
960,0.8834310363139536,0.05912385649768669,0.31170929171521644,logloss,1.912689773946351,0.015318731961473831,3,40,binary:logistic,0.9770005961155099,gpu_hist,COMPLETE
961,0.8960214978271646,0.04805346540304092,0.33328639973715013,logloss,2.6357554044951397,0.01430611329736312,20,19,binary:logistic,0.7264418876578354,gpu_hist,COMPLETE
962,0.8961177271955756,0.5715694903954187,0.300191770260699,logloss,3.348970021392272,0.01821415412613396,20,30,binary:logistic,0.9581852991338304,gpu_hist,COMPLETE
963,0.8964151944557304,0.002017283914391124,0.30020098893053787,logloss,2.222220644538492,0.013166426158428812,20,24,binary:logistic,0.9893108690695285,gpu_hist,COMPLETE
964,0.8958956908196787,0.011876169745207445,0.38825469135682883,logloss,1.282181399831011,0.0105866739204768,20,14,binary:logistic,0.9924113093028644,gpu_hist,COMPLETE
965,0.8885826986045764,0.0029030600310512807,0.32495372545288176,logloss,1.6513674104924096,0.01228808260297789,5,21,binary:logistic,0.9886472166646715,gpu_hist,COMPLETE
966,0.8944611724501395,0.007307052507222219,0.35628708742330256,logloss,5.985902481166635,0.011455077724996805,20,115,binary:logistic,0.9896426398231416,gpu_hist,COMPLETE
967,0.8956008917270135,0.0067464758911848,0.37014000719773954,logloss,2.0603962261635425,0.012843821044678152,20,9,binary:logistic,0.9997002980498194,gpu_hist,COMPLETE
968,0.8961355585740015,0.0022388412385716413,0.338723394674669,logloss,2.7596949407346765,0.010799361430300731,20,16,binary:logistic,0.9813818819452907,gpu_hist,COMPLETE
969,0.8963762972733815,0.0016903016329846412,0.3138142371256022,logloss,2.4327812076710695,0.013458245979687164,20,23,binary:logistic,0.9887507970943477,gpu_hist,COMPLETE
970,0.8963280633013215,0.0021543026410952193,0.31085438232381096,logloss,2.396005489585005,0.0118549754695927,20,23,binary:logistic,0.9915886855191238,gpu_hist,COMPLETE
971,0.8962479449792676,0.0011895181495771804,0.31271868659692914,logloss,3.028176822108392,0.013371332223537735,20,26,binary:logistic,0.9953021554701924,gpu_hist,COMPLETE
972,0.89600912063437,0.0016905933562650515,0.3225225033601592,logloss,2.087592172104803,0.011449271700829496,20,35,binary:logistic,0.9857763109596727,gpu_hist,COMPLETE
973,0.8914518194200338,0.0013801092890975129,0.6667315681124567,logloss,2.551574130384234,0.006360876562410839,20,124,binary:logistic,0.9896380712524457,gpu_hist,COMPLETE
974,0.8960302417706112,0.0018457847581804224,0.30058753268164984,logloss,3.430849777591803,0.010185770983489197,20,26,binary:logistic,0.9992904147765546,gpu_hist,COMPLETE
975,0.8962264336423943,0.0016983320923891826,0.30009994777124743,logloss,2.018421170398767,0.012625084206287884,20,32,binary:logistic,0.9819254967141473,gpu_hist,COMPLETE
976,0.8956888349011543,0.0027919697515322098,0.31973256291766877,logloss,2.401540241037413,0.021063524815358992,20,22,binary:logistic,0.691244407656775,gpu_hist,COMPLETE
977,0.8928115529280928,0.0013024827183241217,0.31112489515282027,logloss,2.852004947313354,0.013582144559889,20,276,binary:logistic,0.9986430228539293,gpu_hist,COMPLETE
978,0.8960867418160985,0.0013444644362771742,0.32336587209501505,logloss,4.302077905490708,0.012468651109189804,20,41,binary:logistic,0.9995383261776717,gpu_hist,COMPLETE
979,0.8963403190504571,0.0010054299763537927,0.3001335410366337,logloss,1.898857957971283,0.014207222235300502,20,29,binary:logistic,0.9798830580525763,gpu_hist,COMPLETE
980,0.8963082033107697,0.0010675178556224106,0.30004086520624523,logloss,1.7300529030107887,0.011287732429637523,20,26,binary:logistic,0.9812302725692056,gpu_hist,COMPLETE
981,0.8963826245598747,0.0019434692823492134,0.3123005812105995,logloss,1.6566739538027546,0.0133947913807639,20,18,binary:logistic,0.9806941557051245,gpu_hist,COMPLETE
982,0.8963030566865944,0.0040049533630862775,0.31295621491060915,logloss,1.4592303307851962,0.011887488477733712,20,16,binary:logistic,0.9850797906135078,gpu_hist,COMPLETE
983,0.8960018721007124,0.0026058697838965274,0.30016826793855284,logloss,1.5898535500337823,0.010622416297901595,20,8,binary:logistic,0.9730616360746007,gpu_hist,COMPLETE
984,0.8960278524205159,0.0019355336710030315,0.32270271787449495,logloss,1.732188552298112,0.0128622314131603,20,13,binary:logistic,0.9994021459570397,gpu_hist,COMPLETE
985,0.8963175710003464,0.0018259304318505264,0.31397159828876764,logloss,1.4235698775410017,0.013251580240793315,20,20,binary:logistic,0.9885317571670192,gpu_hist,COMPLETE
986,0.8944854633377404,0.0015483553546404244,0.32944681048083363,logloss,1.8515177788704567,0.01152739701122563,9,15,binary:logistic,0.9787004231881872,gpu_hist,COMPLETE
987,0.8955266817467593,0.001528730484330571,0.31248352267602303,logloss,2.0231489387024952,0.01360951610361629,20,6,binary:logistic,0.9693344227996112,gpu_hist,COMPLETE
988,0.8962339466214158,0.0017994072351179688,0.30017590906976477,logloss,1.5796770502837674,0.01210252528655005,20,21,binary:logistic,0.9898532855894497,gpu_hist,COMPLETE
989,0.8949667855185695,0.0018491452462631541,0.5890481448228194,logloss,1.3326650737957706,0.014027817544580273,20,14,binary:logistic,0.9740858112863803,gpu_hist,COMPLETE
990,0.8948286192833271,0.0024754445036962603,0.3284294239420709,logloss,2.236670661030758,0.012490162710817066,11,22,binary:logistic,0.43303298442221705,gpu_hist,COMPLETE
991,0.8963851446954487,0.0018387375875513695,0.31439998276578607,logloss,1.725426847505126,0.01064341415345839,20,20,binary:logistic,0.9881350880044543,gpu_hist,COMPLETE
992,0.8962217375813799,0.00268097708312325,0.33254424680241557,logloss,1.4848341481055976,0.010507092163095068,15,10,binary:logistic,0.9992752585552371,gpu_hist,COMPLETE
993,0.890587984206288,0.00138764788300301,0.31403358890146343,logloss,1.6549297083147396,0.05361146844286409,20,13,binary:logistic,0.9900960779850629,gpu_hist,COMPLETE
994,0.8961441142438464,0.0015291562529251537,0.3233523289756914,logloss,1.2825918088199666,0.014909948624091068,13,6,binary:logistic,0.989986915415459,gpu_hist,COMPLETE
995,0.8913134498205579,0.0020980905100612068,0.33887065163550567,logloss,1.7146960407392722,0.009288588645742578,7,17,binary:logistic,0.9832831130942854,gpu_hist,COMPLETE
996,0.8961216859714178,0.0035200488448472273,0.3141333700328053,logloss,1.258628344493507,0.01620194764163327,20,19,binary:logistic,0.9902628057853164,gpu_hist,COMPLETE
997,0.8960775070678054,0.001962540056274263,0.3336572061161047,logloss,1.800723707141915,0.010821406720920464,20,12,binary:logistic,0.9813702369984554,gpu_hist,COMPLETE
998,0.895372991562612,0.0024139225704851545,0.31169390883784137,logloss,1.5620393508528763,0.011125012215162423,20,1,binary:logistic,0.9986907082571538,gpu_hist,COMPLETE
999,0.8959277828455154,0.0023419819664277568,0.3233111394357422,logloss,1.950723312962225,0.01925406114335589,20,21,binary:logistic,0.9789472079083221,gpu_hist,COMPLETE
