number,value,params_alpha,params_colsample_bytree,params_eval_metric,params_lambda,params_learning_rate,params_max_depth,params_min_child_weight,params_objective,params_subsample,params_tree_method,state
259,0.8957423419712591,1.694810467960411,0.32012467610249074,logloss,0.57983565315912,0.014632193363769525,11,21,binary:logistic,0.935635599466846,gpu_hist,COMPLETE
260,0.896135285505419,2.0083839698602923,0.3360247005478159,logloss,1.0022587222514514,0.017248279876179978,17,30,binary:logistic,0.9808292747067306,gpu_hist,COMPLETE
261,0.8937653017213811,2.6907678708830822,0.3012849320215343,logloss,0.8063158568257415,0.013728624177598608,17,188,binary:logistic,0.9592759033547485,gpu_hist,COMPLETE
262,0.8959372834763758,3.8022846475341447,0.3571526850560484,logloss,0.6910145741905929,0.015569187667913579,13,37,binary:logistic,0.9897032744352731,gpu_hist,COMPLETE
263,0.8920379575389852,1.566221279223639,0.32072933493382316,logloss,0.6539264619938666,0.018420904905682895,7,126,binary:logistic,0.4688315303439706,gpu_hist,COMPLETE
264,0.8963342475861097,2.3502256772649766,0.3441108661498053,logloss,0.8592216815395317,0.014492640703377871,17,17,binary:logistic,0.9702988728994358,gpu_hist,COMPLETE
265,0.8960843862402753,2.4863091575306155,0.3441969430659365,logloss,1.0395086115756413,0.011894264264695503,17,14,binary:logistic,0.9686563213249056,gpu_hist,COMPLETE
266,0.8875671076820085,3.315938311314533,0.36057533655941065,logloss,0.4428689620806708,0.0010614543705217555,17,24,binary:logistic,0.9781878091759563,gpu_hist,COMPLETE
267,0.8960938947757525,2.04023584327608,0.34495131187816935,logloss,0.9085146865059113,0.012902549954323921,17,29,binary:logistic,0.9905382258179249,gpu_hist,COMPLETE
268,0.8961515682975425,4.689053890232138,0.3680540715194095,logloss,0.35016873521572167,0.014401170038280935,17,18,binary:logistic,0.9636508631945457,gpu_hist,COMPLETE
269,0.8960973038214224,2.7772938965905904,0.33400548634039157,logloss,0.5244561596239874,0.016755264180291735,17,40,binary:logistic,0.9528176755364706,gpu_hist,COMPLETE
270,0.8930453513738728,1.8837655607018784,0.35316397291622237,logloss,0.7504279546476091,0.0032898834836941207,17,9,binary:logistic,0.999835756403601,gpu_hist,COMPLETE
271,0.8962923516795659,2.3332619052341217,0.3315330848403174,logloss,0.5964058455022269,0.018976636554042067,17,33,binary:logistic,0.9780109463566624,gpu_hist,COMPLETE
272,0.8961591984086137,2.4693580476171064,0.3927587243539174,logloss,0.6219093316578647,0.019179435267557415,17,36,binary:logistic,0.9879776592817282,gpu_hist,COMPLETE
273,0.8961750191399517,3.6722398433649497,0.3636681842830788,logloss,0.4238251398083541,0.014499291945060607,17,24,binary:logistic,0.9757390652913793,gpu_hist,COMPLETE
274,0.8956158321714744,3.0960458151427117,0.33938501212570404,logloss,0.8335202721945091,0.01868885819912466,17,104,binary:logistic,0.9760538539916211,gpu_hist,COMPLETE
275,0.8959451442585391,2.2886857252074293,0.3177187037557127,logloss,0.02816250640639247,0.011027277155360341,17,32,binary:logistic,0.9841001731819945,gpu_hist,COMPLETE
276,0.8822976141423081,0.24761580735049143,0.7248929390631556,logloss,0.5040968642029124,0.01340414957510005,3,20,binary:logistic,0.9682723386465852,gpu_hist,COMPLETE
277,0.8961399772548242,0.016346391929602338,0.35106740620983334,logloss,0.6415650484759905,0.0155923592841443,17,26,binary:logistic,0.946461991598518,gpu_hist,COMPLETE
278,0.8960950143569401,1.5993438861993712,0.3672818040654732,logloss,1.1259152775289505,0.020145655647929046,17,42,binary:logistic,0.9894430723965474,gpu_hist,COMPLETE
279,0.8958534571704143,1.360077815930652,0.33352870553295594,logloss,0.3416325611309844,0.01813537058662646,15,15,binary:logistic,0.9755013463262256,gpu_hist,COMPLETE
280,0.8959917304772851,2.323612156563631,0.3079982207434691,logloss,0.7571733497718922,0.01256560523528931,17,34,binary:logistic,0.999258487132368,gpu_hist,COMPLETE
281,0.8931976826825223,2.9494128438815057,0.34789108986264833,logloss,0.495200093159885,0.016213183408034876,17,295,binary:logistic,0.9565538924612351,gpu_hist,COMPLETE
282,0.8890351100085527,1.8957866126469511,0.3262077360523216,logloss,0.5753167632452807,0.013921425167423453,5,27,binary:logistic,0.9713760199159053,gpu_hist,COMPLETE
283,0.8954996077154234,1.222113209193532,0.3002283345932013,logloss,0.8955950000122898,0.017451303950804763,17,8,binary:logistic,0.42569516766544907,gpu_hist,COMPLETE
284,0.8959885104238183,1.6221771368585245,0.38547372999557655,logloss,0.3966580632064099,0.02133167083838404,17,18,binary:logistic,0.9838156944788886,gpu_hist,COMPLETE
285,0.8961151445416682,2.207316891572459,0.36428052651584497,logloss,0.21587885652478042,0.015486919040348742,17,38,binary:logistic,0.9626078967392409,gpu_hist,COMPLETE
286,0.8945704164109043,1.3665926003155806,0.3412134556005367,logloss,0.6563927418005684,0.014301718263366904,9,31,binary:logistic,0.9890161787780917,gpu_hist,COMPLETE
287,0.896187232491597,1.1127237062692834,0.31981266219480586,logloss,0.9683480517340398,0.019386875680451016,17,26,binary:logistic,0.9440706063866399,gpu_hist,COMPLETE
288,0.8959054458354813,2.638960289008387,0.35375863866944696,logloss,0.4463041973587855,0.01708257166004361,17,15,binary:logistic,0.9784603818629813,gpu_hist,COMPLETE
289,0.8961960382347754,1.8101050665340574,0.37504297324530894,logloss,0.28721152494779006,0.015190937881749892,17,21,binary:logistic,0.9999683582373555,gpu_hist,COMPLETE
290,0.8950965764529512,3.4360747876627507,0.335021391885794,logloss,1.7227793995080878,0.012964383335888967,11,42,binary:logistic,0.9645191565414801,gpu_hist,COMPLETE
291,0.8959533585926562,2.0585485288622443,0.4061410411761253,logloss,0.5372921539112051,0.01792872219154134,17,33,binary:logistic,0.9522436934379785,gpu_hist,COMPLETE
292,0.8960170101605945,1.56920380437066,0.31600609817713865,logloss,0.7526614380698072,0.021693726289060095,17,47,binary:logistic,0.9355565866198127,gpu_hist,COMPLETE
293,0.8960986655713262,2.3266246852650885,0.3515232988961879,logloss,1.09448850636435,0.01176851085322829,17,25,binary:logistic,0.9743416095749814,gpu_hist,COMPLETE
294,0.8930399482089504,1.4183833600950735,0.3322355784396844,logloss,0.4094216512261383,0.016186364451389504,7,35,binary:logistic,0.9848980989433921,gpu_hist,COMPLETE
295,0.8960477691805888,2.842977231306654,0.37171189605069044,logloss,0.33668227221242536,0.019532138172837832,13,12,binary:logistic,0.9655662318105236,gpu_hist,COMPLETE
296,0.8961780336733803,0.0017884576582427297,0.34380701264573515,logloss,0.17114014116559834,0.014690255514838081,17,29,binary:logistic,0.9545251692245535,gpu_hist,COMPLETE
297,0.8960862366392213,1.7715164069340903,0.39204723576741163,logloss,0.573172722555327,0.016486472740380956,15,21,binary:logistic,0.9803760342980253,gpu_hist,COMPLETE
298,0.8959238643113592,4.570451288217195,0.35990039783150013,logloss,0.7206631519511572,0.013445232903395277,17,42,binary:logistic,0.9902395225154536,gpu_hist,COMPLETE
299,0.8963136567777994,1.0713095769690382,0.32196175742063987,logloss,1.4128536455602878,0.017550856798002844,17,31,binary:logistic,0.9694332601069933,gpu_hist,COMPLETE
300,0.8959944230772271,0.8152990110431243,0.3112644850119506,logloss,1.4702953092305915,0.0184779626053819,17,18,binary:logistic,0.9414032551509618,gpu_hist,COMPLETE
301,0.8959850690410794,1.083613717996046,0.3266655734202306,logloss,1.7466287343766316,0.021820087768043624,17,26,binary:logistic,0.9628993921799783,gpu_hist,COMPLETE
302,0.8960636481186508,0.6775659517869678,0.31361609594447465,logloss,1.4321097884031493,0.020161061664815072,17,30,binary:logistic,0.9711126989955646,gpu_hist,COMPLETE
303,0.8960400801441917,0.9729119720208274,0.30253867815557256,logloss,1.1379955398050443,0.017348639232670132,17,52,binary:logistic,0.9500644398682561,gpu_hist,COMPLETE
304,0.8962248325981799,1.1352033806280393,0.32932901966862804,logloss,1.837334710940256,0.0158852189809317,17,14,binary:logistic,0.9326922939090707,gpu_hist,COMPLETE
305,0.895725045950975,0.9150671655774817,0.323914146158362,logloss,1.852715266383957,0.015577824428674353,17,6,binary:logistic,0.931355534842529,gpu_hist,COMPLETE
306,0.8957043099851552,1.1406865748413302,0.33246453554179023,logloss,1.2671000079746262,0.01872313184974383,17,13,binary:logistic,0.935716390592012,gpu_hist,COMPLETE
307,0.8956979884474743,1.2520003702655496,0.31970082535451383,logloss,1.5302141002816356,0.015971524277151518,17,7,binary:logistic,0.9536330351659965,gpu_hist,COMPLETE
308,0.8828287684650055,1.3394437779407091,0.7865218121793114,logloss,0.24870990843105248,0.01445094143701432,3,19,binary:logistic,0.9423846742141254,gpu_hist,COMPLETE
309,0.8956757930019421,0.8287442621580557,0.3379749297660563,logloss,1.7662941559550083,0.017638609218200266,17,14,binary:logistic,0.5044977280688413,gpu_hist,COMPLETE
310,0.8961154909076066,1.087468574656915,0.3134801203548858,logloss,1.998482488396793,0.01970436250599165,17,21,binary:logistic,0.96686261326668,gpu_hist,COMPLETE
311,0.8942689242635665,0.5211451171835264,0.32970969097316355,logloss,1.0169660686613011,0.012754541675324515,17,139,binary:logistic,0.9999999800816703,gpu_hist,COMPLETE
312,0.8956896907555794,1.766696299872709,0.3021295646884838,logloss,1.3054105044969102,0.009748094151933359,15,24,binary:logistic,0.9220908571722259,gpu_hist,COMPLETE
313,0.8895104541432336,1.344494546577814,0.3423887520034598,logloss,2.121709060622765,0.0153202674047595,5,14,binary:logistic,0.9572662313131459,gpu_hist,COMPLETE
314,0.8960402669805901,2.0497591372691852,0.32501427815990525,logloss,0.8480213089903607,0.022790643125107722,17,27,binary:logistic,0.9714560502700424,gpu_hist,COMPLETE
315,0.8960543645054533,1.529910058167439,0.3440462230514752,logloss,1.587538660703825,0.016970011389430547,17,20,binary:logistic,0.9477319651947557,gpu_hist,COMPLETE
316,0.8950709072876113,1.091017984966761,0.3161928849797033,logloss,0.31233149255058207,0.02073713773562875,17,7,binary:logistic,0.9745574457363986,gpu_hist,COMPLETE
317,0.8958372491128506,3.614562721317666,0.33314968573007814,logloss,0.4623169822086597,0.013799911919089696,17,39,binary:logistic,0.9303124090593294,gpu_hist,COMPLETE
318,0.8941011264941343,1.7449573375550325,0.3491833661163782,logloss,1.1870265353071126,0.01150565359978862,9,30,binary:logistic,0.9595751499273597,gpu_hist,COMPLETE
319,0.896044484452984,2.9802221219416873,0.36799145598534755,logloss,0.39642490044245793,0.018353350294334776,17,24,binary:logistic,0.991398791113188,gpu_hist,COMPLETE
320,0.8961335472083122,1.4058587432447394,0.3283838480446136,logloss,2.796111321836066,0.016077674394335544,17,12,binary:logistic,0.9784258617881154,gpu_hist,COMPLETE
321,0.8960920637790479,2.053997337347256,0.3805334675917822,logloss,1.888741916757637,0.015128962493315027,17,35,binary:logistic,0.9694525708717863,gpu_hist,COMPLETE
322,0.8960798899504872,0.8846224735599506,0.30236496081779357,logloss,0.1181599091009505,0.018911901593065328,11,18,binary:logistic,0.9566853172752783,gpu_hist,COMPLETE
323,0.8960556428975796,2.47552787160747,0.34446159015211464,logloss,1.4713822231144584,0.01331613808791199,17,29,binary:logistic,0.9431744709458982,gpu_hist,COMPLETE
324,0.8962545173088832,1.586331265590055,0.3598989266527253,logloss,0.861151321607129,0.016782489726203643,17,24,binary:logistic,0.9889729592163957,gpu_hist,COMPLETE
325,0.8961290530743282,1.2283098971487472,0.36133214838548494,logloss,0.9015404418970778,0.014345526884343034,17,38,binary:logistic,0.9918687958359856,gpu_hist,COMPLETE
326,0.8961091248166309,1.680041812116956,0.37488065224654304,logloss,0.0015128869832654625,0.01667532957373612,13,25,binary:logistic,0.979221864866807,gpu_hist,COMPLETE
327,0.8959988827183375,2.095312333958508,0.38904405633761374,logloss,0.9534736393027693,0.020087096048916814,17,45,binary:logistic,0.9990400781278288,gpu_hist,COMPLETE
328,0.8942958078654961,1.4838591878636944,0.884414314521317,logloss,0.6811131636199055,0.015198041083438571,17,30,binary:logistic,0.9841193191658549,gpu_hist,COMPLETE
329,0.8934630845050969,0.9956181867813358,0.3588753395541128,logloss,1.0277251950488535,0.017786290578872016,7,34,binary:logistic,0.9680286195484125,gpu_hist,COMPLETE
330,0.8960337262694419,2.7164002153009243,0.34822281292020224,logloss,0.8147301940488919,0.012151954095591104,15,17,binary:logistic,0.988893929994796,gpu_hist,COMPLETE
331,0.8942886814940991,1.2111324392280292,0.33882003475384603,logloss,0.5015923459313595,0.01059446861253571,17,113,binary:logistic,0.9780141607358361,gpu_hist,COMPLETE
332,0.8941755398386221,1.9383266773303944,0.41028984730824813,logloss,0.20132594446845622,0.0054754947850265846,17,24,binary:logistic,0.9996545760860702,gpu_hist,COMPLETE
333,0.8959041501969184,4.021505239745655,0.36448740147150605,logloss,1.262714880801379,0.02315195730514173,17,39,binary:logistic,0.9648076844149465,gpu_hist,COMPLETE
334,0.8886614091862283,3.2124739925375274,0.38103382510810846,logloss,0.5923748644821404,0.0017259494162000812,17,30,binary:logistic,0.9771495762204472,gpu_hist,COMPLETE
335,0.8959039841999644,2.409934677426171,0.35190255154451505,logloss,0.3747289141754208,0.016200732422277764,17,11,binary:logistic,0.9597998505456472,gpu_hist,COMPLETE
336,0.8962504773310678,1.4950941799277664,0.32940214715667177,logloss,2.332344638579896,0.013328304553787312,17,21,binary:logistic,0.986953290674608,gpu_hist,COMPLETE
337,0.8961957270803119,0.00803593447408957,0.31603560054309404,logloss,2.4401095545349087,0.012748991784300305,17,23,binary:logistic,0.989971922098234,gpu_hist,COMPLETE
338,0.896147383880819,1.6342579676218865,0.3381810981189417,logloss,0.6401172514194867,0.013492635634678852,17,33,binary:logistic,0.9860673920762523,gpu_hist,COMPLETE
339,0.8907622364546846,2.064994865525438,0.4343971208333606,logloss,0.4833386300189166,0.06438321451892014,20,41,binary:logistic,0.9754628810726688,gpu_hist,COMPLETE
340,0.8828969946502989,1.5378954755510195,0.36927495515146813,logloss,0.8400453889527566,0.0146175486967738,3,27,binary:logistic,0.9866265520838194,gpu_hist,COMPLETE
341,0.8961756507906989,1.8473565531346585,0.35294451406288657,logloss,0.32177633331469874,0.011622857964485155,17,19,binary:logistic,0.9691667364003536,gpu_hist,COMPLETE
342,0.8961892036156005,0.003480117047761137,0.3246623961215699,logloss,2.5934801168195634,0.018379216198130165,17,49,binary:logistic,0.9805079802590831,gpu_hist,COMPLETE
343,0.8961615252403758,1.3767863805712965,0.39287215629493616,logloss,1.123745409246871,0.01383799273741269,17,33,binary:logistic,0.9992509072217665,gpu_hist,COMPLETE
344,0.8959079781872817,2.5315315552098583,0.3385618900856511,logloss,0.26349057734846304,0.02191575945887766,17,24,binary:logistic,0.9614019438722572,gpu_hist,COMPLETE
345,0.888477465158964,2.195059739118893,0.31158814710369437,logloss,2.17611352050503,0.012450053469877292,5,37,binary:logistic,0.9712235190097306,gpu_hist,COMPLETE
346,0.8961589138424069,3.072274111099294,0.36083591482342764,logloss,0.6271193974809788,0.0173179960781313,17,28,binary:logistic,0.9886853367894466,gpu_hist,COMPLETE
347,0.8959864077957344,1.402631689618043,0.3475403892761533,logloss,0.7673999162261945,0.01985160775245282,15,19,binary:logistic,0.9533791716223013,gpu_hist,COMPLETE
348,0.8900552870461007,1.7509523556256916,0.30126758221007083,logloss,0.41332182958018965,0.08094069921337627,17,31,binary:logistic,0.9755760014328076,gpu_hist,COMPLETE
349,0.8961941202872853,2.180874037452172,0.3257513183425347,logloss,1.3266533613701836,0.01483115373560121,17,45,binary:logistic,0.9998295395399954,gpu_hist,COMPLETE
350,0.8949332807221198,0.7033010804235671,0.37662915491410176,logloss,0.4827734752888117,0.01637927452318483,9,23,binary:logistic,0.9628834890279468,gpu_hist,COMPLETE
351,0.8961896584903706,1.6473423926690671,0.33618067966915316,logloss,1.008016857174281,0.018086088053496364,17,38,binary:logistic,0.9842847853186882,gpu_hist,COMPLETE
352,0.8961047729657504,2.691591592222117,0.3529307111183959,logloss,3.0479611573491856,0.013710703508744837,17,17,binary:logistic,0.951716780039847,gpu_hist,COMPLETE
353,0.8961031733587391,1.2266796868965828,0.3231167593731741,logloss,1.7365912032478592,0.021009768125270396,17,28,binary:logistic,0.9725453496359038,gpu_hist,COMPLETE
354,0.8955887861655983,1.8528614558166252,0.3616001302842649,logloss,0.5800562855464972,0.0153260845710157,11,34,binary:logistic,0.9896062382749901,gpu_hist,COMPLETE
355,0.8959417114990186,7.965638547837859,0.3142990716795689,logloss,0.7468552403353925,0.017160359805015873,17,6,binary:logistic,0.5464332346572179,gpu_hist,COMPLETE
356,0.8961331965307643,3.683846504122737,0.3393232697375759,logloss,1.4652628059502624,0.01916354805751049,17,23,binary:logistic,0.9641917973661507,gpu_hist,COMPLETE
357,0.8959172423982378,1.4289049296480067,0.37571189549423073,logloss,0.38840375801255883,0.012585922464618848,17,13,binary:logistic,0.9790824276155503,gpu_hist,COMPLETE
358,0.8925611238870479,5.082579410713189,0.33032278361171374,logloss,0.8596947134943057,0.014621846447561327,7,42,binary:logistic,0.9896919517585155,gpu_hist,COMPLETE
359,0.8959213966336969,0.9858133121998603,0.39696753911698857,logloss,1.997164005843387,0.016288416481594813,13,28,binary:logistic,0.9475994614245149,gpu_hist,COMPLETE
360,0.8960443191746316,2.190725468957988,0.3466917239205212,logloss,0.3230497733547042,0.011099340086173666,17,19,binary:logistic,0.96837441479375,gpu_hist,COMPLETE
361,0.8961459215267005,2.6322344839085985,0.36574099802582755,logloss,0.00331475422259603,0.01870756431880074,17,56,binary:logistic,0.9808627999311257,gpu_hist,COMPLETE
362,0.893401511851392,1.7929889181149148,0.31236918551032594,logloss,0.4809517480442176,0.013784712096246899,17,225,binary:logistic,0.9611627047736008,gpu_hist,COMPLETE
363,0.8959357772875638,1.279597742723781,0.3343397596081453,logloss,1.109746945826708,0.020847106753473364,17,35,binary:logistic,0.9755268088386669,gpu_hist,COMPLETE
364,0.8962710429883247,3.1022443946646696,0.3538306987740271,logloss,0.6555827266699774,0.015529633027561881,15,24,binary:logistic,0.9907756805736411,gpu_hist,COMPLETE
365,0.8950885647644663,4.389245193078487,0.6776610462218178,logloss,0.6511807695467373,0.014773748089566913,17,22,binary:logistic,0.9980944914358971,gpu_hist,COMPLETE
366,0.895924850951263,3.28087387482774,0.3865941528544735,logloss,0.8599046717472209,0.013337291386610828,17,12,binary:logistic,0.999562739988832,gpu_hist,COMPLETE
367,0.8954822786394688,3.025945939456335,0.3591907783811376,logloss,0.7022509612160159,0.024202727640786192,17,18,binary:logistic,0.9877298813200921,gpu_hist,COMPLETE
368,0.8951098842347304,3.840338598405683,0.37239267340647586,logloss,1.5678413006749956,0.008656512924142422,17,26,binary:logistic,0.9872332064259396,gpu_hist,COMPLETE
369,0.896080556812709,2.483449029823141,0.3502707562101581,logloss,0.22939568920207407,0.015624406743778562,17,29,binary:logistic,0.9765845759371362,gpu_hist,COMPLETE
370,0.8959287414599598,5.84706598092265,0.34712353273940083,logloss,2.1906983401331663,0.012248137456923592,20,7,binary:logistic,0.9996051478817249,gpu_hist,COMPLETE
371,0.8959308038463579,1.0776599563004494,0.36862231233895615,logloss,0.9647867167133894,0.01611654900982285,17,17,binary:logistic,0.9706418876198503,gpu_hist,COMPLETE
372,0.8958277276425457,1.4948283991021027,0.4162238643883834,logloss,0.614065813882745,0.01764427167538243,17,80,binary:logistic,0.9873553697973618,gpu_hist,COMPLETE
373,0.8832866865125246,0.7922575787534333,0.35707801693140495,logloss,1.223143742935228,0.01499757397569219,3,22,binary:logistic,0.9806349046170068,gpu_hist,COMPLETE
374,0.8961248061392716,1.66084194550682,0.3851305376488333,logloss,0.1720904643488671,0.013959042911921338,17,30,binary:logistic,0.9665887220897376,gpu_hist,COMPLETE
375,0.8955817007544885,2.9701519454844365,0.33505160914300447,logloss,2.6031635926264993,0.010491527433210072,15,25,binary:logistic,0.9536980200588528,gpu_hist,COMPLETE
376,0.8960939774149287,2.1001599840017744,0.4008788738008026,logloss,0.7161293991386292,0.01905700251497186,17,39,binary:logistic,0.9910730636965032,gpu_hist,COMPLETE
377,0.8958609485913901,1.248485442747927,0.34264754739733416,logloss,0.5268563175009523,0.016743315386745488,17,12,binary:logistic,0.9778899188631157,gpu_hist,COMPLETE
378,0.8961449255449767,0.9342134104741273,0.3220890192588193,logloss,1.6547984280755743,0.012898677126117858,17,33,binary:logistic,0.9672751386435551,gpu_hist,COMPLETE
379,0.890670463134376,2.368238348108749,0.3634074824140379,logloss,0.08218272214948391,0.0204541873547976,5,22,binary:logistic,0.9471011613939988,gpu_hist,COMPLETE
380,0.8961849035040305,1.871867298657515,0.34970105080301433,logloss,0.8113150209144219,0.015309337696800025,17,16,binary:logistic,0.9894289332589881,gpu_hist,COMPLETE
381,0.8962237309820308,1.4199527183907472,0.33179241192850717,logloss,3.353388644919286,0.018179086173561454,17,45,binary:logistic,0.9784759202711165,gpu_hist,COMPLETE
382,0.8962018502839698,3.366535662469214,0.3824702541145856,logloss,0.5420358666534539,0.013918508222685505,17,29,binary:logistic,0.9606453649695577,gpu_hist,COMPLETE
383,0.8963135827618416,1.5608469571411108,0.30332470050288884,logloss,1.0058228591262628,0.01631164473716792,17,37,binary:logistic,0.9996095647039805,gpu_hist,COMPLETE
384,0.8941065979262022,1.147078531323468,0.303845291701025,logloss,1.0188223948596324,0.015861760063638982,9,96,binary:logistic,0.9993562121516764,gpu_hist,COMPLETE
385,0.8961380355934836,0.3568804571761514,0.31292804707964783,logloss,1.2643726157158746,0.014756775874099792,17,51,binary:logistic,0.9791806529902506,gpu_hist,COMPLETE
386,0.8958907619317678,1.5626180489647399,0.3026943488611423,logloss,0.9172473955807103,0.011535196270228228,17,39,binary:logistic,0.9692878884021,gpu_hist,COMPLETE
387,0.8955448494307023,1.297958074892755,0.3742587055381488,logloss,1.0710904043034881,0.017221591358043766,11,44,binary:logistic,0.9994887340543025,gpu_hist,COMPLETE
388,0.8943568451610594,1.6446236133296417,0.952532828278977,logloss,0.7077655607138748,0.013544144045920413,17,36,binary:logistic,0.9410747901358572,gpu_hist,COMPLETE
