number,value,params_alpha,params_colsample_bytree,params_eval_metric,params_lambda,params_learning_rate,params_max_depth,params_min_child_weight,params_objective,params_subsample,params_tree_method,state
0,0.8684183314388602,0.0058038634843423425,0.5569324049840478,logloss,7.617209229607337,0.002262550297735513,3,4,binary:logistic,0.5248886063021186,gpu_hist,COMPLETE
1,0.8947982296245206,0.09520830369215495,0.3328884996347256,logloss,1.2281135705883655,0.049787296208062944,17,114,binary:logistic,0.4600233201108404,gpu_hist,COMPLETE
2,0.8930203821264252,1.1578142250425552,0.6136710645128629,logloss,1.2824590037761745,0.02884930796152281,9,231,binary:logistic,0.48847765345591876,gpu_hist,COMPLETE
3,0.8623639561543838,1.0054873611448887,0.92924966007111,logloss,0.01956844347837919,0.001398702361285494,3,34,binary:logistic,0.47474834551182143,gpu_hist,COMPLETE
4,0.890413843341129,0.0036957629235768448,0.5989884958137904,logloss,0.8145162507863811,0.006519027392036396,15,92,binary:logistic,0.43573282312210226,gpu_hist,COMPLETE
5,0.8925617397285611,1.1596369398072925,0.5446519534099776,logloss,0.24247237365107618,0.015959471239241168,7,74,binary:logistic,0.5880496416884058,gpu_hist,COMPLETE
6,0.8944697388990076,2.0241289872244805,0.4257482390881453,logloss,1.7201959864880485,0.029034448217752643,7,27,binary:logistic,0.5354980009595592,gpu_hist,COMPLETE
7,0.8894949380989455,0.017963783733001885,0.5501906668154859,logloss,4.7364608331367775,0.0038837858849314244,17,48,binary:logistic,0.5627826247026988,gpu_hist,COMPLETE
8,0.8779342886326292,0.005274920611663724,0.7414036752375125,logloss,0.002903187545686376,0.0012482028200206492,20,290,binary:logistic,0.6690174147865844,gpu_hist,COMPLETE
9,0.8886778105476045,0.078690325072271,0.9224763718268447,logloss,0.2136117692422527,0.009864097640744163,9,283,binary:logistic,0.5544488027663977,gpu_hist,COMPLETE
10,0.8948729476560583,0.11241891293479925,0.31233254786021947,logloss,0.030335992681581207,0.060090551202492015,13,146,binary:logistic,0.8767895128277109,gpu_hist,COMPLETE
11,0.894143549854203,0.15904559610652838,0.3209128827669461,logloss,0.023566570172336702,0.08948108914881599,13,147,binary:logistic,0.9151501550256765,gpu_hist,COMPLETE
12,0.8937926265446521,0.11764301214583815,0.3415574686557486,logloss,0.03312888661284741,0.08693891490825273,5,150,binary:logistic,0.8772629895260522,gpu_hist,COMPLETE
13,0.8949711423996606,7.932624069639853,0.4180970343685312,logloss,0.001976908542173425,0.03787513075167086,13,196,binary:logistic,0.8034403958985861,gpu_hist,COMPLETE
14,0.8948254315669293,9.176714507209944,0.4441867529975286,logloss,0.0011526424142218044,0.033570082039219164,13,200,binary:logistic,0.7992254233213423,gpu_hist,COMPLETE
15,0.8932628116952113,6.55573993245008,0.7500386976713542,logloss,0.00830291964819213,0.015381724602728799,13,199,binary:logistic,0.7957055730313982,gpu_hist,COMPLETE
16,0.8950440797366009,0.0010809032880916758,0.45613753699392434,logloss,0.0049873096302968985,0.05098294632179876,11,196,binary:logistic,0.9601390360101222,gpu_hist,COMPLETE
17,0.8939572746835673,0.0012145532124281581,0.4554265260947181,logloss,0.0011463788802438678,0.019412452798632816,11,218,binary:logistic,0.9973918212468369,gpu_hist,COMPLETE
18,0.8946296485794183,0.022677717319894992,0.6988083555665057,logloss,0.005074011900506974,0.03942383110414175,11,249,binary:logistic,0.9830116207143034,gpu_hist,COMPLETE
19,0.8904013238652311,0.2886967407634489,0.4741084424925869,logloss,0.003231551304995906,0.007646712758463211,11,187,binary:logistic,0.7606805567294658,gpu_hist,COMPLETE
20,0.8934696934833908,0.0011314475090974034,0.3890466047232152,logloss,0.07429228400977754,0.021109984335186665,20,257,binary:logistic,0.6889512146071499,gpu_hist,COMPLETE
21,0.8951709826114239,0.03121297150701309,0.38485727929993363,logloss,0.009692384269736573,0.05746565227065299,13,178,binary:logistic,0.8859619906285049,gpu_hist,COMPLETE
22,0.8946005919264542,0.027837436746205164,0.5023429793133514,logloss,0.009684362449076344,0.058517453538561956,13,174,binary:logistic,0.9315083032420087,gpu_hist,COMPLETE
23,0.893778401108716,0.3186957475061294,0.36712017599374847,logloss,0.0026549284428348035,0.07149065791130192,15,122,binary:logistic,0.8399548056562075,gpu_hist,COMPLETE
24,0.8951956931623196,0.010391871244907746,0.37923785142403815,logloss,0.00805271452660758,0.044355511260323735,11,169,binary:logistic,0.7438671581985565,gpu_hist,COMPLETE
25,0.8951272334315278,0.002721870357055887,0.5113656102913503,logloss,0.007512664594110552,0.048239086463446976,11,171,binary:logistic,0.7396449866488093,gpu_hist,COMPLETE
26,0.8941892723139069,0.01041892932674065,0.841829918498034,logloss,0.0715637352579967,0.024254927814761837,11,164,binary:logistic,0.6352032051052483,gpu_hist,COMPLETE
27,0.8878484078448867,0.002864487470110293,0.3789735953117438,logloss,0.010580331631325601,0.012126581392756167,5,127,binary:logistic,0.7414170080238093,gpu_hist,COMPLETE
28,0.8937066875501853,0.04705768895581614,0.5095397436518827,logloss,0.015274137370320249,0.09549421648733855,11,220,binary:logistic,0.6434850690351759,gpu_hist,COMPLETE
29,0.8714351615179107,0.00984153025430226,0.6164254067638937,logloss,0.04605231549013084,0.003477704579123599,3,168,binary:logistic,0.7341438437182861,gpu_hist,COMPLETE
30,0.8947774289845629,0.002204823068509242,0.5071542854200726,logloss,0.17134735350140606,0.042609771933744225,11,99,binary:logistic,0.7135103747501829,gpu_hist,COMPLETE
31,0.8947904672907673,0.010516016395700942,0.40679640825964336,logloss,0.0057668481243011525,0.0707372314730587,11,182,binary:logistic,0.9384155831342421,gpu_hist,COMPLETE
32,0.8949054277267228,0.0023457673029821467,0.47014270167711136,logloss,0.004907345066496635,0.04883880322365905,11,221,binary:logistic,0.8539161448364773,gpu_hist,COMPLETE
33,0.8948692906928599,0.0015672767112203615,0.3647010766674744,logloss,0.01235808933236003,0.056890020527559426,17,138,binary:logistic,0.9604981938409259,gpu_hist,COMPLETE
34,0.894352105983953,0.006974828135333512,0.3013488208127879,logloss,0.0061499000192789385,0.027605737834331383,11,245,binary:logistic,0.9072575287589781,gpu_hist,COMPLETE
35,0.8947617268224777,0.004878053503359314,0.5674652308310125,logloss,0.001771248484405179,0.04563654070345864,9,169,binary:logistic,0.7710617654755763,gpu_hist,COMPLETE
36,0.8906099231110732,0.052972165869933724,0.6737708397475364,logloss,0.017922969118099007,0.07092085336888562,3,110,binary:logistic,0.8376759335315146,gpu_hist,COMPLETE
37,0.8932409072832996,0.016481694233899287,0.42424814265072414,logloss,0.0038914126287827914,0.0326932573046892,7,203,binary:logistic,0.6117590177742006,gpu_hist,COMPLETE
38,0.8943803175615148,0.0038970212871292037,0.5815324263457108,logloss,0.04222254313272886,0.016317254783402842,15,161,binary:logistic,0.8870135189711869,gpu_hist,COMPLETE
39,0.8951832980044867,0.03678581094898754,0.5235143468681668,logloss,0.3475800318116228,0.024536711170294385,11,84,binary:logistic,0.9522294151112282,gpu_hist,COMPLETE
40,0.8952428715087284,0.027719361937410956,0.5266389404305867,logloss,0.39176582773263546,0.025272329918716592,20,76,binary:logistic,0.6955733642347455,gpu_hist,COMPLETE
41,0.8954040394604221,0.03806604290178301,0.6304811150782159,logloss,0.5615530209138998,0.02459021599917822,20,82,binary:logistic,0.6909517458012554,gpu_hist,COMPLETE
42,0.8950242104042293,0.03552818595103579,0.5968593739057341,logloss,0.33967637133365947,0.025045245225814753,20,65,binary:logistic,0.6732904547012069,gpu_hist,COMPLETE
43,0.8953941486289299,0.06687653978358275,0.6317497262171664,logloss,0.7669959052932231,0.012203374862065753,20,17,binary:logistic,0.59678730111394,gpu_hist,COMPLETE
44,0.8944811574773579,0.07009344831071788,0.6334030129137799,logloss,0.6140524517497614,0.011389616545317982,20,6,binary:logistic,0.5053769408548985,gpu_hist,COMPLETE
45,0.8928918020356256,0.21885027022094086,0.6658174727467324,logloss,2.4212197628223415,0.008173897616926738,20,77,binary:logistic,0.6001730107935572,gpu_hist,COMPLETE
46,0.8901851627754633,0.020185374744804637,0.7049826796080753,logloss,0.5508342343383575,0.00459150415282256,20,45,binary:logistic,0.45528514261624387,gpu_hist,COMPLETE
47,0.8943636697198128,0.5036313210536666,0.7806131650485657,logloss,1.2789492736603714,0.014892399357491662,20,16,binary:logistic,0.5522783299563998,gpu_hist,COMPLETE
48,0.8952148985068753,0.051315963573519155,0.536686636785195,logloss,0.13901160052768624,0.02002005713414942,20,82,binary:logistic,0.6377176726514485,gpu_hist,COMPLETE
49,0.895374719080696,0.08858433896455814,0.5575658716564138,logloss,3.5063597377805626,0.02001559147584399,20,61,binary:logistic,0.6475578767421978,gpu_hist,COMPLETE
50,0.8953806985640473,0.12401475637393466,0.5452600769654563,logloss,8.997952000785158,0.019421870800295737,20,56,binary:logistic,0.6952797311556522,gpu_hist,COMPLETE
51,0.8954324472162023,0.09091849227180382,0.5467342807888599,logloss,5.442444209703109,0.017641711581667368,20,56,binary:logistic,0.6430595496721263,gpu_hist,COMPLETE
52,0.8949811985095054,0.10271211193108112,0.5585104874903077,logloss,7.992599781989963,0.0133656840479454,20,53,binary:logistic,0.5816065029755354,gpu_hist,COMPLETE
53,0.8951466902866201,0.14421138186883686,0.6382193942952632,logloss,5.191367100967867,0.010559313791729084,20,33,binary:logistic,0.7092869752578873,gpu_hist,COMPLETE
54,0.8951194028306289,0.08403289912198217,0.5996915975257299,logloss,2.523460316813151,0.017611589545353946,20,21,binary:logistic,0.6608825903857642,gpu_hist,COMPLETE
55,0.892599359955987,0.1817388700334503,0.5717557156357099,logloss,5.073274421558924,0.008648160445472784,20,63,binary:logistic,0.40599593162958025,gpu_hist,COMPLETE
56,0.8915953852271908,0.5364020289876933,0.9927340241954208,logloss,3.2632176439229594,0.005604454985491523,20,45,binary:logistic,0.6905997523203016,gpu_hist,COMPLETE
57,0.894997797486303,0.06569341225781615,0.4842550983956517,logloss,1.0567822387542674,0.034677313780435925,20,97,binary:logistic,0.6131253525888972,gpu_hist,COMPLETE
58,0.8955259703312423,0.12213879840368984,0.618103228800292,logloss,2.002226298081755,0.02117555678462925,20,58,binary:logistic,0.6671235317836807,gpu_hist,COMPLETE
59,0.8937453138197566,0.2632556434805583,0.6831334000064488,logloss,9.876740330271927,0.02144133652491613,17,3,binary:logistic,0.659158537442173,gpu_hist,COMPLETE
60,0.8930292812878029,0.6219012426419851,0.7345003297283857,logloss,1.7655074411270713,0.018714523459493808,7,62,binary:logistic,0.5753737113897045,gpu_hist,COMPLETE
61,0.8954725768001794,0.12394572449919657,0.5441192683332252,logloss,3.3267045655410667,0.013652249406332192,20,39,binary:logistic,0.680712308284865,gpu_hist,COMPLETE
62,0.895152132256025,0.12230167208567135,0.6246762679258487,logloss,3.7507442085494516,0.013255059690586393,20,52,binary:logistic,0.6263197403739367,gpu_hist,COMPLETE
63,0.8891060647238652,0.17976488121194323,0.6568979462965135,logloss,6.662215007600612,0.014733499986417434,5,32,binary:logistic,0.6730882526396162,gpu_hist,COMPLETE
64,0.8949707651338561,0.34464852135427204,0.548577053285243,logloss,1.713919729071554,0.009657421233892696,20,41,binary:logistic,0.7141532958763979,gpu_hist,COMPLETE
65,0.8943007360348056,0.09649158441206646,0.596376620681796,logloss,0.9028288027507057,0.01690541094654856,20,12,binary:logistic,0.6546043656797704,gpu_hist,COMPLETE
66,0.891486121145583,0.1332817700080702,0.5852137515789182,logloss,3.4870493612904614,0.006776595649391117,9,21,binary:logistic,0.5236839224399793,gpu_hist,COMPLETE
67,0.8856100093432571,0.06242651575461136,0.5487002355124627,logloss,2.4084075970934533,0.0015790043636237238,20,67,binary:logistic,0.6816653899824816,gpu_hist,COMPLETE
68,0.8937242573576533,0.04619344436148668,0.6139984807884349,logloss,1.6996806402828761,0.029893235470237166,20,37,binary:logistic,0.5976032211815786,gpu_hist,COMPLETE
69,0.8956474678853383,3.2809985368735055,0.49268009998902007,logloss,6.048693217318463,0.02110762449721867,15,55,binary:logistic,0.7708193964734812,gpu_hist,COMPLETE
70,0.8952396694202999,2.7497130080388845,0.4899081015060323,logloss,6.377408354596437,0.022336212262491037,15,89,binary:logistic,0.7252979402613962,gpu_hist,COMPLETE
71,0.8954367961926766,4.252399183318,0.44748108176924584,logloss,4.0235813408647685,0.01302956856304364,15,28,binary:logistic,0.7575332157638776,gpu_hist,COMPLETE
72,0.8949462011776731,4.811054808652457,0.6486832084757177,logloss,4.340409499317631,0.012328616358178987,15,25,binary:logistic,0.8007433019162901,gpu_hist,COMPLETE
73,0.8953189714110129,1.4668761171858045,0.4480692073195743,logloss,9.269139491330504,0.014184874640340212,15,56,binary:logistic,0.7801521790500736,gpu_hist,COMPLETE
74,0.8942840184887553,3.7396075985850525,0.47364996685338656,logloss,6.062683451312833,0.009808017329733005,15,40,binary:logistic,0.7596531873277877,gpu_hist,COMPLETE
75,0.8945728876815744,1.7388590366501413,0.43698238774576426,logloss,0.6855389950355353,0.03047975079911073,15,30,binary:logistic,0.8145156889109996,gpu_hist,COMPLETE
76,0.8947743030678967,7.043516611569208,0.5287926407076301,logloss,2.4725325737147017,0.01613439953985129,15,72,binary:logistic,0.7240015241005823,gpu_hist,COMPLETE
77,0.8914538516251677,2.60797046831242,0.7010570713747475,logloss,7.462778207298467,0.0269975124681067,5,108,binary:logistic,0.7623418582440508,gpu_hist,COMPLETE
78,0.8957954056642184,1.062615806799783,0.49487748718622504,logloss,1.5060094083957742,0.0181954477325385,17,51,binary:logistic,0.7034050468194476,gpu_hist,COMPLETE
79,0.8954779584070558,1.097869230828815,0.49671295836486884,logloss,1.3650619252077738,0.011735399763804569,17,16,binary:logistic,0.6198089071522032,gpu_hist,COMPLETE
80,0.895213440464366,0.7506471194676878,0.4930716976992864,logloss,1.4144274277521978,0.010788200333488377,17,49,binary:logistic,0.7439792853083206,gpu_hist,COMPLETE
81,0.8948423912816961,9.774253756749058,0.40779120966222654,logloss,0.9627892707893769,0.012355967671717967,17,14,binary:logistic,0.6228272502066535,gpu_hist,COMPLETE
82,0.8949782263735674,0.986607287709287,0.5062436014402234,logloss,2.948553159359247,0.017207547761543013,17,9,binary:logistic,0.6736243122653577,gpu_hist,COMPLETE
83,0.8950455737091869,4.239657254359072,0.5180482865635031,logloss,0.7554417583473741,0.022954970307304493,17,26,binary:logistic,0.563779845515077,gpu_hist,COMPLETE
84,0.879877583354544,2.6575914514190893,0.4750869387346219,logloss,1.983881090862327,0.009188573274641882,3,39,binary:logistic,0.7008809833442003,gpu_hist,COMPLETE
85,0.8938836834192325,5.2641915038616585,0.4612802172367496,logloss,0.4528088406070401,0.0069612207371181085,17,18,binary:logistic,0.7875089537448341,gpu_hist,COMPLETE
86,0.8947844396611133,1.418301506286498,0.5762011340228169,logloss,1.4221744397684182,0.03713823559127893,9,29,binary:logistic,0.6371030642941266,gpu_hist,COMPLETE
87,0.8956400777871786,3.3197328725707407,0.43029494900831106,logloss,4.3935166882111725,0.011578812213013441,17,2,binary:logistic,0.8180034578765105,gpu_hist,COMPLETE
88,0.8960395684999005,3.4476228054622764,0.3383074461818139,logloss,4.985759169233186,0.015241360828323754,17,2,binary:logistic,0.8138909602489699,gpu_hist,COMPLETE
89,0.895977648043054,3.4009115667063705,0.35624597401621316,logloss,4.393045625107518,0.014242235574771916,17,2,binary:logistic,0.853483093842227,gpu_hist,COMPLETE
90,0.8960857185275165,3.7075811569605657,0.3562836364698938,logloss,4.511535869075648,0.014178884753931848,17,1,binary:logistic,0.8204328730688848,gpu_hist,COMPLETE
91,0.8959554317580773,3.271318756803582,0.35003947553835923,logloss,4.359029672103728,0.013664100198151124,17,1,binary:logistic,0.8194689773097773,gpu_hist,COMPLETE
92,0.8958783092858121,3.4394803463855514,0.336765999814219,logloss,4.679771604531659,0.011328003248605414,17,10,binary:logistic,0.8213265235398314,gpu_hist,COMPLETE
93,0.8957628803216575,3.380987743705289,0.3392826538742508,logloss,2.061211409686183,0.011196225463138709,17,4,binary:logistic,0.8551554839794664,gpu_hist,COMPLETE
94,0.8960967239099856,2.1642729242829524,0.34053528545111267,logloss,4.486946492397339,0.01558286899222714,17,9,binary:logistic,0.8299573967579444,gpu_hist,COMPLETE
95,0.8960288167837723,3.418611609903639,0.33811337509702855,logloss,4.785514887255877,0.015367535160468546,17,3,binary:logistic,0.822371203969723,gpu_hist,COMPLETE
96,0.895664046741293,2.06576860735527,0.34137200484087277,logloss,4.818669207293019,0.015315837772767689,17,1,binary:logistic,0.8613307986560264,gpu_hist,COMPLETE
97,0.8960777686387633,2.160486710897472,0.33733110203654126,logloss,4.842368716201402,0.014878471695986476,17,9,binary:logistic,0.8570601453748973,gpu_hist,COMPLETE
98,0.8955683132079392,2.0822589919774193,0.31982269743729735,logloss,2.7490471573107365,0.007882184659430148,17,8,binary:logistic,0.8469129199770048,gpu_hist,COMPLETE
99,0.8953524014729033,5.43179393168355,0.35423884925936416,logloss,7.3411688586203345,0.010546443585791524,17,9,binary:logistic,0.8230525216201188,gpu_hist,COMPLETE
100,0.8948495435227486,6.541409379001083,0.33763746357168606,logloss,5.138832559702233,0.009033744978328505,17,9,binary:logistic,0.8620926662482666,gpu_hist,COMPLETE
101,0.895594251848854,1.937990623108712,0.3457642876235606,logloss,3.9079568547285986,0.015051508650568578,17,1,binary:logistic,0.8698507765997886,gpu_hist,COMPLETE
102,0.8958553966759504,2.411365663925928,0.30096818194291214,logloss,4.696349473309243,0.01842383073184784,17,2,binary:logistic,0.8987076308331474,gpu_hist,COMPLETE
103,0.8960291681799217,2.569607730806792,0.30550562055455455,logloss,8.340466785018766,0.01842770419815715,17,22,binary:logistic,0.901365987012587,gpu_hist,COMPLETE
104,0.8961137892591778,2.4813574606515933,0.3121257414259057,logloss,8.187123135864756,0.018000081253200826,17,20,binary:logistic,0.8933710090054476,gpu_hist,COMPLETE
105,0.8960898504863279,2.5168576974162393,0.305733859163886,logloss,5.811543530364364,0.014315410357475467,17,22,binary:logistic,0.9047300499058291,gpu_hist,COMPLETE
106,0.8959732818201429,1.456500836548848,0.36246041424007913,logloss,8.176185849592715,0.014274602807335083,17,22,binary:logistic,0.8875498542137815,gpu_hist,COMPLETE
107,0.8960469334470066,1.454711945927371,0.36956129727040854,logloss,7.990706393339355,0.0161785438140122,17,22,binary:logistic,0.9278335813126588,gpu_hist,COMPLETE
108,0.8960213339860151,1.416171144228729,0.3713637622728194,logloss,8.172051653689678,0.01618943623707738,17,22,binary:logistic,0.9177536265875901,gpu_hist,COMPLETE
109,0.8962084103973593,1.5618393949112586,0.32105787332089264,logloss,9.99175423682629,0.015804071727021748,17,21,binary:logistic,0.9246588376603175,gpu_hist,COMPLETE
110,0.896059240216851,1.6994851661053776,0.3159324630669148,logloss,9.928663808021888,0.015796928862980442,17,21,binary:logistic,0.9214345718414461,gpu_hist,COMPLETE
111,0.8962209729893493,1.6880403939283684,0.31960178611493156,logloss,8.132355978087373,0.017150465729858514,17,21,binary:logistic,0.9257641337267692,gpu_hist,COMPLETE
112,0.8960261593953054,1.7207085431913345,0.31612900940799016,logloss,9.809734014340032,0.019283287898389623,17,15,binary:logistic,0.9357341377657415,gpu_hist,COMPLETE
113,0.8960731343774806,2.665354903937419,0.392679747918061,logloss,6.814767533351173,0.022891551714299734,17,32,binary:logistic,0.9772903612956519,gpu_hist,COMPLETE
114,0.8959573669520042,2.4976103246509482,0.39812972082664666,logloss,6.955593005254262,0.02326446693099338,17,34,binary:logistic,0.9656869133275676,gpu_hist,COMPLETE
115,0.895324702258234,1.2856072881588414,0.32230409729151827,logloss,5.9077377044455615,0.026687188295719356,17,22,binary:logistic,0.9190690958873662,gpu_hist,COMPLETE
116,0.8930868441449569,0.9114265746153716,0.3203778743124932,logloss,8.20201447029191,0.0168886673276094,7,16,binary:logistic,0.9963843249262982,gpu_hist,COMPLETE
117,0.8936230682014654,1.7888603392199576,0.3858565387756136,logloss,9.993528135711788,0.01975045794928454,13,279,binary:logistic,0.9466084040657646,gpu_hist,COMPLETE
118,0.8961124109814387,0.7527102532987061,0.30517427810681175,logloss,6.615792397900404,0.016241773248596995,17,33,binary:logistic,0.9034541785096734,gpu_hist,COMPLETE
119,0.8959968081157133,0.4006358543920195,0.3245832215939319,logloss,6.144644148475592,0.013260629385447675,17,31,binary:logistic,0.8764855402049306,gpu_hist,COMPLETE
120,0.895990684193454,2.154601390140525,0.3714173031840393,logloss,6.499827302673732,0.01644329462877244,17,44,binary:logistic,0.9789251172358915,gpu_hist,COMPLETE
121,0.8960415324378888,0.8616961639471821,0.3014097433291468,logloss,7.398686755081422,0.021317689116255648,17,24,binary:logistic,0.8997175700984201,gpu_hist,COMPLETE
122,0.8962422033530235,0.8332227296697323,0.3123055434616463,logloss,5.613670946283425,0.02084057554889844,17,34,binary:logistic,0.9282785878501288,gpu_hist,COMPLETE
123,0.8961304521915119,0.7497306225956448,0.30167542585252616,logloss,7.0674130518132685,0.021144891439160533,17,36,binary:logistic,0.9270433471613109,gpu_hist,COMPLETE
124,0.8958499848878099,0.7427221984598846,0.31050459150863885,logloss,5.8132936697091475,0.02503806046220442,17,33,binary:logistic,0.9283320480359355,gpu_hist,COMPLETE
125,0.8958671659318488,1.2517642073854427,0.3896651847482112,logloss,9.973325681755082,0.02044127855411353,17,36,binary:logistic,0.9484177154617008,gpu_hist,COMPLETE
126,0.8960540878438633,0.6252839944945701,0.3271360475011099,logloss,3.4789239326331454,0.017569175958635556,17,44,binary:logistic,0.9700179441559593,gpu_hist,COMPLETE
127,0.885547820848039,0.6005698141251461,0.3277689607249733,logloss,3.172894840706447,0.02304678628315094,3,45,binary:logistic,0.9712893647588372,gpu_hist,COMPLETE
128,0.8948833874991213,0.43995643399891354,0.3139112498908757,logloss,3.7314584645873365,0.028357459101895795,17,14,binary:logistic,0.914883494872563,gpu_hist,COMPLETE
